<?xml version="1.0" encoding="UTF-8"?>
<testsuite xmlns:xsi="http://www.w3.org/2001/XMLSchema-instance" xsi:noNamespaceSchemaLocation="https://maven.apache.org/surefire/maven-failsafe-plugin/xsd/failsafe-test-report-3.0.xsd" version="3.0" name="CucumberTestSuite" time="163.338" tests="8" errors="0" skipped="0" failures="0">
  <properties>
    <property name="sun.desktop" value="windows"/>
    <property name="awt.toolkit" value="sun.awt.windows.WToolkit"/>
    <property name="java.specification.version" value="11"/>
    <property name="webdriver.chrome.driver" value="C:\Users\ASUS\IdeaProjects\DemoQA\src\test\resources\webdriver\chromedriver.exe"/>
    <property name="sun.cpu.isalist" value="amd64"/>
    <property name="sun.jnu.encoding" value="Cp1252"/>
    <property name="java.class.path" value="C:\Users\ASUS\IdeaProjects\DemoQA\target\test-classes;C:\Users\ASUS\.m2\repository\net\serenity-bdd\serenity-core\3.2.1\serenity-core-3.2.1.jar;C:\Users\ASUS\.m2\repository\net\serenity-bdd\serenity-model\3.2.1\serenity-model-3.2.1.jar;C:\Users\ASUS\.m2\repository\org\apache\commons\commons-text\1.9\commons-text-1.9.jar;C:\Users\ASUS\.m2\repository\commons-net\commons-net\3.8.0\commons-net-3.8.0.jar;C:\Users\ASUS\.m2\repository\com\google\guava\guava\31.1-jre\guava-31.1-jre.jar;C:\Users\ASUS\.m2\repository\com\google\guava\failureaccess\1.0.1\failureaccess-1.0.1.jar;C:\Users\ASUS\.m2\repository\com\google\guava\listenablefuture\9999.0-empty-to-avoid-conflict-with-guava\listenablefuture-9999.0-empty-to-avoid-conflict-with-guava.jar;C:\Users\ASUS\.m2\repository\com\google\code\findbugs\jsr305\3.0.2\jsr305-3.0.2.jar;C:\Users\ASUS\.m2\repository\org\checkerframework\checker-qual\3.12.0\checker-qual-3.12.0.jar;C:\Users\ASUS\.m2\repository\com\google\errorprone\error_prone_annotations\2.11.0\error_prone_annotations-2.11.0.jar;C:\Users\ASUS\.m2\repository\com\google\j2objc\j2objc-annotations\1.3\j2objc-annotations-1.3.jar;C:\Users\ASUS\.m2\repository\com\google\inject\guice\5.1.0\guice-5.1.0.jar;C:\Users\ASUS\.m2\repository\javax\inject\javax.inject\1\javax.inject-1.jar;C:\Users\ASUS\.m2\repository\aopalliance\aopalliance\1.0\aopalliance-1.0.jar;C:\Users\ASUS\.m2\repository\org\jsoup\jsoup\1.14.3\jsoup-1.14.3.jar;C:\Users\ASUS\.m2\repository\com\thoughtworks\xstream\xstream\1.4.19\xstream-1.4.19.jar;C:\Users\ASUS\.m2\repository\io\github\x-stream\mxparser\1.2.2\mxparser-1.2.2.jar;C:\Users\ASUS\.m2\repository\xmlpull\xmlpull\1.1.3.1\xmlpull-1.1.3.1.jar;C:\Users\ASUS\.m2\repository\io\cucumber\cucumber-java\7.2.3\cucumber-java-7.2.3.jar;C:\Users\ASUS\.m2\repository\com\typesafe\config\1.4.2\config-1.4.2.jar;C:\Users\ASUS\.m2\repository\org\imgscalr\imgscalr-lib\4.2\imgscalr-lib-4.2.jar;C:\Users\ASUS\.m2\repository\org\awaitility\awaitility\4.2.0\awaitility-4.2.0.jar;C:\Users\ASUS\.m2\repository\org\freemarker\freemarker\2.3.31\freemarker-2.3.31.jar;C:\Users\ASUS\.m2\repository\io\github\classgraph\classgraph\4.8.138\classgraph-4.8.138.jar;C:\Users\ASUS\.m2\repository\net\sourceforge\jexcelapi\jxl\2.6.12\jxl-2.6.12.jar;C:\Users\ASUS\.m2\repository\net\bytebuddy\byte-buddy\1.12.8\byte-buddy-1.12.8.jar;C:\Users\ASUS\.m2\repository\net\bytebuddy\byte-buddy-agent\1.12.8\byte-buddy-agent-1.12.8.jar;C:\Users\ASUS\.m2\repository\org\objenesis\objenesis\3.1\objenesis-3.1.jar;C:\Users\ASUS\.m2\repository\net\serenity-bdd\serenity-reports\3.2.1\serenity-reports-3.2.1.jar;C:\Users\ASUS\.m2\repository\net\serenity-bdd\serenity-stats\3.2.1\serenity-stats-3.2.1.jar;C:\Users\ASUS\.m2\repository\net\serenity-bdd\serenity-reports-configuration\3.2.1\serenity-reports-configuration-3.2.1.jar;C:\Users\ASUS\.m2\repository\com\vladsch\flexmark\flexmark-all\0.34.30\flexmark-all-0.34.30.jar;C:\Users\ASUS\.m2\repository\com\vladsch\flexmark\flexmark\0.34.30\flexmark-0.34.30.jar;C:\Users\ASUS\.m2\repository\com\vladsch\flexmark\flexmark-ext-abbreviation\0.34.30\flexmark-ext-abbreviation-0.34.30.jar;C:\Users\ASUS\.m2\repository\com\vladsch\flexmark\flexmark-ext-admonition\0.34.30\flexmark-ext-admonition-0.34.30.jar;C:\Users\ASUS\.m2\repository\com\vladsch\flexmark\flexmark-ext-anchorlink\0.34.30\flexmark-ext-anchorlink-0.34.30.jar;C:\Users\ASUS\.m2\repository\com\vladsch\flexmark\flexmark-ext-aside\0.34.30\flexmark-ext-aside-0.34.30.jar;C:\Users\ASUS\.m2\repository\com\vladsch\flexmark\flexmark-ext-attributes\0.34.30\flexmark-ext-attributes-0.34.30.jar;C:\Users\ASUS\.m2\repository\com\vladsch\flexmark\flexmark-ext-autolink\0.34.30\flexmark-ext-autolink-0.34.30.jar;C:\Users\ASUS\.m2\repository\org\nibor\autolink\autolink\0.6.0\autolink-0.6.0.jar;C:\Users\ASUS\.m2\repository\com\vladsch\flexmark\flexmark-ext-definition\0.34.30\flexmark-ext-definition-0.34.30.jar;C:\Users\ASUS\.m2\repository\com\vladsch\flexmark\flexmark-ext-emoji\0.34.30\flexmark-ext-emoji-0.34.30.jar;C:\Users\ASUS\.m2\repository\com\vladsch\flexmark\flexmark-ext-enumerated-reference\0.34.30\flexmark-ext-enumerated-reference-0.34.30.jar;C:\Users\ASUS\.m2\repository\com\vladsch\flexmark\flexmark-ext-escaped-character\0.34.30\flexmark-ext-escaped-character-0.34.30.jar;C:\Users\ASUS\.m2\repository\com\vladsch\flexmark\flexmark-ext-footnotes\0.34.30\flexmark-ext-footnotes-0.34.30.jar;C:\Users\ASUS\.m2\repository\com\vladsch\flexmark\flexmark-ext-gfm-issues\0.34.30\flexmark-ext-gfm-issues-0.34.30.jar;C:\Users\ASUS\.m2\repository\com\vladsch\flexmark\flexmark-ext-gfm-strikethrough\0.34.30\flexmark-ext-gfm-strikethrough-0.34.30.jar;C:\Users\ASUS\.m2\repository\com\vladsch\flexmark\flexmark-ext-gfm-tables\0.34.30\flexmark-ext-gfm-tables-0.34.30.jar;C:\Users\ASUS\.m2\repository\com\vladsch\flexmark\flexmark-ext-gfm-tasklist\0.34.30\flexmark-ext-gfm-tasklist-0.34.30.jar;C:\Users\ASUS\.m2\repository\com\vladsch\flexmark\flexmark-ext-gfm-users\0.34.30\flexmark-ext-gfm-users-0.34.30.jar;C:\Users\ASUS\.m2\repository\com\vladsch\flexmark\flexmark-ext-gitlab\0.34.30\flexmark-ext-gitlab-0.34.30.jar;C:\Users\ASUS\.m2\repository\com\vladsch\flexmark\flexmark-ext-jekyll-front-matter\0.34.30\flexmark-ext-jekyll-front-matter-0.34.30.jar;C:\Users\ASUS\.m2\repository\com\vladsch\flexmark\flexmark-ext-jekyll-tag\0.34.30\flexmark-ext-jekyll-tag-0.34.30.jar;C:\Users\ASUS\.m2\repository\com\vladsch\flexmark\flexmark-ext-media-tags\0.34.30\flexmark-ext-media-tags-0.34.30.jar;C:\Users\ASUS\.m2\repository\com\vladsch\flexmark\flexmark-test-util\0.34.30\flexmark-test-util-0.34.30.jar;C:\Users\ASUS\.m2\repository\com\vladsch\flexmark\flexmark-ext-ins\0.34.30\flexmark-ext-ins-0.34.30.jar;C:\Users\ASUS\.m2\repository\com\vladsch\flexmark\flexmark-ext-xwiki-macros\0.34.30\flexmark-ext-xwiki-macros-0.34.30.jar;C:\Users\ASUS\.m2\repository\com\vladsch\flexmark\flexmark-ext-superscript\0.34.30\flexmark-ext-superscript-0.34.30.jar;C:\Users\ASUS\.m2\repository\com\vladsch\flexmark\flexmark-ext-tables\0.34.30\flexmark-ext-tables-0.34.30.jar;C:\Users\ASUS\.m2\repository\com\vladsch\flexmark\flexmark-ext-toc\0.34.30\flexmark-ext-toc-0.34.30.jar;C:\Users\ASUS\.m2\repository\com\vladsch\flexmark\flexmark-ext-typographic\0.34.30\flexmark-ext-typographic-0.34.30.jar;C:\Users\ASUS\.m2\repository\com\vladsch\flexmark\flexmark-ext-wikilink\0.34.30\flexmark-ext-wikilink-0.34.30.jar;C:\Users\ASUS\.m2\repository\com\vladsch\flexmark\flexmark-ext-yaml-front-matter\0.34.30\flexmark-ext-yaml-front-matter-0.34.30.jar;C:\Users\ASUS\.m2\repository\com\vladsch\flexmark\flexmark-ext-youtube-embedded\0.34.30\flexmark-ext-youtube-embedded-0.34.30.jar;C:\Users\ASUS\.m2\repository\com\vladsch\flexmark\flexmark-formatter\0.34.30\flexmark-formatter-0.34.30.jar;C:\Users\ASUS\.m2\repository\com\vladsch\flexmark\flexmark-html-parser\0.34.30\flexmark-html-parser-0.34.30.jar;C:\Users\ASUS\.m2\repository\com\vladsch\flexmark\flexmark-jira-converter\0.34.30\flexmark-jira-converter-0.34.30.jar;C:\Users\ASUS\.m2\repository\com\vladsch\flexmark\flexmark-pdf-converter\0.34.30\flexmark-pdf-converter-0.34.30.jar;C:\Users\ASUS\.m2\repository\com\openhtmltopdf\openhtmltopdf-core\0.0.1-RC13\openhtmltopdf-core-0.0.1-RC13.jar;C:\Users\ASUS\.m2\repository\com\openhtmltopdf\openhtmltopdf-pdfbox\0.0.1-RC13\openhtmltopdf-pdfbox-0.0.1-RC13.jar;C:\Users\ASUS\.m2\repository\org\apache\pdfbox\pdfbox\2.0.8\pdfbox-2.0.8.jar;C:\Users\ASUS\.m2\repository\org\apache\pdfbox\fontbox\2.0.8\fontbox-2.0.8.jar;C:\Users\ASUS\.m2\repository\commons-logging\commons-logging\1.2\commons-logging-1.2.jar;C:\Users\ASUS\.m2\repository\org\apache\pdfbox\xmpbox\2.0.8\xmpbox-2.0.8.jar;C:\Users\ASUS\.m2\repository\de\rototor\pdfbox\graphics2d\0.12\graphics2d-0.12.jar;C:\Users\ASUS\.m2\repository\com\openhtmltopdf\openhtmltopdf-rtl-support\0.0.1-RC13\openhtmltopdf-rtl-support-0.0.1-RC13.jar;C:\Users\ASUS\.m2\repository\com\ibm\icu\icu4j\59.1\icu4j-59.1.jar;C:\Users\ASUS\.m2\repository\com\openhtmltopdf\openhtmltopdf-jsoup-dom-converter\0.0.1-RC13\openhtmltopdf-jsoup-dom-converter-0.0.1-RC13.jar;C:\Users\ASUS\.m2\repository\com\vladsch\flexmark\flexmark-profile-pegdown\0.34.30\flexmark-profile-pegdown-0.34.30.jar;C:\Users\ASUS\.m2\repository\com\vladsch\flexmark\flexmark-util\0.34.30\flexmark-util-0.34.30.jar;C:\Users\ASUS\.m2\repository\com\vladsch\flexmark\flexmark-youtrack-converter\0.34.30\flexmark-youtrack-converter-0.34.30.jar;C:\Users\ASUS\.m2\repository\es\nitaur\markdown\txtmark\0.16\txtmark-0.16.jar;C:\Users\ASUS\.m2\repository\net\serenity-bdd\serenity-report-resources\3.2.1\serenity-report-resources-3.2.1.jar;C:\Users\ASUS\.m2\repository\com\google\code\gson\gson\2.9.0\gson-2.9.0.jar;C:\Users\ASUS\.m2\repository\com\fasterxml\jackson\core\jackson-core\2.13.2\jackson-core-2.13.2.jar;C:\Users\ASUS\.m2\repository\com\fasterxml\jackson\core\jackson-databind\2.13.2\jackson-databind-2.13.2.jar;C:\Users\ASUS\.m2\repository\com\fasterxml\jackson\core\jackson-annotations\2.13.2\jackson-annotations-2.13.2.jar;C:\Users\ASUS\.m2\repository\commons-codec\commons-codec\1.15\commons-codec-1.15.jar;C:\Users\ASUS\.m2\repository\commons-io\commons-io\2.11.0\commons-io-2.11.0.jar;C:\Users\ASUS\.m2\repository\org\seleniumhq\selenium\selenium-java\4.1.2\selenium-java-4.1.2.jar;C:\Users\ASUS\.m2\repository\org\seleniumhq\selenium\selenium-devtools-v85\4.1.2\selenium-devtools-v85-4.1.2.jar;C:\Users\ASUS\.m2\repository\org\seleniumhq\selenium\selenium-devtools-v95\4.1.2\selenium-devtools-v95-4.1.2.jar;C:\Users\ASUS\.m2\repository\org\seleniumhq\selenium\selenium-devtools-v96\4.1.2\selenium-devtools-v96-4.1.2.jar;C:\Users\ASUS\.m2\repository\org\seleniumhq\selenium\selenium-devtools-v97\4.1.2\selenium-devtools-v97-4.1.2.jar;C:\Users\ASUS\.m2\repository\org\seleniumhq\selenium\selenium-firefox-xpi-driver\4.1.2\selenium-firefox-xpi-driver-4.1.2.jar;C:\Users\ASUS\.m2\repository\org\seleniumhq\selenium\selenium-opera-driver\4.1.2\selenium-opera-driver-4.1.2.jar;C:\Users\ASUS\.m2\repository\org\seleniumhq\selenium\selenium-remote-driver\4.1.2\selenium-remote-driver-4.1.2.jar;C:\Users\ASUS\.m2\repository\com\beust\jcommander\1.82\jcommander-1.82.jar;C:\Users\ASUS\.m2\repository\io\netty\netty-buffer\4.1.73.Final\netty-buffer-4.1.73.Final.jar;C:\Users\ASUS\.m2\repository\io\netty\netty-codec-http\4.1.73.Final\netty-codec-http-4.1.73.Final.jar;C:\Users\ASUS\.m2\repository\io\netty\netty-codec\4.1.73.Final\netty-codec-4.1.73.Final.jar;C:\Users\ASUS\.m2\repository\io\netty\netty-handler\4.1.73.Final\netty-handler-4.1.73.Final.jar;C:\Users\ASUS\.m2\repository\io\netty\netty-tcnative-classes\2.0.46.Final\netty-tcnative-classes-2.0.46.Final.jar;C:\Users\ASUS\.m2\repository\io\netty\netty-common\4.1.73.Final\netty-common-4.1.73.Final.jar;C:\Users\ASUS\.m2\repository\io\netty\netty-transport-classes-epoll\4.1.73.Final\netty-transport-classes-epoll-4.1.73.Final.jar;C:\Users\ASUS\.m2\repository\io\netty\netty-transport-classes-kqueue\4.1.73.Final\netty-transport-classes-kqueue-4.1.73.Final.jar;C:\Users\ASUS\.m2\repository\io\netty\netty-transport-native-epoll\4.1.73.Final\netty-transport-native-epoll-4.1.73.Final.jar;C:\Users\ASUS\.m2\repository\io\netty\netty-transport-native-kqueue\4.1.73.Final\netty-transport-native-kqueue-4.1.73.Final.jar;C:\Users\ASUS\.m2\repository\io\netty\netty-transport-native-unix-common\4.1.73.Final\netty-transport-native-unix-common-4.1.73.Final.jar;C:\Users\ASUS\.m2\repository\io\netty\netty-transport\4.1.73.Final\netty-transport-4.1.73.Final.jar;C:\Users\ASUS\.m2\repository\io\netty\netty-resolver\4.1.73.Final\netty-resolver-4.1.73.Final.jar;C:\Users\ASUS\.m2\repository\io\opentelemetry\opentelemetry-api\1.10.1\opentelemetry-api-1.10.1.jar;C:\Users\ASUS\.m2\repository\io\opentelemetry\opentelemetry-context\1.10.1\opentelemetry-context-1.10.1.jar;C:\Users\ASUS\.m2\repository\io\opentelemetry\opentelemetry-exporter-logging\1.10.1\opentelemetry-exporter-logging-1.10.1.jar;C:\Users\ASUS\.m2\repository\io\opentelemetry\opentelemetry-sdk-metrics\1.10.1-alpha\opentelemetry-sdk-metrics-1.10.1-alpha.jar;C:\Users\ASUS\.m2\repository\io\opentelemetry\opentelemetry-sdk-logs\1.10.1-alpha\opentelemetry-sdk-logs-1.10.1-alpha.jar;C:\Users\ASUS\.m2\repository\io\opentelemetry\opentelemetry-sdk-common\1.10.1\opentelemetry-sdk-common-1.10.1.jar;C:\Users\ASUS\.m2\repository\io\opentelemetry\opentelemetry-sdk-extension-autoconfigure-spi\1.10.1\opentelemetry-sdk-extension-autoconfigure-spi-1.10.1.jar;C:\Users\ASUS\.m2\repository\io\opentelemetry\opentelemetry-sdk-extension-autoconfigure\1.10.1-alpha\opentelemetry-sdk-extension-autoconfigure-1.10.1-alpha.jar;C:\Users\ASUS\.m2\repository\io\opentelemetry\opentelemetry-sdk-trace\1.10.1\opentelemetry-sdk-trace-1.10.1.jar;C:\Users\ASUS\.m2\repository\io\opentelemetry\opentelemetry-sdk\1.10.1\opentelemetry-sdk-1.10.1.jar;C:\Users\ASUS\.m2\repository\io\opentelemetry\opentelemetry-semconv\1.10.1-alpha\opentelemetry-semconv-1.10.1-alpha.jar;C:\Users\ASUS\.m2\repository\io\ous\jtoml\2.0.0\jtoml-2.0.0.jar;C:\Users\ASUS\.m2\repository\org\apache\commons\commons-exec\1.3\commons-exec-1.3.jar;C:\Users\ASUS\.m2\repository\org\asynchttpclient\async-http-client\2.12.3\async-http-client-2.12.3.jar;C:\Users\ASUS\.m2\repository\org\asynchttpclient\async-http-client-netty-utils\2.12.3\async-http-client-netty-utils-2.12.3.jar;C:\Users\ASUS\.m2\repository\io\netty\netty-codec-socks\4.1.60.Final\netty-codec-socks-4.1.60.Final.jar;C:\Users\ASUS\.m2\repository\io\netty\netty-handler-proxy\4.1.60.Final\netty-handler-proxy-4.1.60.Final.jar;C:\Users\ASUS\.m2\repository\io\netty\netty-transport-native-epoll\4.1.60.Final\netty-transport-native-epoll-4.1.60.Final-linux-x86_64.jar;C:\Users\ASUS\.m2\repository\io\netty\netty-transport-native-kqueue\4.1.60.Final\netty-transport-native-kqueue-4.1.60.Final-osx-x86_64.jar;C:\Users\ASUS\.m2\repository\org\reactivestreams\reactive-streams\1.0.3\reactive-streams-1.0.3.jar;C:\Users\ASUS\.m2\repository\com\typesafe\netty\netty-reactive-streams\2.0.4\netty-reactive-streams-2.0.4.jar;C:\Users\ASUS\.m2\repository\org\seleniumhq\selenium\selenium-http\4.1.2\selenium-http-4.1.2.jar;C:\Users\ASUS\.m2\repository\net\jodah\failsafe\2.4.4\failsafe-2.4.4.jar;C:\Users\ASUS\.m2\repository\org\seleniumhq\selenium\selenium-safari-driver\4.1.2\selenium-safari-driver-4.1.2.jar;C:\Users\ASUS\.m2\repository\org\seleniumhq\selenium\selenium-api\4.1.2\selenium-api-4.1.2.jar;C:\Users\ASUS\.m2\repository\org\seleniumhq\selenium\selenium-support\4.1.2\selenium-support-4.1.2.jar;C:\Users\ASUS\.m2\repository\com\google\auto\service\auto-service-annotations\1.0.1\auto-service-annotations-1.0.1.jar;C:\Users\ASUS\.m2\repository\com\google\auto\service\auto-service\1.0.1\auto-service-1.0.1.jar;C:\Users\ASUS\.m2\repository\com\google\auto\auto-common\1.2\auto-common-1.2.jar;C:\Users\ASUS\.m2\repository\org\seleniumhq\selenium\selenium-json\4.1.2\selenium-json-4.1.2.jar;C:\Users\ASUS\.m2\repository\org\seleniumhq\selenium\selenium-chrome-driver\4.1.2\selenium-chrome-driver-4.1.2.jar;C:\Users\ASUS\.m2\repository\org\seleniumhq\selenium\selenium-chromium-driver\4.1.2\selenium-chromium-driver-4.1.2.jar;C:\Users\ASUS\.m2\repository\org\seleniumhq\selenium\selenium-firefox-driver\4.1.2\selenium-firefox-driver-4.1.2.jar;C:\Users\ASUS\.m2\repository\org\seleniumhq\selenium\selenium-edge-driver\4.1.2\selenium-edge-driver-4.1.2.jar;C:\Users\ASUS\.m2\repository\org\seleniumhq\selenium\selenium-ie-driver\4.1.2\selenium-ie-driver-4.1.2.jar;C:\Users\ASUS\.m2\repository\org\projectlombok\lombok\1.18.20\lombok-1.18.20.jar;C:\Users\ASUS\.m2\repository\io\appium\java-client\8.0.0\java-client-8.0.0.jar;C:\Users\ASUS\.m2\repository\commons-validator\commons-validator\1.7\commons-validator-1.7.jar;C:\Users\ASUS\.m2\repository\commons-digester\commons-digester\2.1\commons-digester-2.1.jar;C:\Users\ASUS\.m2\repository\org\aspectj\aspectjweaver\1.9.8\aspectjweaver-1.9.8.jar;C:\Users\ASUS\.m2\repository\org\codehaus\groovy\groovy\3.0.10\groovy-3.0.10.jar;C:\Users\ASUS\.m2\repository\net\sf\opencsv\opencsv\2.0\opencsv-2.0.jar;C:\Users\ASUS\.m2\repository\commons-beanutils\commons-beanutils\1.9.4\commons-beanutils-1.9.4.jar;C:\Users\ASUS\.m2\repository\org\apache\commons\commons-lang3\3.12.0\commons-lang3-3.12.0.jar;C:\Users\ASUS\.m2\repository\commons-collections\commons-collections\3.2.2\commons-collections-3.2.2.jar;C:\Users\ASUS\.m2\repository\org\fluentlenium\fluentlenium-core\0.10.2\fluentlenium-core-0.10.2.jar;C:\Users\ASUS\.m2\repository\io\github\bonigarcia\webdrivermanager\5.1.0\webdrivermanager-5.1.0.jar;C:\Users\ASUS\.m2\repository\com\github\docker-java\docker-java\3.2.13\docker-java-3.2.13.jar;C:\Users\ASUS\.m2\repository\com\github\docker-java\docker-java-core\3.2.13\docker-java-core-3.2.13.jar;C:\Users\ASUS\.m2\repository\com\github\docker-java\docker-java-api\3.2.13\docker-java-api-3.2.13.jar;C:\Users\ASUS\.m2\repository\org\apache\commons\commons-compress\1.21\commons-compress-1.21.jar;C:\Users\ASUS\.m2\repository\org\bouncycastle\bcpkix-jdk15on\1.64\bcpkix-jdk15on-1.64.jar;C:\Users\ASUS\.m2\repository\org\bouncycastle\bcprov-jdk15on\1.64\bcprov-jdk15on-1.64.jar;C:\Users\ASUS\.m2\repository\org\slf4j\jcl-over-slf4j\1.7.30\jcl-over-slf4j-1.7.30.jar;C:\Users\ASUS\.m2\repository\com\github\docker-java\docker-java-transport-httpclient5\3.2.13\docker-java-transport-httpclient5-3.2.13.jar;C:\Users\ASUS\.m2\repository\com\github\docker-java\docker-java-transport\3.2.13\docker-java-transport-3.2.13.jar;C:\Users\ASUS\.m2\repository\org\apache\httpcomponents\client5\httpclient5\5.0.3\httpclient5-5.0.3.jar;C:\Users\ASUS\.m2\repository\org\apache\httpcomponents\core5\httpcore5\5.0.2\httpcore5-5.0.2.jar;C:\Users\ASUS\.m2\repository\net\java\dev\jna\jna\5.8.0\jna-5.8.0.jar;C:\Users\ASUS\.m2\repository\org\brotli\dec\0.1.2\dec-0.1.2.jar;C:\Users\ASUS\.m2\repository\com\jhlabs\filters\2.0.235\filters-2.0.235.jar;C:\Users\ASUS\.m2\repository\com\paulhammant\ngwebdriver\1.1.6\ngwebdriver-1.1.6.jar;C:\Users\ASUS\.m2\repository\joda-time\joda-time\2.8.2\joda-time-2.8.2.jar;C:\Users\ASUS\.m2\repository\org\hamcrest\hamcrest\2.2\hamcrest-2.2.jar;C:\Users\ASUS\.m2\repository\com\google\jimfs\jimfs\1.2\jimfs-1.2.jar;C:\Users\ASUS\.m2\repository\org\mockito\mockito-core\3.3.3\mockito-core-3.3.3.jar;C:\Users\ASUS\.m2\repository\javax\xml\bind\jaxb-api\2.3.1\jaxb-api-2.3.1.jar;C:\Users\ASUS\.m2\repository\javax\activation\javax.activation-api\1.2.0\javax.activation-api-1.2.0.jar;C:\Users\ASUS\.m2\repository\com\sun\xml\bind\jaxb-core\2.3.0.1\jaxb-core-2.3.0.1.jar;C:\Users\ASUS\.m2\repository\com\sun\xml\bind\jaxb-impl\2.3.3\jaxb-impl-2.3.3.jar;C:\Users\ASUS\.m2\repository\jakarta\xml\bind\jakarta.xml.bind-api\2.3.3\jakarta.xml.bind-api-2.3.3.jar;C:\Users\ASUS\.m2\repository\com\sun\activation\jakarta.activation\1.2.2\jakarta.activation-1.2.2.jar;C:\Users\ASUS\.m2\repository\javax\activation\activation\1.1.1\activation-1.1.1.jar;C:\Users\ASUS\.m2\repository\net\serenity-bdd\serenity-cucumber\3.2.1\serenity-cucumber-3.2.1.jar;C:\Users\ASUS\.m2\repository\io\cucumber\cucumber-core\7.2.3\cucumber-core-7.2.3.jar;C:\Users\ASUS\.m2\repository\io\cucumber\cucumber-gherkin\7.2.3\cucumber-gherkin-7.2.3.jar;C:\Users\ASUS\.m2\repository\io\cucumber\cucumber-gherkin-messages\7.2.3\cucumber-gherkin-messages-7.2.3.jar;C:\Users\ASUS\.m2\repository\io\cucumber\messages\17.1.1\messages-17.1.1.jar;C:\Users\ASUS\.m2\repository\io\cucumber\tag-expressions\4.1.0\tag-expressions-4.1.0.jar;C:\Users\ASUS\.m2\repository\io\cucumber\cucumber-expressions\15.0.1\cucumber-expressions-15.0.1.jar;C:\Users\ASUS\.m2\repository\io\cucumber\datatable\7.2.3\datatable-7.2.3.jar;C:\Users\ASUS\.m2\repository\io\cucumber\cucumber-plugin\7.2.3\cucumber-plugin-7.2.3.jar;C:\Users\ASUS\.m2\repository\io\cucumber\docstring\7.2.3\docstring-7.2.3.jar;C:\Users\ASUS\.m2\repository\io\cucumber\html-formatter\17.0.0\html-formatter-17.0.0.jar;C:\Users\ASUS\.m2\repository\io\cucumber\ci-environment\8.1.0\ci-environment-8.1.0.jar;C:\Users\ASUS\.m2\repository\io\cucumber\cucumber-junit\7.2.3\cucumber-junit-7.2.3.jar;C:\Users\ASUS\.m2\repository\org\apache\commons\commons-csv\1.5\commons-csv-1.5.jar;C:\Users\ASUS\.m2\repository\net\serenity-bdd\serenity-screenplay\3.2.1\serenity-screenplay-3.2.1.jar;C:\Users\ASUS\.m2\repository\net\serenity-bdd\serenity-screenplay-webdriver\3.2.1\serenity-screenplay-webdriver-3.2.1.jar;C:\Users\ASUS\.m2\repository\net\serenity-bdd\serenity-ensure\3.2.1\serenity-ensure-3.2.1.jar;C:\Users\ASUS\.m2\repository\net\serenity-bdd\serenity-junit\3.2.1\serenity-junit-3.2.1.jar;C:\Users\ASUS\.m2\repository\org\jetbrains\kotlin\kotlin-stdlib\1.6.0\kotlin-stdlib-1.6.0.jar;C:\Users\ASUS\.m2\repository\org\jetbrains\annotations\13.0\annotations-13.0.jar;C:\Users\ASUS\.m2\repository\org\jetbrains\kotlin\kotlin-stdlib-common\1.6.0\kotlin-stdlib-common-1.6.0.jar;C:\Users\ASUS\.m2\repository\org\junit\platform\junit-platform-launcher\1.8.1\junit-platform-launcher-1.8.1.jar;C:\Users\ASUS\.m2\repository\org\junit\platform\junit-platform-engine\1.8.1\junit-platform-engine-1.8.1.jar;C:\Users\ASUS\.m2\repository\org\opentest4j\opentest4j\1.2.0\opentest4j-1.2.0.jar;C:\Users\ASUS\.m2\repository\org\junit\platform\junit-platform-commons\1.8.1\junit-platform-commons-1.8.1.jar;C:\Users\ASUS\.m2\repository\org\apiguardian\apiguardian-api\1.1.2\apiguardian-api-1.1.2.jar;C:\Users\ASUS\.m2\repository\org\junit\jupiter\junit-jupiter-engine\5.8.2\junit-jupiter-engine-5.8.2.jar;C:\Users\ASUS\.m2\repository\org\junit\jupiter\junit-jupiter-api\5.8.2\junit-jupiter-api-5.8.2.jar;C:\Users\ASUS\.m2\repository\org\junit\vintage\junit-vintage-engine\5.8.2\junit-vintage-engine-5.8.2.jar;C:\Users\ASUS\.m2\repository\junit\junit\4.13.2\junit-4.13.2.jar;C:\Users\ASUS\.m2\repository\org\hamcrest\hamcrest-core\1.3\hamcrest-core-1.3.jar;C:\Users\ASUS\.m2\repository\ch\qos\logback\logback-classic\1.2.10\logback-classic-1.2.10.jar;C:\Users\ASUS\.m2\repository\ch\qos\logback\logback-core\1.2.10\logback-core-1.2.10.jar;C:\Users\ASUS\.m2\repository\org\slf4j\slf4j-api\1.7.32\slf4j-api-1.7.32.jar;C:\Users\ASUS\.m2\repository\org\assertj\assertj-core\3.6.2\assertj-core-3.6.2.jar;"/>
    <property name="java.vm.vendor" value="Oracle Corporation"/>
    <property name="sun.arch.data.model" value="64"/>
    <property name="user.variant" value=""/>
    <property name="java.vendor.url" value="https://openjdk.java.net/"/>
    <property name="user.timezone" value="Asia/Bangkok"/>
    <property name="log4j2.formatMsgNoLookups" value="true"/>
    <property name="java.vm.specification.version" value="11"/>
    <property name="os.name" value="Windows 10"/>
    <property name="sun.java.launcher" value="SUN_STANDARD"/>
    <property name="user.country" value="ID"/>
    <property name="sun.boot.library.path" value="C:\Program Files\Java\jdk-11.0.16\bin"/>
    <property name="sun.java.command" value="org.apache.maven.surefire.booter.ForkedBooter C:\Users\ASUS\AppData\Local\Temp\surefire8234884878590227098 2022-10-10T19-59-12_198-jvmRun1 surefire1149482844657723751tmp surefire_018147201399825362582tmp"/>
    <property name="jdk.debug" value="release"/>
    <property name="surefire.test.class.path" value="C:\Users\ASUS\IdeaProjects\DemoQA\target\test-classes;C:\Users\ASUS\.m2\repository\net\serenity-bdd\serenity-core\3.2.1\serenity-core-3.2.1.jar;C:\Users\ASUS\.m2\repository\net\serenity-bdd\serenity-model\3.2.1\serenity-model-3.2.1.jar;C:\Users\ASUS\.m2\repository\org\apache\commons\commons-text\1.9\commons-text-1.9.jar;C:\Users\ASUS\.m2\repository\commons-net\commons-net\3.8.0\commons-net-3.8.0.jar;C:\Users\ASUS\.m2\repository\com\google\guava\guava\31.1-jre\guava-31.1-jre.jar;C:\Users\ASUS\.m2\repository\com\google\guava\failureaccess\1.0.1\failureaccess-1.0.1.jar;C:\Users\ASUS\.m2\repository\com\google\guava\listenablefuture\9999.0-empty-to-avoid-conflict-with-guava\listenablefuture-9999.0-empty-to-avoid-conflict-with-guava.jar;C:\Users\ASUS\.m2\repository\com\google\code\findbugs\jsr305\3.0.2\jsr305-3.0.2.jar;C:\Users\ASUS\.m2\repository\org\checkerframework\checker-qual\3.12.0\checker-qual-3.12.0.jar;C:\Users\ASUS\.m2\repository\com\google\errorprone\error_prone_annotations\2.11.0\error_prone_annotations-2.11.0.jar;C:\Users\ASUS\.m2\repository\com\google\j2objc\j2objc-annotations\1.3\j2objc-annotations-1.3.jar;C:\Users\ASUS\.m2\repository\com\google\inject\guice\5.1.0\guice-5.1.0.jar;C:\Users\ASUS\.m2\repository\javax\inject\javax.inject\1\javax.inject-1.jar;C:\Users\ASUS\.m2\repository\aopalliance\aopalliance\1.0\aopalliance-1.0.jar;C:\Users\ASUS\.m2\repository\org\jsoup\jsoup\1.14.3\jsoup-1.14.3.jar;C:\Users\ASUS\.m2\repository\com\thoughtworks\xstream\xstream\1.4.19\xstream-1.4.19.jar;C:\Users\ASUS\.m2\repository\io\github\x-stream\mxparser\1.2.2\mxparser-1.2.2.jar;C:\Users\ASUS\.m2\repository\xmlpull\xmlpull\1.1.3.1\xmlpull-1.1.3.1.jar;C:\Users\ASUS\.m2\repository\io\cucumber\cucumber-java\7.2.3\cucumber-java-7.2.3.jar;C:\Users\ASUS\.m2\repository\com\typesafe\config\1.4.2\config-1.4.2.jar;C:\Users\ASUS\.m2\repository\org\imgscalr\imgscalr-lib\4.2\imgscalr-lib-4.2.jar;C:\Users\ASUS\.m2\repository\org\awaitility\awaitility\4.2.0\awaitility-4.2.0.jar;C:\Users\ASUS\.m2\repository\org\freemarker\freemarker\2.3.31\freemarker-2.3.31.jar;C:\Users\ASUS\.m2\repository\io\github\classgraph\classgraph\4.8.138\classgraph-4.8.138.jar;C:\Users\ASUS\.m2\repository\net\sourceforge\jexcelapi\jxl\2.6.12\jxl-2.6.12.jar;C:\Users\ASUS\.m2\repository\net\bytebuddy\byte-buddy\1.12.8\byte-buddy-1.12.8.jar;C:\Users\ASUS\.m2\repository\net\bytebuddy\byte-buddy-agent\1.12.8\byte-buddy-agent-1.12.8.jar;C:\Users\ASUS\.m2\repository\org\objenesis\objenesis\3.1\objenesis-3.1.jar;C:\Users\ASUS\.m2\repository\net\serenity-bdd\serenity-reports\3.2.1\serenity-reports-3.2.1.jar;C:\Users\ASUS\.m2\repository\net\serenity-bdd\serenity-stats\3.2.1\serenity-stats-3.2.1.jar;C:\Users\ASUS\.m2\repository\net\serenity-bdd\serenity-reports-configuration\3.2.1\serenity-reports-configuration-3.2.1.jar;C:\Users\ASUS\.m2\repository\com\vladsch\flexmark\flexmark-all\0.34.30\flexmark-all-0.34.30.jar;C:\Users\ASUS\.m2\repository\com\vladsch\flexmark\flexmark\0.34.30\flexmark-0.34.30.jar;C:\Users\ASUS\.m2\repository\com\vladsch\flexmark\flexmark-ext-abbreviation\0.34.30\flexmark-ext-abbreviation-0.34.30.jar;C:\Users\ASUS\.m2\repository\com\vladsch\flexmark\flexmark-ext-admonition\0.34.30\flexmark-ext-admonition-0.34.30.jar;C:\Users\ASUS\.m2\repository\com\vladsch\flexmark\flexmark-ext-anchorlink\0.34.30\flexmark-ext-anchorlink-0.34.30.jar;C:\Users\ASUS\.m2\repository\com\vladsch\flexmark\flexmark-ext-aside\0.34.30\flexmark-ext-aside-0.34.30.jar;C:\Users\ASUS\.m2\repository\com\vladsch\flexmark\flexmark-ext-attributes\0.34.30\flexmark-ext-attributes-0.34.30.jar;C:\Users\ASUS\.m2\repository\com\vladsch\flexmark\flexmark-ext-autolink\0.34.30\flexmark-ext-autolink-0.34.30.jar;C:\Users\ASUS\.m2\repository\org\nibor\autolink\autolink\0.6.0\autolink-0.6.0.jar;C:\Users\ASUS\.m2\repository\com\vladsch\flexmark\flexmark-ext-definition\0.34.30\flexmark-ext-definition-0.34.30.jar;C:\Users\ASUS\.m2\repository\com\vladsch\flexmark\flexmark-ext-emoji\0.34.30\flexmark-ext-emoji-0.34.30.jar;C:\Users\ASUS\.m2\repository\com\vladsch\flexmark\flexmark-ext-enumerated-reference\0.34.30\flexmark-ext-enumerated-reference-0.34.30.jar;C:\Users\ASUS\.m2\repository\com\vladsch\flexmark\flexmark-ext-escaped-character\0.34.30\flexmark-ext-escaped-character-0.34.30.jar;C:\Users\ASUS\.m2\repository\com\vladsch\flexmark\flexmark-ext-footnotes\0.34.30\flexmark-ext-footnotes-0.34.30.jar;C:\Users\ASUS\.m2\repository\com\vladsch\flexmark\flexmark-ext-gfm-issues\0.34.30\flexmark-ext-gfm-issues-0.34.30.jar;C:\Users\ASUS\.m2\repository\com\vladsch\flexmark\flexmark-ext-gfm-strikethrough\0.34.30\flexmark-ext-gfm-strikethrough-0.34.30.jar;C:\Users\ASUS\.m2\repository\com\vladsch\flexmark\flexmark-ext-gfm-tables\0.34.30\flexmark-ext-gfm-tables-0.34.30.jar;C:\Users\ASUS\.m2\repository\com\vladsch\flexmark\flexmark-ext-gfm-tasklist\0.34.30\flexmark-ext-gfm-tasklist-0.34.30.jar;C:\Users\ASUS\.m2\repository\com\vladsch\flexmark\flexmark-ext-gfm-users\0.34.30\flexmark-ext-gfm-users-0.34.30.jar;C:\Users\ASUS\.m2\repository\com\vladsch\flexmark\flexmark-ext-gitlab\0.34.30\flexmark-ext-gitlab-0.34.30.jar;C:\Users\ASUS\.m2\repository\com\vladsch\flexmark\flexmark-ext-jekyll-front-matter\0.34.30\flexmark-ext-jekyll-front-matter-0.34.30.jar;C:\Users\ASUS\.m2\repository\com\vladsch\flexmark\flexmark-ext-jekyll-tag\0.34.30\flexmark-ext-jekyll-tag-0.34.30.jar;C:\Users\ASUS\.m2\repository\com\vladsch\flexmark\flexmark-ext-media-tags\0.34.30\flexmark-ext-media-tags-0.34.30.jar;C:\Users\ASUS\.m2\repository\com\vladsch\flexmark\flexmark-test-util\0.34.30\flexmark-test-util-0.34.30.jar;C:\Users\ASUS\.m2\repository\com\vladsch\flexmark\flexmark-ext-ins\0.34.30\flexmark-ext-ins-0.34.30.jar;C:\Users\ASUS\.m2\repository\com\vladsch\flexmark\flexmark-ext-xwiki-macros\0.34.30\flexmark-ext-xwiki-macros-0.34.30.jar;C:\Users\ASUS\.m2\repository\com\vladsch\flexmark\flexmark-ext-superscript\0.34.30\flexmark-ext-superscript-0.34.30.jar;C:\Users\ASUS\.m2\repository\com\vladsch\flexmark\flexmark-ext-tables\0.34.30\flexmark-ext-tables-0.34.30.jar;C:\Users\ASUS\.m2\repository\com\vladsch\flexmark\flexmark-ext-toc\0.34.30\flexmark-ext-toc-0.34.30.jar;C:\Users\ASUS\.m2\repository\com\vladsch\flexmark\flexmark-ext-typographic\0.34.30\flexmark-ext-typographic-0.34.30.jar;C:\Users\ASUS\.m2\repository\com\vladsch\flexmark\flexmark-ext-wikilink\0.34.30\flexmark-ext-wikilink-0.34.30.jar;C:\Users\ASUS\.m2\repository\com\vladsch\flexmark\flexmark-ext-yaml-front-matter\0.34.30\flexmark-ext-yaml-front-matter-0.34.30.jar;C:\Users\ASUS\.m2\repository\com\vladsch\flexmark\flexmark-ext-youtube-embedded\0.34.30\flexmark-ext-youtube-embedded-0.34.30.jar;C:\Users\ASUS\.m2\repository\com\vladsch\flexmark\flexmark-formatter\0.34.30\flexmark-formatter-0.34.30.jar;C:\Users\ASUS\.m2\repository\com\vladsch\flexmark\flexmark-html-parser\0.34.30\flexmark-html-parser-0.34.30.jar;C:\Users\ASUS\.m2\repository\com\vladsch\flexmark\flexmark-jira-converter\0.34.30\flexmark-jira-converter-0.34.30.jar;C:\Users\ASUS\.m2\repository\com\vladsch\flexmark\flexmark-pdf-converter\0.34.30\flexmark-pdf-converter-0.34.30.jar;C:\Users\ASUS\.m2\repository\com\openhtmltopdf\openhtmltopdf-core\0.0.1-RC13\openhtmltopdf-core-0.0.1-RC13.jar;C:\Users\ASUS\.m2\repository\com\openhtmltopdf\openhtmltopdf-pdfbox\0.0.1-RC13\openhtmltopdf-pdfbox-0.0.1-RC13.jar;C:\Users\ASUS\.m2\repository\org\apache\pdfbox\pdfbox\2.0.8\pdfbox-2.0.8.jar;C:\Users\ASUS\.m2\repository\org\apache\pdfbox\fontbox\2.0.8\fontbox-2.0.8.jar;C:\Users\ASUS\.m2\repository\commons-logging\commons-logging\1.2\commons-logging-1.2.jar;C:\Users\ASUS\.m2\repository\org\apache\pdfbox\xmpbox\2.0.8\xmpbox-2.0.8.jar;C:\Users\ASUS\.m2\repository\de\rototor\pdfbox\graphics2d\0.12\graphics2d-0.12.jar;C:\Users\ASUS\.m2\repository\com\openhtmltopdf\openhtmltopdf-rtl-support\0.0.1-RC13\openhtmltopdf-rtl-support-0.0.1-RC13.jar;C:\Users\ASUS\.m2\repository\com\ibm\icu\icu4j\59.1\icu4j-59.1.jar;C:\Users\ASUS\.m2\repository\com\openhtmltopdf\openhtmltopdf-jsoup-dom-converter\0.0.1-RC13\openhtmltopdf-jsoup-dom-converter-0.0.1-RC13.jar;C:\Users\ASUS\.m2\repository\com\vladsch\flexmark\flexmark-profile-pegdown\0.34.30\flexmark-profile-pegdown-0.34.30.jar;C:\Users\ASUS\.m2\repository\com\vladsch\flexmark\flexmark-util\0.34.30\flexmark-util-0.34.30.jar;C:\Users\ASUS\.m2\repository\com\vladsch\flexmark\flexmark-youtrack-converter\0.34.30\flexmark-youtrack-converter-0.34.30.jar;C:\Users\ASUS\.m2\repository\es\nitaur\markdown\txtmark\0.16\txtmark-0.16.jar;C:\Users\ASUS\.m2\repository\net\serenity-bdd\serenity-report-resources\3.2.1\serenity-report-resources-3.2.1.jar;C:\Users\ASUS\.m2\repository\com\google\code\gson\gson\2.9.0\gson-2.9.0.jar;C:\Users\ASUS\.m2\repository\com\fasterxml\jackson\core\jackson-core\2.13.2\jackson-core-2.13.2.jar;C:\Users\ASUS\.m2\repository\com\fasterxml\jackson\core\jackson-databind\2.13.2\jackson-databind-2.13.2.jar;C:\Users\ASUS\.m2\repository\com\fasterxml\jackson\core\jackson-annotations\2.13.2\jackson-annotations-2.13.2.jar;C:\Users\ASUS\.m2\repository\commons-codec\commons-codec\1.15\commons-codec-1.15.jar;C:\Users\ASUS\.m2\repository\commons-io\commons-io\2.11.0\commons-io-2.11.0.jar;C:\Users\ASUS\.m2\repository\org\seleniumhq\selenium\selenium-java\4.1.2\selenium-java-4.1.2.jar;C:\Users\ASUS\.m2\repository\org\seleniumhq\selenium\selenium-devtools-v85\4.1.2\selenium-devtools-v85-4.1.2.jar;C:\Users\ASUS\.m2\repository\org\seleniumhq\selenium\selenium-devtools-v95\4.1.2\selenium-devtools-v95-4.1.2.jar;C:\Users\ASUS\.m2\repository\org\seleniumhq\selenium\selenium-devtools-v96\4.1.2\selenium-devtools-v96-4.1.2.jar;C:\Users\ASUS\.m2\repository\org\seleniumhq\selenium\selenium-devtools-v97\4.1.2\selenium-devtools-v97-4.1.2.jar;C:\Users\ASUS\.m2\repository\org\seleniumhq\selenium\selenium-firefox-xpi-driver\4.1.2\selenium-firefox-xpi-driver-4.1.2.jar;C:\Users\ASUS\.m2\repository\org\seleniumhq\selenium\selenium-opera-driver\4.1.2\selenium-opera-driver-4.1.2.jar;C:\Users\ASUS\.m2\repository\org\seleniumhq\selenium\selenium-remote-driver\4.1.2\selenium-remote-driver-4.1.2.jar;C:\Users\ASUS\.m2\repository\com\beust\jcommander\1.82\jcommander-1.82.jar;C:\Users\ASUS\.m2\repository\io\netty\netty-buffer\4.1.73.Final\netty-buffer-4.1.73.Final.jar;C:\Users\ASUS\.m2\repository\io\netty\netty-codec-http\4.1.73.Final\netty-codec-http-4.1.73.Final.jar;C:\Users\ASUS\.m2\repository\io\netty\netty-codec\4.1.73.Final\netty-codec-4.1.73.Final.jar;C:\Users\ASUS\.m2\repository\io\netty\netty-handler\4.1.73.Final\netty-handler-4.1.73.Final.jar;C:\Users\ASUS\.m2\repository\io\netty\netty-tcnative-classes\2.0.46.Final\netty-tcnative-classes-2.0.46.Final.jar;C:\Users\ASUS\.m2\repository\io\netty\netty-common\4.1.73.Final\netty-common-4.1.73.Final.jar;C:\Users\ASUS\.m2\repository\io\netty\netty-transport-classes-epoll\4.1.73.Final\netty-transport-classes-epoll-4.1.73.Final.jar;C:\Users\ASUS\.m2\repository\io\netty\netty-transport-classes-kqueue\4.1.73.Final\netty-transport-classes-kqueue-4.1.73.Final.jar;C:\Users\ASUS\.m2\repository\io\netty\netty-transport-native-epoll\4.1.73.Final\netty-transport-native-epoll-4.1.73.Final.jar;C:\Users\ASUS\.m2\repository\io\netty\netty-transport-native-kqueue\4.1.73.Final\netty-transport-native-kqueue-4.1.73.Final.jar;C:\Users\ASUS\.m2\repository\io\netty\netty-transport-native-unix-common\4.1.73.Final\netty-transport-native-unix-common-4.1.73.Final.jar;C:\Users\ASUS\.m2\repository\io\netty\netty-transport\4.1.73.Final\netty-transport-4.1.73.Final.jar;C:\Users\ASUS\.m2\repository\io\netty\netty-resolver\4.1.73.Final\netty-resolver-4.1.73.Final.jar;C:\Users\ASUS\.m2\repository\io\opentelemetry\opentelemetry-api\1.10.1\opentelemetry-api-1.10.1.jar;C:\Users\ASUS\.m2\repository\io\opentelemetry\opentelemetry-context\1.10.1\opentelemetry-context-1.10.1.jar;C:\Users\ASUS\.m2\repository\io\opentelemetry\opentelemetry-exporter-logging\1.10.1\opentelemetry-exporter-logging-1.10.1.jar;C:\Users\ASUS\.m2\repository\io\opentelemetry\opentelemetry-sdk-metrics\1.10.1-alpha\opentelemetry-sdk-metrics-1.10.1-alpha.jar;C:\Users\ASUS\.m2\repository\io\opentelemetry\opentelemetry-sdk-logs\1.10.1-alpha\opentelemetry-sdk-logs-1.10.1-alpha.jar;C:\Users\ASUS\.m2\repository\io\opentelemetry\opentelemetry-sdk-common\1.10.1\opentelemetry-sdk-common-1.10.1.jar;C:\Users\ASUS\.m2\repository\io\opentelemetry\opentelemetry-sdk-extension-autoconfigure-spi\1.10.1\opentelemetry-sdk-extension-autoconfigure-spi-1.10.1.jar;C:\Users\ASUS\.m2\repository\io\opentelemetry\opentelemetry-sdk-extension-autoconfigure\1.10.1-alpha\opentelemetry-sdk-extension-autoconfigure-1.10.1-alpha.jar;C:\Users\ASUS\.m2\repository\io\opentelemetry\opentelemetry-sdk-trace\1.10.1\opentelemetry-sdk-trace-1.10.1.jar;C:\Users\ASUS\.m2\repository\io\opentelemetry\opentelemetry-sdk\1.10.1\opentelemetry-sdk-1.10.1.jar;C:\Users\ASUS\.m2\repository\io\opentelemetry\opentelemetry-semconv\1.10.1-alpha\opentelemetry-semconv-1.10.1-alpha.jar;C:\Users\ASUS\.m2\repository\io\ous\jtoml\2.0.0\jtoml-2.0.0.jar;C:\Users\ASUS\.m2\repository\org\apache\commons\commons-exec\1.3\commons-exec-1.3.jar;C:\Users\ASUS\.m2\repository\org\asynchttpclient\async-http-client\2.12.3\async-http-client-2.12.3.jar;C:\Users\ASUS\.m2\repository\org\asynchttpclient\async-http-client-netty-utils\2.12.3\async-http-client-netty-utils-2.12.3.jar;C:\Users\ASUS\.m2\repository\io\netty\netty-codec-socks\4.1.60.Final\netty-codec-socks-4.1.60.Final.jar;C:\Users\ASUS\.m2\repository\io\netty\netty-handler-proxy\4.1.60.Final\netty-handler-proxy-4.1.60.Final.jar;C:\Users\ASUS\.m2\repository\io\netty\netty-transport-native-epoll\4.1.60.Final\netty-transport-native-epoll-4.1.60.Final-linux-x86_64.jar;C:\Users\ASUS\.m2\repository\io\netty\netty-transport-native-kqueue\4.1.60.Final\netty-transport-native-kqueue-4.1.60.Final-osx-x86_64.jar;C:\Users\ASUS\.m2\repository\org\reactivestreams\reactive-streams\1.0.3\reactive-streams-1.0.3.jar;C:\Users\ASUS\.m2\repository\com\typesafe\netty\netty-reactive-streams\2.0.4\netty-reactive-streams-2.0.4.jar;C:\Users\ASUS\.m2\repository\org\seleniumhq\selenium\selenium-http\4.1.2\selenium-http-4.1.2.jar;C:\Users\ASUS\.m2\repository\net\jodah\failsafe\2.4.4\failsafe-2.4.4.jar;C:\Users\ASUS\.m2\repository\org\seleniumhq\selenium\selenium-safari-driver\4.1.2\selenium-safari-driver-4.1.2.jar;C:\Users\ASUS\.m2\repository\org\seleniumhq\selenium\selenium-api\4.1.2\selenium-api-4.1.2.jar;C:\Users\ASUS\.m2\repository\org\seleniumhq\selenium\selenium-support\4.1.2\selenium-support-4.1.2.jar;C:\Users\ASUS\.m2\repository\com\google\auto\service\auto-service-annotations\1.0.1\auto-service-annotations-1.0.1.jar;C:\Users\ASUS\.m2\repository\com\google\auto\service\auto-service\1.0.1\auto-service-1.0.1.jar;C:\Users\ASUS\.m2\repository\com\google\auto\auto-common\1.2\auto-common-1.2.jar;C:\Users\ASUS\.m2\repository\org\seleniumhq\selenium\selenium-json\4.1.2\selenium-json-4.1.2.jar;C:\Users\ASUS\.m2\repository\org\seleniumhq\selenium\selenium-chrome-driver\4.1.2\selenium-chrome-driver-4.1.2.jar;C:\Users\ASUS\.m2\repository\org\seleniumhq\selenium\selenium-chromium-driver\4.1.2\selenium-chromium-driver-4.1.2.jar;C:\Users\ASUS\.m2\repository\org\seleniumhq\selenium\selenium-firefox-driver\4.1.2\selenium-firefox-driver-4.1.2.jar;C:\Users\ASUS\.m2\repository\org\seleniumhq\selenium\selenium-edge-driver\4.1.2\selenium-edge-driver-4.1.2.jar;C:\Users\ASUS\.m2\repository\org\seleniumhq\selenium\selenium-ie-driver\4.1.2\selenium-ie-driver-4.1.2.jar;C:\Users\ASUS\.m2\repository\org\projectlombok\lombok\1.18.20\lombok-1.18.20.jar;C:\Users\ASUS\.m2\repository\io\appium\java-client\8.0.0\java-client-8.0.0.jar;C:\Users\ASUS\.m2\repository\commons-validator\commons-validator\1.7\commons-validator-1.7.jar;C:\Users\ASUS\.m2\repository\commons-digester\commons-digester\2.1\commons-digester-2.1.jar;C:\Users\ASUS\.m2\repository\org\aspectj\aspectjweaver\1.9.8\aspectjweaver-1.9.8.jar;C:\Users\ASUS\.m2\repository\org\codehaus\groovy\groovy\3.0.10\groovy-3.0.10.jar;C:\Users\ASUS\.m2\repository\net\sf\opencsv\opencsv\2.0\opencsv-2.0.jar;C:\Users\ASUS\.m2\repository\commons-beanutils\commons-beanutils\1.9.4\commons-beanutils-1.9.4.jar;C:\Users\ASUS\.m2\repository\org\apache\commons\commons-lang3\3.12.0\commons-lang3-3.12.0.jar;C:\Users\ASUS\.m2\repository\commons-collections\commons-collections\3.2.2\commons-collections-3.2.2.jar;C:\Users\ASUS\.m2\repository\org\fluentlenium\fluentlenium-core\0.10.2\fluentlenium-core-0.10.2.jar;C:\Users\ASUS\.m2\repository\io\github\bonigarcia\webdrivermanager\5.1.0\webdrivermanager-5.1.0.jar;C:\Users\ASUS\.m2\repository\com\github\docker-java\docker-java\3.2.13\docker-java-3.2.13.jar;C:\Users\ASUS\.m2\repository\com\github\docker-java\docker-java-core\3.2.13\docker-java-core-3.2.13.jar;C:\Users\ASUS\.m2\repository\com\github\docker-java\docker-java-api\3.2.13\docker-java-api-3.2.13.jar;C:\Users\ASUS\.m2\repository\org\apache\commons\commons-compress\1.21\commons-compress-1.21.jar;C:\Users\ASUS\.m2\repository\org\bouncycastle\bcpkix-jdk15on\1.64\bcpkix-jdk15on-1.64.jar;C:\Users\ASUS\.m2\repository\org\bouncycastle\bcprov-jdk15on\1.64\bcprov-jdk15on-1.64.jar;C:\Users\ASUS\.m2\repository\org\slf4j\jcl-over-slf4j\1.7.30\jcl-over-slf4j-1.7.30.jar;C:\Users\ASUS\.m2\repository\com\github\docker-java\docker-java-transport-httpclient5\3.2.13\docker-java-transport-httpclient5-3.2.13.jar;C:\Users\ASUS\.m2\repository\com\github\docker-java\docker-java-transport\3.2.13\docker-java-transport-3.2.13.jar;C:\Users\ASUS\.m2\repository\org\apache\httpcomponents\client5\httpclient5\5.0.3\httpclient5-5.0.3.jar;C:\Users\ASUS\.m2\repository\org\apache\httpcomponents\core5\httpcore5\5.0.2\httpcore5-5.0.2.jar;C:\Users\ASUS\.m2\repository\net\java\dev\jna\jna\5.8.0\jna-5.8.0.jar;C:\Users\ASUS\.m2\repository\org\brotli\dec\0.1.2\dec-0.1.2.jar;C:\Users\ASUS\.m2\repository\com\jhlabs\filters\2.0.235\filters-2.0.235.jar;C:\Users\ASUS\.m2\repository\com\paulhammant\ngwebdriver\1.1.6\ngwebdriver-1.1.6.jar;C:\Users\ASUS\.m2\repository\joda-time\joda-time\2.8.2\joda-time-2.8.2.jar;C:\Users\ASUS\.m2\repository\org\hamcrest\hamcrest\2.2\hamcrest-2.2.jar;C:\Users\ASUS\.m2\repository\com\google\jimfs\jimfs\1.2\jimfs-1.2.jar;C:\Users\ASUS\.m2\repository\org\mockito\mockito-core\3.3.3\mockito-core-3.3.3.jar;C:\Users\ASUS\.m2\repository\javax\xml\bind\jaxb-api\2.3.1\jaxb-api-2.3.1.jar;C:\Users\ASUS\.m2\repository\javax\activation\javax.activation-api\1.2.0\javax.activation-api-1.2.0.jar;C:\Users\ASUS\.m2\repository\com\sun\xml\bind\jaxb-core\2.3.0.1\jaxb-core-2.3.0.1.jar;C:\Users\ASUS\.m2\repository\com\sun\xml\bind\jaxb-impl\2.3.3\jaxb-impl-2.3.3.jar;C:\Users\ASUS\.m2\repository\jakarta\xml\bind\jakarta.xml.bind-api\2.3.3\jakarta.xml.bind-api-2.3.3.jar;C:\Users\ASUS\.m2\repository\com\sun\activation\jakarta.activation\1.2.2\jakarta.activation-1.2.2.jar;C:\Users\ASUS\.m2\repository\javax\activation\activation\1.1.1\activation-1.1.1.jar;C:\Users\ASUS\.m2\repository\net\serenity-bdd\serenity-cucumber\3.2.1\serenity-cucumber-3.2.1.jar;C:\Users\ASUS\.m2\repository\io\cucumber\cucumber-core\7.2.3\cucumber-core-7.2.3.jar;C:\Users\ASUS\.m2\repository\io\cucumber\cucumber-gherkin\7.2.3\cucumber-gherkin-7.2.3.jar;C:\Users\ASUS\.m2\repository\io\cucumber\cucumber-gherkin-messages\7.2.3\cucumber-gherkin-messages-7.2.3.jar;C:\Users\ASUS\.m2\repository\io\cucumber\messages\17.1.1\messages-17.1.1.jar;C:\Users\ASUS\.m2\repository\io\cucumber\tag-expressions\4.1.0\tag-expressions-4.1.0.jar;C:\Users\ASUS\.m2\repository\io\cucumber\cucumber-expressions\15.0.1\cucumber-expressions-15.0.1.jar;C:\Users\ASUS\.m2\repository\io\cucumber\datatable\7.2.3\datatable-7.2.3.jar;C:\Users\ASUS\.m2\repository\io\cucumber\cucumber-plugin\7.2.3\cucumber-plugin-7.2.3.jar;C:\Users\ASUS\.m2\repository\io\cucumber\docstring\7.2.3\docstring-7.2.3.jar;C:\Users\ASUS\.m2\repository\io\cucumber\html-formatter\17.0.0\html-formatter-17.0.0.jar;C:\Users\ASUS\.m2\repository\io\cucumber\ci-environment\8.1.0\ci-environment-8.1.0.jar;C:\Users\ASUS\.m2\repository\io\cucumber\cucumber-junit\7.2.3\cucumber-junit-7.2.3.jar;C:\Users\ASUS\.m2\repository\org\apache\commons\commons-csv\1.5\commons-csv-1.5.jar;C:\Users\ASUS\.m2\repository\net\serenity-bdd\serenity-screenplay\3.2.1\serenity-screenplay-3.2.1.jar;C:\Users\ASUS\.m2\repository\net\serenity-bdd\serenity-screenplay-webdriver\3.2.1\serenity-screenplay-webdriver-3.2.1.jar;C:\Users\ASUS\.m2\repository\net\serenity-bdd\serenity-ensure\3.2.1\serenity-ensure-3.2.1.jar;C:\Users\ASUS\.m2\repository\net\serenity-bdd\serenity-junit\3.2.1\serenity-junit-3.2.1.jar;C:\Users\ASUS\.m2\repository\org\jetbrains\kotlin\kotlin-stdlib\1.6.0\kotlin-stdlib-1.6.0.jar;C:\Users\ASUS\.m2\repository\org\jetbrains\annotations\13.0\annotations-13.0.jar;C:\Users\ASUS\.m2\repository\org\jetbrains\kotlin\kotlin-stdlib-common\1.6.0\kotlin-stdlib-common-1.6.0.jar;C:\Users\ASUS\.m2\repository\org\junit\platform\junit-platform-launcher\1.8.1\junit-platform-launcher-1.8.1.jar;C:\Users\ASUS\.m2\repository\org\junit\platform\junit-platform-engine\1.8.1\junit-platform-engine-1.8.1.jar;C:\Users\ASUS\.m2\repository\org\opentest4j\opentest4j\1.2.0\opentest4j-1.2.0.jar;C:\Users\ASUS\.m2\repository\org\junit\platform\junit-platform-commons\1.8.1\junit-platform-commons-1.8.1.jar;C:\Users\ASUS\.m2\repository\org\apiguardian\apiguardian-api\1.1.2\apiguardian-api-1.1.2.jar;C:\Users\ASUS\.m2\repository\org\junit\jupiter\junit-jupiter-engine\5.8.2\junit-jupiter-engine-5.8.2.jar;C:\Users\ASUS\.m2\repository\org\junit\jupiter\junit-jupiter-api\5.8.2\junit-jupiter-api-5.8.2.jar;C:\Users\ASUS\.m2\repository\org\junit\vintage\junit-vintage-engine\5.8.2\junit-vintage-engine-5.8.2.jar;C:\Users\ASUS\.m2\repository\junit\junit\4.13.2\junit-4.13.2.jar;C:\Users\ASUS\.m2\repository\org\hamcrest\hamcrest-core\1.3\hamcrest-core-1.3.jar;C:\Users\ASUS\.m2\repository\ch\qos\logback\logback-classic\1.2.10\logback-classic-1.2.10.jar;C:\Users\ASUS\.m2\repository\ch\qos\logback\logback-core\1.2.10\logback-core-1.2.10.jar;C:\Users\ASUS\.m2\repository\org\slf4j\slf4j-api\1.7.32\slf4j-api-1.7.32.jar;C:\Users\ASUS\.m2\repository\org\assertj\assertj-core\3.6.2\assertj-core-3.6.2.jar;"/>
    <property name="sun.cpu.endian" value="little"/>
    <property name="user.home" value="C:\Users\ASUS"/>
    <property name="user.language" value="en"/>
    <property name="java.specification.vendor" value="Oracle Corporation"/>
    <property name="jdk.module.path" value="C:\Users\ASUS\IdeaProjects\DemoQA\target\demo-1.0-SNAPSHOT.jar"/>
    <property name="java.version.date" value="2022-07-19"/>
    <property name="java.home" value="C:\Program Files\Java\jdk-11.0.16"/>
    <property name="file.separator" value="\"/>
    <property name="basedir" value="C:\Users\ASUS\IdeaProjects\DemoQA"/>
    <property name="java.vm.compressedOopsMode" value="32-bit"/>
    <property name="line.separator" value="&#10;"/>
    <property name="java.specification.name" value="Java Platform API Specification"/>
    <property name="java.vm.specification.vendor" value="Oracle Corporation"/>
    <property name="java.awt.graphicsenv" value="sun.awt.Win32GraphicsEnvironment"/>
    <property name="surefire.real.class.path" value="C:\Users\ASUS\.m2\repository\org\apache\maven\surefire\surefire-booter\3.0.0-M5\surefire-booter-3.0.0-M5.jar;C:\Users\ASUS\.m2\repository\org\apache\maven\surefire\surefire-api\3.0.0-M5\surefire-api-3.0.0-M5.jar;C:\Users\ASUS\.m2\repository\org\apache\maven\surefire\surefire-logger-api\3.0.0-M5\surefire-logger-api-3.0.0-M5.jar;C:\Users\ASUS\.m2\repository\org\apache\maven\surefire\surefire-shared-utils\3.0.0-M4\surefire-shared-utils-3.0.0-M4.jar;C:\Users\ASUS\.m2\repository\org\apache\maven\surefire\surefire-extensions-spi\3.0.0-M5\surefire-extensions-spi-3.0.0-M5.jar;C:\Users\ASUS\IdeaProjects\DemoQA\target\test-classes;C:\Users\ASUS\.m2\repository\net\serenity-bdd\serenity-core\3.2.1\serenity-core-3.2.1.jar;C:\Users\ASUS\.m2\repository\net\serenity-bdd\serenity-model\3.2.1\serenity-model-3.2.1.jar;C:\Users\ASUS\.m2\repository\org\apache\commons\commons-text\1.9\commons-text-1.9.jar;C:\Users\ASUS\.m2\repository\commons-net\commons-net\3.8.0\commons-net-3.8.0.jar;C:\Users\ASUS\.m2\repository\com\google\guava\guava\31.1-jre\guava-31.1-jre.jar;C:\Users\ASUS\.m2\repository\com\google\guava\failureaccess\1.0.1\failureaccess-1.0.1.jar;C:\Users\ASUS\.m2\repository\com\google\guava\listenablefuture\9999.0-empty-to-avoid-conflict-with-guava\listenablefuture-9999.0-empty-to-avoid-conflict-with-guava.jar;C:\Users\ASUS\.m2\repository\com\google\code\findbugs\jsr305\3.0.2\jsr305-3.0.2.jar;C:\Users\ASUS\.m2\repository\org\checkerframework\checker-qual\3.12.0\checker-qual-3.12.0.jar;C:\Users\ASUS\.m2\repository\com\google\errorprone\error_prone_annotations\2.11.0\error_prone_annotations-2.11.0.jar;C:\Users\ASUS\.m2\repository\com\google\j2objc\j2objc-annotations\1.3\j2objc-annotations-1.3.jar;C:\Users\ASUS\.m2\repository\com\google\inject\guice\5.1.0\guice-5.1.0.jar;C:\Users\ASUS\.m2\repository\javax\inject\javax.inject\1\javax.inject-1.jar;C:\Users\ASUS\.m2\repository\aopalliance\aopalliance\1.0\aopalliance-1.0.jar;C:\Users\ASUS\.m2\repository\org\jsoup\jsoup\1.14.3\jsoup-1.14.3.jar;C:\Users\ASUS\.m2\repository\com\thoughtworks\xstream\xstream\1.4.19\xstream-1.4.19.jar;C:\Users\ASUS\.m2\repository\io\github\x-stream\mxparser\1.2.2\mxparser-1.2.2.jar;C:\Users\ASUS\.m2\repository\xmlpull\xmlpull\1.1.3.1\xmlpull-1.1.3.1.jar;C:\Users\ASUS\.m2\repository\io\cucumber\cucumber-java\7.2.3\cucumber-java-7.2.3.jar;C:\Users\ASUS\.m2\repository\com\typesafe\config\1.4.2\config-1.4.2.jar;C:\Users\ASUS\.m2\repository\org\imgscalr\imgscalr-lib\4.2\imgscalr-lib-4.2.jar;C:\Users\ASUS\.m2\repository\org\awaitility\awaitility\4.2.0\awaitility-4.2.0.jar;C:\Users\ASUS\.m2\repository\org\freemarker\freemarker\2.3.31\freemarker-2.3.31.jar;C:\Users\ASUS\.m2\repository\io\github\classgraph\classgraph\4.8.138\classgraph-4.8.138.jar;C:\Users\ASUS\.m2\repository\net\sourceforge\jexcelapi\jxl\2.6.12\jxl-2.6.12.jar;C:\Users\ASUS\.m2\repository\net\bytebuddy\byte-buddy\1.12.8\byte-buddy-1.12.8.jar;C:\Users\ASUS\.m2\repository\net\bytebuddy\byte-buddy-agent\1.12.8\byte-buddy-agent-1.12.8.jar;C:\Users\ASUS\.m2\repository\org\objenesis\objenesis\3.1\objenesis-3.1.jar;C:\Users\ASUS\.m2\repository\net\serenity-bdd\serenity-reports\3.2.1\serenity-reports-3.2.1.jar;C:\Users\ASUS\.m2\repository\net\serenity-bdd\serenity-stats\3.2.1\serenity-stats-3.2.1.jar;C:\Users\ASUS\.m2\repository\net\serenity-bdd\serenity-reports-configuration\3.2.1\serenity-reports-configuration-3.2.1.jar;C:\Users\ASUS\.m2\repository\com\vladsch\flexmark\flexmark-all\0.34.30\flexmark-all-0.34.30.jar;C:\Users\ASUS\.m2\repository\com\vladsch\flexmark\flexmark\0.34.30\flexmark-0.34.30.jar;C:\Users\ASUS\.m2\repository\com\vladsch\flexmark\flexmark-ext-abbreviation\0.34.30\flexmark-ext-abbreviation-0.34.30.jar;C:\Users\ASUS\.m2\repository\com\vladsch\flexmark\flexmark-ext-admonition\0.34.30\flexmark-ext-admonition-0.34.30.jar;C:\Users\ASUS\.m2\repository\com\vladsch\flexmark\flexmark-ext-anchorlink\0.34.30\flexmark-ext-anchorlink-0.34.30.jar;C:\Users\ASUS\.m2\repository\com\vladsch\flexmark\flexmark-ext-aside\0.34.30\flexmark-ext-aside-0.34.30.jar;C:\Users\ASUS\.m2\repository\com\vladsch\flexmark\flexmark-ext-attributes\0.34.30\flexmark-ext-attributes-0.34.30.jar;C:\Users\ASUS\.m2\repository\com\vladsch\flexmark\flexmark-ext-autolink\0.34.30\flexmark-ext-autolink-0.34.30.jar;C:\Users\ASUS\.m2\repository\org\nibor\autolink\autolink\0.6.0\autolink-0.6.0.jar;C:\Users\ASUS\.m2\repository\com\vladsch\flexmark\flexmark-ext-definition\0.34.30\flexmark-ext-definition-0.34.30.jar;C:\Users\ASUS\.m2\repository\com\vladsch\flexmark\flexmark-ext-emoji\0.34.30\flexmark-ext-emoji-0.34.30.jar;C:\Users\ASUS\.m2\repository\com\vladsch\flexmark\flexmark-ext-enumerated-reference\0.34.30\flexmark-ext-enumerated-reference-0.34.30.jar;C:\Users\ASUS\.m2\repository\com\vladsch\flexmark\flexmark-ext-escaped-character\0.34.30\flexmark-ext-escaped-character-0.34.30.jar;C:\Users\ASUS\.m2\repository\com\vladsch\flexmark\flexmark-ext-footnotes\0.34.30\flexmark-ext-footnotes-0.34.30.jar;C:\Users\ASUS\.m2\repository\com\vladsch\flexmark\flexmark-ext-gfm-issues\0.34.30\flexmark-ext-gfm-issues-0.34.30.jar;C:\Users\ASUS\.m2\repository\com\vladsch\flexmark\flexmark-ext-gfm-strikethrough\0.34.30\flexmark-ext-gfm-strikethrough-0.34.30.jar;C:\Users\ASUS\.m2\repository\com\vladsch\flexmark\flexmark-ext-gfm-tables\0.34.30\flexmark-ext-gfm-tables-0.34.30.jar;C:\Users\ASUS\.m2\repository\com\vladsch\flexmark\flexmark-ext-gfm-tasklist\0.34.30\flexmark-ext-gfm-tasklist-0.34.30.jar;C:\Users\ASUS\.m2\repository\com\vladsch\flexmark\flexmark-ext-gfm-users\0.34.30\flexmark-ext-gfm-users-0.34.30.jar;C:\Users\ASUS\.m2\repository\com\vladsch\flexmark\flexmark-ext-gitlab\0.34.30\flexmark-ext-gitlab-0.34.30.jar;C:\Users\ASUS\.m2\repository\com\vladsch\flexmark\flexmark-ext-jekyll-front-matter\0.34.30\flexmark-ext-jekyll-front-matter-0.34.30.jar;C:\Users\ASUS\.m2\repository\com\vladsch\flexmark\flexmark-ext-jekyll-tag\0.34.30\flexmark-ext-jekyll-tag-0.34.30.jar;C:\Users\ASUS\.m2\repository\com\vladsch\flexmark\flexmark-ext-media-tags\0.34.30\flexmark-ext-media-tags-0.34.30.jar;C:\Users\ASUS\.m2\repository\com\vladsch\flexmark\flexmark-test-util\0.34.30\flexmark-test-util-0.34.30.jar;C:\Users\ASUS\.m2\repository\com\vladsch\flexmark\flexmark-ext-ins\0.34.30\flexmark-ext-ins-0.34.30.jar;C:\Users\ASUS\.m2\repository\com\vladsch\flexmark\flexmark-ext-xwiki-macros\0.34.30\flexmark-ext-xwiki-macros-0.34.30.jar;C:\Users\ASUS\.m2\repository\com\vladsch\flexmark\flexmark-ext-superscript\0.34.30\flexmark-ext-superscript-0.34.30.jar;C:\Users\ASUS\.m2\repository\com\vladsch\flexmark\flexmark-ext-tables\0.34.30\flexmark-ext-tables-0.34.30.jar;C:\Users\ASUS\.m2\repository\com\vladsch\flexmark\flexmark-ext-toc\0.34.30\flexmark-ext-toc-0.34.30.jar;C:\Users\ASUS\.m2\repository\com\vladsch\flexmark\flexmark-ext-typographic\0.34.30\flexmark-ext-typographic-0.34.30.jar;C:\Users\ASUS\.m2\repository\com\vladsch\flexmark\flexmark-ext-wikilink\0.34.30\flexmark-ext-wikilink-0.34.30.jar;C:\Users\ASUS\.m2\repository\com\vladsch\flexmark\flexmark-ext-yaml-front-matter\0.34.30\flexmark-ext-yaml-front-matter-0.34.30.jar;C:\Users\ASUS\.m2\repository\com\vladsch\flexmark\flexmark-ext-youtube-embedded\0.34.30\flexmark-ext-youtube-embedded-0.34.30.jar;C:\Users\ASUS\.m2\repository\com\vladsch\flexmark\flexmark-formatter\0.34.30\flexmark-formatter-0.34.30.jar;C:\Users\ASUS\.m2\repository\com\vladsch\flexmark\flexmark-html-parser\0.34.30\flexmark-html-parser-0.34.30.jar;C:\Users\ASUS\.m2\repository\com\vladsch\flexmark\flexmark-jira-converter\0.34.30\flexmark-jira-converter-0.34.30.jar;C:\Users\ASUS\.m2\repository\com\vladsch\flexmark\flexmark-pdf-converter\0.34.30\flexmark-pdf-converter-0.34.30.jar;C:\Users\ASUS\.m2\repository\com\openhtmltopdf\openhtmltopdf-core\0.0.1-RC13\openhtmltopdf-core-0.0.1-RC13.jar;C:\Users\ASUS\.m2\repository\com\openhtmltopdf\openhtmltopdf-pdfbox\0.0.1-RC13\openhtmltopdf-pdfbox-0.0.1-RC13.jar;C:\Users\ASUS\.m2\repository\org\apache\pdfbox\pdfbox\2.0.8\pdfbox-2.0.8.jar;C:\Users\ASUS\.m2\repository\org\apache\pdfbox\fontbox\2.0.8\fontbox-2.0.8.jar;C:\Users\ASUS\.m2\repository\commons-logging\commons-logging\1.2\commons-logging-1.2.jar;C:\Users\ASUS\.m2\repository\org\apache\pdfbox\xmpbox\2.0.8\xmpbox-2.0.8.jar;C:\Users\ASUS\.m2\repository\de\rototor\pdfbox\graphics2d\0.12\graphics2d-0.12.jar;C:\Users\ASUS\.m2\repository\com\openhtmltopdf\openhtmltopdf-rtl-support\0.0.1-RC13\openhtmltopdf-rtl-support-0.0.1-RC13.jar;C:\Users\ASUS\.m2\repository\com\ibm\icu\icu4j\59.1\icu4j-59.1.jar;C:\Users\ASUS\.m2\repository\com\openhtmltopdf\openhtmltopdf-jsoup-dom-converter\0.0.1-RC13\openhtmltopdf-jsoup-dom-converter-0.0.1-RC13.jar;C:\Users\ASUS\.m2\repository\com\vladsch\flexmark\flexmark-profile-pegdown\0.34.30\flexmark-profile-pegdown-0.34.30.jar;C:\Users\ASUS\.m2\repository\com\vladsch\flexmark\flexmark-util\0.34.30\flexmark-util-0.34.30.jar;C:\Users\ASUS\.m2\repository\com\vladsch\flexmark\flexmark-youtrack-converter\0.34.30\flexmark-youtrack-converter-0.34.30.jar;C:\Users\ASUS\.m2\repository\es\nitaur\markdown\txtmark\0.16\txtmark-0.16.jar;C:\Users\ASUS\.m2\repository\net\serenity-bdd\serenity-report-resources\3.2.1\serenity-report-resources-3.2.1.jar;C:\Users\ASUS\.m2\repository\com\google\code\gson\gson\2.9.0\gson-2.9.0.jar;C:\Users\ASUS\.m2\repository\com\fasterxml\jackson\core\jackson-core\2.13.2\jackson-core-2.13.2.jar;C:\Users\ASUS\.m2\repository\com\fasterxml\jackson\core\jackson-databind\2.13.2\jackson-databind-2.13.2.jar;C:\Users\ASUS\.m2\repository\com\fasterxml\jackson\core\jackson-annotations\2.13.2\jackson-annotations-2.13.2.jar;C:\Users\ASUS\.m2\repository\commons-codec\commons-codec\1.15\commons-codec-1.15.jar;C:\Users\ASUS\.m2\repository\commons-io\commons-io\2.11.0\commons-io-2.11.0.jar;C:\Users\ASUS\.m2\repository\org\seleniumhq\selenium\selenium-java\4.1.2\selenium-java-4.1.2.jar;C:\Users\ASUS\.m2\repository\org\seleniumhq\selenium\selenium-devtools-v85\4.1.2\selenium-devtools-v85-4.1.2.jar;C:\Users\ASUS\.m2\repository\org\seleniumhq\selenium\selenium-devtools-v95\4.1.2\selenium-devtools-v95-4.1.2.jar;C:\Users\ASUS\.m2\repository\org\seleniumhq\selenium\selenium-devtools-v96\4.1.2\selenium-devtools-v96-4.1.2.jar;C:\Users\ASUS\.m2\repository\org\seleniumhq\selenium\selenium-devtools-v97\4.1.2\selenium-devtools-v97-4.1.2.jar;C:\Users\ASUS\.m2\repository\org\seleniumhq\selenium\selenium-firefox-xpi-driver\4.1.2\selenium-firefox-xpi-driver-4.1.2.jar;C:\Users\ASUS\.m2\repository\org\seleniumhq\selenium\selenium-opera-driver\4.1.2\selenium-opera-driver-4.1.2.jar;C:\Users\ASUS\.m2\repository\org\seleniumhq\selenium\selenium-remote-driver\4.1.2\selenium-remote-driver-4.1.2.jar;C:\Users\ASUS\.m2\repository\com\beust\jcommander\1.82\jcommander-1.82.jar;C:\Users\ASUS\.m2\repository\io\netty\netty-buffer\4.1.73.Final\netty-buffer-4.1.73.Final.jar;C:\Users\ASUS\.m2\repository\io\netty\netty-codec-http\4.1.73.Final\netty-codec-http-4.1.73.Final.jar;C:\Users\ASUS\.m2\repository\io\netty\netty-codec\4.1.73.Final\netty-codec-4.1.73.Final.jar;C:\Users\ASUS\.m2\repository\io\netty\netty-handler\4.1.73.Final\netty-handler-4.1.73.Final.jar;C:\Users\ASUS\.m2\repository\io\netty\netty-tcnative-classes\2.0.46.Final\netty-tcnative-classes-2.0.46.Final.jar;C:\Users\ASUS\.m2\repository\io\netty\netty-common\4.1.73.Final\netty-common-4.1.73.Final.jar;C:\Users\ASUS\.m2\repository\io\netty\netty-transport-classes-epoll\4.1.73.Final\netty-transport-classes-epoll-4.1.73.Final.jar;C:\Users\ASUS\.m2\repository\io\netty\netty-transport-classes-kqueue\4.1.73.Final\netty-transport-classes-kqueue-4.1.73.Final.jar;C:\Users\ASUS\.m2\repository\io\netty\netty-transport-native-epoll\4.1.73.Final\netty-transport-native-epoll-4.1.73.Final.jar;C:\Users\ASUS\.m2\repository\io\netty\netty-transport-native-kqueue\4.1.73.Final\netty-transport-native-kqueue-4.1.73.Final.jar;C:\Users\ASUS\.m2\repository\io\netty\netty-transport-native-unix-common\4.1.73.Final\netty-transport-native-unix-common-4.1.73.Final.jar;C:\Users\ASUS\.m2\repository\io\netty\netty-transport\4.1.73.Final\netty-transport-4.1.73.Final.jar;C:\Users\ASUS\.m2\repository\io\netty\netty-resolver\4.1.73.Final\netty-resolver-4.1.73.Final.jar;C:\Users\ASUS\.m2\repository\io\opentelemetry\opentelemetry-api\1.10.1\opentelemetry-api-1.10.1.jar;C:\Users\ASUS\.m2\repository\io\opentelemetry\opentelemetry-context\1.10.1\opentelemetry-context-1.10.1.jar;C:\Users\ASUS\.m2\repository\io\opentelemetry\opentelemetry-exporter-logging\1.10.1\opentelemetry-exporter-logging-1.10.1.jar;C:\Users\ASUS\.m2\repository\io\opentelemetry\opentelemetry-sdk-metrics\1.10.1-alpha\opentelemetry-sdk-metrics-1.10.1-alpha.jar;C:\Users\ASUS\.m2\repository\io\opentelemetry\opentelemetry-sdk-logs\1.10.1-alpha\opentelemetry-sdk-logs-1.10.1-alpha.jar;C:\Users\ASUS\.m2\repository\io\opentelemetry\opentelemetry-sdk-common\1.10.1\opentelemetry-sdk-common-1.10.1.jar;C:\Users\ASUS\.m2\repository\io\opentelemetry\opentelemetry-sdk-extension-autoconfigure-spi\1.10.1\opentelemetry-sdk-extension-autoconfigure-spi-1.10.1.jar;C:\Users\ASUS\.m2\repository\io\opentelemetry\opentelemetry-sdk-extension-autoconfigure\1.10.1-alpha\opentelemetry-sdk-extension-autoconfigure-1.10.1-alpha.jar;C:\Users\ASUS\.m2\repository\io\opentelemetry\opentelemetry-sdk-trace\1.10.1\opentelemetry-sdk-trace-1.10.1.jar;C:\Users\ASUS\.m2\repository\io\opentelemetry\opentelemetry-sdk\1.10.1\opentelemetry-sdk-1.10.1.jar;C:\Users\ASUS\.m2\repository\io\opentelemetry\opentelemetry-semconv\1.10.1-alpha\opentelemetry-semconv-1.10.1-alpha.jar;C:\Users\ASUS\.m2\repository\io\ous\jtoml\2.0.0\jtoml-2.0.0.jar;C:\Users\ASUS\.m2\repository\org\apache\commons\commons-exec\1.3\commons-exec-1.3.jar;C:\Users\ASUS\.m2\repository\org\asynchttpclient\async-http-client\2.12.3\async-http-client-2.12.3.jar;C:\Users\ASUS\.m2\repository\org\asynchttpclient\async-http-client-netty-utils\2.12.3\async-http-client-netty-utils-2.12.3.jar;C:\Users\ASUS\.m2\repository\io\netty\netty-codec-socks\4.1.60.Final\netty-codec-socks-4.1.60.Final.jar;C:\Users\ASUS\.m2\repository\io\netty\netty-handler-proxy\4.1.60.Final\netty-handler-proxy-4.1.60.Final.jar;C:\Users\ASUS\.m2\repository\io\netty\netty-transport-native-epoll\4.1.60.Final\netty-transport-native-epoll-4.1.60.Final-linux-x86_64.jar;C:\Users\ASUS\.m2\repository\io\netty\netty-transport-native-kqueue\4.1.60.Final\netty-transport-native-kqueue-4.1.60.Final-osx-x86_64.jar;C:\Users\ASUS\.m2\repository\org\reactivestreams\reactive-streams\1.0.3\reactive-streams-1.0.3.jar;C:\Users\ASUS\.m2\repository\com\typesafe\netty\netty-reactive-streams\2.0.4\netty-reactive-streams-2.0.4.jar;C:\Users\ASUS\.m2\repository\org\seleniumhq\selenium\selenium-http\4.1.2\selenium-http-4.1.2.jar;C:\Users\ASUS\.m2\repository\net\jodah\failsafe\2.4.4\failsafe-2.4.4.jar;C:\Users\ASUS\.m2\repository\org\seleniumhq\selenium\selenium-safari-driver\4.1.2\selenium-safari-driver-4.1.2.jar;C:\Users\ASUS\.m2\repository\org\seleniumhq\selenium\selenium-api\4.1.2\selenium-api-4.1.2.jar;C:\Users\ASUS\.m2\repository\org\seleniumhq\selenium\selenium-support\4.1.2\selenium-support-4.1.2.jar;C:\Users\ASUS\.m2\repository\com\google\auto\service\auto-service-annotations\1.0.1\auto-service-annotations-1.0.1.jar;C:\Users\ASUS\.m2\repository\com\google\auto\service\auto-service\1.0.1\auto-service-1.0.1.jar;C:\Users\ASUS\.m2\repository\com\google\auto\auto-common\1.2\auto-common-1.2.jar;C:\Users\ASUS\.m2\repository\org\seleniumhq\selenium\selenium-json\4.1.2\selenium-json-4.1.2.jar;C:\Users\ASUS\.m2\repository\org\seleniumhq\selenium\selenium-chrome-driver\4.1.2\selenium-chrome-driver-4.1.2.jar;C:\Users\ASUS\.m2\repository\org\seleniumhq\selenium\selenium-chromium-driver\4.1.2\selenium-chromium-driver-4.1.2.jar;C:\Users\ASUS\.m2\repository\org\seleniumhq\selenium\selenium-firefox-driver\4.1.2\selenium-firefox-driver-4.1.2.jar;C:\Users\ASUS\.m2\repository\org\seleniumhq\selenium\selenium-edge-driver\4.1.2\selenium-edge-driver-4.1.2.jar;C:\Users\ASUS\.m2\repository\org\seleniumhq\selenium\selenium-ie-driver\4.1.2\selenium-ie-driver-4.1.2.jar;C:\Users\ASUS\.m2\repository\org\projectlombok\lombok\1.18.20\lombok-1.18.20.jar;C:\Users\ASUS\.m2\repository\io\appium\java-client\8.0.0\java-client-8.0.0.jar;C:\Users\ASUS\.m2\repository\commons-validator\commons-validator\1.7\commons-validator-1.7.jar;C:\Users\ASUS\.m2\repository\commons-digester\commons-digester\2.1\commons-digester-2.1.jar;C:\Users\ASUS\.m2\repository\org\aspectj\aspectjweaver\1.9.8\aspectjweaver-1.9.8.jar;C:\Users\ASUS\.m2\repository\org\codehaus\groovy\groovy\3.0.10\groovy-3.0.10.jar;C:\Users\ASUS\.m2\repository\net\sf\opencsv\opencsv\2.0\opencsv-2.0.jar;C:\Users\ASUS\.m2\repository\commons-beanutils\commons-beanutils\1.9.4\commons-beanutils-1.9.4.jar;C:\Users\ASUS\.m2\repository\org\apache\commons\commons-lang3\3.12.0\commons-lang3-3.12.0.jar;C:\Users\ASUS\.m2\repository\commons-collections\commons-collections\3.2.2\commons-collections-3.2.2.jar;C:\Users\ASUS\.m2\repository\org\fluentlenium\fluentlenium-core\0.10.2\fluentlenium-core-0.10.2.jar;C:\Users\ASUS\.m2\repository\io\github\bonigarcia\webdrivermanager\5.1.0\webdrivermanager-5.1.0.jar;C:\Users\ASUS\.m2\repository\com\github\docker-java\docker-java\3.2.13\docker-java-3.2.13.jar;C:\Users\ASUS\.m2\repository\com\github\docker-java\docker-java-core\3.2.13\docker-java-core-3.2.13.jar;C:\Users\ASUS\.m2\repository\com\github\docker-java\docker-java-api\3.2.13\docker-java-api-3.2.13.jar;C:\Users\ASUS\.m2\repository\org\apache\commons\commons-compress\1.21\commons-compress-1.21.jar;C:\Users\ASUS\.m2\repository\org\bouncycastle\bcpkix-jdk15on\1.64\bcpkix-jdk15on-1.64.jar;C:\Users\ASUS\.m2\repository\org\bouncycastle\bcprov-jdk15on\1.64\bcprov-jdk15on-1.64.jar;C:\Users\ASUS\.m2\repository\org\slf4j\jcl-over-slf4j\1.7.30\jcl-over-slf4j-1.7.30.jar;C:\Users\ASUS\.m2\repository\com\github\docker-java\docker-java-transport-httpclient5\3.2.13\docker-java-transport-httpclient5-3.2.13.jar;C:\Users\ASUS\.m2\repository\com\github\docker-java\docker-java-transport\3.2.13\docker-java-transport-3.2.13.jar;C:\Users\ASUS\.m2\repository\org\apache\httpcomponents\client5\httpclient5\5.0.3\httpclient5-5.0.3.jar;C:\Users\ASUS\.m2\repository\org\apache\httpcomponents\core5\httpcore5\5.0.2\httpcore5-5.0.2.jar;C:\Users\ASUS\.m2\repository\net\java\dev\jna\jna\5.8.0\jna-5.8.0.jar;C:\Users\ASUS\.m2\repository\org\brotli\dec\0.1.2\dec-0.1.2.jar;C:\Users\ASUS\.m2\repository\com\jhlabs\filters\2.0.235\filters-2.0.235.jar;C:\Users\ASUS\.m2\repository\com\paulhammant\ngwebdriver\1.1.6\ngwebdriver-1.1.6.jar;C:\Users\ASUS\.m2\repository\joda-time\joda-time\2.8.2\joda-time-2.8.2.jar;C:\Users\ASUS\.m2\repository\org\hamcrest\hamcrest\2.2\hamcrest-2.2.jar;C:\Users\ASUS\.m2\repository\com\google\jimfs\jimfs\1.2\jimfs-1.2.jar;C:\Users\ASUS\.m2\repository\org\mockito\mockito-core\3.3.3\mockito-core-3.3.3.jar;C:\Users\ASUS\.m2\repository\javax\xml\bind\jaxb-api\2.3.1\jaxb-api-2.3.1.jar;C:\Users\ASUS\.m2\repository\javax\activation\javax.activation-api\1.2.0\javax.activation-api-1.2.0.jar;C:\Users\ASUS\.m2\repository\com\sun\xml\bind\jaxb-core\2.3.0.1\jaxb-core-2.3.0.1.jar;C:\Users\ASUS\.m2\repository\com\sun\xml\bind\jaxb-impl\2.3.3\jaxb-impl-2.3.3.jar;C:\Users\ASUS\.m2\repository\jakarta\xml\bind\jakarta.xml.bind-api\2.3.3\jakarta.xml.bind-api-2.3.3.jar;C:\Users\ASUS\.m2\repository\com\sun\activation\jakarta.activation\1.2.2\jakarta.activation-1.2.2.jar;C:\Users\ASUS\.m2\repository\javax\activation\activation\1.1.1\activation-1.1.1.jar;C:\Users\ASUS\.m2\repository\net\serenity-bdd\serenity-cucumber\3.2.1\serenity-cucumber-3.2.1.jar;C:\Users\ASUS\.m2\repository\io\cucumber\cucumber-core\7.2.3\cucumber-core-7.2.3.jar;C:\Users\ASUS\.m2\repository\io\cucumber\cucumber-gherkin\7.2.3\cucumber-gherkin-7.2.3.jar;C:\Users\ASUS\.m2\repository\io\cucumber\cucumber-gherkin-messages\7.2.3\cucumber-gherkin-messages-7.2.3.jar;C:\Users\ASUS\.m2\repository\io\cucumber\messages\17.1.1\messages-17.1.1.jar;C:\Users\ASUS\.m2\repository\io\cucumber\tag-expressions\4.1.0\tag-expressions-4.1.0.jar;C:\Users\ASUS\.m2\repository\io\cucumber\cucumber-expressions\15.0.1\cucumber-expressions-15.0.1.jar;C:\Users\ASUS\.m2\repository\io\cucumber\datatable\7.2.3\datatable-7.2.3.jar;C:\Users\ASUS\.m2\repository\io\cucumber\cucumber-plugin\7.2.3\cucumber-plugin-7.2.3.jar;C:\Users\ASUS\.m2\repository\io\cucumber\docstring\7.2.3\docstring-7.2.3.jar;C:\Users\ASUS\.m2\repository\io\cucumber\html-formatter\17.0.0\html-formatter-17.0.0.jar;C:\Users\ASUS\.m2\repository\io\cucumber\ci-environment\8.1.0\ci-environment-8.1.0.jar;C:\Users\ASUS\.m2\repository\io\cucumber\cucumber-junit\7.2.3\cucumber-junit-7.2.3.jar;C:\Users\ASUS\.m2\repository\org\apache\commons\commons-csv\1.5\commons-csv-1.5.jar;C:\Users\ASUS\.m2\repository\net\serenity-bdd\serenity-screenplay\3.2.1\serenity-screenplay-3.2.1.jar;C:\Users\ASUS\.m2\repository\net\serenity-bdd\serenity-screenplay-webdriver\3.2.1\serenity-screenplay-webdriver-3.2.1.jar;C:\Users\ASUS\.m2\repository\net\serenity-bdd\serenity-ensure\3.2.1\serenity-ensure-3.2.1.jar;C:\Users\ASUS\.m2\repository\net\serenity-bdd\serenity-junit\3.2.1\serenity-junit-3.2.1.jar;C:\Users\ASUS\.m2\repository\org\jetbrains\kotlin\kotlin-stdlib\1.6.0\kotlin-stdlib-1.6.0.jar;C:\Users\ASUS\.m2\repository\org\jetbrains\annotations\13.0\annotations-13.0.jar;C:\Users\ASUS\.m2\repository\org\jetbrains\kotlin\kotlin-stdlib-common\1.6.0\kotlin-stdlib-common-1.6.0.jar;C:\Users\ASUS\.m2\repository\org\junit\platform\junit-platform-launcher\1.8.1\junit-platform-launcher-1.8.1.jar;C:\Users\ASUS\.m2\repository\org\junit\platform\junit-platform-engine\1.8.1\junit-platform-engine-1.8.1.jar;C:\Users\ASUS\.m2\repository\org\opentest4j\opentest4j\1.2.0\opentest4j-1.2.0.jar;C:\Users\ASUS\.m2\repository\org\junit\platform\junit-platform-commons\1.8.1\junit-platform-commons-1.8.1.jar;C:\Users\ASUS\.m2\repository\org\apiguardian\apiguardian-api\1.1.2\apiguardian-api-1.1.2.jar;C:\Users\ASUS\.m2\repository\org\junit\jupiter\junit-jupiter-engine\5.8.2\junit-jupiter-engine-5.8.2.jar;C:\Users\ASUS\.m2\repository\org\junit\jupiter\junit-jupiter-api\5.8.2\junit-jupiter-api-5.8.2.jar;C:\Users\ASUS\.m2\repository\org\junit\vintage\junit-vintage-engine\5.8.2\junit-vintage-engine-5.8.2.jar;C:\Users\ASUS\.m2\repository\junit\junit\4.13.2\junit-4.13.2.jar;C:\Users\ASUS\.m2\repository\org\hamcrest\hamcrest-core\1.3\hamcrest-core-1.3.jar;C:\Users\ASUS\.m2\repository\ch\qos\logback\logback-classic\1.2.10\logback-classic-1.2.10.jar;C:\Users\ASUS\.m2\repository\ch\qos\logback\logback-core\1.2.10\logback-core-1.2.10.jar;C:\Users\ASUS\.m2\repository\org\slf4j\slf4j-api\1.7.32\slf4j-api-1.7.32.jar;C:\Users\ASUS\.m2\repository\org\assertj\assertj-core\3.6.2\assertj-core-3.6.2.jar;C:\Users\ASUS\.m2\repository\org\apache\maven\surefire\surefire-junit-platform\3.0.0-M5\surefire-junit-platform-3.0.0-M5.jar;C:\Users\ASUS\.m2\repository\org\apache\maven\surefire\common-java5\3.0.0-M5\common-java5-3.0.0-M5.jar"/>
    <property name="user.script" value=""/>
    <property name="java.protocol.handler.pkgs" value="com.google.common"/>
    <property name="sun.management.compiler" value="HotSpot 64-Bit Tiered Compilers"/>
    <property name="java.runtime.version" value="11.0.16+11-LTS-199"/>
    <property name="user.name" value="ASUS"/>
    <property name="path.separator" value=";"/>
    <property name="os.version" value="10.0"/>
    <property name="java.runtime.name" value="Java(TM) SE Runtime Environment"/>
    <property name="file.encoding" value="Cp1252"/>
    <property name="webdriver.base.url" value=""/>
    <property name="java.vm.name" value="Java HotSpot(TM) 64-Bit Server VM"/>
    <property name="java.vendor.version" value="18.9"/>
    <property name="localRepository" value="C:\Users\ASUS\.m2\repository"/>
    <property name="java.vendor.url.bug" value="https://bugreport.java.com/bugreport/"/>
    <property name="java.io.tmpdir" value="C:\Users\ASUS\AppData\Local\Temp\"/>
    <property name="java.version" value="11.0.16"/>
    <property name="user.dir" value="C:\Users\ASUS\IdeaProjects\DemoQA"/>
    <property name="os.arch" value="amd64"/>
    <property name="java.vm.specification.name" value="Java Virtual Machine Specification"/>
    <property name="java.awt.printerjob" value="sun.awt.windows.WPrinterJob"/>
    <property name="sun.os.patch.level" value=""/>
    <property name="java.library.path" value="C:\Program Files\Java\jdk-11.0.16\bin;C:\WINDOWS\Sun\Java\bin;C:\WINDOWS\system32;C:\WINDOWS;C:\Program Files\Java\jdk-11.0.16\bin;C:\Program Files\Common Files\Oracle\Java\javapath;C:\Program Files (x86)\Common Files\Intel\Shared Files\cpp\bin\Intel64;C:\Program Files (x86)\Common Files\Oracle\Java\javapath;C:\Windows\system32;C:\Windows;C:\Windows\System32\Wbem;C:\Windows\System32\WindowsPowerShell\v1.0\;C:\Windows\System32\OpenSSH\;C:\Program Files (x86)\NVIDIA Corporation\PhysX\Common;C:\Program Files\NVIDIA Corporation\NVIDIA NvDLISR;C:\Program Files\Intel\WiFi\bin\;C:\Program Files\Common Files\Intel\WirelessCommon\;C:\WINDOWS\system32;C:\WINDOWS;C:\WINDOWS\System32\Wbem;C:\WINDOWS\System32\WindowsPowerShell\v1.0\;C:\WINDOWS\System32\OpenSSH\;D:\MSIB;C:\Program Files\Git\cmd;C:\Program Files\Git\bin;C:\Program Files\Maven\apache-maven-3.8.6\bin;C:\Users\ASUS\AppData\Local\Programs\Python\Python39\Scripts\;C:\Users\ASUS\AppData\Local\Programs\Python\Python39\;C:\Users\ASUS\AppData\Local\Microsoft\WindowsApps;C:\Users\ASUS\AppData\Local\Programs\Microsoft VS Code\bin;C:\Users\ASUS\AppData\Local\GitHubDesktop\bin;C:\Program Files\JetBrains\IntelliJ IDEA 2022.2.1\bin;;C:\Program Files\JetBrains\IntelliJ IDEA Community Edition 2022.2.1\bin;;."/>
    <property name="java.vendor" value="Oracle Corporation"/>
    <property name="java.vm.info" value="mixed mode"/>
    <property name="java.vm.version" value="11.0.16+11-LTS-199"/>
    <property name="sun.io.unicode.encoding" value="UnicodeLittle"/>
    <property name="java.class.version" value="55.0"/>
  </properties>
  <testcase name="Login with invalid username and invalid password" classname="Login" time="29.081">
    <system-out><![CDATA[19:59:19.383 [main] INFO io.cucumber.core.plugin.SerenityReporter - Running feature from file:///C:/Users/ASUS/IdeaProjects/DemoQA/src/test/resources/features/login.feature
19:59:19.582 [main] INFO  - 

-------------------------------------------------------------------------------------
     _______. _______ .______       _______ .__   __.  __  .___________.____    ____ 
    /       ||   ____||   _  \     |   ____||  \ |  | |  | |           |\   \  /   / 
   |   (----`|  |__   |  |_)  |    |  |__   |   \|  | |  | `---|  |----` \   \/   /  
    \   \    |   __|  |      /     |   __|  |  . `  | |  |     |  |       \_    _/   
.----)   |   |  |____ |  |\  \----.|  |____ |  |\   | |  |     |  |         |  |     
|_______/    |_______|| _| `._____||_______||__| \__| |__|     |__|         |__|    
                                                                                     
 News and tutorials at http://www.serenity-bdd.info                                  
 Documentation at https://wakaleo.gitbooks.io/the-serenity-book/content/             
 Join the Serenity Community on Gitter: https://gitter.im/serenity-bdd/serenity-core 
 Serenity BDD Support and Training at http://serenity-bdd.info/#/trainingandsupport  
-------------------------------------------------------------------------------------

19:59:19.586 [main] DEBUG net.thucydides.core.steps.StepEventBus - Test suite started for story net.thucydides.core.model.Story@f388ff28
19:59:19.592 [main] INFO  - Test Suite Started: Login
19:59:19.609 [main] INFO io.cucumber.core.plugin.SerenityReporter - Running feature from file:///C:/Users/ASUS/IdeaProjects/DemoQA/src/test/resources/features/login.feature
19:59:19.612 [main] DEBUG net.thucydides.core.steps.StepEventBus - Test suite started for story net.thucydides.core.model.Story@f388ff28
19:59:19.613 [main] INFO  - Test Suite Started: Login

Scenario: Login with invalid username and invalid password &amp#27;[90m# src/test/resources/features/login.feature:6&amp#27;[0m
19:59:19.701 [main] INFO io.cucumber.core.plugin.SerenityReporter - Running feature from file:///C:/Users/ASUS/IdeaProjects/DemoQA/src/test/resources/features/login.feature
19:59:19.846 [main] INFO  - 
  _____   ___   ___   _____     ___   _____     _     ___   _____   ___   ___  
 |_   _| | __| / __| |_   _|   / __| |_   _|   /_\   | _ \ |_   _| | __| |   \ 
   | |   | _|  \__ \   | |     \__ \   | |    / _ \  |   /   | |   | _|  | |) |
   |_|   |___| |___/   |_|     |___/   |_|   /_/ \_\ |_|_\   |_|   |___| |___/ 

Login with invalid username and invalid password(login;login-with-invalid-username-and-invalid-password)
--------------------------------------------------------------------------------
19:59:20.673 [main] INFO net.serenitybdd.core.webdriver.driverproviders.ChromeDriverProvider - Using automatically driver download
19:59:21.425 [main] DEBUG io.github.bonigarcia.wdm.cache.ResolutionCache - Resolution chrome=106 in cache (valid until 20:17:04 10/10/2022 ICT)
19:59:21.431 [main] DEBUG io.github.bonigarcia.wdm.cache.ResolutionCache - Resolution chrome106=106.0.5249.61 in cache (valid until 23:39:47 10/10/2022 ICT)
19:59:21.434 [main] INFO io.github.bonigarcia.wdm.WebDriverManager - Using chromedriver 106.0.5249.61 (resolved driver for Chrome 106)
19:59:21.455 [main] DEBUG io.github.bonigarcia.wdm.WebDriverManager - Driver chromedriver 106.0.5249.61 found in cache
19:59:21.456 [main] INFO io.github.bonigarcia.wdm.WebDriverManager - Exporting webdriver.chrome.driver as C:\Users\ASUS\.cache\selenium\chromedriver\win32\106.0.5249.61\chromedriver.exe
19:59:22.139 [main] DEBUG net.thucydides.core.reflection.ClassFinder - Could not load class .CucumberTestSuite
19:59:22.139 [main] DEBUG net.thucydides.core.reflection.ClassFinder - Could not load class .starter.page.LoginPage
19:59:22.139 [main] DEBUG net.thucydides.core.reflection.ClassFinder - Could not load class .starter.stepdefinition.LoginSteps
19:59:22.140 [main] DEBUG net.thucydides.core.reflection.ClassFinder - Could not load class META-INF.versions.9.com.sun.istack.logging.StackHelper
19:59:22.141 [main] DEBUG net.thucydides.core.reflection.ClassFinder - Could not load class META-INF.versions.9.com.sun.xml.bind.v2.runtime.reflect.opt.AccessorInjector
19:59:22.141 [main] DEBUG net.thucydides.core.reflection.ClassFinder - Could not load class META-INF.versions.9.com.sun.xml.bind.v2.runtime.reflect.opt.Injector
19:59:22.141 [main] DEBUG net.thucydides.core.reflection.ClassFinder - Could not load class META-INF.versions.9.com.sun.xml.bind.v2.runtime.reflect.opt.OptimizedAccessorFactory
19:59:22.142 [main] DEBUG net.thucydides.core.reflection.ClassFinder - Could not load class META-INF.versions.9.com.sun.xml.bind.v2.runtime.reflect.opt.OptimizedTransducedAccessorFactory
19:59:22.142 [main] DEBUG net.thucydides.core.reflection.ClassFinder - Could not load class META-INF.versions.9.io.opentelemetry.sdk.internal.CurrentJavaVersionSpecific
19:59:22.142 [main] DEBUG net.thucydides.core.reflection.ClassFinder - Could not load class META-INF.versions.9.io.opentelemetry.sdk.internal.Java9VersionSpecific
19:59:22.143 [main] DEBUG net.thucydides.core.reflection.ClassFinder - Could not load class META-INF.versions.9.javax.xml.bind.ModuleUtil
19:59:22.144 [main] DEBUG net.thucydides.core.reflection.ClassFinder - Could not load class META-INF.versions.9.module-info
19:59:22.144 [main] DEBUG net.thucydides.core.reflection.ClassFinder - Could not load class META-INF.versions.9.org.junit.platform.commons.util.ModuleUtils
19:59:22.703 [main] DEBUG net.thucydides.core.reflection.ClassFinder - Could not load class com.google.gson.internal.
19:59:23.084 [main] DEBUG net.thucydides.core.reflection.ClassFinder - Could not load class com.sun.xml.bind.v2.runtime.output.FastInfosetStreamWriterOutput
19:59:24.179 [main] DEBUG net.thucydides.core.reflection.ClassFinder - Could not load class module-info
19:59:28.615 [main] DEBUG io.netty.util.internal.logging.InternalLoggerFactory - Using SLF4J as the default logging framework
19:59:28.618 [main] DEBUG io.netty.util.ResourceLeakDetector - -Dio.netty.leakDetection.level: simple
19:59:28.618 [main] DEBUG io.netty.util.ResourceLeakDetector - -Dio.netty.leakDetection.targetRecords: 4
19:59:28.622 [main] DEBUG io.netty.util.ResourceLeakDetectorFactory - Loaded default ResourceLeakDetector: io.netty.util.ResourceLeakDetector@3698f2ed
19:59:28.642 [main] DEBUG io.netty.util.internal.PlatformDependent0 - -Dio.netty.noUnsafe: false
19:59:28.643 [main] DEBUG io.netty.util.internal.PlatformDependent0 - Java version: 11
19:59:28.644 [main] DEBUG io.netty.util.internal.PlatformDependent0 - sun.misc.Unsafe.theUnsafe: available
19:59:28.644 [main] DEBUG io.netty.util.internal.PlatformDependent0 - sun.misc.Unsafe.copyMemory: available
19:59:28.645 [main] DEBUG io.netty.util.internal.PlatformDependent0 - java.nio.Buffer.address: available
19:59:28.645 [main] DEBUG io.netty.util.internal.PlatformDependent0 - direct buffer constructor: unavailable: Reflective setAccessible(true) disabled
19:59:28.646 [main] DEBUG io.netty.util.internal.PlatformDependent0 - java.nio.Bits.unaligned: available, true
19:59:28.647 [main] DEBUG io.netty.util.internal.PlatformDependent0 - jdk.internal.misc.Unsafe.allocateUninitializedArray(int): unavailable: class io.netty.util.internal.PlatformDependent0$6 cannot access class jdk.internal.misc.Unsafe (in module java.base) because module java.base does not export jdk.internal.misc to unnamed module @b93aad
19:59:28.649 [main] DEBUG io.netty.util.internal.PlatformDependent0 - java.nio.DirectByteBuffer.<init>(long, int): unavailable
19:59:28.649 [main] DEBUG io.netty.util.internal.PlatformDependent - sun.misc.Unsafe: available
19:59:28.651 [main] DEBUG io.netty.util.internal.PlatformDependent - maxDirectMemory: 2109734912 bytes (maybe)
19:59:28.651 [main] DEBUG io.netty.util.internal.PlatformDependent - -Dio.netty.tmpdir: C:\Users\ASUS\AppData\Local\Temp (java.io.tmpdir)
19:59:28.651 [main] DEBUG io.netty.util.internal.PlatformDependent - -Dio.netty.bitMode: 64 (sun.arch.data.model)
19:59:28.651 [main] DEBUG io.netty.util.internal.PlatformDependent - Platform: Windows
19:59:28.652 [main] DEBUG io.netty.util.internal.PlatformDependent - -Dio.netty.maxDirectMemory: -1 bytes
19:59:28.652 [main] DEBUG io.netty.util.internal.PlatformDependent - -Dio.netty.uninitializedArrayAllocationThreshold: -1
19:59:28.653 [main] DEBUG io.netty.util.internal.CleanerJava9 - java.nio.ByteBuffer.cleaner(): available
19:59:28.653 [main] DEBUG io.netty.util.internal.PlatformDependent - -Dio.netty.noPreferDirect: false
19:59:28.661 [main] DEBUG io.netty.util.internal.PlatformDependent - org.jctools-core.MpscChunkedArrayQueue: available
19:59:28.680 [main] DEBUG io.netty.util.internal.InternalThreadLocalMap - -Dio.netty.threadLocalMap.stringBuilder.initialSize: 1024
19:59:28.680 [main] DEBUG io.netty.util.internal.InternalThreadLocalMap - -Dio.netty.threadLocalMap.stringBuilder.maxSize: 4096
19:59:28.737 [main] DEBUG io.netty.handler.ssl.JdkSslContext - Default protocols (JDK): [TLSv1.3, TLSv1.2] 
19:59:28.737 [main] DEBUG io.netty.handler.ssl.JdkSslContext - Default cipher suites (JDK): [TLS_ECDHE_ECDSA_WITH_AES_256_GCM_SHA384, TLS_ECDHE_ECDSA_WITH_AES_128_GCM_SHA256, TLS_ECDHE_RSA_WITH_AES_128_GCM_SHA256, TLS_ECDHE_RSA_WITH_AES_256_GCM_SHA384, TLS_ECDHE_RSA_WITH_AES_128_CBC_SHA, TLS_ECDHE_RSA_WITH_AES_256_CBC_SHA, TLS_RSA_WITH_AES_128_GCM_SHA256, TLS_RSA_WITH_AES_128_CBC_SHA, TLS_RSA_WITH_AES_256_CBC_SHA, TLS_AES_128_GCM_SHA256, TLS_AES_256_GCM_SHA384]
19:59:28.765 [main] DEBUG io.netty.channel.MultithreadEventLoopGroup - -Dio.netty.eventLoopThreads: 24
19:59:28.775 [main] DEBUG io.netty.channel.nio.NioEventLoop - -Dio.netty.noKeySetOptimization: false
19:59:28.775 [main] DEBUG io.netty.channel.nio.NioEventLoop - -Dio.netty.selectorAutoRebuildThreshold: 512
19:59:28.824 [main] DEBUG io.netty.buffer.PooledByteBufAllocator - -Dio.netty.allocator.numHeapArenas: 20
19:59:28.824 [main] DEBUG io.netty.buffer.PooledByteBufAllocator - -Dio.netty.allocator.numDirectArenas: 20
19:59:28.824 [main] DEBUG io.netty.buffer.PooledByteBufAllocator - -Dio.netty.allocator.pageSize: 8192
19:59:28.824 [main] DEBUG io.netty.buffer.PooledByteBufAllocator - -Dio.netty.allocator.maxOrder: 11
19:59:28.824 [main] DEBUG io.netty.buffer.PooledByteBufAllocator - -Dio.netty.allocator.chunkSize: 16777216
19:59:28.824 [main] DEBUG io.netty.buffer.PooledByteBufAllocator - -Dio.netty.allocator.smallCacheSize: 256
19:59:28.824 [main] DEBUG io.netty.buffer.PooledByteBufAllocator - -Dio.netty.allocator.normalCacheSize: 64
19:59:28.824 [main] DEBUG io.netty.buffer.PooledByteBufAllocator - -Dio.netty.allocator.maxCachedBufferCapacity: 32768
19:59:28.824 [main] DEBUG io.netty.buffer.PooledByteBufAllocator - -Dio.netty.allocator.cacheTrimInterval: 8192
19:59:28.824 [main] DEBUG io.netty.buffer.PooledByteBufAllocator - -Dio.netty.allocator.cacheTrimIntervalMillis: 0
19:59:28.824 [main] DEBUG io.netty.buffer.PooledByteBufAllocator - -Dio.netty.allocator.useCacheForAllThreads: true
19:59:28.824 [main] DEBUG io.netty.buffer.PooledByteBufAllocator - -Dio.netty.allocator.maxCachedByteBuffersPerChunk: 1023
19:59:28.836 [main] DEBUG io.netty.buffer.ByteBufUtil - -Dio.netty.allocator.type: pooled
19:59:28.836 [main] DEBUG io.netty.buffer.ByteBufUtil - -Dio.netty.threadLocalDirectBufferSize: 0
19:59:28.837 [main] DEBUG io.netty.buffer.ByteBufUtil - -Dio.netty.maxThreadLocalCharBufferSize: 16384
19:59:29.039 [main] DEBUG net.serenitybdd.core.webdriver.driverproviders.ProvideNewDriver - Instantiating driver
19:59:29.039 [main] DEBUG net.serenitybdd.core.webdriver.driverproviders.ProvideNewDriver - Driver capabilities: Capabilities {acceptInsecureCerts: false, base.url: https://demoqa.com, browserName: chrome, chrome.driver: src/test/resources/webdrive..., driver: chrome, goog:chromeOptions: {args: [], extensions: []}}
19:59:29.312 [Forwarding newSession on session null to remote] DEBUG io.netty.channel.DefaultChannelId - -Dio.netty.processId: 20752 (auto-detected)
19:59:29.316 [Forwarding newSession on session null to remote] DEBUG io.netty.util.NetUtil - -Djava.net.preferIPv4Stack: false
19:59:29.317 [Forwarding newSession on session null to remote] DEBUG io.netty.util.NetUtil - -Djava.net.preferIPv6Addresses: false
19:59:29.510 [Forwarding newSession on session null to remote] DEBUG io.netty.util.NetUtilInitializations - Loopback interface: lo (Software Loopback Interface 1, 127.0.0.1)
19:59:29.511 [Forwarding newSession on session null to remote] DEBUG io.netty.util.NetUtil - Failed to get SOMAXCONN from sysctl and file \proc\sys\net\core\somaxconn. Default: 200
19:59:29.703 [Forwarding newSession on session null to remote] DEBUG io.netty.channel.DefaultChannelId - -Dio.netty.machineId: a0:51:0b:ff:fe:bd:6a:be (auto-detected)
19:59:29.776 [AsyncHttpClient-1-2] DEBUG io.netty.buffer.AbstractByteBuf - -Dio.netty.buffer.checkAccessible: true
19:59:29.778 [AsyncHttpClient-1-2] DEBUG io.netty.buffer.AbstractByteBuf - -Dio.netty.buffer.checkBounds: true
19:59:29.778 [AsyncHttpClient-1-2] DEBUG io.netty.util.ResourceLeakDetectorFactory - Loaded default ResourceLeakDetector: io.netty.util.ResourceLeakDetector@758300f6
19:59:29.794 [AsyncHttpClient-1-2] DEBUG org.asynchttpclient.netty.channel.NettyConnectListener - Using new Channel '[id: 0xebe104aa, L:/127.0.0.1:59837 - R:localhost/127.0.0.1:57305]' for 'POST' to '/session'
19:59:29.812 [AsyncHttpClient-1-2] DEBUG io.netty.util.Recycler - -Dio.netty.recycler.maxCapacityPerThread: 4096
19:59:29.812 [AsyncHttpClient-1-2] DEBUG io.netty.util.Recycler - -Dio.netty.recycler.ratio: 8
19:59:29.812 [AsyncHttpClient-1-2] DEBUG io.netty.util.Recycler - -Dio.netty.recycler.chunkSize: 32
19:59:29.813 [AsyncHttpClient-1-2] DEBUG io.netty.util.Recycler - -Dio.netty.recycler.blocking: false
19:59:33.583 [AsyncHttpClient-1-2] DEBUG io.netty.handler.codec.compression.Brotli - brotli4j not in the classpath; Brotli support will be unavailable.
19:59:33.583 [AsyncHttpClient-1-2] DEBUG org.asynchttpclient.netty.handler.HttpHandler - 

Request DefaultHttpRequest(decodeResult: success, version: HTTP/1.1)
POST /session HTTP/1.1
User-Agent: selenium/4.1.2 (java windows)
Content-Length: 599
Content-Type: application/json; charset=utf-8
host: localhost:57305
accept: */*

Response DefaultHttpResponse(decodeResult: success, version: HTTP/1.1)
HTTP/1.1 200 OK
Content-Type: application/json; charset=utf-8
cache-control: no-cache
content-length: 790

19:59:33.594 [AsyncHttpClient-1-2] DEBUG org.asynchttpclient.netty.channel.ChannelManager - Adding key: http://localhost:57305 for channel [id: 0xebe104aa, L:/127.0.0.1:59837 - R:localhost/127.0.0.1:57305]
19:59:33.657 [AsyncHttpClient-1-3] DEBUG org.asynchttpclient.netty.channel.NettyConnectListener - Using new Channel '[id: 0x645cc811, L:/127.0.0.1:59845 - R:localhost/127.0.0.1:59839]' for 'GET' to '/json/version'
19:59:33.664 [AsyncHttpClient-1-3] DEBUG org.asynchttpclient.netty.handler.HttpHandler - 

Request DefaultFullHttpRequest(decodeResult: success, version: HTTP/1.1, content: EmptyByteBufBE)
GET /json/version HTTP/1.1
User-Agent: selenium/4.1.2 (java windows)
host: localhost:59839
accept: */*

Response DefaultHttpResponse(decodeResult: success, version: HTTP/1.1)
HTTP/1.1 200 OK
Content-Type: application/json; charset=UTF-8
content-length: 424

19:59:33.665 [AsyncHttpClient-1-3] DEBUG org.asynchttpclient.netty.channel.ChannelManager - Adding key: http://localhost:59839 for channel [id: 0x645cc811, L:/127.0.0.1:59845 - R:localhost/127.0.0.1:59839]
19:59:33.672 [main] DEBUG io.netty.util.internal.ThreadLocalRandom - -Dio.netty.initialSeedUniquifier: 0xb983d4e247d1f1c2
19:59:33.678 [AsyncHttpClient-1-4] DEBUG org.asynchttpclient.netty.channel.NettyConnectListener - Using new Channel '[id: 0xac9df8c6, L:/127.0.0.1:59846 - R:localhost/127.0.0.1:59839]' for 'GET' to '/devtools/browser/00161fdd-9670-4387-abe5-139c294ce2cc'
19:59:33.685 [AsyncHttpClient-1-4] DEBUG org.asynchttpclient.netty.handler.WebSocketHandler - 

Request DefaultFullHttpRequest(decodeResult: success, version: HTTP/1.1, content: EmptyByteBufBE)
GET /devtools/browser/00161fdd-9670-4387-abe5-139c294ce2cc HTTP/1.1
upgrade: websocket
connection: upgrade
sec-websocket-key: pgDIbZJrk5ZA+RFysCCMJw==
sec-websocket-version: 13
origin: http://localhost:59839
host: localhost:59839
accept: */*
user-agent: AHC/2.1

Response DefaultHttpResponse(decodeResult: success, version: HTTP/1.1)
HTTP/1.1 101 WebSocket Protocol Handshake
Upgrade: WebSocket
Connection: Upgrade
Sec-WebSocket-Accept: pQl4O7jZd8JxaGwcpOEKLii7ptg=

19:59:34.167 [AsyncHttpClient-1-1] DEBUG org.asynchttpclient.netty.channel.DefaultChannelPool - Entry count for : http://localhost:59839 : 1
19:59:34.167 [AsyncHttpClient-1-1] DEBUG org.asynchttpclient.netty.channel.DefaultChannelPool - Entry count for : http://localhost:57305 : 1
19:59:34.340 [main] DEBUG net.thucydides.core.reflection.ClassFinder - Could not load class .CucumberTestSuite
19:59:34.341 [main] DEBUG net.thucydides.core.reflection.ClassFinder - Could not load class .starter.page.LoginPage
19:59:34.341 [main] DEBUG net.thucydides.core.reflection.ClassFinder - Could not load class .starter.stepdefinition.LoginSteps
19:59:34.342 [main] DEBUG net.thucydides.core.reflection.ClassFinder - Could not load class META-INF.versions.9.com.sun.istack.logging.StackHelper
19:59:34.343 [main] DEBUG net.thucydides.core.reflection.ClassFinder - Could not load class META-INF.versions.9.com.sun.xml.bind.v2.runtime.reflect.opt.AccessorInjector
19:59:34.344 [main] DEBUG net.thucydides.core.reflection.ClassFinder - Could not load class META-INF.versions.9.com.sun.xml.bind.v2.runtime.reflect.opt.Injector
19:59:34.345 [main] DEBUG net.thucydides.core.reflection.ClassFinder - Could not load class META-INF.versions.9.com.sun.xml.bind.v2.runtime.reflect.opt.OptimizedAccessorFactory
19:59:34.345 [main] DEBUG net.thucydides.core.reflection.ClassFinder - Could not load class META-INF.versions.9.com.sun.xml.bind.v2.runtime.reflect.opt.OptimizedTransducedAccessorFactory
19:59:34.345 [main] DEBUG net.thucydides.core.reflection.ClassFinder - Could not load class META-INF.versions.9.io.opentelemetry.sdk.internal.CurrentJavaVersionSpecific
19:59:34.346 [main] DEBUG net.thucydides.core.reflection.ClassFinder - Could not load class META-INF.versions.9.io.opentelemetry.sdk.internal.Java9VersionSpecific
19:59:34.347 [main] DEBUG net.thucydides.core.reflection.ClassFinder - Could not load class META-INF.versions.9.javax.xml.bind.ModuleUtil
19:59:34.348 [main] DEBUG net.thucydides.core.reflection.ClassFinder - Could not load class META-INF.versions.9.module-info
19:59:34.349 [main] DEBUG net.thucydides.core.reflection.ClassFinder - Could not load class META-INF.versions.9.org.junit.platform.commons.util.ModuleUtils
19:59:34.350 [main] DEBUG net.thucydides.core.reflection.ClassFinder - Could not load class com.google.gson.internal.
19:59:34.351 [main] DEBUG net.thucydides.core.reflection.ClassFinder - Could not load class com.sun.xml.bind.v2.runtime.output.FastInfosetStreamWriterOutput
19:59:34.354 [main] DEBUG net.thucydides.core.reflection.ClassFinder - Could not load class module-info
19:59:34.374 [Forwarding get on session b7fe345dac770d439a916605c2c09a3a to remote] DEBUG org.asynchttpclient.netty.request.NettyRequestSender - Using pooled Channel '[id: 0xebe104aa, L:/127.0.0.1:59837 - R:localhost/127.0.0.1:57305]' for 'POST' to 'http://localhost:57305/session/b7fe345dac770d439a916605c2c09a3a/url'
19:59:34.374 [Forwarding get on session b7fe345dac770d439a916605c2c09a3a to remote] DEBUG org.asynchttpclient.netty.request.NettyRequestSender - Using open Channel [id: 0xebe104aa, L:/127.0.0.1:59837 - R:localhost/127.0.0.1:57305] for POST '/session/b7fe345dac770d439a916605c2c09a3a/url'
19:59:35.266 [AsyncHttpClient-1-1] DEBUG org.asynchttpclient.netty.channel.DefaultChannelPool - Entry count for : http://localhost:59839 : 1
19:59:36.373 [AsyncHttpClient-1-1] DEBUG org.asynchttpclient.netty.channel.DefaultChannelPool - Entry count for : http://localhost:59839 : 1
19:59:37.465 [AsyncHttpClient-1-1] DEBUG org.asynchttpclient.netty.channel.DefaultChannelPool - Entry count for : http://localhost:59839 : 1
19:59:38.566 [AsyncHttpClient-1-1] DEBUG org.asynchttpclient.netty.channel.DefaultChannelPool - Entry count for : http://localhost:59839 : 1
19:59:39.666 [AsyncHttpClient-1-1] DEBUG org.asynchttpclient.netty.channel.DefaultChannelPool - Entry count for : http://localhost:59839 : 1
19:59:40.770 [AsyncHttpClient-1-1] DEBUG org.asynchttpclient.netty.channel.DefaultChannelPool - Entry count for : http://localhost:59839 : 1
19:59:41.865 [AsyncHttpClient-1-1] DEBUG org.asynchttpclient.netty.channel.DefaultChannelPool - Entry count for : http://localhost:59839 : 1
19:59:42.966 [AsyncHttpClient-1-1] DEBUG org.asynchttpclient.netty.channel.DefaultChannelPool - Entry count for : http://localhost:59839 : 1
19:59:43.566 [AsyncHttpClient-1-2] DEBUG org.asynchttpclient.netty.handler.HttpHandler - 

Request DefaultHttpRequest(decodeResult: success, version: HTTP/1.1)
POST /session/b7fe345dac770d439a916605c2c09a3a/url HTTP/1.1
User-Agent: selenium/4.1.2 (java windows)
Content-Length: 54
Content-Type: application/json; charset=utf-8
host: localhost:57305
accept: */*

Response DefaultHttpResponse(decodeResult: success, version: HTTP/1.1)
HTTP/1.1 200 OK
Content-Type: application/json; charset=utf-8
cache-control: no-cache
content-length: 14

19:59:43.567 [AsyncHttpClient-1-2] DEBUG org.asynchttpclient.netty.channel.ChannelManager - Adding key: http://localhost:57305 for channel [id: 0xebe104aa, L:/127.0.0.1:59837 - R:localhost/127.0.0.1:57305]
19:59:43.587 [Forwarding setTimeout on session b7fe345dac770d439a916605c2c09a3a to remote] DEBUG org.asynchttpclient.netty.request.NettyRequestSender - Using pooled Channel '[id: 0xebe104aa, L:/127.0.0.1:59837 - R:localhost/127.0.0.1:57305]' for 'POST' to 'http://localhost:57305/session/b7fe345dac770d439a916605c2c09a3a/timeouts'
19:59:43.588 [Forwarding setTimeout on session b7fe345dac770d439a916605c2c09a3a to remote] DEBUG org.asynchttpclient.netty.request.NettyRequestSender - Using open Channel [id: 0xebe104aa, L:/127.0.0.1:59837 - R:localhost/127.0.0.1:57305] for POST '/session/b7fe345dac770d439a916605c2c09a3a/timeouts'
19:59:43.594 [AsyncHttpClient-1-2] DEBUG org.asynchttpclient.netty.handler.HttpHandler - 

Request DefaultHttpRequest(decodeResult: success, version: HTTP/1.1)
POST /session/b7fe345dac770d439a916605c2c09a3a/timeouts HTTP/1.1
User-Agent: selenium/4.1.2 (java windows)
Content-Length: 22
Content-Type: application/json; charset=utf-8
host: localhost:57305
accept: */*

Response DefaultHttpResponse(decodeResult: success, version: HTTP/1.1)
HTTP/1.1 200 OK
Content-Type: application/json; charset=utf-8
cache-control: no-cache
content-length: 14

19:59:43.595 [AsyncHttpClient-1-2] DEBUG org.asynchttpclient.netty.channel.ChannelManager - Adding key: http://localhost:57305 for channel [id: 0xebe104aa, L:/127.0.0.1:59837 - R:localhost/127.0.0.1:57305]
19:59:43.621 [Forwarding getCurrentUrl on session b7fe345dac770d439a916605c2c09a3a to remote] DEBUG org.asynchttpclient.netty.request.NettyRequestSender - Using pooled Channel '[id: 0xebe104aa, L:/127.0.0.1:59837 - R:localhost/127.0.0.1:57305]' for 'GET' to 'http://localhost:57305/session/b7fe345dac770d439a916605c2c09a3a/url'
19:59:43.621 [Forwarding getCurrentUrl on session b7fe345dac770d439a916605c2c09a3a to remote] DEBUG org.asynchttpclient.netty.request.NettyRequestSender - Using open Channel [id: 0xebe104aa, L:/127.0.0.1:59837 - R:localhost/127.0.0.1:57305] for GET '/session/b7fe345dac770d439a916605c2c09a3a/url'
19:59:43.638 [AsyncHttpClient-1-2] DEBUG org.asynchttpclient.netty.handler.HttpHandler - 

Request DefaultFullHttpRequest(decodeResult: success, version: HTTP/1.1, content: EmptyByteBufBE)
GET /session/b7fe345dac770d439a916605c2c09a3a/url HTTP/1.1
User-Agent: selenium/4.1.2 (java windows)
Cache-Control: no-cache
Content-Type: application/json; charset=utf-8
host: localhost:57305
accept: */*

Response DefaultHttpResponse(decodeResult: success, version: HTTP/1.1)
HTTP/1.1 200 OK
Content-Type: application/json; charset=utf-8
cache-control: no-cache
content-length: 36

19:59:43.639 [AsyncHttpClient-1-2] DEBUG org.asynchttpclient.netty.channel.ChannelManager - Adding key: http://localhost:57305 for channel [id: 0xebe104aa, L:/127.0.0.1:59837 - R:localhost/127.0.0.1:57305]
19:59:43.726 [Forwarding findElement on session b7fe345dac770d439a916605c2c09a3a to remote] DEBUG org.asynchttpclient.netty.request.NettyRequestSender - Using pooled Channel '[id: 0xebe104aa, L:/127.0.0.1:59837 - R:localhost/127.0.0.1:57305]' for 'POST' to 'http://localhost:57305/session/b7fe345dac770d439a916605c2c09a3a/element'
19:59:43.727 [Forwarding findElement on session b7fe345dac770d439a916605c2c09a3a to remote] DEBUG org.asynchttpclient.netty.request.NettyRequestSender - Using open Channel [id: 0xebe104aa, L:/127.0.0.1:59837 - R:localhost/127.0.0.1:57305] for POST '/session/b7fe345dac770d439a916605c2c09a3a/element'
19:59:43.760 [AsyncHttpClient-1-2] DEBUG org.asynchttpclient.netty.handler.HttpHandler - 

Request DefaultHttpRequest(decodeResult: success, version: HTTP/1.1)
POST /session/b7fe345dac770d439a916605c2c09a3a/element HTTP/1.1
User-Agent: selenium/4.1.2 (java windows)
Content-Length: 53
Content-Type: application/json; charset=utf-8
host: localhost:57305
accept: */*

Response DefaultHttpResponse(decodeResult: success, version: HTTP/1.1)
HTTP/1.1 200 OK
Content-Type: application/json; charset=utf-8
cache-control: no-cache
content-length: 88

19:59:43.760 [AsyncHttpClient-1-2] DEBUG org.asynchttpclient.netty.channel.ChannelManager - Adding key: http://localhost:57305 for channel [id: 0xebe104aa, L:/127.0.0.1:59837 - R:localhost/127.0.0.1:57305]
19:59:43.766 [Forwarding sendKeysToElement on session b7fe345dac770d439a916605c2c09a3a to remote] DEBUG org.asynchttpclient.netty.request.NettyRequestSender - Using pooled Channel '[id: 0xebe104aa, L:/127.0.0.1:59837 - R:localhost/127.0.0.1:57305]' for 'POST' to 'http://localhost:57305/session/b7fe345dac770d439a916605c2c09a3a/element/f1cb05df-7cfa-44a6-ba45-69542cfea522/value'
19:59:43.766 [Forwarding sendKeysToElement on session b7fe345dac770d439a916605c2c09a3a to remote] DEBUG org.asynchttpclient.netty.request.NettyRequestSender - Using open Channel [id: 0xebe104aa, L:/127.0.0.1:59837 - R:localhost/127.0.0.1:57305] for POST '/session/b7fe345dac770d439a916605c2c09a3a/element/f1cb05df-7cfa-44a6-ba45-69542cfea522/value'
19:59:43.862 [AsyncHttpClient-1-2] DEBUG org.asynchttpclient.netty.handler.HttpHandler - 

Request DefaultHttpRequest(decodeResult: success, version: HTTP/1.1)
POST /session/b7fe345dac770d439a916605c2c09a3a/element/f1cb05df-7cfa-44a6-ba45-69542cfea522/value HTTP/1.1
User-Agent: selenium/4.1.2 (java windows)
Content-Length: 95
Content-Type: application/json; charset=utf-8
host: localhost:57305
accept: */*

Response DefaultHttpResponse(decodeResult: success, version: HTTP/1.1)
HTTP/1.1 200 OK
Content-Type: application/json; charset=utf-8
cache-control: no-cache
content-length: 14

19:59:43.863 [AsyncHttpClient-1-2] DEBUG org.asynchttpclient.netty.channel.ChannelManager - Adding key: http://localhost:57305 for channel [id: 0xebe104aa, L:/127.0.0.1:59837 - R:localhost/127.0.0.1:57305]
  &amp#27;[32mGiven &amp#27;[0m&amp#27;[32mI am on the login page&amp#27;[0m                             &amp#27;[90m# starter.stepdefinition.LoginSteps.iAmOnTheLoginPage()&amp#27;[0m
19:59:43.938 [main] DEBUG net.serenitybdd.core.photography.Darkroom - Opening darkroom
19:59:43.941 [Darkroom Processing Line] DEBUG net.serenitybdd.core.photography.DarkroomProcessingLine - Darkroom processing line starting up
19:59:43.945 [Forwarding screenshot on session b7fe345dac770d439a916605c2c09a3a to remote] DEBUG org.asynchttpclient.netty.request.NettyRequestSender - Using pooled Channel '[id: 0xebe104aa, L:/127.0.0.1:59837 - R:localhost/127.0.0.1:57305]' for 'GET' to 'http://localhost:57305/session/b7fe345dac770d439a916605c2c09a3a/screenshot'
19:59:43.946 [Forwarding screenshot on session b7fe345dac770d439a916605c2c09a3a to remote] DEBUG org.asynchttpclient.netty.request.NettyRequestSender - Using open Channel [id: 0xebe104aa, L:/127.0.0.1:59837 - R:localhost/127.0.0.1:57305] for GET '/session/b7fe345dac770d439a916605c2c09a3a/screenshot'
19:59:44.065 [AsyncHttpClient-1-1] DEBUG org.asynchttpclient.netty.channel.DefaultChannelPool - Entry count for : http://localhost:59839 : 1
19:59:44.172 [AsyncHttpClient-1-2] DEBUG org.asynchttpclient.netty.handler.HttpHandler - 

Request DefaultFullHttpRequest(decodeResult: success, version: HTTP/1.1, content: EmptyByteBufBE)
GET /session/b7fe345dac770d439a916605c2c09a3a/screenshot HTTP/1.1
User-Agent: selenium/4.1.2 (java windows)
Cache-Control: no-cache
Content-Type: application/json; charset=utf-8
host: localhost:57305
accept: */*

Response DefaultHttpResponse(decodeResult: success, version: HTTP/1.1)
HTTP/1.1 200 OK
Content-Type: application/json; charset=utf-8
cache-control: no-cache
content-length: 88984

19:59:44.181 [AsyncHttpClient-1-2] DEBUG org.asynchttpclient.netty.channel.ChannelManager - Adding key: http://localhost:57305 for channel [id: 0xebe104aa, L:/127.0.0.1:59837 - R:localhost/127.0.0.1:57305]
19:59:44.467 [main] DEBUG net.serenitybdd.core.photography.Darkroom - Send negative for processing for target\site\serenity\7e89a59733a658ccf16af9e1dbb6481c59ce5cacbfdee9fd43f2b8ef3bb73e3f.png
19:59:44.468 [Darkroom Processing Line] DEBUG net.serenitybdd.core.photography.DarkroomProcessingLine - Processing screenshot image in /var/screenshots/screenshot-14959779411818675455
19:59:44.468 [Darkroom Processing Line] DEBUG net.serenitybdd.core.photography.DarkroomProcessingLine - Saving screenshot to target\site\serenity\7e89a59733a658ccf16af9e1dbb6481c59ce5cacbfdee9fd43f2b8ef3bb73e3f.png
19:59:44.546 [Forwarding findElement on session b7fe345dac770d439a916605c2c09a3a to remote] DEBUG org.asynchttpclient.netty.request.NettyRequestSender - Using pooled Channel '[id: 0xebe104aa, L:/127.0.0.1:59837 - R:localhost/127.0.0.1:57305]' for 'POST' to 'http://localhost:57305/session/b7fe345dac770d439a916605c2c09a3a/element'
19:59:44.546 [Forwarding findElement on session b7fe345dac770d439a916605c2c09a3a to remote] DEBUG org.asynchttpclient.netty.request.NettyRequestSender - Using open Channel [id: 0xebe104aa, L:/127.0.0.1:59837 - R:localhost/127.0.0.1:57305] for POST '/session/b7fe345dac770d439a916605c2c09a3a/element'
19:59:44.826 [AsyncHttpClient-1-2] DEBUG org.asynchttpclient.netty.handler.HttpHandler - 

Request DefaultHttpRequest(decodeResult: success, version: HTTP/1.1)
POST /session/b7fe345dac770d439a916605c2c09a3a/element HTTP/1.1
User-Agent: selenium/4.1.2 (java windows)
Content-Length: 53
Content-Type: application/json; charset=utf-8
host: localhost:57305
accept: */*

Response DefaultHttpResponse(decodeResult: success, version: HTTP/1.1)
HTTP/1.1 200 OK
Content-Type: application/json; charset=utf-8
cache-control: no-cache
content-length: 88

19:59:44.829 [AsyncHttpClient-1-2] DEBUG org.asynchttpclient.netty.channel.ChannelManager - Adding key: http://localhost:57305 for channel [id: 0xebe104aa, L:/127.0.0.1:59837 - R:localhost/127.0.0.1:57305]
19:59:44.843 [Forwarding clearElement on session b7fe345dac770d439a916605c2c09a3a to remote] DEBUG org.asynchttpclient.netty.request.NettyRequestSender - Using pooled Channel '[id: 0xebe104aa, L:/127.0.0.1:59837 - R:localhost/127.0.0.1:57305]' for 'POST' to 'http://localhost:57305/session/b7fe345dac770d439a916605c2c09a3a/element/2fcbaa32-31bd-48d1-8ce1-0a36ecf11a8a/clear'
19:59:44.844 [Forwarding clearElement on session b7fe345dac770d439a916605c2c09a3a to remote] DEBUG org.asynchttpclient.netty.request.NettyRequestSender - Using open Channel [id: 0xebe104aa, L:/127.0.0.1:59837 - R:localhost/127.0.0.1:57305] for POST '/session/b7fe345dac770d439a916605c2c09a3a/element/2fcbaa32-31bd-48d1-8ce1-0a36ecf11a8a/clear'
19:59:44.974 [AsyncHttpClient-1-2] DEBUG org.asynchttpclient.netty.handler.HttpHandler - 

Request DefaultHttpRequest(decodeResult: success, version: HTTP/1.1)
POST /session/b7fe345dac770d439a916605c2c09a3a/element/2fcbaa32-31bd-48d1-8ce1-0a36ecf11a8a/clear HTTP/1.1
User-Agent: selenium/4.1.2 (java windows)
Content-Length: 50
Content-Type: application/json; charset=utf-8
host: localhost:57305
accept: */*

Response DefaultHttpResponse(decodeResult: success, version: HTTP/1.1)
HTTP/1.1 200 OK
Content-Type: application/json; charset=utf-8
cache-control: no-cache
content-length: 14

19:59:44.976 [AsyncHttpClient-1-2] DEBUG org.asynchttpclient.netty.channel.ChannelManager - Adding key: http://localhost:57305 for channel [id: 0xebe104aa, L:/127.0.0.1:59837 - R:localhost/127.0.0.1:57305]
19:59:44.992 [Forwarding sendKeysToElement on session b7fe345dac770d439a916605c2c09a3a to remote] DEBUG org.asynchttpclient.netty.request.NettyRequestSender - Using pooled Channel '[id: 0xebe104aa, L:/127.0.0.1:59837 - R:localhost/127.0.0.1:57305]' for 'POST' to 'http://localhost:57305/session/b7fe345dac770d439a916605c2c09a3a/element/2fcbaa32-31bd-48d1-8ce1-0a36ecf11a8a/value'
19:59:44.993 [Forwarding sendKeysToElement on session b7fe345dac770d439a916605c2c09a3a to remote] DEBUG org.asynchttpclient.netty.request.NettyRequestSender - Using open Channel [id: 0xebe104aa, L:/127.0.0.1:59837 - R:localhost/127.0.0.1:57305] for POST '/session/b7fe345dac770d439a916605c2c09a3a/element/2fcbaa32-31bd-48d1-8ce1-0a36ecf11a8a/value'
19:59:45.165 [AsyncHttpClient-1-1] DEBUG org.asynchttpclient.netty.channel.DefaultChannelPool - Entry count for : http://localhost:59839 : 1
19:59:45.248 [AsyncHttpClient-1-2] DEBUG org.asynchttpclient.netty.handler.HttpHandler - 

Request DefaultHttpRequest(decodeResult: success, version: HTTP/1.1)
POST /session/b7fe345dac770d439a916605c2c09a3a/element/2fcbaa32-31bd-48d1-8ce1-0a36ecf11a8a/value HTTP/1.1
User-Agent: selenium/4.1.2 (java windows)
Content-Length: 161
Content-Type: application/json; charset=utf-8
host: localhost:57305
accept: */*

Response DefaultHttpResponse(decodeResult: success, version: HTTP/1.1)
HTTP/1.1 200 OK
Content-Type: application/json; charset=utf-8
cache-control: no-cache
content-length: 14

19:59:45.249 [AsyncHttpClient-1-2] DEBUG org.asynchttpclient.netty.channel.ChannelManager - Adding key: http://localhost:57305 for channel [id: 0xebe104aa, L:/127.0.0.1:59837 - R:localhost/127.0.0.1:57305]
  &amp#27;[32mWhen &amp#27;[0m&amp#27;[32mI input invalid username&amp#27;[0m                            &amp#27;[90m# starter.stepdefinition.LoginSteps.iInputInvalidUsername()&amp#27;[0m
19:59:45.295 [Forwarding screenshot on session b7fe345dac770d439a916605c2c09a3a to remote] DEBUG org.asynchttpclient.netty.request.NettyRequestSender - Using pooled Channel '[id: 0xebe104aa, L:/127.0.0.1:59837 - R:localhost/127.0.0.1:57305]' for 'GET' to 'http://localhost:57305/session/b7fe345dac770d439a916605c2c09a3a/screenshot'
19:59:45.296 [Forwarding screenshot on session b7fe345dac770d439a916605c2c09a3a to remote] DEBUG org.asynchttpclient.netty.request.NettyRequestSender - Using open Channel [id: 0xebe104aa, L:/127.0.0.1:59837 - R:localhost/127.0.0.1:57305] for GET '/session/b7fe345dac770d439a916605c2c09a3a/screenshot'
19:59:45.657 [AsyncHttpClient-1-2] DEBUG org.asynchttpclient.netty.handler.HttpHandler - 

Request DefaultFullHttpRequest(decodeResult: success, version: HTTP/1.1, content: EmptyByteBufBE)
GET /session/b7fe345dac770d439a916605c2c09a3a/screenshot HTTP/1.1
User-Agent: selenium/4.1.2 (java windows)
Cache-Control: no-cache
Content-Type: application/json; charset=utf-8
host: localhost:57305
accept: */*

Response DefaultHttpResponse(decodeResult: success, version: HTTP/1.1)
HTTP/1.1 200 OK
Content-Type: application/json; charset=utf-8
cache-control: no-cache
content-length: 89248

19:59:45.660 [AsyncHttpClient-1-2] DEBUG org.asynchttpclient.netty.channel.ChannelManager - Adding key: http://localhost:57305 for channel [id: 0xebe104aa, L:/127.0.0.1:59837 - R:localhost/127.0.0.1:57305]
19:59:45.688 [main] DEBUG net.serenitybdd.core.photography.Darkroom - Send negative for processing for target\site\serenity\718cdd60c3f61e74b165a56210f33480c4d319df20f1d306d5b0b967bfeaa33b.png
19:59:45.689 [Darkroom Processing Line] DEBUG net.serenitybdd.core.photography.DarkroomProcessingLine - Processing screenshot image in /var/screenshots/screenshot-5851422656235264347
19:59:45.689 [Darkroom Processing Line] DEBUG net.serenitybdd.core.photography.DarkroomProcessingLine - Saving screenshot to target\site\serenity\718cdd60c3f61e74b165a56210f33480c4d319df20f1d306d5b0b967bfeaa33b.png
19:59:45.723 [Forwarding findElement on session b7fe345dac770d439a916605c2c09a3a to remote] DEBUG org.asynchttpclient.netty.request.NettyRequestSender - Using pooled Channel '[id: 0xebe104aa, L:/127.0.0.1:59837 - R:localhost/127.0.0.1:57305]' for 'POST' to 'http://localhost:57305/session/b7fe345dac770d439a916605c2c09a3a/element'
19:59:45.723 [Forwarding findElement on session b7fe345dac770d439a916605c2c09a3a to remote] DEBUG org.asynchttpclient.netty.request.NettyRequestSender - Using open Channel [id: 0xebe104aa, L:/127.0.0.1:59837 - R:localhost/127.0.0.1:57305] for POST '/session/b7fe345dac770d439a916605c2c09a3a/element'
19:59:45.754 [AsyncHttpClient-1-2] DEBUG org.asynchttpclient.netty.handler.HttpHandler - 

Request DefaultHttpRequest(decodeResult: success, version: HTTP/1.1)
POST /session/b7fe345dac770d439a916605c2c09a3a/element HTTP/1.1
User-Agent: selenium/4.1.2 (java windows)
Content-Length: 53
Content-Type: application/json; charset=utf-8
host: localhost:57305
accept: */*

Response DefaultHttpResponse(decodeResult: success, version: HTTP/1.1)
HTTP/1.1 200 OK
Content-Type: application/json; charset=utf-8
cache-control: no-cache
content-length: 88

19:59:45.754 [AsyncHttpClient-1-2] DEBUG org.asynchttpclient.netty.channel.ChannelManager - Adding key: http://localhost:57305 for channel [id: 0xebe104aa, L:/127.0.0.1:59837 - R:localhost/127.0.0.1:57305]
19:59:45.758 [Forwarding clearElement on session b7fe345dac770d439a916605c2c09a3a to remote] DEBUG org.asynchttpclient.netty.request.NettyRequestSender - Using pooled Channel '[id: 0xebe104aa, L:/127.0.0.1:59837 - R:localhost/127.0.0.1:57305]' for 'POST' to 'http://localhost:57305/session/b7fe345dac770d439a916605c2c09a3a/element/7c5b3c01-02f6-452c-8d76-fb6585503983/clear'
19:59:45.758 [Forwarding clearElement on session b7fe345dac770d439a916605c2c09a3a to remote] DEBUG org.asynchttpclient.netty.request.NettyRequestSender - Using open Channel [id: 0xebe104aa, L:/127.0.0.1:59837 - R:localhost/127.0.0.1:57305] for POST '/session/b7fe345dac770d439a916605c2c09a3a/element/7c5b3c01-02f6-452c-8d76-fb6585503983/clear'
19:59:45.809 [AsyncHttpClient-1-2] DEBUG org.asynchttpclient.netty.handler.HttpHandler - 

Request DefaultHttpRequest(decodeResult: success, version: HTTP/1.1)
POST /session/b7fe345dac770d439a916605c2c09a3a/element/7c5b3c01-02f6-452c-8d76-fb6585503983/clear HTTP/1.1
User-Agent: selenium/4.1.2 (java windows)
Content-Length: 50
Content-Type: application/json; charset=utf-8
host: localhost:57305
accept: */*

Response DefaultHttpResponse(decodeResult: success, version: HTTP/1.1)
HTTP/1.1 200 OK
Content-Type: application/json; charset=utf-8
cache-control: no-cache
content-length: 14

19:59:45.810 [AsyncHttpClient-1-2] DEBUG org.asynchttpclient.netty.channel.ChannelManager - Adding key: http://localhost:57305 for channel [id: 0xebe104aa, L:/127.0.0.1:59837 - R:localhost/127.0.0.1:57305]
19:59:45.818 [Forwarding sendKeysToElement on session b7fe345dac770d439a916605c2c09a3a to remote] DEBUG org.asynchttpclient.netty.request.NettyRequestSender - Using pooled Channel '[id: 0xebe104aa, L:/127.0.0.1:59837 - R:localhost/127.0.0.1:57305]' for 'POST' to 'http://localhost:57305/session/b7fe345dac770d439a916605c2c09a3a/element/7c5b3c01-02f6-452c-8d76-fb6585503983/value'
19:59:45.819 [Forwarding sendKeysToElement on session b7fe345dac770d439a916605c2c09a3a to remote] DEBUG org.asynchttpclient.netty.request.NettyRequestSender - Using open Channel [id: 0xebe104aa, L:/127.0.0.1:59837 - R:localhost/127.0.0.1:57305] for POST '/session/b7fe345dac770d439a916605c2c09a3a/element/7c5b3c01-02f6-452c-8d76-fb6585503983/value'
19:59:45.953 [AsyncHttpClient-1-2] DEBUG org.asynchttpclient.netty.handler.HttpHandler - 

Request DefaultHttpRequest(decodeResult: success, version: HTTP/1.1)
POST /session/b7fe345dac770d439a916605c2c09a3a/element/7c5b3c01-02f6-452c-8d76-fb6585503983/value HTTP/1.1
User-Agent: selenium/4.1.2 (java windows)
Content-Length: 191
Content-Type: application/json; charset=utf-8
host: localhost:57305
accept: */*

Response DefaultHttpResponse(decodeResult: success, version: HTTP/1.1)
HTTP/1.1 200 OK
Content-Type: application/json; charset=utf-8
cache-control: no-cache
content-length: 14

19:59:45.956 [AsyncHttpClient-1-2] DEBUG org.asynchttpclient.netty.channel.ChannelManager - Adding key: http://localhost:57305 for channel [id: 0xebe104aa, L:/127.0.0.1:59837 - R:localhost/127.0.0.1:57305]
  &amp#27;[32mAnd &amp#27;[0m&amp#27;[32mI input invalid password&amp#27;[0m                             &amp#27;[90m# starter.stepdefinition.LoginSteps.iInputInvalidPassword()&amp#27;[0m
19:59:45.977 [Forwarding screenshot on session b7fe345dac770d439a916605c2c09a3a to remote] DEBUG org.asynchttpclient.netty.request.NettyRequestSender - Using pooled Channel '[id: 0xebe104aa, L:/127.0.0.1:59837 - R:localhost/127.0.0.1:57305]' for 'GET' to 'http://localhost:57305/session/b7fe345dac770d439a916605c2c09a3a/screenshot'
19:59:45.977 [Forwarding screenshot on session b7fe345dac770d439a916605c2c09a3a to remote] DEBUG org.asynchttpclient.netty.request.NettyRequestSender - Using open Channel [id: 0xebe104aa, L:/127.0.0.1:59837 - R:localhost/127.0.0.1:57305] for GET '/session/b7fe345dac770d439a916605c2c09a3a/screenshot'
19:59:46.273 [AsyncHttpClient-1-1] DEBUG org.asynchttpclient.netty.channel.DefaultChannelPool - Entry count for : http://localhost:59839 : 1
19:59:46.274 [AsyncHttpClient-1-2] DEBUG org.asynchttpclient.netty.handler.HttpHandler - 

Request DefaultFullHttpRequest(decodeResult: success, version: HTTP/1.1, content: EmptyByteBufBE)
GET /session/b7fe345dac770d439a916605c2c09a3a/screenshot HTTP/1.1
User-Agent: selenium/4.1.2 (java windows)
Cache-Control: no-cache
Content-Type: application/json; charset=utf-8
host: localhost:57305
accept: */*

Response DefaultHttpResponse(decodeResult: success, version: HTTP/1.1)
HTTP/1.1 200 OK
Content-Type: application/json; charset=utf-8
cache-control: no-cache
content-length: 86984

19:59:46.275 [AsyncHttpClient-1-2] DEBUG org.asynchttpclient.netty.channel.ChannelManager - Adding key: http://localhost:57305 for channel [id: 0xebe104aa, L:/127.0.0.1:59837 - R:localhost/127.0.0.1:57305]
19:59:46.313 [main] DEBUG net.serenitybdd.core.photography.Darkroom - Send negative for processing for target\site\serenity\819b021fc0cddf939987a8451e3200c3c2af17beaa6db0181292ac40cab526f7.png
19:59:46.314 [Darkroom Processing Line] DEBUG net.serenitybdd.core.photography.DarkroomProcessingLine - Processing screenshot image in /var/screenshots/screenshot-2396624880101692982
19:59:46.314 [Darkroom Processing Line] DEBUG net.serenitybdd.core.photography.DarkroomProcessingLine - Saving screenshot to target\site\serenity\819b021fc0cddf939987a8451e3200c3c2af17beaa6db0181292ac40cab526f7.png
19:59:46.329 [Forwarding findElement on session b7fe345dac770d439a916605c2c09a3a to remote] DEBUG org.asynchttpclient.netty.request.NettyRequestSender - Using pooled Channel '[id: 0xebe104aa, L:/127.0.0.1:59837 - R:localhost/127.0.0.1:57305]' for 'POST' to 'http://localhost:57305/session/b7fe345dac770d439a916605c2c09a3a/element'
19:59:46.330 [Forwarding findElement on session b7fe345dac770d439a916605c2c09a3a to remote] DEBUG org.asynchttpclient.netty.request.NettyRequestSender - Using open Channel [id: 0xebe104aa, L:/127.0.0.1:59837 - R:localhost/127.0.0.1:57305] for POST '/session/b7fe345dac770d439a916605c2c09a3a/element'
19:59:46.358 [AsyncHttpClient-1-2] DEBUG org.asynchttpclient.netty.handler.HttpHandler - 

Request DefaultHttpRequest(decodeResult: success, version: HTTP/1.1)
POST /session/b7fe345dac770d439a916605c2c09a3a/element HTTP/1.1
User-Agent: selenium/4.1.2 (java windows)
Content-Length: 50
Content-Type: application/json; charset=utf-8
host: localhost:57305
accept: */*

Response DefaultHttpResponse(decodeResult: success, version: HTTP/1.1)
HTTP/1.1 200 OK
Content-Type: application/json; charset=utf-8
cache-control: no-cache
content-length: 88

19:59:46.358 [AsyncHttpClient-1-2] DEBUG org.asynchttpclient.netty.channel.ChannelManager - Adding key: http://localhost:57305 for channel [id: 0xebe104aa, L:/127.0.0.1:59837 - R:localhost/127.0.0.1:57305]
19:59:46.363 [Forwarding getElementTagName on session b7fe345dac770d439a916605c2c09a3a to remote] DEBUG org.asynchttpclient.netty.request.NettyRequestSender - Using pooled Channel '[id: 0xebe104aa, L:/127.0.0.1:59837 - R:localhost/127.0.0.1:57305]' for 'GET' to 'http://localhost:57305/session/b7fe345dac770d439a916605c2c09a3a/element/de881caf-be3d-47f9-b4d2-da35983f8217/name'
19:59:46.363 [Forwarding getElementTagName on session b7fe345dac770d439a916605c2c09a3a to remote] DEBUG org.asynchttpclient.netty.request.NettyRequestSender - Using open Channel [id: 0xebe104aa, L:/127.0.0.1:59837 - R:localhost/127.0.0.1:57305] for GET '/session/b7fe345dac770d439a916605c2c09a3a/element/de881caf-be3d-47f9-b4d2-da35983f8217/name'
19:59:46.373 [AsyncHttpClient-1-2] DEBUG org.asynchttpclient.netty.handler.HttpHandler - 

Request DefaultFullHttpRequest(decodeResult: success, version: HTTP/1.1, content: EmptyByteBufBE)
GET /session/b7fe345dac770d439a916605c2c09a3a/element/de881caf-be3d-47f9-b4d2-da35983f8217/name HTTP/1.1
User-Agent: selenium/4.1.2 (java windows)
Cache-Control: no-cache
Content-Type: application/json; charset=utf-8
host: localhost:57305
accept: */*

Response DefaultHttpResponse(decodeResult: success, version: HTTP/1.1)
HTTP/1.1 200 OK
Content-Type: application/json; charset=utf-8
cache-control: no-cache
content-length: 18

19:59:46.374 [AsyncHttpClient-1-2] DEBUG org.asynchttpclient.netty.channel.ChannelManager - Adding key: http://localhost:57305 for channel [id: 0xebe104aa, L:/127.0.0.1:59837 - R:localhost/127.0.0.1:57305]
19:59:46.378 [Forwarding getElementTagName on session b7fe345dac770d439a916605c2c09a3a to remote] DEBUG org.asynchttpclient.netty.request.NettyRequestSender - Using pooled Channel '[id: 0xebe104aa, L:/127.0.0.1:59837 - R:localhost/127.0.0.1:57305]' for 'GET' to 'http://localhost:57305/session/b7fe345dac770d439a916605c2c09a3a/element/de881caf-be3d-47f9-b4d2-da35983f8217/name'
19:59:46.378 [Forwarding getElementTagName on session b7fe345dac770d439a916605c2c09a3a to remote] DEBUG org.asynchttpclient.netty.request.NettyRequestSender - Using open Channel [id: 0xebe104aa, L:/127.0.0.1:59837 - R:localhost/127.0.0.1:57305] for GET '/session/b7fe345dac770d439a916605c2c09a3a/element/de881caf-be3d-47f9-b4d2-da35983f8217/name'
19:59:46.387 [AsyncHttpClient-1-2] DEBUG org.asynchttpclient.netty.handler.HttpHandler - 

Request DefaultFullHttpRequest(decodeResult: success, version: HTTP/1.1, content: EmptyByteBufBE)
GET /session/b7fe345dac770d439a916605c2c09a3a/element/de881caf-be3d-47f9-b4d2-da35983f8217/name HTTP/1.1
User-Agent: selenium/4.1.2 (java windows)
Cache-Control: no-cache
Content-Type: application/json; charset=utf-8
host: localhost:57305
accept: */*

Response DefaultHttpResponse(decodeResult: success, version: HTTP/1.1)
HTTP/1.1 200 OK
Content-Type: application/json; charset=utf-8
cache-control: no-cache
content-length: 18

19:59:46.387 [AsyncHttpClient-1-2] DEBUG org.asynchttpclient.netty.channel.ChannelManager - Adding key: http://localhost:57305 for channel [id: 0xebe104aa, L:/127.0.0.1:59837 - R:localhost/127.0.0.1:57305]
19:59:46.395 [Forwarding isElementEnabled on session b7fe345dac770d439a916605c2c09a3a to remote] DEBUG org.asynchttpclient.netty.request.NettyRequestSender - Using pooled Channel '[id: 0xebe104aa, L:/127.0.0.1:59837 - R:localhost/127.0.0.1:57305]' for 'GET' to 'http://localhost:57305/session/b7fe345dac770d439a916605c2c09a3a/element/de881caf-be3d-47f9-b4d2-da35983f8217/enabled'
19:59:46.395 [Forwarding isElementEnabled on session b7fe345dac770d439a916605c2c09a3a to remote] DEBUG org.asynchttpclient.netty.request.NettyRequestSender - Using open Channel [id: 0xebe104aa, L:/127.0.0.1:59837 - R:localhost/127.0.0.1:57305] for GET '/session/b7fe345dac770d439a916605c2c09a3a/element/de881caf-be3d-47f9-b4d2-da35983f8217/enabled'
19:59:46.409 [AsyncHttpClient-1-2] DEBUG org.asynchttpclient.netty.handler.HttpHandler - 

Request DefaultFullHttpRequest(decodeResult: success, version: HTTP/1.1, content: EmptyByteBufBE)
GET /session/b7fe345dac770d439a916605c2c09a3a/element/de881caf-be3d-47f9-b4d2-da35983f8217/enabled HTTP/1.1
User-Agent: selenium/4.1.2 (java windows)
Cache-Control: no-cache
Content-Type: application/json; charset=utf-8
host: localhost:57305
accept: */*

Response DefaultHttpResponse(decodeResult: success, version: HTTP/1.1)
HTTP/1.1 200 OK
Content-Type: application/json; charset=utf-8
cache-control: no-cache
content-length: 14

19:59:46.409 [AsyncHttpClient-1-2] DEBUG org.asynchttpclient.netty.channel.ChannelManager - Adding key: http://localhost:57305 for channel [id: 0xebe104aa, L:/127.0.0.1:59837 - R:localhost/127.0.0.1:57305]
19:59:46.412 [Forwarding isElementEnabled on session b7fe345dac770d439a916605c2c09a3a to remote] DEBUG org.asynchttpclient.netty.request.NettyRequestSender - Using pooled Channel '[id: 0xebe104aa, L:/127.0.0.1:59837 - R:localhost/127.0.0.1:57305]' for 'GET' to 'http://localhost:57305/session/b7fe345dac770d439a916605c2c09a3a/element/de881caf-be3d-47f9-b4d2-da35983f8217/enabled'
19:59:46.412 [Forwarding isElementEnabled on session b7fe345dac770d439a916605c2c09a3a to remote] DEBUG org.asynchttpclient.netty.request.NettyRequestSender - Using open Channel [id: 0xebe104aa, L:/127.0.0.1:59837 - R:localhost/127.0.0.1:57305] for GET '/session/b7fe345dac770d439a916605c2c09a3a/element/de881caf-be3d-47f9-b4d2-da35983f8217/enabled'
19:59:46.428 [AsyncHttpClient-1-2] DEBUG org.asynchttpclient.netty.handler.HttpHandler - 

Request DefaultFullHttpRequest(decodeResult: success, version: HTTP/1.1, content: EmptyByteBufBE)
GET /session/b7fe345dac770d439a916605c2c09a3a/element/de881caf-be3d-47f9-b4d2-da35983f8217/enabled HTTP/1.1
User-Agent: selenium/4.1.2 (java windows)
Cache-Control: no-cache
Content-Type: application/json; charset=utf-8
host: localhost:57305
accept: */*

Response DefaultHttpResponse(decodeResult: success, version: HTTP/1.1)
HTTP/1.1 200 OK
Content-Type: application/json; charset=utf-8
cache-control: no-cache
content-length: 14

19:59:46.429 [AsyncHttpClient-1-2] DEBUG org.asynchttpclient.netty.channel.ChannelManager - Adding key: http://localhost:57305 for channel [id: 0xebe104aa, L:/127.0.0.1:59837 - R:localhost/127.0.0.1:57305]
19:59:46.433 [Forwarding findElement on session b7fe345dac770d439a916605c2c09a3a to remote] DEBUG org.asynchttpclient.netty.request.NettyRequestSender - Using pooled Channel '[id: 0xebe104aa, L:/127.0.0.1:59837 - R:localhost/127.0.0.1:57305]' for 'POST' to 'http://localhost:57305/session/b7fe345dac770d439a916605c2c09a3a/element'
19:59:46.434 [Forwarding findElement on session b7fe345dac770d439a916605c2c09a3a to remote] DEBUG org.asynchttpclient.netty.request.NettyRequestSender - Using open Channel [id: 0xebe104aa, L:/127.0.0.1:59837 - R:localhost/127.0.0.1:57305] for POST '/session/b7fe345dac770d439a916605c2c09a3a/element'
19:59:46.456 [AsyncHttpClient-1-2] DEBUG org.asynchttpclient.netty.handler.HttpHandler - 

Request DefaultHttpRequest(decodeResult: success, version: HTTP/1.1)
POST /session/b7fe345dac770d439a916605c2c09a3a/element HTTP/1.1
User-Agent: selenium/4.1.2 (java windows)
Content-Length: 50
Content-Type: application/json; charset=utf-8
host: localhost:57305
accept: */*

Response DefaultHttpResponse(decodeResult: success, version: HTTP/1.1)
HTTP/1.1 200 OK
Content-Type: application/json; charset=utf-8
cache-control: no-cache
content-length: 88

19:59:46.456 [AsyncHttpClient-1-2] DEBUG org.asynchttpclient.netty.channel.ChannelManager - Adding key: http://localhost:57305 for channel [id: 0xebe104aa, L:/127.0.0.1:59837 - R:localhost/127.0.0.1:57305]
19:59:46.460 [Forwarding clickElement on session b7fe345dac770d439a916605c2c09a3a to remote] DEBUG org.asynchttpclient.netty.request.NettyRequestSender - Using pooled Channel '[id: 0xebe104aa, L:/127.0.0.1:59837 - R:localhost/127.0.0.1:57305]' for 'POST' to 'http://localhost:57305/session/b7fe345dac770d439a916605c2c09a3a/element/de881caf-be3d-47f9-b4d2-da35983f8217/click'
19:59:46.460 [Forwarding clickElement on session b7fe345dac770d439a916605c2c09a3a to remote] DEBUG org.asynchttpclient.netty.request.NettyRequestSender - Using open Channel [id: 0xebe104aa, L:/127.0.0.1:59837 - R:localhost/127.0.0.1:57305] for POST '/session/b7fe345dac770d439a916605c2c09a3a/element/de881caf-be3d-47f9-b4d2-da35983f8217/click'
19:59:46.558 [AsyncHttpClient-1-2] DEBUG org.asynchttpclient.netty.handler.HttpHandler - 

Request DefaultHttpRequest(decodeResult: success, version: HTTP/1.1)
POST /session/b7fe345dac770d439a916605c2c09a3a/element/de881caf-be3d-47f9-b4d2-da35983f8217/click HTTP/1.1
User-Agent: selenium/4.1.2 (java windows)
Content-Length: 50
Content-Type: application/json; charset=utf-8
host: localhost:57305
accept: */*

Response DefaultHttpResponse(decodeResult: success, version: HTTP/1.1)
HTTP/1.1 200 OK
Content-Type: application/json; charset=utf-8
cache-control: no-cache
content-length: 14

19:59:46.559 [AsyncHttpClient-1-2] DEBUG org.asynchttpclient.netty.channel.ChannelManager - Adding key: http://localhost:57305 for channel [id: 0xebe104aa, L:/127.0.0.1:59837 - R:localhost/127.0.0.1:57305]
  &amp#27;[32mAnd &amp#27;[0m&amp#27;[32mI click Login Button&amp#27;[0m                                 &amp#27;[90m# starter.stepdefinition.LoginSteps.iClickLoginButton()&amp#27;[0m
19:59:46.588 [Forwarding screenshot on session b7fe345dac770d439a916605c2c09a3a to remote] DEBUG org.asynchttpclient.netty.request.NettyRequestSender - Using pooled Channel '[id: 0xebe104aa, L:/127.0.0.1:59837 - R:localhost/127.0.0.1:57305]' for 'GET' to 'http://localhost:57305/session/b7fe345dac770d439a916605c2c09a3a/screenshot'
19:59:46.588 [Forwarding screenshot on session b7fe345dac770d439a916605c2c09a3a to remote] DEBUG org.asynchttpclient.netty.request.NettyRequestSender - Using open Channel [id: 0xebe104aa, L:/127.0.0.1:59837 - R:localhost/127.0.0.1:57305] for GET '/session/b7fe345dac770d439a916605c2c09a3a/screenshot'
19:59:46.783 [AsyncHttpClient-1-2] DEBUG org.asynchttpclient.netty.handler.HttpHandler - 

Request DefaultFullHttpRequest(decodeResult: success, version: HTTP/1.1, content: EmptyByteBufBE)
GET /session/b7fe345dac770d439a916605c2c09a3a/screenshot HTTP/1.1
User-Agent: selenium/4.1.2 (java windows)
Cache-Control: no-cache
Content-Type: application/json; charset=utf-8
host: localhost:57305
accept: */*

Response DefaultHttpResponse(decodeResult: success, version: HTTP/1.1)
HTTP/1.1 200 OK
Content-Type: application/json; charset=utf-8
cache-control: no-cache
content-length: 65156

19:59:46.784 [AsyncHttpClient-1-2] DEBUG org.asynchttpclient.netty.channel.ChannelManager - Adding key: http://localhost:57305 for channel [id: 0xebe104aa, L:/127.0.0.1:59837 - R:localhost/127.0.0.1:57305]
19:59:46.787 [main] DEBUG net.serenitybdd.core.photography.Darkroom - Send negative for processing for target\site\serenity\f1d391bc5be84e42680cd6b52ca4636199dcc7e8b2902a220f5cbf490d2f24f4.png
19:59:46.788 [Darkroom Processing Line] DEBUG net.serenitybdd.core.photography.DarkroomProcessingLine - Processing screenshot image in /var/screenshots/screenshot-16311397989727496332
19:59:46.788 [Darkroom Processing Line] DEBUG net.serenitybdd.core.photography.DarkroomProcessingLine - Saving screenshot to target\site\serenity\f1d391bc5be84e42680cd6b52ca4636199dcc7e8b2902a220f5cbf490d2f24f4.png
19:59:46.812 [Forwarding findElement on session b7fe345dac770d439a916605c2c09a3a to remote] DEBUG org.asynchttpclient.netty.request.NettyRequestSender - Using pooled Channel '[id: 0xebe104aa, L:/127.0.0.1:59837 - R:localhost/127.0.0.1:57305]' for 'POST' to 'http://localhost:57305/session/b7fe345dac770d439a916605c2c09a3a/element'
19:59:46.812 [Forwarding findElement on session b7fe345dac770d439a916605c2c09a3a to remote] DEBUG org.asynchttpclient.netty.request.NettyRequestSender - Using open Channel [id: 0xebe104aa, L:/127.0.0.1:59837 - R:localhost/127.0.0.1:57305] for POST '/session/b7fe345dac770d439a916605c2c09a3a/element'
19:59:47.367 [AsyncHttpClient-1-1] DEBUG org.asynchttpclient.netty.channel.DefaultChannelPool - Entry count for : http://localhost:59839 : 1
19:59:47.646 [AsyncHttpClient-1-2] DEBUG org.asynchttpclient.netty.handler.HttpHandler - 

Request DefaultHttpRequest(decodeResult: success, version: HTTP/1.1)
POST /session/b7fe345dac770d439a916605c2c09a3a/element HTTP/1.1
User-Agent: selenium/4.1.2 (java windows)
Content-Length: 67
Content-Type: application/json; charset=utf-8
host: localhost:57305
accept: */*

Response DefaultHttpResponse(decodeResult: success, version: HTTP/1.1)
HTTP/1.1 200 OK
Content-Type: application/json; charset=utf-8
cache-control: no-cache
content-length: 88

19:59:47.647 [AsyncHttpClient-1-2] DEBUG org.asynchttpclient.netty.channel.ChannelManager - Adding key: http://localhost:57305 for channel [id: 0xebe104aa, L:/127.0.0.1:59837 - R:localhost/127.0.0.1:57305]
19:59:47.687 [Forwarding isElementDisplayed on session b7fe345dac770d439a916605c2c09a3a to remote] DEBUG org.asynchttpclient.netty.request.NettyRequestSender - Using pooled Channel '[id: 0xebe104aa, L:/127.0.0.1:59837 - R:localhost/127.0.0.1:57305]' for 'POST' to 'http://localhost:57305/session/b7fe345dac770d439a916605c2c09a3a/execute/sync'
19:59:47.688 [Forwarding isElementDisplayed on session b7fe345dac770d439a916605c2c09a3a to remote] DEBUG org.asynchttpclient.netty.request.NettyRequestSender - Using open Channel [id: 0xebe104aa, L:/127.0.0.1:59837 - R:localhost/127.0.0.1:57305] for POST '/session/b7fe345dac770d439a916605c2c09a3a/execute/sync'
19:59:47.750 [AsyncHttpClient-1-2] DEBUG org.asynchttpclient.netty.handler.HttpHandler - 

Request DefaultHttpRequest(decodeResult: success, version: HTTP/1.1)
POST /session/b7fe345dac770d439a916605c2c09a3a/execute/sync HTTP/1.1
User-Agent: selenium/4.1.2 (java windows)
Content-Length: 48780
Content-Type: application/json; charset=utf-8
host: localhost:57305
accept: */*

Response DefaultHttpResponse(decodeResult: success, version: HTTP/1.1)
HTTP/1.1 200 OK
Content-Type: application/json; charset=utf-8
cache-control: no-cache
content-length: 14

19:59:47.752 [AsyncHttpClient-1-2] DEBUG org.asynchttpclient.netty.channel.ChannelManager - Adding key: http://localhost:57305 for channel [id: 0xebe104aa, L:/127.0.0.1:59837 - R:localhost/127.0.0.1:57305]
  &amp#27;[32mThen &amp#27;[0m&amp#27;[32mI will get error message&amp#27;[0m                            &amp#27;[90m# starter.stepdefinition.LoginSteps.iWillGetErrorMessage()&amp#27;[0m
19:59:47.771 [Forwarding screenshot on session b7fe345dac770d439a916605c2c09a3a to remote] DEBUG org.asynchttpclient.netty.request.NettyRequestSender - Using pooled Channel '[id: 0xebe104aa, L:/127.0.0.1:59837 - R:localhost/127.0.0.1:57305]' for 'GET' to 'http://localhost:57305/session/b7fe345dac770d439a916605c2c09a3a/screenshot'
19:59:47.772 [Forwarding screenshot on session b7fe345dac770d439a916605c2c09a3a to remote] DEBUG org.asynchttpclient.netty.request.NettyRequestSender - Using open Channel [id: 0xebe104aa, L:/127.0.0.1:59837 - R:localhost/127.0.0.1:57305] for GET '/session/b7fe345dac770d439a916605c2c09a3a/screenshot'
19:59:48.108 [AsyncHttpClient-1-2] DEBUG org.asynchttpclient.netty.handler.HttpHandler - 

Request DefaultFullHttpRequest(decodeResult: success, version: HTTP/1.1, content: EmptyByteBufBE)
GET /session/b7fe345dac770d439a916605c2c09a3a/screenshot HTTP/1.1
User-Agent: selenium/4.1.2 (java windows)
Cache-Control: no-cache
Content-Type: application/json; charset=utf-8
host: localhost:57305
accept: */*

Response DefaultHttpResponse(decodeResult: success, version: HTTP/1.1)
HTTP/1.1 200 OK
Content-Type: application/json; charset=utf-8
cache-control: no-cache
content-length: 91560

19:59:48.110 [AsyncHttpClient-1-2] DEBUG org.asynchttpclient.netty.channel.ChannelManager - Adding key: http://localhost:57305 for channel [id: 0xebe104aa, L:/127.0.0.1:59837 - R:localhost/127.0.0.1:57305]
19:59:48.119 [main] DEBUG net.serenitybdd.core.photography.Darkroom - Send negative for processing for target\site\serenity\7fa3fcdede6e30b66ef2e3a76c324900502da4c5402d85068d8448dcaccb9c32.png
19:59:48.120 [Darkroom Processing Line] DEBUG net.serenitybdd.core.photography.DarkroomProcessingLine - Processing screenshot image in /var/screenshots/screenshot-1016432110670631465
19:59:48.120 [Darkroom Processing Line] DEBUG net.serenitybdd.core.photography.DarkroomProcessingLine - Saving screenshot to target\site\serenity\7fa3fcdede6e30b66ef2e3a76c324900502da4c5402d85068d8448dcaccb9c32.png
19:59:48.130 [main] INFO  - 
  _____   ___   ___   _____     ___     _     ___   ___   ___   ___  
 |_   _| | __| / __| |_   _|   | _ \   /_\   / __| / __| | __| |   \ 
   | |   | _|  \__ \   | |     |  _/  / _ \  \__ \ \__ \ | _|  | |) |
   |_|   |___| |___/   |_|     |_|   /_/ \_\ |___/ |___/ |___| |___/ 

Login with invalid username and invalid password
----------------------------------------------------------------------
19:59:48.309 [Driver Command Executor] DEBUG org.asynchttpclient.netty.request.NettyRequestSender - Using pooled Channel '[id: 0xebe104aa, L:/127.0.0.1:59837 - R:localhost/127.0.0.1:57305]' for 'DELETE' to 'http://localhost:57305/session/b7fe345dac770d439a916605c2c09a3a'
19:59:48.309 [Driver Command Executor] DEBUG org.asynchttpclient.netty.request.NettyRequestSender - Using open Channel [id: 0xebe104aa, L:/127.0.0.1:59837 - R:localhost/127.0.0.1:57305] for DELETE '/session/b7fe345dac770d439a916605c2c09a3a'
19:59:48.311 [AsyncHttpClient-1-4] DEBUG org.asynchttpclient.netty.handler.WebSocketHandler - Channel Closed: [id: 0xac9df8c6, L:/127.0.0.1:59846 ! R:localhost/127.0.0.1:59839] with attribute NettyResponseFuture{currentRetry=5,
	isDone=1,
	isCancelled=0,
	asyncHandler=org.asynchttpclient.ws.WebSocketUpgradeHandler@70f300bb,
	nettyRequest=org.asynchttpclient.netty.request.NettyRequest@665c168b,
	future=java.util.concurrent.CompletableFuture@43871144[Completed normally],
	uri=ws://localhost:59839/devtools/browser/00161fdd-9670-4387-abe5-139c294ce2cc,
	keepAlive=true,
	redirectCount=0,
	timeoutsHolder=null,
	inAuth=0,
	touch=1665406773701}
19:59:48.314 [AsyncHttpClient-1-4] DEBUG org.asynchttpclient.netty.channel.ChannelManager - Closing Channel [id: 0xac9df8c6, L:/127.0.0.1:59846 ! R:localhost/127.0.0.1:59839] 
19:59:48.382 [AsyncHttpClient-1-3] DEBUG org.asynchttpclient.netty.handler.HttpHandler - Unexpected I/O exception on channel [id: 0x645cc811, L:/127.0.0.1:59845 - R:localhost/127.0.0.1:59839]
java.io.IOException: An existing connection was forcibly closed by the remote host
	at java.base/sun.nio.ch.SocketDispatcher.read0(Native Method)
	at java.base/sun.nio.ch.SocketDispatcher.read(SocketDispatcher.java:43)
	at java.base/sun.nio.ch.IOUtil.readIntoNativeBuffer(IOUtil.java:276)
	at java.base/sun.nio.ch.IOUtil.read(IOUtil.java:233)
	at java.base/sun.nio.ch.IOUtil.read(IOUtil.java:223)
	at java.base/sun.nio.ch.SocketChannelImpl.read(SocketChannelImpl.java:358)
	at io.netty.buffer.PooledByteBuf.setBytes(PooledByteBuf.java:258)
	at io.netty.buffer.AbstractByteBuf.writeBytes(AbstractByteBuf.java:1132)
	at io.netty.channel.socket.nio.NioSocketChannel.doReadBytes(NioSocketChannel.java:350)
	at io.netty.channel.nio.AbstractNioByteChannel$NioByteUnsafe.read(AbstractNioByteChannel.java:151)
	at io.netty.channel.nio.NioEventLoop.processSelectedKey(NioEventLoop.java:722)
	at io.netty.channel.nio.NioEventLoop.processSelectedKeysOptimized(NioEventLoop.java:658)
	at io.netty.channel.nio.NioEventLoop.processSelectedKeys(NioEventLoop.java:584)
	at io.netty.channel.nio.NioEventLoop.run(NioEventLoop.java:496)
	at io.netty.util.concurrent.SingleThreadEventExecutor$4.run(SingleThreadEventExecutor.java:986)
	at io.netty.util.internal.ThreadExecutorMap$2.run(ThreadExecutorMap.java:74)
	at io.netty.util.concurrent.FastThreadLocalRunnable.run(FastThreadLocalRunnable.java:30)
	at java.base/java.lang.Thread.run(Thread.java:834)
19:59:48.383 [AsyncHttpClient-1-3] DEBUG org.asynchttpclient.netty.channel.ChannelManager - Closing Channel [id: 0x645cc811, L:/127.0.0.1:59845 - R:localhost/127.0.0.1:59839] 
19:59:48.387 [AsyncHttpClient-1-3] DEBUG org.asynchttpclient.netty.handler.HttpHandler - Channel Closed: [id: 0x645cc811, L:/127.0.0.1:59845 ! R:localhost/127.0.0.1:59839] with attribute DISCARD
19:59:48.425 [AsyncHttpClient-1-2] DEBUG org.asynchttpclient.netty.handler.HttpHandler - 

Request DefaultFullHttpRequest(decodeResult: success, version: HTTP/1.1, content: EmptyByteBufBE)
DELETE /session/b7fe345dac770d439a916605c2c09a3a HTTP/1.1
User-Agent: selenium/4.1.2 (java windows)
Content-Type: application/json; charset=utf-8
host: localhost:57305
accept: */*

Response DefaultHttpResponse(decodeResult: success, version: HTTP/1.1)
HTTP/1.1 200 OK
Content-Type: application/json; charset=utf-8
cache-control: no-cache
content-length: 14

19:59:48.426 [AsyncHttpClient-1-2] DEBUG org.asynchttpclient.netty.channel.ChannelManager - Adding key: http://localhost:57305 for channel [id: 0xebe104aa, L:/127.0.0.1:59837 - R:localhost/127.0.0.1:57305]
19:59:48.467 [AsyncHttpClient-1-1] DEBUG org.asynchttpclient.netty.channel.DefaultChannelPool - Entry count for : http://localhost:59839 : 1
19:59:48.469 [AsyncHttpClient-1-1] DEBUG org.asynchttpclient.netty.channel.DefaultChannelPool - Entry count for : http://localhost:57305 : 1
19:59:48.470 [AsyncHttpClient-1-1] DEBUG org.asynchttpclient.netty.channel.DefaultChannelPool - Adding Candidate expired Channel [id: 0x645cc811, L:/127.0.0.1:59845 ! R:localhost/127.0.0.1:59839] isIdleTimeoutExpired=false isRemotelyClosed=true isTtlExpired=false
19:59:48.471 [AsyncHttpClient-1-1] DEBUG org.asynchttpclient.netty.channel.DefaultChannelPool - Closing Idle Channel [id: 0x645cc811, L:/127.0.0.1:59845 ! R:localhost/127.0.0.1:59839]
19:59:48.474 [AsyncHttpClient-1-1] DEBUG org.asynchttpclient.netty.channel.DefaultChannelPool - Closed 1 connections out of 2 in 5 ms
19:59:48.605 [AsyncHttpClient-1-2] DEBUG org.asynchttpclient.netty.handler.HttpHandler - Channel Closed: [id: 0xebe104aa, L:/127.0.0.1:59837 ! R:localhost/127.0.0.1:57305] with attribute DISCARD
]]></system-out>
    <system-err><![CDATA[Starting ChromeDriver 106.0.5249.61 (511755355844955cd3e264779baf0dd38212a4d0-refs/branch-heads/5249@{#569}) on port 57305
Only local connections are allowed.
Please see https://chromedriver.chromium.org/security-considerations for suggestions on keeping ChromeDriver safe.
ChromeDriver was started successfully.
Oct 10, 2022 7:59:33 PM org.openqa.selenium.remote.ProtocolHandshake createSession
INFO: Detected dialect: W3C
Oct 10, 2022 7:59:33 PM org.openqa.selenium.devtools.CdpVersionFinder findNearestMatch
WARNING: Unable to find an exact match for CDP version 106, so returning the closest version found: a no-op implementation
Oct 10, 2022 7:59:33 PM org.openqa.selenium.devtools.CdpVersionFinder findNearestMatch
INFO: Unable to find CDP implementation matching 106.
Oct 10, 2022 7:59:33 PM org.openqa.selenium.chromium.ChromiumDriver lambda$new$3
WARNING: Unable to find version of CDP to use for . You may need to include a dependency on a specific version of the CDP using something similar to `org.seleniumhq.selenium:selenium-devtools-v86:4.1.2` where the version ("v86") matches the version of the chromium-based browser you're using and the version number of the artifact is the same as Selenium's.
]]></system-err>
  </testcase>
  <testcase name="Login with invalid username and valid password" classname="Login" time="15.157">
    <system-out><![CDATA[
Scenario: Login with invalid username and valid password &amp#27;[90m# src/test/resources/features/login.feature:13&amp#27;[0m
19:59:48.743 [main] INFO io.cucumber.core.plugin.SerenityReporter - Running feature from file:///C:/Users/ASUS/IdeaProjects/DemoQA/src/test/resources/features/login.feature
19:59:48.761 [main] INFO  - 
  _____   ___   ___   _____     ___   _____     _     ___   _____   ___   ___  
 |_   _| | __| / __| |_   _|   / __| |_   _|   /_\   | _ \ |_   _| | __| |   \ 
   | |   | _|  \__ \   | |     \__ \   | |    / _ \  |   /   | |   | _|  | |) |
   |_|   |___| |___/   |_|     |___/   |_|   /_/ \_\ |_|_\   |_|   |___| |___/ 

Login with invalid username and valid password(login;login-with-invalid-username-and-valid-password)
--------------------------------------------------------------------------------
19:59:48.823 [main] INFO net.serenitybdd.core.webdriver.driverproviders.ChromeDriverProvider - Using automatically driver download
19:59:49.119 [main] DEBUG io.github.bonigarcia.wdm.cache.ResolutionCache - Resolution chrome=106 in cache (valid until 20:17:04 10/10/2022 ICT)
19:59:49.145 [main] DEBUG io.github.bonigarcia.wdm.cache.ResolutionCache - Resolution chrome106=106.0.5249.61 in cache (valid until 23:39:47 10/10/2022 ICT)
19:59:49.154 [main] INFO io.github.bonigarcia.wdm.WebDriverManager - Using chromedriver 106.0.5249.61 (resolved driver for Chrome 106)
19:59:49.220 [main] DEBUG io.github.bonigarcia.wdm.WebDriverManager - Driver chromedriver 106.0.5249.61 found in cache
19:59:49.222 [main] INFO io.github.bonigarcia.wdm.WebDriverManager - Exporting webdriver.chrome.driver as C:\Users\ASUS\.cache\selenium\chromedriver\win32\106.0.5249.61\chromedriver.exe
19:59:49.435 [main] DEBUG net.serenitybdd.core.webdriver.driverproviders.ProvideNewDriver - Instantiating driver
19:59:49.435 [main] DEBUG net.serenitybdd.core.webdriver.driverproviders.ProvideNewDriver - Driver capabilities: Capabilities {acceptInsecureCerts: false, base.url: https://demoqa.com, browserName: chrome, chrome.driver: src/test/resources/webdrive..., driver: chrome, goog:chromeOptions: {args: [], extensions: []}}
19:59:49.574 [AsyncHttpClient-1-1] DEBUG org.asynchttpclient.netty.channel.DefaultChannelPool - Entry count for : http://localhost:57305 : 1
19:59:49.576 [AsyncHttpClient-1-1] DEBUG org.asynchttpclient.netty.channel.DefaultChannelPool - Adding Candidate expired Channel [id: 0xebe104aa, L:/127.0.0.1:59837 ! R:localhost/127.0.0.1:57305] isIdleTimeoutExpired=false isRemotelyClosed=true isTtlExpired=false
19:59:49.576 [AsyncHttpClient-1-1] DEBUG org.asynchttpclient.netty.channel.DefaultChannelPool - Closing Idle Channel [id: 0xebe104aa, L:/127.0.0.1:59837 ! R:localhost/127.0.0.1:57305]
19:59:49.577 [AsyncHttpClient-1-1] DEBUG org.asynchttpclient.netty.channel.DefaultChannelPool - Closed 1 connections out of 1 in 2 ms
19:59:49.597 [AsyncHttpClient-1-5] DEBUG org.asynchttpclient.netty.channel.NettyConnectListener - Using new Channel '[id: 0xbf334b88, L:/127.0.0.1:59884 - R:localhost/127.0.0.1:57338]' for 'POST' to '/session'
19:59:52.930 [AsyncHttpClient-1-5] DEBUG org.asynchttpclient.netty.handler.HttpHandler - 

Request DefaultHttpRequest(decodeResult: success, version: HTTP/1.1)
POST /session HTTP/1.1
User-Agent: selenium/4.1.2 (java windows)
Content-Length: 599
Content-Type: application/json; charset=utf-8
host: localhost:57338
accept: */*

Response DefaultHttpResponse(decodeResult: success, version: HTTP/1.1)
HTTP/1.1 200 OK
Content-Type: application/json; charset=utf-8
cache-control: no-cache
content-length: 790

19:59:52.930 [AsyncHttpClient-1-5] DEBUG org.asynchttpclient.netty.channel.ChannelManager - Adding key: http://localhost:57338 for channel [id: 0xbf334b88, L:/127.0.0.1:59884 - R:localhost/127.0.0.1:57338]
19:59:52.951 [AsyncHttpClient-1-6] DEBUG org.asynchttpclient.netty.channel.NettyConnectListener - Using new Channel '[id: 0x6291f45f, L:/127.0.0.1:59891 - R:localhost/127.0.0.1:59885]' for 'GET' to '/json/version'
19:59:52.965 [AsyncHttpClient-1-6] DEBUG org.asynchttpclient.netty.handler.HttpHandler - 

Request DefaultFullHttpRequest(decodeResult: success, version: HTTP/1.1, content: EmptyByteBufBE)
GET /json/version HTTP/1.1
User-Agent: selenium/4.1.2 (java windows)
host: localhost:59885
accept: */*

Response DefaultHttpResponse(decodeResult: success, version: HTTP/1.1)
HTTP/1.1 200 OK
Content-Type: application/json; charset=UTF-8
content-length: 424

19:59:52.965 [AsyncHttpClient-1-6] DEBUG org.asynchttpclient.netty.channel.ChannelManager - Adding key: http://localhost:59885 for channel [id: 0x6291f45f, L:/127.0.0.1:59891 - R:localhost/127.0.0.1:59885]
19:59:52.971 [AsyncHttpClient-1-7] DEBUG org.asynchttpclient.netty.channel.NettyConnectListener - Using new Channel '[id: 0x921ad17b, L:/127.0.0.1:59892 - R:localhost/127.0.0.1:59885]' for 'GET' to '/devtools/browser/b9d8792e-edc5-42e1-8f56-b13388fe9a44'
19:59:52.976 [AsyncHttpClient-1-7] DEBUG org.asynchttpclient.netty.handler.WebSocketHandler - 

Request DefaultFullHttpRequest(decodeResult: success, version: HTTP/1.1, content: EmptyByteBufBE)
GET /devtools/browser/b9d8792e-edc5-42e1-8f56-b13388fe9a44 HTTP/1.1
upgrade: websocket
connection: upgrade
sec-websocket-key: /yEZ15bzSJcCHbZTtOhuqA==
sec-websocket-version: 13
origin: http://localhost:59885
host: localhost:59885
accept: */*
user-agent: AHC/2.1

Response DefaultHttpResponse(decodeResult: success, version: HTTP/1.1)
HTTP/1.1 101 WebSocket Protocol Handshake
Upgrade: WebSocket
Connection: Upgrade
Sec-WebSocket-Accept: 09+PilKUr74xRx1libnF3GBPUnQ=

19:59:53.006 [Forwarding get on session 9f316e80ca5c3221b139013c503e564d to remote] DEBUG org.asynchttpclient.netty.request.NettyRequestSender - Using pooled Channel '[id: 0xbf334b88, L:/127.0.0.1:59884 - R:localhost/127.0.0.1:57338]' for 'POST' to 'http://localhost:57338/session/9f316e80ca5c3221b139013c503e564d/url'
19:59:53.006 [Forwarding get on session 9f316e80ca5c3221b139013c503e564d to remote] DEBUG org.asynchttpclient.netty.request.NettyRequestSender - Using open Channel [id: 0xbf334b88, L:/127.0.0.1:59884 - R:localhost/127.0.0.1:57338] for POST '/session/9f316e80ca5c3221b139013c503e564d/url'
19:59:53.969 [AsyncHttpClient-1-1] DEBUG org.asynchttpclient.netty.channel.DefaultChannelPool - Entry count for : http://localhost:59885 : 1
19:59:55.073 [AsyncHttpClient-1-1] DEBUG org.asynchttpclient.netty.channel.DefaultChannelPool - Entry count for : http://localhost:59885 : 1
19:59:56.166 [AsyncHttpClient-1-1] DEBUG org.asynchttpclient.netty.channel.DefaultChannelPool - Entry count for : http://localhost:59885 : 1
19:59:57.269 [AsyncHttpClient-1-1] DEBUG org.asynchttpclient.netty.channel.DefaultChannelPool - Entry count for : http://localhost:59885 : 1
19:59:58.374 [AsyncHttpClient-1-1] DEBUG org.asynchttpclient.netty.channel.DefaultChannelPool - Entry count for : http://localhost:59885 : 1
19:59:59.473 [AsyncHttpClient-1-1] DEBUG org.asynchttpclient.netty.channel.DefaultChannelPool - Entry count for : http://localhost:59885 : 1
20:00:00.568 [AsyncHttpClient-1-1] DEBUG org.asynchttpclient.netty.channel.DefaultChannelPool - Entry count for : http://localhost:59885 : 1
20:00:01.582 [AsyncHttpClient-1-5] DEBUG org.asynchttpclient.netty.handler.HttpHandler - 

Request DefaultHttpRequest(decodeResult: success, version: HTTP/1.1)
POST /session/9f316e80ca5c3221b139013c503e564d/url HTTP/1.1
User-Agent: selenium/4.1.2 (java windows)
Content-Length: 54
Content-Type: application/json; charset=utf-8
host: localhost:57338
accept: */*

Response DefaultHttpResponse(decodeResult: success, version: HTTP/1.1)
HTTP/1.1 200 OK
Content-Type: application/json; charset=utf-8
cache-control: no-cache
content-length: 14

20:00:01.582 [AsyncHttpClient-1-5] DEBUG org.asynchttpclient.netty.channel.ChannelManager - Adding key: http://localhost:57338 for channel [id: 0xbf334b88, L:/127.0.0.1:59884 - R:localhost/127.0.0.1:57338]
20:00:01.586 [Forwarding setTimeout on session 9f316e80ca5c3221b139013c503e564d to remote] DEBUG org.asynchttpclient.netty.request.NettyRequestSender - Using pooled Channel '[id: 0xbf334b88, L:/127.0.0.1:59884 - R:localhost/127.0.0.1:57338]' for 'POST' to 'http://localhost:57338/session/9f316e80ca5c3221b139013c503e564d/timeouts'
20:00:01.586 [Forwarding setTimeout on session 9f316e80ca5c3221b139013c503e564d to remote] DEBUG org.asynchttpclient.netty.request.NettyRequestSender - Using open Channel [id: 0xbf334b88, L:/127.0.0.1:59884 - R:localhost/127.0.0.1:57338] for POST '/session/9f316e80ca5c3221b139013c503e564d/timeouts'
20:00:01.589 [AsyncHttpClient-1-5] DEBUG org.asynchttpclient.netty.handler.HttpHandler - 

Request DefaultHttpRequest(decodeResult: success, version: HTTP/1.1)
POST /session/9f316e80ca5c3221b139013c503e564d/timeouts HTTP/1.1
User-Agent: selenium/4.1.2 (java windows)
Content-Length: 22
Content-Type: application/json; charset=utf-8
host: localhost:57338
accept: */*

Response DefaultHttpResponse(decodeResult: success, version: HTTP/1.1)
HTTP/1.1 200 OK
Content-Type: application/json; charset=utf-8
cache-control: no-cache
content-length: 14

20:00:01.590 [AsyncHttpClient-1-5] DEBUG org.asynchttpclient.netty.channel.ChannelManager - Adding key: http://localhost:57338 for channel [id: 0xbf334b88, L:/127.0.0.1:59884 - R:localhost/127.0.0.1:57338]
20:00:01.594 [Forwarding getCurrentUrl on session 9f316e80ca5c3221b139013c503e564d to remote] DEBUG org.asynchttpclient.netty.request.NettyRequestSender - Using pooled Channel '[id: 0xbf334b88, L:/127.0.0.1:59884 - R:localhost/127.0.0.1:57338]' for 'GET' to 'http://localhost:57338/session/9f316e80ca5c3221b139013c503e564d/url'
20:00:01.594 [Forwarding getCurrentUrl on session 9f316e80ca5c3221b139013c503e564d to remote] DEBUG org.asynchttpclient.netty.request.NettyRequestSender - Using open Channel [id: 0xbf334b88, L:/127.0.0.1:59884 - R:localhost/127.0.0.1:57338] for GET '/session/9f316e80ca5c3221b139013c503e564d/url'
20:00:01.604 [AsyncHttpClient-1-5] DEBUG org.asynchttpclient.netty.handler.HttpHandler - 

Request DefaultFullHttpRequest(decodeResult: success, version: HTTP/1.1, content: EmptyByteBufBE)
GET /session/9f316e80ca5c3221b139013c503e564d/url HTTP/1.1
User-Agent: selenium/4.1.2 (java windows)
Cache-Control: no-cache
Content-Type: application/json; charset=utf-8
host: localhost:57338
accept: */*

Response DefaultHttpResponse(decodeResult: success, version: HTTP/1.1)
HTTP/1.1 200 OK
Content-Type: application/json; charset=utf-8
cache-control: no-cache
content-length: 36

20:00:01.604 [AsyncHttpClient-1-5] DEBUG org.asynchttpclient.netty.channel.ChannelManager - Adding key: http://localhost:57338 for channel [id: 0xbf334b88, L:/127.0.0.1:59884 - R:localhost/127.0.0.1:57338]
20:00:01.612 [Forwarding findElement on session 9f316e80ca5c3221b139013c503e564d to remote] DEBUG org.asynchttpclient.netty.request.NettyRequestSender - Using pooled Channel '[id: 0xbf334b88, L:/127.0.0.1:59884 - R:localhost/127.0.0.1:57338]' for 'POST' to 'http://localhost:57338/session/9f316e80ca5c3221b139013c503e564d/element'
20:00:01.612 [Forwarding findElement on session 9f316e80ca5c3221b139013c503e564d to remote] DEBUG org.asynchttpclient.netty.request.NettyRequestSender - Using open Channel [id: 0xbf334b88, L:/127.0.0.1:59884 - R:localhost/127.0.0.1:57338] for POST '/session/9f316e80ca5c3221b139013c503e564d/element'
20:00:01.635 [AsyncHttpClient-1-5] DEBUG org.asynchttpclient.netty.handler.HttpHandler - 

Request DefaultHttpRequest(decodeResult: success, version: HTTP/1.1)
POST /session/9f316e80ca5c3221b139013c503e564d/element HTTP/1.1
User-Agent: selenium/4.1.2 (java windows)
Content-Length: 53
Content-Type: application/json; charset=utf-8
host: localhost:57338
accept: */*

Response DefaultHttpResponse(decodeResult: success, version: HTTP/1.1)
HTTP/1.1 200 OK
Content-Type: application/json; charset=utf-8
cache-control: no-cache
content-length: 88

20:00:01.635 [AsyncHttpClient-1-5] DEBUG org.asynchttpclient.netty.channel.ChannelManager - Adding key: http://localhost:57338 for channel [id: 0xbf334b88, L:/127.0.0.1:59884 - R:localhost/127.0.0.1:57338]
20:00:01.638 [Forwarding sendKeysToElement on session 9f316e80ca5c3221b139013c503e564d to remote] DEBUG org.asynchttpclient.netty.request.NettyRequestSender - Using pooled Channel '[id: 0xbf334b88, L:/127.0.0.1:59884 - R:localhost/127.0.0.1:57338]' for 'POST' to 'http://localhost:57338/session/9f316e80ca5c3221b139013c503e564d/element/c229de9e-8cbb-44fb-b8da-2b3438b2b5aa/value'
20:00:01.638 [Forwarding sendKeysToElement on session 9f316e80ca5c3221b139013c503e564d to remote] DEBUG org.asynchttpclient.netty.request.NettyRequestSender - Using open Channel [id: 0xbf334b88, L:/127.0.0.1:59884 - R:localhost/127.0.0.1:57338] for POST '/session/9f316e80ca5c3221b139013c503e564d/element/c229de9e-8cbb-44fb-b8da-2b3438b2b5aa/value'
20:00:01.666 [AsyncHttpClient-1-1] DEBUG org.asynchttpclient.netty.channel.DefaultChannelPool - Entry count for : http://localhost:59885 : 1
20:00:01.694 [AsyncHttpClient-1-5] DEBUG org.asynchttpclient.netty.handler.HttpHandler - 

Request DefaultHttpRequest(decodeResult: success, version: HTTP/1.1)
POST /session/9f316e80ca5c3221b139013c503e564d/element/c229de9e-8cbb-44fb-b8da-2b3438b2b5aa/value HTTP/1.1
User-Agent: selenium/4.1.2 (java windows)
Content-Length: 95
Content-Type: application/json; charset=utf-8
host: localhost:57338
accept: */*

Response DefaultHttpResponse(decodeResult: success, version: HTTP/1.1)
HTTP/1.1 200 OK
Content-Type: application/json; charset=utf-8
cache-control: no-cache
content-length: 14

20:00:01.695 [AsyncHttpClient-1-5] DEBUG org.asynchttpclient.netty.channel.ChannelManager - Adding key: http://localhost:57338 for channel [id: 0xbf334b88, L:/127.0.0.1:59884 - R:localhost/127.0.0.1:57338]
  &amp#27;[32mGiven &amp#27;[0m&amp#27;[32mI am on the login page&amp#27;[0m                           &amp#27;[90m# starter.stepdefinition.LoginSteps.iAmOnTheLoginPage()&amp#27;[0m
20:00:01.703 [Forwarding screenshot on session 9f316e80ca5c3221b139013c503e564d to remote] DEBUG org.asynchttpclient.netty.request.NettyRequestSender - Using pooled Channel '[id: 0xbf334b88, L:/127.0.0.1:59884 - R:localhost/127.0.0.1:57338]' for 'GET' to 'http://localhost:57338/session/9f316e80ca5c3221b139013c503e564d/screenshot'
20:00:01.703 [Forwarding screenshot on session 9f316e80ca5c3221b139013c503e564d to remote] DEBUG org.asynchttpclient.netty.request.NettyRequestSender - Using open Channel [id: 0xbf334b88, L:/127.0.0.1:59884 - R:localhost/127.0.0.1:57338] for GET '/session/9f316e80ca5c3221b139013c503e564d/screenshot'
20:00:01.875 [AsyncHttpClient-1-5] DEBUG org.asynchttpclient.netty.handler.HttpHandler - 

Request DefaultFullHttpRequest(decodeResult: success, version: HTTP/1.1, content: EmptyByteBufBE)
GET /session/9f316e80ca5c3221b139013c503e564d/screenshot HTTP/1.1
User-Agent: selenium/4.1.2 (java windows)
Cache-Control: no-cache
Content-Type: application/json; charset=utf-8
host: localhost:57338
accept: */*

Response DefaultHttpResponse(decodeResult: success, version: HTTP/1.1)
HTTP/1.1 200 OK
Content-Type: application/json; charset=utf-8
cache-control: no-cache
content-length: 107680

20:00:01.876 [AsyncHttpClient-1-5] DEBUG org.asynchttpclient.netty.channel.ChannelManager - Adding key: http://localhost:57338 for channel [id: 0xbf334b88, L:/127.0.0.1:59884 - R:localhost/127.0.0.1:57338]
20:00:01.880 [main] DEBUG net.serenitybdd.core.photography.Darkroom - Send negative for processing for target\site\serenity\8d3ad644344effc1a2477e734d00d296107ac96598aa6f181eda9ad3fd34a681.png
20:00:01.880 [Darkroom Processing Line] DEBUG net.serenitybdd.core.photography.DarkroomProcessingLine - Processing screenshot image in /var/screenshots/screenshot-11488061965795769448
20:00:01.881 [Darkroom Processing Line] DEBUG net.serenitybdd.core.photography.DarkroomProcessingLine - Saving screenshot to target\site\serenity\8d3ad644344effc1a2477e734d00d296107ac96598aa6f181eda9ad3fd34a681.png
20:00:01.889 [Forwarding findElement on session 9f316e80ca5c3221b139013c503e564d to remote] DEBUG org.asynchttpclient.netty.request.NettyRequestSender - Using pooled Channel '[id: 0xbf334b88, L:/127.0.0.1:59884 - R:localhost/127.0.0.1:57338]' for 'POST' to 'http://localhost:57338/session/9f316e80ca5c3221b139013c503e564d/element'
20:00:01.889 [Forwarding findElement on session 9f316e80ca5c3221b139013c503e564d to remote] DEBUG org.asynchttpclient.netty.request.NettyRequestSender - Using open Channel [id: 0xbf334b88, L:/127.0.0.1:59884 - R:localhost/127.0.0.1:57338] for POST '/session/9f316e80ca5c3221b139013c503e564d/element'
20:00:01.903 [AsyncHttpClient-1-5] DEBUG org.asynchttpclient.netty.handler.HttpHandler - 

Request DefaultHttpRequest(decodeResult: success, version: HTTP/1.1)
POST /session/9f316e80ca5c3221b139013c503e564d/element HTTP/1.1
User-Agent: selenium/4.1.2 (java windows)
Content-Length: 53
Content-Type: application/json; charset=utf-8
host: localhost:57338
accept: */*

Response DefaultHttpResponse(decodeResult: success, version: HTTP/1.1)
HTTP/1.1 200 OK
Content-Type: application/json; charset=utf-8
cache-control: no-cache
content-length: 88

20:00:01.904 [AsyncHttpClient-1-5] DEBUG org.asynchttpclient.netty.channel.ChannelManager - Adding key: http://localhost:57338 for channel [id: 0xbf334b88, L:/127.0.0.1:59884 - R:localhost/127.0.0.1:57338]
20:00:01.905 [Forwarding clearElement on session 9f316e80ca5c3221b139013c503e564d to remote] DEBUG org.asynchttpclient.netty.request.NettyRequestSender - Using pooled Channel '[id: 0xbf334b88, L:/127.0.0.1:59884 - R:localhost/127.0.0.1:57338]' for 'POST' to 'http://localhost:57338/session/9f316e80ca5c3221b139013c503e564d/element/1022244d-9b79-4189-b924-6df3a3b21dba/clear'
20:00:01.905 [Forwarding clearElement on session 9f316e80ca5c3221b139013c503e564d to remote] DEBUG org.asynchttpclient.netty.request.NettyRequestSender - Using open Channel [id: 0xbf334b88, L:/127.0.0.1:59884 - R:localhost/127.0.0.1:57338] for POST '/session/9f316e80ca5c3221b139013c503e564d/element/1022244d-9b79-4189-b924-6df3a3b21dba/clear'
20:00:01.944 [AsyncHttpClient-1-5] DEBUG org.asynchttpclient.netty.handler.HttpHandler - 

Request DefaultHttpRequest(decodeResult: success, version: HTTP/1.1)
POST /session/9f316e80ca5c3221b139013c503e564d/element/1022244d-9b79-4189-b924-6df3a3b21dba/clear HTTP/1.1
User-Agent: selenium/4.1.2 (java windows)
Content-Length: 50
Content-Type: application/json; charset=utf-8
host: localhost:57338
accept: */*

Response DefaultHttpResponse(decodeResult: success, version: HTTP/1.1)
HTTP/1.1 200 OK
Content-Type: application/json; charset=utf-8
cache-control: no-cache
content-length: 14

20:00:01.945 [AsyncHttpClient-1-5] DEBUG org.asynchttpclient.netty.channel.ChannelManager - Adding key: http://localhost:57338 for channel [id: 0xbf334b88, L:/127.0.0.1:59884 - R:localhost/127.0.0.1:57338]
20:00:01.946 [Forwarding sendKeysToElement on session 9f316e80ca5c3221b139013c503e564d to remote] DEBUG org.asynchttpclient.netty.request.NettyRequestSender - Using pooled Channel '[id: 0xbf334b88, L:/127.0.0.1:59884 - R:localhost/127.0.0.1:57338]' for 'POST' to 'http://localhost:57338/session/9f316e80ca5c3221b139013c503e564d/element/1022244d-9b79-4189-b924-6df3a3b21dba/value'
20:00:01.947 [Forwarding sendKeysToElement on session 9f316e80ca5c3221b139013c503e564d to remote] DEBUG org.asynchttpclient.netty.request.NettyRequestSender - Using open Channel [id: 0xbf334b88, L:/127.0.0.1:59884 - R:localhost/127.0.0.1:57338] for POST '/session/9f316e80ca5c3221b139013c503e564d/element/1022244d-9b79-4189-b924-6df3a3b21dba/value'
20:00:02.010 [AsyncHttpClient-1-5] DEBUG org.asynchttpclient.netty.handler.HttpHandler - 

Request DefaultHttpRequest(decodeResult: success, version: HTTP/1.1)
POST /session/9f316e80ca5c3221b139013c503e564d/element/1022244d-9b79-4189-b924-6df3a3b21dba/value HTTP/1.1
User-Agent: selenium/4.1.2 (java windows)
Content-Length: 161
Content-Type: application/json; charset=utf-8
host: localhost:57338
accept: */*

Response DefaultHttpResponse(decodeResult: success, version: HTTP/1.1)
HTTP/1.1 200 OK
Content-Type: application/json; charset=utf-8
cache-control: no-cache
content-length: 14

20:00:02.011 [AsyncHttpClient-1-5] DEBUG org.asynchttpclient.netty.channel.ChannelManager - Adding key: http://localhost:57338 for channel [id: 0xbf334b88, L:/127.0.0.1:59884 - R:localhost/127.0.0.1:57338]
  &amp#27;[32mWhen &amp#27;[0m&amp#27;[32mI input invalid username&amp#27;[0m                          &amp#27;[90m# starter.stepdefinition.LoginSteps.iInputInvalidUsername()&amp#27;[0m
20:00:02.018 [Forwarding screenshot on session 9f316e80ca5c3221b139013c503e564d to remote] DEBUG org.asynchttpclient.netty.request.NettyRequestSender - Using pooled Channel '[id: 0xbf334b88, L:/127.0.0.1:59884 - R:localhost/127.0.0.1:57338]' for 'GET' to 'http://localhost:57338/session/9f316e80ca5c3221b139013c503e564d/screenshot'
20:00:02.018 [Forwarding screenshot on session 9f316e80ca5c3221b139013c503e564d to remote] DEBUG org.asynchttpclient.netty.request.NettyRequestSender - Using open Channel [id: 0xbf334b88, L:/127.0.0.1:59884 - R:localhost/127.0.0.1:57338] for GET '/session/9f316e80ca5c3221b139013c503e564d/screenshot'
20:00:02.270 [AsyncHttpClient-1-5] DEBUG org.asynchttpclient.netty.handler.HttpHandler - 

Request DefaultFullHttpRequest(decodeResult: success, version: HTTP/1.1, content: EmptyByteBufBE)
GET /session/9f316e80ca5c3221b139013c503e564d/screenshot HTTP/1.1
User-Agent: selenium/4.1.2 (java windows)
Cache-Control: no-cache
Content-Type: application/json; charset=utf-8
host: localhost:57338
accept: */*

Response DefaultHttpResponse(decodeResult: success, version: HTTP/1.1)
HTTP/1.1 200 OK
Content-Type: application/json; charset=utf-8
cache-control: no-cache
content-length: 89288

20:00:02.271 [AsyncHttpClient-1-5] DEBUG org.asynchttpclient.netty.channel.ChannelManager - Adding key: http://localhost:57338 for channel [id: 0xbf334b88, L:/127.0.0.1:59884 - R:localhost/127.0.0.1:57338]
20:00:02.275 [main] DEBUG net.serenitybdd.core.photography.Darkroom - Send negative for processing for target\site\serenity\bbe4ac7351f9cb83ea246088577cfbd4c9768b616c8f5e1697aa0531471fb62c.png
20:00:02.276 [Darkroom Processing Line] DEBUG net.serenitybdd.core.photography.DarkroomProcessingLine - Processing screenshot image in /var/screenshots/screenshot-4128916840935087994
20:00:02.276 [Darkroom Processing Line] DEBUG net.serenitybdd.core.photography.DarkroomProcessingLine - Saving screenshot to target\site\serenity\bbe4ac7351f9cb83ea246088577cfbd4c9768b616c8f5e1697aa0531471fb62c.png
20:00:02.284 [Forwarding findElement on session 9f316e80ca5c3221b139013c503e564d to remote] DEBUG org.asynchttpclient.netty.request.NettyRequestSender - Using pooled Channel '[id: 0xbf334b88, L:/127.0.0.1:59884 - R:localhost/127.0.0.1:57338]' for 'POST' to 'http://localhost:57338/session/9f316e80ca5c3221b139013c503e564d/element'
20:00:02.284 [Forwarding findElement on session 9f316e80ca5c3221b139013c503e564d to remote] DEBUG org.asynchttpclient.netty.request.NettyRequestSender - Using open Channel [id: 0xbf334b88, L:/127.0.0.1:59884 - R:localhost/127.0.0.1:57338] for POST '/session/9f316e80ca5c3221b139013c503e564d/element'
20:00:02.298 [AsyncHttpClient-1-5] DEBUG org.asynchttpclient.netty.handler.HttpHandler - 

Request DefaultHttpRequest(decodeResult: success, version: HTTP/1.1)
POST /session/9f316e80ca5c3221b139013c503e564d/element HTTP/1.1
User-Agent: selenium/4.1.2 (java windows)
Content-Length: 53
Content-Type: application/json; charset=utf-8
host: localhost:57338
accept: */*

Response DefaultHttpResponse(decodeResult: success, version: HTTP/1.1)
HTTP/1.1 200 OK
Content-Type: application/json; charset=utf-8
cache-control: no-cache
content-length: 88

20:00:02.298 [AsyncHttpClient-1-5] DEBUG org.asynchttpclient.netty.channel.ChannelManager - Adding key: http://localhost:57338 for channel [id: 0xbf334b88, L:/127.0.0.1:59884 - R:localhost/127.0.0.1:57338]
20:00:02.300 [Forwarding clearElement on session 9f316e80ca5c3221b139013c503e564d to remote] DEBUG org.asynchttpclient.netty.request.NettyRequestSender - Using pooled Channel '[id: 0xbf334b88, L:/127.0.0.1:59884 - R:localhost/127.0.0.1:57338]' for 'POST' to 'http://localhost:57338/session/9f316e80ca5c3221b139013c503e564d/element/c38b92a8-172e-44be-8929-add1ea061682/clear'
20:00:02.300 [Forwarding clearElement on session 9f316e80ca5c3221b139013c503e564d to remote] DEBUG org.asynchttpclient.netty.request.NettyRequestSender - Using open Channel [id: 0xbf334b88, L:/127.0.0.1:59884 - R:localhost/127.0.0.1:57338] for POST '/session/9f316e80ca5c3221b139013c503e564d/element/c38b92a8-172e-44be-8929-add1ea061682/clear'
20:00:02.344 [AsyncHttpClient-1-5] DEBUG org.asynchttpclient.netty.handler.HttpHandler - 

Request DefaultHttpRequest(decodeResult: success, version: HTTP/1.1)
POST /session/9f316e80ca5c3221b139013c503e564d/element/c38b92a8-172e-44be-8929-add1ea061682/clear HTTP/1.1
User-Agent: selenium/4.1.2 (java windows)
Content-Length: 50
Content-Type: application/json; charset=utf-8
host: localhost:57338
accept: */*

Response DefaultHttpResponse(decodeResult: success, version: HTTP/1.1)
HTTP/1.1 200 OK
Content-Type: application/json; charset=utf-8
cache-control: no-cache
content-length: 14

20:00:02.344 [AsyncHttpClient-1-5] DEBUG org.asynchttpclient.netty.channel.ChannelManager - Adding key: http://localhost:57338 for channel [id: 0xbf334b88, L:/127.0.0.1:59884 - R:localhost/127.0.0.1:57338]
20:00:02.346 [Forwarding sendKeysToElement on session 9f316e80ca5c3221b139013c503e564d to remote] DEBUG org.asynchttpclient.netty.request.NettyRequestSender - Using pooled Channel '[id: 0xbf334b88, L:/127.0.0.1:59884 - R:localhost/127.0.0.1:57338]' for 'POST' to 'http://localhost:57338/session/9f316e80ca5c3221b139013c503e564d/element/c38b92a8-172e-44be-8929-add1ea061682/value'
20:00:02.347 [Forwarding sendKeysToElement on session 9f316e80ca5c3221b139013c503e564d to remote] DEBUG org.asynchttpclient.netty.request.NettyRequestSender - Using open Channel [id: 0xbf334b88, L:/127.0.0.1:59884 - R:localhost/127.0.0.1:57338] for POST '/session/9f316e80ca5c3221b139013c503e564d/element/c38b92a8-172e-44be-8929-add1ea061682/value'
20:00:02.435 [AsyncHttpClient-1-5] DEBUG org.asynchttpclient.netty.handler.HttpHandler - 

Request DefaultHttpRequest(decodeResult: success, version: HTTP/1.1)
POST /session/9f316e80ca5c3221b139013c503e564d/element/c38b92a8-172e-44be-8929-add1ea061682/value HTTP/1.1
User-Agent: selenium/4.1.2 (java windows)
Content-Length: 201
Content-Type: application/json; charset=utf-8
host: localhost:57338
accept: */*

Response DefaultHttpResponse(decodeResult: success, version: HTTP/1.1)
HTTP/1.1 200 OK
Content-Type: application/json; charset=utf-8
cache-control: no-cache
content-length: 14

20:00:02.436 [AsyncHttpClient-1-5] DEBUG org.asynchttpclient.netty.channel.ChannelManager - Adding key: http://localhost:57338 for channel [id: 0xbf334b88, L:/127.0.0.1:59884 - R:localhost/127.0.0.1:57338]
  &amp#27;[32mAnd &amp#27;[0m&amp#27;[32mI input valid password&amp#27;[0m                             &amp#27;[90m# starter.stepdefinition.LoginSteps.iInputValidPassword()&amp#27;[0m
20:00:02.442 [Forwarding screenshot on session 9f316e80ca5c3221b139013c503e564d to remote] DEBUG org.asynchttpclient.netty.request.NettyRequestSender - Using pooled Channel '[id: 0xbf334b88, L:/127.0.0.1:59884 - R:localhost/127.0.0.1:57338]' for 'GET' to 'http://localhost:57338/session/9f316e80ca5c3221b139013c503e564d/screenshot'
20:00:02.442 [Forwarding screenshot on session 9f316e80ca5c3221b139013c503e564d to remote] DEBUG org.asynchttpclient.netty.request.NettyRequestSender - Using open Channel [id: 0xbf334b88, L:/127.0.0.1:59884 - R:localhost/127.0.0.1:57338] for GET '/session/9f316e80ca5c3221b139013c503e564d/screenshot'
20:00:02.728 [AsyncHttpClient-1-5] DEBUG org.asynchttpclient.netty.handler.HttpHandler - 

Request DefaultFullHttpRequest(decodeResult: success, version: HTTP/1.1, content: EmptyByteBufBE)
GET /session/9f316e80ca5c3221b139013c503e564d/screenshot HTTP/1.1
User-Agent: selenium/4.1.2 (java windows)
Cache-Control: no-cache
Content-Type: application/json; charset=utf-8
host: localhost:57338
accept: */*

Response DefaultHttpResponse(decodeResult: success, version: HTTP/1.1)
HTTP/1.1 200 OK
Content-Type: application/json; charset=utf-8
cache-control: no-cache
content-length: 87292

20:00:02.729 [AsyncHttpClient-1-5] DEBUG org.asynchttpclient.netty.channel.ChannelManager - Adding key: http://localhost:57338 for channel [id: 0xbf334b88, L:/127.0.0.1:59884 - R:localhost/127.0.0.1:57338]
20:00:02.732 [main] DEBUG net.serenitybdd.core.photography.Darkroom - Send negative for processing for target\site\serenity\8ca50204229fc9187fbdb40de53aca549abdb108b0274a0d933671395dc4c8f5.png
20:00:02.732 [Darkroom Processing Line] DEBUG net.serenitybdd.core.photography.DarkroomProcessingLine - Processing screenshot image in /var/screenshots/screenshot-11293152292420901057
20:00:02.733 [Darkroom Processing Line] DEBUG net.serenitybdd.core.photography.DarkroomProcessingLine - Saving screenshot to target\site\serenity\8ca50204229fc9187fbdb40de53aca549abdb108b0274a0d933671395dc4c8f5.png
20:00:02.741 [Forwarding findElement on session 9f316e80ca5c3221b139013c503e564d to remote] DEBUG org.asynchttpclient.netty.request.NettyRequestSender - Using pooled Channel '[id: 0xbf334b88, L:/127.0.0.1:59884 - R:localhost/127.0.0.1:57338]' for 'POST' to 'http://localhost:57338/session/9f316e80ca5c3221b139013c503e564d/element'
20:00:02.741 [Forwarding findElement on session 9f316e80ca5c3221b139013c503e564d to remote] DEBUG org.asynchttpclient.netty.request.NettyRequestSender - Using open Channel [id: 0xbf334b88, L:/127.0.0.1:59884 - R:localhost/127.0.0.1:57338] for POST '/session/9f316e80ca5c3221b139013c503e564d/element'
20:00:02.755 [AsyncHttpClient-1-5] DEBUG org.asynchttpclient.netty.handler.HttpHandler - 

Request DefaultHttpRequest(decodeResult: success, version: HTTP/1.1)
POST /session/9f316e80ca5c3221b139013c503e564d/element HTTP/1.1
User-Agent: selenium/4.1.2 (java windows)
Content-Length: 50
Content-Type: application/json; charset=utf-8
host: localhost:57338
accept: */*

Response DefaultHttpResponse(decodeResult: success, version: HTTP/1.1)
HTTP/1.1 200 OK
Content-Type: application/json; charset=utf-8
cache-control: no-cache
content-length: 88

20:00:02.756 [AsyncHttpClient-1-5] DEBUG org.asynchttpclient.netty.channel.ChannelManager - Adding key: http://localhost:57338 for channel [id: 0xbf334b88, L:/127.0.0.1:59884 - R:localhost/127.0.0.1:57338]
20:00:02.757 [Forwarding getElementTagName on session 9f316e80ca5c3221b139013c503e564d to remote] DEBUG org.asynchttpclient.netty.request.NettyRequestSender - Using pooled Channel '[id: 0xbf334b88, L:/127.0.0.1:59884 - R:localhost/127.0.0.1:57338]' for 'GET' to 'http://localhost:57338/session/9f316e80ca5c3221b139013c503e564d/element/9cb8b55b-4d0c-4690-8921-e91fbfa90971/name'
20:00:02.757 [Forwarding getElementTagName on session 9f316e80ca5c3221b139013c503e564d to remote] DEBUG org.asynchttpclient.netty.request.NettyRequestSender - Using open Channel [id: 0xbf334b88, L:/127.0.0.1:59884 - R:localhost/127.0.0.1:57338] for GET '/session/9f316e80ca5c3221b139013c503e564d/element/9cb8b55b-4d0c-4690-8921-e91fbfa90971/name'
20:00:02.764 [AsyncHttpClient-1-5] DEBUG org.asynchttpclient.netty.handler.HttpHandler - 

Request DefaultFullHttpRequest(decodeResult: success, version: HTTP/1.1, content: EmptyByteBufBE)
GET /session/9f316e80ca5c3221b139013c503e564d/element/9cb8b55b-4d0c-4690-8921-e91fbfa90971/name HTTP/1.1
User-Agent: selenium/4.1.2 (java windows)
Cache-Control: no-cache
Content-Type: application/json; charset=utf-8
host: localhost:57338
accept: */*

Response DefaultHttpResponse(decodeResult: success, version: HTTP/1.1)
HTTP/1.1 200 OK
Content-Type: application/json; charset=utf-8
cache-control: no-cache
content-length: 18

20:00:02.764 [AsyncHttpClient-1-5] DEBUG org.asynchttpclient.netty.channel.ChannelManager - Adding key: http://localhost:57338 for channel [id: 0xbf334b88, L:/127.0.0.1:59884 - R:localhost/127.0.0.1:57338]
20:00:02.766 [AsyncHttpClient-1-1] DEBUG org.asynchttpclient.netty.channel.DefaultChannelPool - Entry count for : http://localhost:59885 : 1
20:00:02.766 [Forwarding getElementTagName on session 9f316e80ca5c3221b139013c503e564d to remote] DEBUG org.asynchttpclient.netty.request.NettyRequestSender - Using pooled Channel '[id: 0xbf334b88, L:/127.0.0.1:59884 - R:localhost/127.0.0.1:57338]' for 'GET' to 'http://localhost:57338/session/9f316e80ca5c3221b139013c503e564d/element/9cb8b55b-4d0c-4690-8921-e91fbfa90971/name'
20:00:02.766 [Forwarding getElementTagName on session 9f316e80ca5c3221b139013c503e564d to remote] DEBUG org.asynchttpclient.netty.request.NettyRequestSender - Using open Channel [id: 0xbf334b88, L:/127.0.0.1:59884 - R:localhost/127.0.0.1:57338] for GET '/session/9f316e80ca5c3221b139013c503e564d/element/9cb8b55b-4d0c-4690-8921-e91fbfa90971/name'
20:00:02.771 [AsyncHttpClient-1-5] DEBUG org.asynchttpclient.netty.handler.HttpHandler - 

Request DefaultFullHttpRequest(decodeResult: success, version: HTTP/1.1, content: EmptyByteBufBE)
GET /session/9f316e80ca5c3221b139013c503e564d/element/9cb8b55b-4d0c-4690-8921-e91fbfa90971/name HTTP/1.1
User-Agent: selenium/4.1.2 (java windows)
Cache-Control: no-cache
Content-Type: application/json; charset=utf-8
host: localhost:57338
accept: */*

Response DefaultHttpResponse(decodeResult: success, version: HTTP/1.1)
HTTP/1.1 200 OK
Content-Type: application/json; charset=utf-8
cache-control: no-cache
content-length: 18

20:00:02.772 [AsyncHttpClient-1-5] DEBUG org.asynchttpclient.netty.channel.ChannelManager - Adding key: http://localhost:57338 for channel [id: 0xbf334b88, L:/127.0.0.1:59884 - R:localhost/127.0.0.1:57338]
20:00:02.775 [Forwarding isElementEnabled on session 9f316e80ca5c3221b139013c503e564d to remote] DEBUG org.asynchttpclient.netty.request.NettyRequestSender - Using pooled Channel '[id: 0xbf334b88, L:/127.0.0.1:59884 - R:localhost/127.0.0.1:57338]' for 'GET' to 'http://localhost:57338/session/9f316e80ca5c3221b139013c503e564d/element/9cb8b55b-4d0c-4690-8921-e91fbfa90971/enabled'
20:00:02.776 [Forwarding isElementEnabled on session 9f316e80ca5c3221b139013c503e564d to remote] DEBUG org.asynchttpclient.netty.request.NettyRequestSender - Using open Channel [id: 0xbf334b88, L:/127.0.0.1:59884 - R:localhost/127.0.0.1:57338] for GET '/session/9f316e80ca5c3221b139013c503e564d/element/9cb8b55b-4d0c-4690-8921-e91fbfa90971/enabled'
20:00:02.787 [AsyncHttpClient-1-5] DEBUG org.asynchttpclient.netty.handler.HttpHandler - 

Request DefaultFullHttpRequest(decodeResult: success, version: HTTP/1.1, content: EmptyByteBufBE)
GET /session/9f316e80ca5c3221b139013c503e564d/element/9cb8b55b-4d0c-4690-8921-e91fbfa90971/enabled HTTP/1.1
User-Agent: selenium/4.1.2 (java windows)
Cache-Control: no-cache
Content-Type: application/json; charset=utf-8
host: localhost:57338
accept: */*

Response DefaultHttpResponse(decodeResult: success, version: HTTP/1.1)
HTTP/1.1 200 OK
Content-Type: application/json; charset=utf-8
cache-control: no-cache
content-length: 14

20:00:02.788 [AsyncHttpClient-1-5] DEBUG org.asynchttpclient.netty.channel.ChannelManager - Adding key: http://localhost:57338 for channel [id: 0xbf334b88, L:/127.0.0.1:59884 - R:localhost/127.0.0.1:57338]
20:00:02.791 [Forwarding isElementEnabled on session 9f316e80ca5c3221b139013c503e564d to remote] DEBUG org.asynchttpclient.netty.request.NettyRequestSender - Using pooled Channel '[id: 0xbf334b88, L:/127.0.0.1:59884 - R:localhost/127.0.0.1:57338]' for 'GET' to 'http://localhost:57338/session/9f316e80ca5c3221b139013c503e564d/element/9cb8b55b-4d0c-4690-8921-e91fbfa90971/enabled'
20:00:02.791 [Forwarding isElementEnabled on session 9f316e80ca5c3221b139013c503e564d to remote] DEBUG org.asynchttpclient.netty.request.NettyRequestSender - Using open Channel [id: 0xbf334b88, L:/127.0.0.1:59884 - R:localhost/127.0.0.1:57338] for GET '/session/9f316e80ca5c3221b139013c503e564d/element/9cb8b55b-4d0c-4690-8921-e91fbfa90971/enabled'
20:00:02.801 [AsyncHttpClient-1-5] DEBUG org.asynchttpclient.netty.handler.HttpHandler - 

Request DefaultFullHttpRequest(decodeResult: success, version: HTTP/1.1, content: EmptyByteBufBE)
GET /session/9f316e80ca5c3221b139013c503e564d/element/9cb8b55b-4d0c-4690-8921-e91fbfa90971/enabled HTTP/1.1
User-Agent: selenium/4.1.2 (java windows)
Cache-Control: no-cache
Content-Type: application/json; charset=utf-8
host: localhost:57338
accept: */*

Response DefaultHttpResponse(decodeResult: success, version: HTTP/1.1)
HTTP/1.1 200 OK
Content-Type: application/json; charset=utf-8
cache-control: no-cache
content-length: 14

20:00:02.801 [AsyncHttpClient-1-5] DEBUG org.asynchttpclient.netty.channel.ChannelManager - Adding key: http://localhost:57338 for channel [id: 0xbf334b88, L:/127.0.0.1:59884 - R:localhost/127.0.0.1:57338]
20:00:02.804 [Forwarding findElement on session 9f316e80ca5c3221b139013c503e564d to remote] DEBUG org.asynchttpclient.netty.request.NettyRequestSender - Using pooled Channel '[id: 0xbf334b88, L:/127.0.0.1:59884 - R:localhost/127.0.0.1:57338]' for 'POST' to 'http://localhost:57338/session/9f316e80ca5c3221b139013c503e564d/element'
20:00:02.805 [Forwarding findElement on session 9f316e80ca5c3221b139013c503e564d to remote] DEBUG org.asynchttpclient.netty.request.NettyRequestSender - Using open Channel [id: 0xbf334b88, L:/127.0.0.1:59884 - R:localhost/127.0.0.1:57338] for POST '/session/9f316e80ca5c3221b139013c503e564d/element'
20:00:02.816 [AsyncHttpClient-1-5] DEBUG org.asynchttpclient.netty.handler.HttpHandler - 

Request DefaultHttpRequest(decodeResult: success, version: HTTP/1.1)
POST /session/9f316e80ca5c3221b139013c503e564d/element HTTP/1.1
User-Agent: selenium/4.1.2 (java windows)
Content-Length: 50
Content-Type: application/json; charset=utf-8
host: localhost:57338
accept: */*

Response DefaultHttpResponse(decodeResult: success, version: HTTP/1.1)
HTTP/1.1 200 OK
Content-Type: application/json; charset=utf-8
cache-control: no-cache
content-length: 88

20:00:02.817 [AsyncHttpClient-1-5] DEBUG org.asynchttpclient.netty.channel.ChannelManager - Adding key: http://localhost:57338 for channel [id: 0xbf334b88, L:/127.0.0.1:59884 - R:localhost/127.0.0.1:57338]
20:00:02.819 [Forwarding clickElement on session 9f316e80ca5c3221b139013c503e564d to remote] DEBUG org.asynchttpclient.netty.request.NettyRequestSender - Using pooled Channel '[id: 0xbf334b88, L:/127.0.0.1:59884 - R:localhost/127.0.0.1:57338]' for 'POST' to 'http://localhost:57338/session/9f316e80ca5c3221b139013c503e564d/element/9cb8b55b-4d0c-4690-8921-e91fbfa90971/click'
20:00:02.820 [Forwarding clickElement on session 9f316e80ca5c3221b139013c503e564d to remote] DEBUG org.asynchttpclient.netty.request.NettyRequestSender - Using open Channel [id: 0xbf334b88, L:/127.0.0.1:59884 - R:localhost/127.0.0.1:57338] for POST '/session/9f316e80ca5c3221b139013c503e564d/element/9cb8b55b-4d0c-4690-8921-e91fbfa90971/click'
20:00:02.906 [AsyncHttpClient-1-5] DEBUG org.asynchttpclient.netty.handler.HttpHandler - 

Request DefaultHttpRequest(decodeResult: success, version: HTTP/1.1)
POST /session/9f316e80ca5c3221b139013c503e564d/element/9cb8b55b-4d0c-4690-8921-e91fbfa90971/click HTTP/1.1
User-Agent: selenium/4.1.2 (java windows)
Content-Length: 50
Content-Type: application/json; charset=utf-8
host: localhost:57338
accept: */*

Response DefaultHttpResponse(decodeResult: success, version: HTTP/1.1)
HTTP/1.1 200 OK
Content-Type: application/json; charset=utf-8
cache-control: no-cache
content-length: 14

20:00:02.907 [AsyncHttpClient-1-5] DEBUG org.asynchttpclient.netty.channel.ChannelManager - Adding key: http://localhost:57338 for channel [id: 0xbf334b88, L:/127.0.0.1:59884 - R:localhost/127.0.0.1:57338]
  &amp#27;[32mAnd &amp#27;[0m&amp#27;[32mI click Login Button&amp#27;[0m                               &amp#27;[90m# starter.stepdefinition.LoginSteps.iClickLoginButton()&amp#27;[0m
20:00:02.926 [Forwarding screenshot on session 9f316e80ca5c3221b139013c503e564d to remote] DEBUG org.asynchttpclient.netty.request.NettyRequestSender - Using pooled Channel '[id: 0xbf334b88, L:/127.0.0.1:59884 - R:localhost/127.0.0.1:57338]' for 'GET' to 'http://localhost:57338/session/9f316e80ca5c3221b139013c503e564d/screenshot'
20:00:02.927 [Forwarding screenshot on session 9f316e80ca5c3221b139013c503e564d to remote] DEBUG org.asynchttpclient.netty.request.NettyRequestSender - Using open Channel [id: 0xbf334b88, L:/127.0.0.1:59884 - R:localhost/127.0.0.1:57338] for GET '/session/9f316e80ca5c3221b139013c503e564d/screenshot'
20:00:03.110 [AsyncHttpClient-1-5] DEBUG org.asynchttpclient.netty.handler.HttpHandler - 

Request DefaultFullHttpRequest(decodeResult: success, version: HTTP/1.1, content: EmptyByteBufBE)
GET /session/9f316e80ca5c3221b139013c503e564d/screenshot HTTP/1.1
User-Agent: selenium/4.1.2 (java windows)
Cache-Control: no-cache
Content-Type: application/json; charset=utf-8
host: localhost:57338
accept: */*

Response DefaultHttpResponse(decodeResult: success, version: HTTP/1.1)
HTTP/1.1 200 OK
Content-Type: application/json; charset=utf-8
cache-control: no-cache
content-length: 65156

20:00:03.111 [AsyncHttpClient-1-5] DEBUG org.asynchttpclient.netty.channel.ChannelManager - Adding key: http://localhost:57338 for channel [id: 0xbf334b88, L:/127.0.0.1:59884 - R:localhost/127.0.0.1:57338]
20:00:03.115 [main] DEBUG net.serenitybdd.core.photography.Darkroom - Send negative for processing for target\site\serenity\f1d391bc5be84e42680cd6b52ca4636199dcc7e8b2902a220f5cbf490d2f24f4.png
20:00:03.134 [Forwarding findElement on session 9f316e80ca5c3221b139013c503e564d to remote] DEBUG org.asynchttpclient.netty.request.NettyRequestSender - Using pooled Channel '[id: 0xbf334b88, L:/127.0.0.1:59884 - R:localhost/127.0.0.1:57338]' for 'POST' to 'http://localhost:57338/session/9f316e80ca5c3221b139013c503e564d/element'
20:00:03.134 [Forwarding findElement on session 9f316e80ca5c3221b139013c503e564d to remote] DEBUG org.asynchttpclient.netty.request.NettyRequestSender - Using open Channel [id: 0xbf334b88, L:/127.0.0.1:59884 - R:localhost/127.0.0.1:57338] for POST '/session/9f316e80ca5c3221b139013c503e564d/element'
20:00:03.471 [AsyncHttpClient-1-5] DEBUG org.asynchttpclient.netty.handler.HttpHandler - 

Request DefaultHttpRequest(decodeResult: success, version: HTTP/1.1)
POST /session/9f316e80ca5c3221b139013c503e564d/element HTTP/1.1
User-Agent: selenium/4.1.2 (java windows)
Content-Length: 67
Content-Type: application/json; charset=utf-8
host: localhost:57338
accept: */*

Response DefaultHttpResponse(decodeResult: success, version: HTTP/1.1)
HTTP/1.1 200 OK
Content-Type: application/json; charset=utf-8
cache-control: no-cache
content-length: 88

20:00:03.472 [AsyncHttpClient-1-5] DEBUG org.asynchttpclient.netty.channel.ChannelManager - Adding key: http://localhost:57338 for channel [id: 0xbf334b88, L:/127.0.0.1:59884 - R:localhost/127.0.0.1:57338]
20:00:03.476 [Forwarding isElementDisplayed on session 9f316e80ca5c3221b139013c503e564d to remote] DEBUG org.asynchttpclient.netty.request.NettyRequestSender - Using pooled Channel '[id: 0xbf334b88, L:/127.0.0.1:59884 - R:localhost/127.0.0.1:57338]' for 'POST' to 'http://localhost:57338/session/9f316e80ca5c3221b139013c503e564d/execute/sync'
20:00:03.476 [Forwarding isElementDisplayed on session 9f316e80ca5c3221b139013c503e564d to remote] DEBUG org.asynchttpclient.netty.request.NettyRequestSender - Using open Channel [id: 0xbf334b88, L:/127.0.0.1:59884 - R:localhost/127.0.0.1:57338] for POST '/session/9f316e80ca5c3221b139013c503e564d/execute/sync'
20:00:03.490 [AsyncHttpClient-1-5] DEBUG org.asynchttpclient.netty.handler.HttpHandler - 

Request DefaultHttpRequest(decodeResult: success, version: HTTP/1.1)
POST /session/9f316e80ca5c3221b139013c503e564d/execute/sync HTTP/1.1
User-Agent: selenium/4.1.2 (java windows)
Content-Length: 48780
Content-Type: application/json; charset=utf-8
host: localhost:57338
accept: */*

Response DefaultHttpResponse(decodeResult: success, version: HTTP/1.1)
HTTP/1.1 200 OK
Content-Type: application/json; charset=utf-8
cache-control: no-cache
content-length: 14

20:00:03.490 [AsyncHttpClient-1-5] DEBUG org.asynchttpclient.netty.channel.ChannelManager - Adding key: http://localhost:57338 for channel [id: 0xbf334b88, L:/127.0.0.1:59884 - R:localhost/127.0.0.1:57338]
  &amp#27;[32mThen &amp#27;[0m&amp#27;[32mI will get error message&amp#27;[0m                          &amp#27;[90m# starter.stepdefinition.LoginSteps.iWillGetErrorMessage()&amp#27;[0m
20:00:03.495 [Forwarding screenshot on session 9f316e80ca5c3221b139013c503e564d to remote] DEBUG org.asynchttpclient.netty.request.NettyRequestSender - Using pooled Channel '[id: 0xbf334b88, L:/127.0.0.1:59884 - R:localhost/127.0.0.1:57338]' for 'GET' to 'http://localhost:57338/session/9f316e80ca5c3221b139013c503e564d/screenshot'
20:00:03.495 [Forwarding screenshot on session 9f316e80ca5c3221b139013c503e564d to remote] DEBUG org.asynchttpclient.netty.request.NettyRequestSender - Using open Channel [id: 0xbf334b88, L:/127.0.0.1:59884 - R:localhost/127.0.0.1:57338] for GET '/session/9f316e80ca5c3221b139013c503e564d/screenshot'
20:00:03.647 [AsyncHttpClient-1-5] DEBUG org.asynchttpclient.netty.handler.HttpHandler - 

Request DefaultFullHttpRequest(decodeResult: success, version: HTTP/1.1, content: EmptyByteBufBE)
GET /session/9f316e80ca5c3221b139013c503e564d/screenshot HTTP/1.1
User-Agent: selenium/4.1.2 (java windows)
Cache-Control: no-cache
Content-Type: application/json; charset=utf-8
host: localhost:57338
accept: */*

Response DefaultHttpResponse(decodeResult: success, version: HTTP/1.1)
HTTP/1.1 200 OK
Content-Type: application/json; charset=utf-8
cache-control: no-cache
content-length: 91560

20:00:03.647 [AsyncHttpClient-1-5] DEBUG org.asynchttpclient.netty.channel.ChannelManager - Adding key: http://localhost:57338 for channel [id: 0xbf334b88, L:/127.0.0.1:59884 - R:localhost/127.0.0.1:57338]
20:00:03.650 [main] DEBUG net.serenitybdd.core.photography.Darkroom - Send negative for processing for target\site\serenity\9f753980b3a606f08536961e6640acef63320e353d82a5b54953d2d185df2148.png
20:00:03.650 [Darkroom Processing Line] DEBUG net.serenitybdd.core.photography.DarkroomProcessingLine - Processing screenshot image in /var/screenshots/screenshot-13968079533660420636
20:00:03.651 [Darkroom Processing Line] DEBUG net.serenitybdd.core.photography.DarkroomProcessingLine - Saving screenshot to target\site\serenity\9f753980b3a606f08536961e6640acef63320e353d82a5b54953d2d185df2148.png
20:00:03.652 [main] INFO  - 
  _____   ___   ___   _____     ___     _     ___   ___   ___   ___  
 |_   _| | __| / __| |_   _|   | _ \   /_\   / __| / __| | __| |   \ 
   | |   | _|  \__ \   | |     |  _/  / _ \  \__ \ \__ \ | _|  | |) |
   |_|   |___| |___/   |_|     |_|   /_/ \_\ |___/ |___/ |___| |___/ 

Login with invalid username and valid password
----------------------------------------------------------------------
20:00:03.653 [AsyncHttpClient-1-7] DEBUG org.asynchttpclient.netty.handler.WebSocketHandler - Channel Closed: [id: 0x921ad17b, L:/127.0.0.1:59892 ! R:localhost/127.0.0.1:59885] with attribute NettyResponseFuture{currentRetry=5,
	isDone=1,
	isCancelled=0,
	asyncHandler=org.asynchttpclient.ws.WebSocketUpgradeHandler@3e588746,
	nettyRequest=org.asynchttpclient.netty.request.NettyRequest@7b5a1ee9,
	future=java.util.concurrent.CompletableFuture@48a89ce8[Completed normally],
	uri=ws://localhost:59885/devtools/browser/b9d8792e-edc5-42e1-8f56-b13388fe9a44,
	keepAlive=true,
	redirectCount=0,
	timeoutsHolder=null,
	inAuth=0,
	touch=1665406792977}
20:00:03.654 [AsyncHttpClient-1-7] DEBUG org.asynchttpclient.netty.channel.ChannelManager - Closing Channel [id: 0x921ad17b, L:/127.0.0.1:59892 ! R:localhost/127.0.0.1:59885] 
20:00:03.654 [Driver Command Executor] DEBUG org.asynchttpclient.netty.request.NettyRequestSender - Using pooled Channel '[id: 0xbf334b88, L:/127.0.0.1:59884 - R:localhost/127.0.0.1:57338]' for 'DELETE' to 'http://localhost:57338/session/9f316e80ca5c3221b139013c503e564d'
20:00:03.654 [Driver Command Executor] DEBUG org.asynchttpclient.netty.request.NettyRequestSender - Using open Channel [id: 0xbf334b88, L:/127.0.0.1:59884 - R:localhost/127.0.0.1:57338] for DELETE '/session/9f316e80ca5c3221b139013c503e564d'
20:00:03.681 [AsyncHttpClient-1-6] DEBUG org.asynchttpclient.netty.handler.HttpHandler - Unexpected I/O exception on channel [id: 0x6291f45f, L:/127.0.0.1:59891 - R:localhost/127.0.0.1:59885]
java.io.IOException: An existing connection was forcibly closed by the remote host
	at java.base/sun.nio.ch.SocketDispatcher.read0(Native Method)
	at java.base/sun.nio.ch.SocketDispatcher.read(SocketDispatcher.java:43)
	at java.base/sun.nio.ch.IOUtil.readIntoNativeBuffer(IOUtil.java:276)
	at java.base/sun.nio.ch.IOUtil.read(IOUtil.java:233)
	at java.base/sun.nio.ch.IOUtil.read(IOUtil.java:223)
	at java.base/sun.nio.ch.SocketChannelImpl.read(SocketChannelImpl.java:358)
	at io.netty.buffer.PooledByteBuf.setBytes(PooledByteBuf.java:258)
	at io.netty.buffer.AbstractByteBuf.writeBytes(AbstractByteBuf.java:1132)
	at io.netty.channel.socket.nio.NioSocketChannel.doReadBytes(NioSocketChannel.java:350)
	at io.netty.channel.nio.AbstractNioByteChannel$NioByteUnsafe.read(AbstractNioByteChannel.java:151)
	at io.netty.channel.nio.NioEventLoop.processSelectedKey(NioEventLoop.java:722)
	at io.netty.channel.nio.NioEventLoop.processSelectedKeysOptimized(NioEventLoop.java:658)
	at io.netty.channel.nio.NioEventLoop.processSelectedKeys(NioEventLoop.java:584)
	at io.netty.channel.nio.NioEventLoop.run(NioEventLoop.java:496)
	at io.netty.util.concurrent.SingleThreadEventExecutor$4.run(SingleThreadEventExecutor.java:986)
	at io.netty.util.internal.ThreadExecutorMap$2.run(ThreadExecutorMap.java:74)
	at io.netty.util.concurrent.FastThreadLocalRunnable.run(FastThreadLocalRunnable.java:30)
	at java.base/java.lang.Thread.run(Thread.java:834)
20:00:03.682 [AsyncHttpClient-1-6] DEBUG org.asynchttpclient.netty.channel.ChannelManager - Closing Channel [id: 0x6291f45f, L:/127.0.0.1:59891 - R:localhost/127.0.0.1:59885] 
20:00:03.682 [AsyncHttpClient-1-6] DEBUG org.asynchttpclient.netty.handler.HttpHandler - Channel Closed: [id: 0x6291f45f, L:/127.0.0.1:59891 ! R:localhost/127.0.0.1:59885] with attribute DISCARD
20:00:03.701 [AsyncHttpClient-1-5] DEBUG org.asynchttpclient.netty.handler.HttpHandler - 

Request DefaultFullHttpRequest(decodeResult: success, version: HTTP/1.1, content: EmptyByteBufBE)
DELETE /session/9f316e80ca5c3221b139013c503e564d HTTP/1.1
User-Agent: selenium/4.1.2 (java windows)
Content-Type: application/json; charset=utf-8
host: localhost:57338
accept: */*

Response DefaultHttpResponse(decodeResult: success, version: HTTP/1.1)
HTTP/1.1 200 OK
Content-Type: application/json; charset=utf-8
cache-control: no-cache
content-length: 14

20:00:03.702 [AsyncHttpClient-1-5] DEBUG org.asynchttpclient.netty.channel.ChannelManager - Adding key: http://localhost:57338 for channel [id: 0xbf334b88, L:/127.0.0.1:59884 - R:localhost/127.0.0.1:57338]
20:00:03.814 [AsyncHttpClient-1-5] DEBUG org.asynchttpclient.netty.handler.HttpHandler - Channel Closed: [id: 0xbf334b88, L:/127.0.0.1:59884 ! R:localhost/127.0.0.1:57338] with attribute DISCARD
]]></system-out>
    <system-err><![CDATA[Starting ChromeDriver 106.0.5249.61 (511755355844955cd3e264779baf0dd38212a4d0-refs/branch-heads/5249@{#569}) on port 57338
Only local connections are allowed.
Please see https://chromedriver.chromium.org/security-considerations for suggestions on keeping ChromeDriver safe.
ChromeDriver was started successfully.
Oct 10, 2022 7:59:52 PM org.openqa.selenium.remote.ProtocolHandshake createSession
INFO: Detected dialect: W3C
Oct 10, 2022 7:59:52 PM org.openqa.selenium.devtools.CdpVersionFinder findNearestMatch
WARNING: Unable to find an exact match for CDP version 106, so returning the closest version found: a no-op implementation
Oct 10, 2022 7:59:52 PM org.openqa.selenium.devtools.CdpVersionFinder findNearestMatch
INFO: Unable to find CDP implementation matching 106.
Oct 10, 2022 7:59:52 PM org.openqa.selenium.chromium.ChromiumDriver lambda$new$3
WARNING: Unable to find version of CDP to use for . You may need to include a dependency on a specific version of the CDP using something similar to `org.seleniumhq.selenium:selenium-devtools-v86:4.1.2` where the version ("v86") matches the version of the chromium-based browser you're using and the version number of the artifact is the same as Selenium's.
]]></system-err>
  </testcase>
  <testcase name="Login with valid username and invalid password" classname="Login" time="15.043">
    <system-out><![CDATA[20:00:03.866 [AsyncHttpClient-1-1] DEBUG org.asynchttpclient.netty.channel.DefaultChannelPool - Entry count for : http://localhost:59885 : 1
20:00:03.866 [AsyncHttpClient-1-1] DEBUG org.asynchttpclient.netty.channel.DefaultChannelPool - Entry count for : http://localhost:57338 : 1
20:00:03.866 [AsyncHttpClient-1-1] DEBUG org.asynchttpclient.netty.channel.DefaultChannelPool - Adding Candidate expired Channel [id: 0x6291f45f, L:/127.0.0.1:59891 ! R:localhost/127.0.0.1:59885] isIdleTimeoutExpired=false isRemotelyClosed=true isTtlExpired=false
20:00:03.866 [AsyncHttpClient-1-1] DEBUG org.asynchttpclient.netty.channel.DefaultChannelPool - Closing Idle Channel [id: 0x6291f45f, L:/127.0.0.1:59891 ! R:localhost/127.0.0.1:59885]
20:00:03.866 [AsyncHttpClient-1-1] DEBUG org.asynchttpclient.netty.channel.DefaultChannelPool - Adding Candidate expired Channel [id: 0xbf334b88, L:/127.0.0.1:59884 ! R:localhost/127.0.0.1:57338] isIdleTimeoutExpired=false isRemotelyClosed=true isTtlExpired=false
20:00:03.866 [AsyncHttpClient-1-1] DEBUG org.asynchttpclient.netty.channel.DefaultChannelPool - Closing Idle Channel [id: 0xbf334b88, L:/127.0.0.1:59884 ! R:localhost/127.0.0.1:57338]
20:00:03.867 [AsyncHttpClient-1-1] DEBUG org.asynchttpclient.netty.channel.DefaultChannelPool - Closed 2 connections out of 2 in 0 ms

Scenario: Login with valid username and invalid password &amp#27;[90m# src/test/resources/features/login.feature:20&amp#27;[0m
20:00:03.883 [main] INFO io.cucumber.core.plugin.SerenityReporter - Running feature from file:///C:/Users/ASUS/IdeaProjects/DemoQA/src/test/resources/features/login.feature
20:00:03.892 [main] INFO  - 
  _____   ___   ___   _____     ___   _____     _     ___   _____   ___   ___  
 |_   _| | __| / __| |_   _|   / __| |_   _|   /_\   | _ \ |_   _| | __| |   \ 
   | |   | _|  \__ \   | |     \__ \   | |    / _ \  |   /   | |   | _|  | |) |
   |_|   |___| |___/   |_|     |___/   |_|   /_/ \_\ |_|_\   |_|   |___| |___/ 

Login with valid username and invalid password(login;login-with-valid-username-and-invalid-password)
--------------------------------------------------------------------------------
20:00:03.949 [main] INFO net.serenitybdd.core.webdriver.driverproviders.ChromeDriverProvider - Using automatically driver download
20:00:04.075 [main] DEBUG io.github.bonigarcia.wdm.cache.ResolutionCache - Resolution chrome=106 in cache (valid until 20:17:04 10/10/2022 ICT)
20:00:04.081 [main] DEBUG io.github.bonigarcia.wdm.cache.ResolutionCache - Resolution chrome106=106.0.5249.61 in cache (valid until 23:39:47 10/10/2022 ICT)
20:00:04.083 [main] INFO io.github.bonigarcia.wdm.WebDriverManager - Using chromedriver 106.0.5249.61 (resolved driver for Chrome 106)
20:00:04.107 [main] DEBUG io.github.bonigarcia.wdm.WebDriverManager - Driver chromedriver 106.0.5249.61 found in cache
20:00:04.108 [main] INFO io.github.bonigarcia.wdm.WebDriverManager - Exporting webdriver.chrome.driver as C:\Users\ASUS\.cache\selenium\chromedriver\win32\106.0.5249.61\chromedriver.exe
20:00:04.227 [main] DEBUG net.serenitybdd.core.webdriver.driverproviders.ProvideNewDriver - Instantiating driver
20:00:04.228 [main] DEBUG net.serenitybdd.core.webdriver.driverproviders.ProvideNewDriver - Driver capabilities: Capabilities {acceptInsecureCerts: false, base.url: https://demoqa.com, browserName: chrome, chrome.driver: src/test/resources/webdrive..., driver: chrome, goog:chromeOptions: {args: [], extensions: []}}
20:00:04.343 [AsyncHttpClient-1-8] DEBUG org.asynchttpclient.netty.channel.NettyConnectListener - Using new Channel '[id: 0x8aef824f, L:/127.0.0.1:59927 - R:localhost/127.0.0.1:50523]' for 'POST' to '/session'
20:00:07.587 [AsyncHttpClient-1-8] DEBUG org.asynchttpclient.netty.handler.HttpHandler - 

Request DefaultHttpRequest(decodeResult: success, version: HTTP/1.1)
POST /session HTTP/1.1
User-Agent: selenium/4.1.2 (java windows)
Content-Length: 599
Content-Type: application/json; charset=utf-8
host: localhost:50523
accept: */*

Response DefaultHttpResponse(decodeResult: success, version: HTTP/1.1)
HTTP/1.1 200 OK
Content-Type: application/json; charset=utf-8
cache-control: no-cache
content-length: 790

20:00:07.588 [AsyncHttpClient-1-8] DEBUG org.asynchttpclient.netty.channel.ChannelManager - Adding key: http://localhost:50523 for channel [id: 0x8aef824f, L:/127.0.0.1:59927 - R:localhost/127.0.0.1:50523]
20:00:07.613 [AsyncHttpClient-1-9] DEBUG org.asynchttpclient.netty.channel.NettyConnectListener - Using new Channel '[id: 0xfba8edff, L:/127.0.0.1:59934 - R:localhost/127.0.0.1:59928]' for 'GET' to '/json/version'
20:00:07.620 [AsyncHttpClient-1-9] DEBUG org.asynchttpclient.netty.handler.HttpHandler - 

Request DefaultFullHttpRequest(decodeResult: success, version: HTTP/1.1, content: EmptyByteBufBE)
GET /json/version HTTP/1.1
User-Agent: selenium/4.1.2 (java windows)
host: localhost:59928
accept: */*

Response DefaultHttpResponse(decodeResult: success, version: HTTP/1.1)
HTTP/1.1 200 OK
Content-Type: application/json; charset=UTF-8
content-length: 424

20:00:07.621 [AsyncHttpClient-1-9] DEBUG org.asynchttpclient.netty.channel.ChannelManager - Adding key: http://localhost:59928 for channel [id: 0xfba8edff, L:/127.0.0.1:59934 - R:localhost/127.0.0.1:59928]
20:00:07.641 [AsyncHttpClient-1-10] DEBUG org.asynchttpclient.netty.channel.NettyConnectListener - Using new Channel '[id: 0x61cbc334, L:/127.0.0.1:59935 - R:localhost/127.0.0.1:59928]' for 'GET' to '/devtools/browser/3ade6032-d461-4e0b-a8b4-ac2893ebe8b5'
20:00:07.649 [AsyncHttpClient-1-10] DEBUG org.asynchttpclient.netty.handler.WebSocketHandler - 

Request DefaultFullHttpRequest(decodeResult: success, version: HTTP/1.1, content: EmptyByteBufBE)
GET /devtools/browser/3ade6032-d461-4e0b-a8b4-ac2893ebe8b5 HTTP/1.1
upgrade: websocket
connection: upgrade
sec-websocket-key: /e/S+YrBUsfnRYJbJrRJDg==
sec-websocket-version: 13
origin: http://localhost:59928
host: localhost:59928
accept: */*
user-agent: AHC/2.1

Response DefaultHttpResponse(decodeResult: success, version: HTTP/1.1)
HTTP/1.1 101 WebSocket Protocol Handshake
Upgrade: WebSocket
Connection: Upgrade
Sec-WebSocket-Accept: NK1q8FuQPnnzHbofLRGlrb2i7pY=

20:00:07.661 [Forwarding get on session 02b9f9f10525b17901354cd2533c7c11 to remote] DEBUG org.asynchttpclient.netty.request.NettyRequestSender - Using pooled Channel '[id: 0x8aef824f, L:/127.0.0.1:59927 - R:localhost/127.0.0.1:50523]' for 'POST' to 'http://localhost:50523/session/02b9f9f10525b17901354cd2533c7c11/url'
20:00:07.661 [Forwarding get on session 02b9f9f10525b17901354cd2533c7c11 to remote] DEBUG org.asynchttpclient.netty.request.NettyRequestSender - Using open Channel [id: 0x8aef824f, L:/127.0.0.1:59927 - R:localhost/127.0.0.1:50523] for POST '/session/02b9f9f10525b17901354cd2533c7c11/url'
20:00:08.271 [AsyncHttpClient-1-1] DEBUG org.asynchttpclient.netty.channel.DefaultChannelPool - Entry count for : http://localhost:59928 : 1
20:00:09.367 [AsyncHttpClient-1-1] DEBUG org.asynchttpclient.netty.channel.DefaultChannelPool - Entry count for : http://localhost:59928 : 1
20:00:10.467 [AsyncHttpClient-1-1] DEBUG org.asynchttpclient.netty.channel.DefaultChannelPool - Entry count for : http://localhost:59928 : 1
20:00:11.571 [AsyncHttpClient-1-1] DEBUG org.asynchttpclient.netty.channel.DefaultChannelPool - Entry count for : http://localhost:59928 : 1
20:00:12.672 [AsyncHttpClient-1-1] DEBUG org.asynchttpclient.netty.channel.DefaultChannelPool - Entry count for : http://localhost:59928 : 1
20:00:13.767 [AsyncHttpClient-1-1] DEBUG org.asynchttpclient.netty.channel.DefaultChannelPool - Entry count for : http://localhost:59928 : 1
20:00:14.865 [AsyncHttpClient-1-1] DEBUG org.asynchttpclient.netty.channel.DefaultChannelPool - Entry count for : http://localhost:59928 : 1
20:00:15.975 [AsyncHttpClient-1-1] DEBUG org.asynchttpclient.netty.channel.DefaultChannelPool - Entry count for : http://localhost:59928 : 1
20:00:16.650 [AsyncHttpClient-1-8] DEBUG org.asynchttpclient.netty.handler.HttpHandler - 

Request DefaultHttpRequest(decodeResult: success, version: HTTP/1.1)
POST /session/02b9f9f10525b17901354cd2533c7c11/url HTTP/1.1
User-Agent: selenium/4.1.2 (java windows)
Content-Length: 54
Content-Type: application/json; charset=utf-8
host: localhost:50523
accept: */*

Response DefaultHttpResponse(decodeResult: success, version: HTTP/1.1)
HTTP/1.1 200 OK
Content-Type: application/json; charset=utf-8
cache-control: no-cache
content-length: 14

20:00:16.651 [AsyncHttpClient-1-8] DEBUG org.asynchttpclient.netty.channel.ChannelManager - Adding key: http://localhost:50523 for channel [id: 0x8aef824f, L:/127.0.0.1:59927 - R:localhost/127.0.0.1:50523]
20:00:16.654 [Forwarding setTimeout on session 02b9f9f10525b17901354cd2533c7c11 to remote] DEBUG org.asynchttpclient.netty.request.NettyRequestSender - Using pooled Channel '[id: 0x8aef824f, L:/127.0.0.1:59927 - R:localhost/127.0.0.1:50523]' for 'POST' to 'http://localhost:50523/session/02b9f9f10525b17901354cd2533c7c11/timeouts'
20:00:16.654 [Forwarding setTimeout on session 02b9f9f10525b17901354cd2533c7c11 to remote] DEBUG org.asynchttpclient.netty.request.NettyRequestSender - Using open Channel [id: 0x8aef824f, L:/127.0.0.1:59927 - R:localhost/127.0.0.1:50523] for POST '/session/02b9f9f10525b17901354cd2533c7c11/timeouts'
20:00:16.656 [AsyncHttpClient-1-8] DEBUG org.asynchttpclient.netty.handler.HttpHandler - 

Request DefaultHttpRequest(decodeResult: success, version: HTTP/1.1)
POST /session/02b9f9f10525b17901354cd2533c7c11/timeouts HTTP/1.1
User-Agent: selenium/4.1.2 (java windows)
Content-Length: 22
Content-Type: application/json; charset=utf-8
host: localhost:50523
accept: */*

Response DefaultHttpResponse(decodeResult: success, version: HTTP/1.1)
HTTP/1.1 200 OK
Content-Type: application/json; charset=utf-8
cache-control: no-cache
content-length: 14

20:00:16.656 [AsyncHttpClient-1-8] DEBUG org.asynchttpclient.netty.channel.ChannelManager - Adding key: http://localhost:50523 for channel [id: 0x8aef824f, L:/127.0.0.1:59927 - R:localhost/127.0.0.1:50523]
20:00:16.662 [Forwarding getCurrentUrl on session 02b9f9f10525b17901354cd2533c7c11 to remote] DEBUG org.asynchttpclient.netty.request.NettyRequestSender - Using pooled Channel '[id: 0x8aef824f, L:/127.0.0.1:59927 - R:localhost/127.0.0.1:50523]' for 'GET' to 'http://localhost:50523/session/02b9f9f10525b17901354cd2533c7c11/url'
20:00:16.663 [Forwarding getCurrentUrl on session 02b9f9f10525b17901354cd2533c7c11 to remote] DEBUG org.asynchttpclient.netty.request.NettyRequestSender - Using open Channel [id: 0x8aef824f, L:/127.0.0.1:59927 - R:localhost/127.0.0.1:50523] for GET '/session/02b9f9f10525b17901354cd2533c7c11/url'
20:00:16.672 [AsyncHttpClient-1-8] DEBUG org.asynchttpclient.netty.handler.HttpHandler - 

Request DefaultFullHttpRequest(decodeResult: success, version: HTTP/1.1, content: EmptyByteBufBE)
GET /session/02b9f9f10525b17901354cd2533c7c11/url HTTP/1.1
User-Agent: selenium/4.1.2 (java windows)
Cache-Control: no-cache
Content-Type: application/json; charset=utf-8
host: localhost:50523
accept: */*

Response DefaultHttpResponse(decodeResult: success, version: HTTP/1.1)
HTTP/1.1 200 OK
Content-Type: application/json; charset=utf-8
cache-control: no-cache
content-length: 36

20:00:16.672 [AsyncHttpClient-1-8] DEBUG org.asynchttpclient.netty.channel.ChannelManager - Adding key: http://localhost:50523 for channel [id: 0x8aef824f, L:/127.0.0.1:59927 - R:localhost/127.0.0.1:50523]
20:00:16.680 [Forwarding findElement on session 02b9f9f10525b17901354cd2533c7c11 to remote] DEBUG org.asynchttpclient.netty.request.NettyRequestSender - Using pooled Channel '[id: 0x8aef824f, L:/127.0.0.1:59927 - R:localhost/127.0.0.1:50523]' for 'POST' to 'http://localhost:50523/session/02b9f9f10525b17901354cd2533c7c11/element'
20:00:16.680 [Forwarding findElement on session 02b9f9f10525b17901354cd2533c7c11 to remote] DEBUG org.asynchttpclient.netty.request.NettyRequestSender - Using open Channel [id: 0x8aef824f, L:/127.0.0.1:59927 - R:localhost/127.0.0.1:50523] for POST '/session/02b9f9f10525b17901354cd2533c7c11/element'
20:00:16.699 [AsyncHttpClient-1-8] DEBUG org.asynchttpclient.netty.handler.HttpHandler - 

Request DefaultHttpRequest(decodeResult: success, version: HTTP/1.1)
POST /session/02b9f9f10525b17901354cd2533c7c11/element HTTP/1.1
User-Agent: selenium/4.1.2 (java windows)
Content-Length: 53
Content-Type: application/json; charset=utf-8
host: localhost:50523
accept: */*

Response DefaultHttpResponse(decodeResult: success, version: HTTP/1.1)
HTTP/1.1 200 OK
Content-Type: application/json; charset=utf-8
cache-control: no-cache
content-length: 88

20:00:16.699 [AsyncHttpClient-1-8] DEBUG org.asynchttpclient.netty.channel.ChannelManager - Adding key: http://localhost:50523 for channel [id: 0x8aef824f, L:/127.0.0.1:59927 - R:localhost/127.0.0.1:50523]
20:00:16.701 [Forwarding sendKeysToElement on session 02b9f9f10525b17901354cd2533c7c11 to remote] DEBUG org.asynchttpclient.netty.request.NettyRequestSender - Using pooled Channel '[id: 0x8aef824f, L:/127.0.0.1:59927 - R:localhost/127.0.0.1:50523]' for 'POST' to 'http://localhost:50523/session/02b9f9f10525b17901354cd2533c7c11/element/e8e1e533-fc26-4898-8faf-1ba35178c41e/value'
20:00:16.701 [Forwarding sendKeysToElement on session 02b9f9f10525b17901354cd2533c7c11 to remote] DEBUG org.asynchttpclient.netty.request.NettyRequestSender - Using open Channel [id: 0x8aef824f, L:/127.0.0.1:59927 - R:localhost/127.0.0.1:50523] for POST '/session/02b9f9f10525b17901354cd2533c7c11/element/e8e1e533-fc26-4898-8faf-1ba35178c41e/value'
20:00:16.766 [AsyncHttpClient-1-8] DEBUG org.asynchttpclient.netty.handler.HttpHandler - 

Request DefaultHttpRequest(decodeResult: success, version: HTTP/1.1)
POST /session/02b9f9f10525b17901354cd2533c7c11/element/e8e1e533-fc26-4898-8faf-1ba35178c41e/value HTTP/1.1
User-Agent: selenium/4.1.2 (java windows)
Content-Length: 95
Content-Type: application/json; charset=utf-8
host: localhost:50523
accept: */*

Response DefaultHttpResponse(decodeResult: success, version: HTTP/1.1)
HTTP/1.1 200 OK
Content-Type: application/json; charset=utf-8
cache-control: no-cache
content-length: 14

20:00:16.766 [AsyncHttpClient-1-8] DEBUG org.asynchttpclient.netty.channel.ChannelManager - Adding key: http://localhost:50523 for channel [id: 0x8aef824f, L:/127.0.0.1:59927 - R:localhost/127.0.0.1:50523]
  &amp#27;[32mGiven &amp#27;[0m&amp#27;[32mI am on the login page&amp#27;[0m                           &amp#27;[90m# starter.stepdefinition.LoginSteps.iAmOnTheLoginPage()&amp#27;[0m
20:00:16.790 [Forwarding screenshot on session 02b9f9f10525b17901354cd2533c7c11 to remote] DEBUG org.asynchttpclient.netty.request.NettyRequestSender - Using pooled Channel '[id: 0x8aef824f, L:/127.0.0.1:59927 - R:localhost/127.0.0.1:50523]' for 'GET' to 'http://localhost:50523/session/02b9f9f10525b17901354cd2533c7c11/screenshot'
20:00:16.791 [Forwarding screenshot on session 02b9f9f10525b17901354cd2533c7c11 to remote] DEBUG org.asynchttpclient.netty.request.NettyRequestSender - Using open Channel [id: 0x8aef824f, L:/127.0.0.1:59927 - R:localhost/127.0.0.1:50523] for GET '/session/02b9f9f10525b17901354cd2533c7c11/screenshot'
20:00:17.052 [AsyncHttpClient-1-8] DEBUG org.asynchttpclient.netty.handler.HttpHandler - 

Request DefaultFullHttpRequest(decodeResult: success, version: HTTP/1.1, content: EmptyByteBufBE)
GET /session/02b9f9f10525b17901354cd2533c7c11/screenshot HTTP/1.1
User-Agent: selenium/4.1.2 (java windows)
Cache-Control: no-cache
Content-Type: application/json; charset=utf-8
host: localhost:50523
accept: */*

Response DefaultHttpResponse(decodeResult: success, version: HTTP/1.1)
HTTP/1.1 200 OK
Content-Type: application/json; charset=utf-8
cache-control: no-cache
content-length: 88984

20:00:17.054 [AsyncHttpClient-1-8] DEBUG org.asynchttpclient.netty.channel.ChannelManager - Adding key: http://localhost:50523 for channel [id: 0x8aef824f, L:/127.0.0.1:59927 - R:localhost/127.0.0.1:50523]
20:00:17.060 [main] DEBUG net.serenitybdd.core.photography.Darkroom - Send negative for processing for target\site\serenity\16176f3e516008564c2686fe47ed1893f6519a2452d8a637e23256e6f104f59e.png
20:00:17.061 [Darkroom Processing Line] DEBUG net.serenitybdd.core.photography.DarkroomProcessingLine - Processing screenshot image in /var/screenshots/screenshot-5260145689571946657
20:00:17.061 [Darkroom Processing Line] DEBUG net.serenitybdd.core.photography.DarkroomProcessingLine - Saving screenshot to target\site\serenity\16176f3e516008564c2686fe47ed1893f6519a2452d8a637e23256e6f104f59e.png
20:00:17.069 [AsyncHttpClient-1-1] DEBUG org.asynchttpclient.netty.channel.DefaultChannelPool - Entry count for : http://localhost:50523 : 1
20:00:17.069 [AsyncHttpClient-1-1] DEBUG org.asynchttpclient.netty.channel.DefaultChannelPool - Entry count for : http://localhost:59928 : 1
20:00:17.070 [Forwarding findElement on session 02b9f9f10525b17901354cd2533c7c11 to remote] DEBUG org.asynchttpclient.netty.request.NettyRequestSender - Using pooled Channel '[id: 0x8aef824f, L:/127.0.0.1:59927 - R:localhost/127.0.0.1:50523]' for 'POST' to 'http://localhost:50523/session/02b9f9f10525b17901354cd2533c7c11/element'
20:00:17.070 [Forwarding findElement on session 02b9f9f10525b17901354cd2533c7c11 to remote] DEBUG org.asynchttpclient.netty.request.NettyRequestSender - Using open Channel [id: 0x8aef824f, L:/127.0.0.1:59927 - R:localhost/127.0.0.1:50523] for POST '/session/02b9f9f10525b17901354cd2533c7c11/element'
20:00:17.086 [AsyncHttpClient-1-8] DEBUG org.asynchttpclient.netty.handler.HttpHandler - 

Request DefaultHttpRequest(decodeResult: success, version: HTTP/1.1)
POST /session/02b9f9f10525b17901354cd2533c7c11/element HTTP/1.1
User-Agent: selenium/4.1.2 (java windows)
Content-Length: 53
Content-Type: application/json; charset=utf-8
host: localhost:50523
accept: */*

Response DefaultHttpResponse(decodeResult: success, version: HTTP/1.1)
HTTP/1.1 200 OK
Content-Type: application/json; charset=utf-8
cache-control: no-cache
content-length: 88

20:00:17.086 [AsyncHttpClient-1-8] DEBUG org.asynchttpclient.netty.channel.ChannelManager - Adding key: http://localhost:50523 for channel [id: 0x8aef824f, L:/127.0.0.1:59927 - R:localhost/127.0.0.1:50523]
20:00:17.088 [Forwarding clearElement on session 02b9f9f10525b17901354cd2533c7c11 to remote] DEBUG org.asynchttpclient.netty.request.NettyRequestSender - Using pooled Channel '[id: 0x8aef824f, L:/127.0.0.1:59927 - R:localhost/127.0.0.1:50523]' for 'POST' to 'http://localhost:50523/session/02b9f9f10525b17901354cd2533c7c11/element/4cc105a7-9762-4565-ab8c-d8068ed7297d/clear'
20:00:17.088 [Forwarding clearElement on session 02b9f9f10525b17901354cd2533c7c11 to remote] DEBUG org.asynchttpclient.netty.request.NettyRequestSender - Using open Channel [id: 0x8aef824f, L:/127.0.0.1:59927 - R:localhost/127.0.0.1:50523] for POST '/session/02b9f9f10525b17901354cd2533c7c11/element/4cc105a7-9762-4565-ab8c-d8068ed7297d/clear'
20:00:17.141 [AsyncHttpClient-1-8] DEBUG org.asynchttpclient.netty.handler.HttpHandler - 

Request DefaultHttpRequest(decodeResult: success, version: HTTP/1.1)
POST /session/02b9f9f10525b17901354cd2533c7c11/element/4cc105a7-9762-4565-ab8c-d8068ed7297d/clear HTTP/1.1
User-Agent: selenium/4.1.2 (java windows)
Content-Length: 50
Content-Type: application/json; charset=utf-8
host: localhost:50523
accept: */*

Response DefaultHttpResponse(decodeResult: success, version: HTTP/1.1)
HTTP/1.1 200 OK
Content-Type: application/json; charset=utf-8
cache-control: no-cache
content-length: 14

20:00:17.141 [AsyncHttpClient-1-8] DEBUG org.asynchttpclient.netty.channel.ChannelManager - Adding key: http://localhost:50523 for channel [id: 0x8aef824f, L:/127.0.0.1:59927 - R:localhost/127.0.0.1:50523]
20:00:17.143 [Forwarding sendKeysToElement on session 02b9f9f10525b17901354cd2533c7c11 to remote] DEBUG org.asynchttpclient.netty.request.NettyRequestSender - Using pooled Channel '[id: 0x8aef824f, L:/127.0.0.1:59927 - R:localhost/127.0.0.1:50523]' for 'POST' to 'http://localhost:50523/session/02b9f9f10525b17901354cd2533c7c11/element/4cc105a7-9762-4565-ab8c-d8068ed7297d/value'
20:00:17.144 [Forwarding sendKeysToElement on session 02b9f9f10525b17901354cd2533c7c11 to remote] DEBUG org.asynchttpclient.netty.request.NettyRequestSender - Using open Channel [id: 0x8aef824f, L:/127.0.0.1:59927 - R:localhost/127.0.0.1:50523] for POST '/session/02b9f9f10525b17901354cd2533c7c11/element/4cc105a7-9762-4565-ab8c-d8068ed7297d/value'
20:00:17.264 [AsyncHttpClient-1-8] DEBUG org.asynchttpclient.netty.handler.HttpHandler - 

Request DefaultHttpRequest(decodeResult: success, version: HTTP/1.1)
POST /session/02b9f9f10525b17901354cd2533c7c11/element/4cc105a7-9762-4565-ab8c-d8068ed7297d/value HTTP/1.1
User-Agent: selenium/4.1.2 (java windows)
Content-Length: 181
Content-Type: application/json; charset=utf-8
host: localhost:50523
accept: */*

Response DefaultHttpResponse(decodeResult: success, version: HTTP/1.1)
HTTP/1.1 200 OK
Content-Type: application/json; charset=utf-8
cache-control: no-cache
content-length: 14

20:00:17.265 [AsyncHttpClient-1-8] DEBUG org.asynchttpclient.netty.channel.ChannelManager - Adding key: http://localhost:50523 for channel [id: 0x8aef824f, L:/127.0.0.1:59927 - R:localhost/127.0.0.1:50523]
  &amp#27;[32mWhen &amp#27;[0m&amp#27;[32mI input valid username&amp#27;[0m                            &amp#27;[90m# starter.stepdefinition.LoginSteps.iInputValidUsername()&amp#27;[0m
20:00:17.282 [Forwarding screenshot on session 02b9f9f10525b17901354cd2533c7c11 to remote] DEBUG org.asynchttpclient.netty.request.NettyRequestSender - Using pooled Channel '[id: 0x8aef824f, L:/127.0.0.1:59927 - R:localhost/127.0.0.1:50523]' for 'GET' to 'http://localhost:50523/session/02b9f9f10525b17901354cd2533c7c11/screenshot'
20:00:17.283 [Forwarding screenshot on session 02b9f9f10525b17901354cd2533c7c11 to remote] DEBUG org.asynchttpclient.netty.request.NettyRequestSender - Using open Channel [id: 0x8aef824f, L:/127.0.0.1:59927 - R:localhost/127.0.0.1:50523] for GET '/session/02b9f9f10525b17901354cd2533c7c11/screenshot'
20:00:17.513 [AsyncHttpClient-1-8] DEBUG org.asynchttpclient.netty.handler.HttpHandler - 

Request DefaultFullHttpRequest(decodeResult: success, version: HTTP/1.1, content: EmptyByteBufBE)
GET /session/02b9f9f10525b17901354cd2533c7c11/screenshot HTTP/1.1
User-Agent: selenium/4.1.2 (java windows)
Cache-Control: no-cache
Content-Type: application/json; charset=utf-8
host: localhost:50523
accept: */*

Response DefaultHttpResponse(decodeResult: success, version: HTTP/1.1)
HTTP/1.1 200 OK
Content-Type: application/json; charset=utf-8
cache-control: no-cache
content-length: 89772

20:00:17.514 [AsyncHttpClient-1-8] DEBUG org.asynchttpclient.netty.channel.ChannelManager - Adding key: http://localhost:50523 for channel [id: 0x8aef824f, L:/127.0.0.1:59927 - R:localhost/127.0.0.1:50523]
20:00:17.517 [main] DEBUG net.serenitybdd.core.photography.Darkroom - Send negative for processing for target\site\serenity\478439e1ec169941ff3d6a9a8f6d1e654f9348a422ae96e6551d36656d6717ca.png
20:00:17.518 [Darkroom Processing Line] DEBUG net.serenitybdd.core.photography.DarkroomProcessingLine - Processing screenshot image in /var/screenshots/screenshot-14989576704762869924
20:00:17.518 [Darkroom Processing Line] DEBUG net.serenitybdd.core.photography.DarkroomProcessingLine - Saving screenshot to target\site\serenity\478439e1ec169941ff3d6a9a8f6d1e654f9348a422ae96e6551d36656d6717ca.png
20:00:17.525 [Forwarding findElement on session 02b9f9f10525b17901354cd2533c7c11 to remote] DEBUG org.asynchttpclient.netty.request.NettyRequestSender - Using pooled Channel '[id: 0x8aef824f, L:/127.0.0.1:59927 - R:localhost/127.0.0.1:50523]' for 'POST' to 'http://localhost:50523/session/02b9f9f10525b17901354cd2533c7c11/element'
20:00:17.525 [Forwarding findElement on session 02b9f9f10525b17901354cd2533c7c11 to remote] DEBUG org.asynchttpclient.netty.request.NettyRequestSender - Using open Channel [id: 0x8aef824f, L:/127.0.0.1:59927 - R:localhost/127.0.0.1:50523] for POST '/session/02b9f9f10525b17901354cd2533c7c11/element'
20:00:17.539 [AsyncHttpClient-1-8] DEBUG org.asynchttpclient.netty.handler.HttpHandler - 

Request DefaultHttpRequest(decodeResult: success, version: HTTP/1.1)
POST /session/02b9f9f10525b17901354cd2533c7c11/element HTTP/1.1
User-Agent: selenium/4.1.2 (java windows)
Content-Length: 53
Content-Type: application/json; charset=utf-8
host: localhost:50523
accept: */*

Response DefaultHttpResponse(decodeResult: success, version: HTTP/1.1)
HTTP/1.1 200 OK
Content-Type: application/json; charset=utf-8
cache-control: no-cache
content-length: 88

20:00:17.539 [AsyncHttpClient-1-8] DEBUG org.asynchttpclient.netty.channel.ChannelManager - Adding key: http://localhost:50523 for channel [id: 0x8aef824f, L:/127.0.0.1:59927 - R:localhost/127.0.0.1:50523]
20:00:17.541 [Forwarding clearElement on session 02b9f9f10525b17901354cd2533c7c11 to remote] DEBUG org.asynchttpclient.netty.request.NettyRequestSender - Using pooled Channel '[id: 0x8aef824f, L:/127.0.0.1:59927 - R:localhost/127.0.0.1:50523]' for 'POST' to 'http://localhost:50523/session/02b9f9f10525b17901354cd2533c7c11/element/8eb83b9f-9b5d-4458-86ae-3957f881968d/clear'
20:00:17.541 [Forwarding clearElement on session 02b9f9f10525b17901354cd2533c7c11 to remote] DEBUG org.asynchttpclient.netty.request.NettyRequestSender - Using open Channel [id: 0x8aef824f, L:/127.0.0.1:59927 - R:localhost/127.0.0.1:50523] for POST '/session/02b9f9f10525b17901354cd2533c7c11/element/8eb83b9f-9b5d-4458-86ae-3957f881968d/clear'
20:00:17.581 [AsyncHttpClient-1-8] DEBUG org.asynchttpclient.netty.handler.HttpHandler - 

Request DefaultHttpRequest(decodeResult: success, version: HTTP/1.1)
POST /session/02b9f9f10525b17901354cd2533c7c11/element/8eb83b9f-9b5d-4458-86ae-3957f881968d/clear HTTP/1.1
User-Agent: selenium/4.1.2 (java windows)
Content-Length: 50
Content-Type: application/json; charset=utf-8
host: localhost:50523
accept: */*

Response DefaultHttpResponse(decodeResult: success, version: HTTP/1.1)
HTTP/1.1 200 OK
Content-Type: application/json; charset=utf-8
cache-control: no-cache
content-length: 14

20:00:17.583 [AsyncHttpClient-1-8] DEBUG org.asynchttpclient.netty.channel.ChannelManager - Adding key: http://localhost:50523 for channel [id: 0x8aef824f, L:/127.0.0.1:59927 - R:localhost/127.0.0.1:50523]
20:00:17.584 [Forwarding sendKeysToElement on session 02b9f9f10525b17901354cd2533c7c11 to remote] DEBUG org.asynchttpclient.netty.request.NettyRequestSender - Using pooled Channel '[id: 0x8aef824f, L:/127.0.0.1:59927 - R:localhost/127.0.0.1:50523]' for 'POST' to 'http://localhost:50523/session/02b9f9f10525b17901354cd2533c7c11/element/8eb83b9f-9b5d-4458-86ae-3957f881968d/value'
20:00:17.584 [Forwarding sendKeysToElement on session 02b9f9f10525b17901354cd2533c7c11 to remote] DEBUG org.asynchttpclient.netty.request.NettyRequestSender - Using open Channel [id: 0x8aef824f, L:/127.0.0.1:59927 - R:localhost/127.0.0.1:50523] for POST '/session/02b9f9f10525b17901354cd2533c7c11/element/8eb83b9f-9b5d-4458-86ae-3957f881968d/value'
20:00:17.657 [AsyncHttpClient-1-8] DEBUG org.asynchttpclient.netty.handler.HttpHandler - 

Request DefaultHttpRequest(decodeResult: success, version: HTTP/1.1)
POST /session/02b9f9f10525b17901354cd2533c7c11/element/8eb83b9f-9b5d-4458-86ae-3957f881968d/value HTTP/1.1
User-Agent: selenium/4.1.2 (java windows)
Content-Length: 191
Content-Type: application/json; charset=utf-8
host: localhost:50523
accept: */*

Response DefaultHttpResponse(decodeResult: success, version: HTTP/1.1)
HTTP/1.1 200 OK
Content-Type: application/json; charset=utf-8
cache-control: no-cache
content-length: 14

20:00:17.657 [AsyncHttpClient-1-8] DEBUG org.asynchttpclient.netty.channel.ChannelManager - Adding key: http://localhost:50523 for channel [id: 0x8aef824f, L:/127.0.0.1:59927 - R:localhost/127.0.0.1:50523]
  &amp#27;[32mAnd &amp#27;[0m&amp#27;[32mI input invalid password&amp#27;[0m                           &amp#27;[90m# starter.stepdefinition.LoginSteps.iInputInvalidPassword()&amp#27;[0m
20:00:17.667 [Forwarding screenshot on session 02b9f9f10525b17901354cd2533c7c11 to remote] DEBUG org.asynchttpclient.netty.request.NettyRequestSender - Using pooled Channel '[id: 0x8aef824f, L:/127.0.0.1:59927 - R:localhost/127.0.0.1:50523]' for 'GET' to 'http://localhost:50523/session/02b9f9f10525b17901354cd2533c7c11/screenshot'
20:00:17.667 [Forwarding screenshot on session 02b9f9f10525b17901354cd2533c7c11 to remote] DEBUG org.asynchttpclient.netty.request.NettyRequestSender - Using open Channel [id: 0x8aef824f, L:/127.0.0.1:59927 - R:localhost/127.0.0.1:50523] for GET '/session/02b9f9f10525b17901354cd2533c7c11/screenshot'
20:00:17.818 [AsyncHttpClient-1-8] DEBUG org.asynchttpclient.netty.handler.HttpHandler - 

Request DefaultFullHttpRequest(decodeResult: success, version: HTTP/1.1, content: EmptyByteBufBE)
GET /session/02b9f9f10525b17901354cd2533c7c11/screenshot HTTP/1.1
User-Agent: selenium/4.1.2 (java windows)
Cache-Control: no-cache
Content-Type: application/json; charset=utf-8
host: localhost:50523
accept: */*

Response DefaultHttpResponse(decodeResult: success, version: HTTP/1.1)
HTTP/1.1 200 OK
Content-Type: application/json; charset=utf-8
cache-control: no-cache
content-length: 87804

20:00:17.819 [AsyncHttpClient-1-8] DEBUG org.asynchttpclient.netty.channel.ChannelManager - Adding key: http://localhost:50523 for channel [id: 0x8aef824f, L:/127.0.0.1:59927 - R:localhost/127.0.0.1:50523]
20:00:17.825 [main] DEBUG net.serenitybdd.core.photography.Darkroom - Send negative for processing for target\site\serenity\4a4d6cecaf3cab021f2cabb4353811dfc86461620174918bb8b94a9cf2d75ce7.png
20:00:17.826 [Darkroom Processing Line] DEBUG net.serenitybdd.core.photography.DarkroomProcessingLine - Processing screenshot image in /var/screenshots/screenshot-3213374444890240868
20:00:17.826 [Darkroom Processing Line] DEBUG net.serenitybdd.core.photography.DarkroomProcessingLine - Saving screenshot to target\site\serenity\4a4d6cecaf3cab021f2cabb4353811dfc86461620174918bb8b94a9cf2d75ce7.png
20:00:17.840 [Forwarding findElement on session 02b9f9f10525b17901354cd2533c7c11 to remote] DEBUG org.asynchttpclient.netty.request.NettyRequestSender - Using pooled Channel '[id: 0x8aef824f, L:/127.0.0.1:59927 - R:localhost/127.0.0.1:50523]' for 'POST' to 'http://localhost:50523/session/02b9f9f10525b17901354cd2533c7c11/element'
20:00:17.840 [Forwarding findElement on session 02b9f9f10525b17901354cd2533c7c11 to remote] DEBUG org.asynchttpclient.netty.request.NettyRequestSender - Using open Channel [id: 0x8aef824f, L:/127.0.0.1:59927 - R:localhost/127.0.0.1:50523] for POST '/session/02b9f9f10525b17901354cd2533c7c11/element'
20:00:17.859 [AsyncHttpClient-1-8] DEBUG org.asynchttpclient.netty.handler.HttpHandler - 

Request DefaultHttpRequest(decodeResult: success, version: HTTP/1.1)
POST /session/02b9f9f10525b17901354cd2533c7c11/element HTTP/1.1
User-Agent: selenium/4.1.2 (java windows)
Content-Length: 50
Content-Type: application/json; charset=utf-8
host: localhost:50523
accept: */*

Response DefaultHttpResponse(decodeResult: success, version: HTTP/1.1)
HTTP/1.1 200 OK
Content-Type: application/json; charset=utf-8
cache-control: no-cache
content-length: 88

20:00:17.860 [AsyncHttpClient-1-8] DEBUG org.asynchttpclient.netty.channel.ChannelManager - Adding key: http://localhost:50523 for channel [id: 0x8aef824f, L:/127.0.0.1:59927 - R:localhost/127.0.0.1:50523]
20:00:17.862 [Forwarding getElementTagName on session 02b9f9f10525b17901354cd2533c7c11 to remote] DEBUG org.asynchttpclient.netty.request.NettyRequestSender - Using pooled Channel '[id: 0x8aef824f, L:/127.0.0.1:59927 - R:localhost/127.0.0.1:50523]' for 'GET' to 'http://localhost:50523/session/02b9f9f10525b17901354cd2533c7c11/element/3b659d9e-a1f0-4931-8c09-29ea79b0f5e9/name'
20:00:17.862 [Forwarding getElementTagName on session 02b9f9f10525b17901354cd2533c7c11 to remote] DEBUG org.asynchttpclient.netty.request.NettyRequestSender - Using open Channel [id: 0x8aef824f, L:/127.0.0.1:59927 - R:localhost/127.0.0.1:50523] for GET '/session/02b9f9f10525b17901354cd2533c7c11/element/3b659d9e-a1f0-4931-8c09-29ea79b0f5e9/name'
20:00:17.870 [AsyncHttpClient-1-8] DEBUG org.asynchttpclient.netty.handler.HttpHandler - 

Request DefaultFullHttpRequest(decodeResult: success, version: HTTP/1.1, content: EmptyByteBufBE)
GET /session/02b9f9f10525b17901354cd2533c7c11/element/3b659d9e-a1f0-4931-8c09-29ea79b0f5e9/name HTTP/1.1
User-Agent: selenium/4.1.2 (java windows)
Cache-Control: no-cache
Content-Type: application/json; charset=utf-8
host: localhost:50523
accept: */*

Response DefaultHttpResponse(decodeResult: success, version: HTTP/1.1)
HTTP/1.1 200 OK
Content-Type: application/json; charset=utf-8
cache-control: no-cache
content-length: 18

20:00:17.870 [AsyncHttpClient-1-8] DEBUG org.asynchttpclient.netty.channel.ChannelManager - Adding key: http://localhost:50523 for channel [id: 0x8aef824f, L:/127.0.0.1:59927 - R:localhost/127.0.0.1:50523]
20:00:17.876 [Forwarding getElementTagName on session 02b9f9f10525b17901354cd2533c7c11 to remote] DEBUG org.asynchttpclient.netty.request.NettyRequestSender - Using pooled Channel '[id: 0x8aef824f, L:/127.0.0.1:59927 - R:localhost/127.0.0.1:50523]' for 'GET' to 'http://localhost:50523/session/02b9f9f10525b17901354cd2533c7c11/element/3b659d9e-a1f0-4931-8c09-29ea79b0f5e9/name'
20:00:17.876 [Forwarding getElementTagName on session 02b9f9f10525b17901354cd2533c7c11 to remote] DEBUG org.asynchttpclient.netty.request.NettyRequestSender - Using open Channel [id: 0x8aef824f, L:/127.0.0.1:59927 - R:localhost/127.0.0.1:50523] for GET '/session/02b9f9f10525b17901354cd2533c7c11/element/3b659d9e-a1f0-4931-8c09-29ea79b0f5e9/name'
20:00:17.882 [AsyncHttpClient-1-8] DEBUG org.asynchttpclient.netty.handler.HttpHandler - 

Request DefaultFullHttpRequest(decodeResult: success, version: HTTP/1.1, content: EmptyByteBufBE)
GET /session/02b9f9f10525b17901354cd2533c7c11/element/3b659d9e-a1f0-4931-8c09-29ea79b0f5e9/name HTTP/1.1
User-Agent: selenium/4.1.2 (java windows)
Cache-Control: no-cache
Content-Type: application/json; charset=utf-8
host: localhost:50523
accept: */*

Response DefaultHttpResponse(decodeResult: success, version: HTTP/1.1)
HTTP/1.1 200 OK
Content-Type: application/json; charset=utf-8
cache-control: no-cache
content-length: 18

20:00:17.882 [AsyncHttpClient-1-8] DEBUG org.asynchttpclient.netty.channel.ChannelManager - Adding key: http://localhost:50523 for channel [id: 0x8aef824f, L:/127.0.0.1:59927 - R:localhost/127.0.0.1:50523]
20:00:17.888 [Forwarding isElementEnabled on session 02b9f9f10525b17901354cd2533c7c11 to remote] DEBUG org.asynchttpclient.netty.request.NettyRequestSender - Using pooled Channel '[id: 0x8aef824f, L:/127.0.0.1:59927 - R:localhost/127.0.0.1:50523]' for 'GET' to 'http://localhost:50523/session/02b9f9f10525b17901354cd2533c7c11/element/3b659d9e-a1f0-4931-8c09-29ea79b0f5e9/enabled'
20:00:17.889 [Forwarding isElementEnabled on session 02b9f9f10525b17901354cd2533c7c11 to remote] DEBUG org.asynchttpclient.netty.request.NettyRequestSender - Using open Channel [id: 0x8aef824f, L:/127.0.0.1:59927 - R:localhost/127.0.0.1:50523] for GET '/session/02b9f9f10525b17901354cd2533c7c11/element/3b659d9e-a1f0-4931-8c09-29ea79b0f5e9/enabled'
20:00:17.904 [AsyncHttpClient-1-8] DEBUG org.asynchttpclient.netty.handler.HttpHandler - 

Request DefaultFullHttpRequest(decodeResult: success, version: HTTP/1.1, content: EmptyByteBufBE)
GET /session/02b9f9f10525b17901354cd2533c7c11/element/3b659d9e-a1f0-4931-8c09-29ea79b0f5e9/enabled HTTP/1.1
User-Agent: selenium/4.1.2 (java windows)
Cache-Control: no-cache
Content-Type: application/json; charset=utf-8
host: localhost:50523
accept: */*

Response DefaultHttpResponse(decodeResult: success, version: HTTP/1.1)
HTTP/1.1 200 OK
Content-Type: application/json; charset=utf-8
cache-control: no-cache
content-length: 14

20:00:17.905 [AsyncHttpClient-1-8] DEBUG org.asynchttpclient.netty.channel.ChannelManager - Adding key: http://localhost:50523 for channel [id: 0x8aef824f, L:/127.0.0.1:59927 - R:localhost/127.0.0.1:50523]
20:00:17.910 [Forwarding isElementEnabled on session 02b9f9f10525b17901354cd2533c7c11 to remote] DEBUG org.asynchttpclient.netty.request.NettyRequestSender - Using pooled Channel '[id: 0x8aef824f, L:/127.0.0.1:59927 - R:localhost/127.0.0.1:50523]' for 'GET' to 'http://localhost:50523/session/02b9f9f10525b17901354cd2533c7c11/element/3b659d9e-a1f0-4931-8c09-29ea79b0f5e9/enabled'
20:00:17.911 [Forwarding isElementEnabled on session 02b9f9f10525b17901354cd2533c7c11 to remote] DEBUG org.asynchttpclient.netty.request.NettyRequestSender - Using open Channel [id: 0x8aef824f, L:/127.0.0.1:59927 - R:localhost/127.0.0.1:50523] for GET '/session/02b9f9f10525b17901354cd2533c7c11/element/3b659d9e-a1f0-4931-8c09-29ea79b0f5e9/enabled'
20:00:17.925 [AsyncHttpClient-1-8] DEBUG org.asynchttpclient.netty.handler.HttpHandler - 

Request DefaultFullHttpRequest(decodeResult: success, version: HTTP/1.1, content: EmptyByteBufBE)
GET /session/02b9f9f10525b17901354cd2533c7c11/element/3b659d9e-a1f0-4931-8c09-29ea79b0f5e9/enabled HTTP/1.1
User-Agent: selenium/4.1.2 (java windows)
Cache-Control: no-cache
Content-Type: application/json; charset=utf-8
host: localhost:50523
accept: */*

Response DefaultHttpResponse(decodeResult: success, version: HTTP/1.1)
HTTP/1.1 200 OK
Content-Type: application/json; charset=utf-8
cache-control: no-cache
content-length: 14

20:00:17.925 [AsyncHttpClient-1-8] DEBUG org.asynchttpclient.netty.channel.ChannelManager - Adding key: http://localhost:50523 for channel [id: 0x8aef824f, L:/127.0.0.1:59927 - R:localhost/127.0.0.1:50523]
20:00:17.931 [Forwarding findElement on session 02b9f9f10525b17901354cd2533c7c11 to remote] DEBUG org.asynchttpclient.netty.request.NettyRequestSender - Using pooled Channel '[id: 0x8aef824f, L:/127.0.0.1:59927 - R:localhost/127.0.0.1:50523]' for 'POST' to 'http://localhost:50523/session/02b9f9f10525b17901354cd2533c7c11/element'
20:00:17.931 [Forwarding findElement on session 02b9f9f10525b17901354cd2533c7c11 to remote] DEBUG org.asynchttpclient.netty.request.NettyRequestSender - Using open Channel [id: 0x8aef824f, L:/127.0.0.1:59927 - R:localhost/127.0.0.1:50523] for POST '/session/02b9f9f10525b17901354cd2533c7c11/element'
20:00:17.956 [AsyncHttpClient-1-8] DEBUG org.asynchttpclient.netty.handler.HttpHandler - 

Request DefaultHttpRequest(decodeResult: success, version: HTTP/1.1)
POST /session/02b9f9f10525b17901354cd2533c7c11/element HTTP/1.1
User-Agent: selenium/4.1.2 (java windows)
Content-Length: 50
Content-Type: application/json; charset=utf-8
host: localhost:50523
accept: */*

Response DefaultHttpResponse(decodeResult: success, version: HTTP/1.1)
HTTP/1.1 200 OK
Content-Type: application/json; charset=utf-8
cache-control: no-cache
content-length: 88

20:00:17.957 [AsyncHttpClient-1-8] DEBUG org.asynchttpclient.netty.channel.ChannelManager - Adding key: http://localhost:50523 for channel [id: 0x8aef824f, L:/127.0.0.1:59927 - R:localhost/127.0.0.1:50523]
20:00:17.961 [Forwarding clickElement on session 02b9f9f10525b17901354cd2533c7c11 to remote] DEBUG org.asynchttpclient.netty.request.NettyRequestSender - Using pooled Channel '[id: 0x8aef824f, L:/127.0.0.1:59927 - R:localhost/127.0.0.1:50523]' for 'POST' to 'http://localhost:50523/session/02b9f9f10525b17901354cd2533c7c11/element/3b659d9e-a1f0-4931-8c09-29ea79b0f5e9/click'
20:00:17.961 [Forwarding clickElement on session 02b9f9f10525b17901354cd2533c7c11 to remote] DEBUG org.asynchttpclient.netty.request.NettyRequestSender - Using open Channel [id: 0x8aef824f, L:/127.0.0.1:59927 - R:localhost/127.0.0.1:50523] for POST '/session/02b9f9f10525b17901354cd2533c7c11/element/3b659d9e-a1f0-4931-8c09-29ea79b0f5e9/click'
20:00:18.038 [AsyncHttpClient-1-8] DEBUG org.asynchttpclient.netty.handler.HttpHandler - 

Request DefaultHttpRequest(decodeResult: success, version: HTTP/1.1)
POST /session/02b9f9f10525b17901354cd2533c7c11/element/3b659d9e-a1f0-4931-8c09-29ea79b0f5e9/click HTTP/1.1
User-Agent: selenium/4.1.2 (java windows)
Content-Length: 50
Content-Type: application/json; charset=utf-8
host: localhost:50523
accept: */*

Response DefaultHttpResponse(decodeResult: success, version: HTTP/1.1)
HTTP/1.1 200 OK
Content-Type: application/json; charset=utf-8
cache-control: no-cache
content-length: 14

20:00:18.039 [AsyncHttpClient-1-8] DEBUG org.asynchttpclient.netty.channel.ChannelManager - Adding key: http://localhost:50523 for channel [id: 0x8aef824f, L:/127.0.0.1:59927 - R:localhost/127.0.0.1:50523]
  &amp#27;[32mAnd &amp#27;[0m&amp#27;[32mI click Login Button&amp#27;[0m                               &amp#27;[90m# starter.stepdefinition.LoginSteps.iClickLoginButton()&amp#27;[0m
20:00:18.052 [Forwarding screenshot on session 02b9f9f10525b17901354cd2533c7c11 to remote] DEBUG org.asynchttpclient.netty.request.NettyRequestSender - Using pooled Channel '[id: 0x8aef824f, L:/127.0.0.1:59927 - R:localhost/127.0.0.1:50523]' for 'GET' to 'http://localhost:50523/session/02b9f9f10525b17901354cd2533c7c11/screenshot'
20:00:18.052 [Forwarding screenshot on session 02b9f9f10525b17901354cd2533c7c11 to remote] DEBUG org.asynchttpclient.netty.request.NettyRequestSender - Using open Channel [id: 0x8aef824f, L:/127.0.0.1:59927 - R:localhost/127.0.0.1:50523] for GET '/session/02b9f9f10525b17901354cd2533c7c11/screenshot'
20:00:18.169 [AsyncHttpClient-1-1] DEBUG org.asynchttpclient.netty.channel.DefaultChannelPool - Entry count for : http://localhost:59928 : 1
20:00:18.261 [AsyncHttpClient-1-8] DEBUG org.asynchttpclient.netty.handler.HttpHandler - 

Request DefaultFullHttpRequest(decodeResult: success, version: HTTP/1.1, content: EmptyByteBufBE)
GET /session/02b9f9f10525b17901354cd2533c7c11/screenshot HTTP/1.1
User-Agent: selenium/4.1.2 (java windows)
Cache-Control: no-cache
Content-Type: application/json; charset=utf-8
host: localhost:50523
accept: */*

Response DefaultHttpResponse(decodeResult: success, version: HTTP/1.1)
HTTP/1.1 200 OK
Content-Type: application/json; charset=utf-8
cache-control: no-cache
content-length: 65156

20:00:18.261 [AsyncHttpClient-1-8] DEBUG org.asynchttpclient.netty.channel.ChannelManager - Adding key: http://localhost:50523 for channel [id: 0x8aef824f, L:/127.0.0.1:59927 - R:localhost/127.0.0.1:50523]
20:00:18.264 [main] DEBUG net.serenitybdd.core.photography.Darkroom - Send negative for processing for target\site\serenity\f1d391bc5be84e42680cd6b52ca4636199dcc7e8b2902a220f5cbf490d2f24f4.png
20:00:18.271 [Forwarding findElement on session 02b9f9f10525b17901354cd2533c7c11 to remote] DEBUG org.asynchttpclient.netty.request.NettyRequestSender - Using pooled Channel '[id: 0x8aef824f, L:/127.0.0.1:59927 - R:localhost/127.0.0.1:50523]' for 'POST' to 'http://localhost:50523/session/02b9f9f10525b17901354cd2533c7c11/element'
20:00:18.271 [Forwarding findElement on session 02b9f9f10525b17901354cd2533c7c11 to remote] DEBUG org.asynchttpclient.netty.request.NettyRequestSender - Using open Channel [id: 0x8aef824f, L:/127.0.0.1:59927 - R:localhost/127.0.0.1:50523] for POST '/session/02b9f9f10525b17901354cd2533c7c11/element'
20:00:18.540 [AsyncHttpClient-1-8] DEBUG org.asynchttpclient.netty.handler.HttpHandler - 

Request DefaultHttpRequest(decodeResult: success, version: HTTP/1.1)
POST /session/02b9f9f10525b17901354cd2533c7c11/element HTTP/1.1
User-Agent: selenium/4.1.2 (java windows)
Content-Length: 67
Content-Type: application/json; charset=utf-8
host: localhost:50523
accept: */*

Response DefaultHttpResponse(decodeResult: success, version: HTTP/1.1)
HTTP/1.1 200 OK
Content-Type: application/json; charset=utf-8
cache-control: no-cache
content-length: 88

20:00:18.540 [AsyncHttpClient-1-8] DEBUG org.asynchttpclient.netty.channel.ChannelManager - Adding key: http://localhost:50523 for channel [id: 0x8aef824f, L:/127.0.0.1:59927 - R:localhost/127.0.0.1:50523]
20:00:18.544 [Forwarding isElementDisplayed on session 02b9f9f10525b17901354cd2533c7c11 to remote] DEBUG org.asynchttpclient.netty.request.NettyRequestSender - Using pooled Channel '[id: 0x8aef824f, L:/127.0.0.1:59927 - R:localhost/127.0.0.1:50523]' for 'POST' to 'http://localhost:50523/session/02b9f9f10525b17901354cd2533c7c11/execute/sync'
20:00:18.544 [Forwarding isElementDisplayed on session 02b9f9f10525b17901354cd2533c7c11 to remote] DEBUG org.asynchttpclient.netty.request.NettyRequestSender - Using open Channel [id: 0x8aef824f, L:/127.0.0.1:59927 - R:localhost/127.0.0.1:50523] for POST '/session/02b9f9f10525b17901354cd2533c7c11/execute/sync'
20:00:18.560 [AsyncHttpClient-1-8] DEBUG org.asynchttpclient.netty.handler.HttpHandler - 

Request DefaultHttpRequest(decodeResult: success, version: HTTP/1.1)
POST /session/02b9f9f10525b17901354cd2533c7c11/execute/sync HTTP/1.1
User-Agent: selenium/4.1.2 (java windows)
Content-Length: 48780
Content-Type: application/json; charset=utf-8
host: localhost:50523
accept: */*

Response DefaultHttpResponse(decodeResult: success, version: HTTP/1.1)
HTTP/1.1 200 OK
Content-Type: application/json; charset=utf-8
cache-control: no-cache
content-length: 14

20:00:18.560 [AsyncHttpClient-1-8] DEBUG org.asynchttpclient.netty.channel.ChannelManager - Adding key: http://localhost:50523 for channel [id: 0x8aef824f, L:/127.0.0.1:59927 - R:localhost/127.0.0.1:50523]
  &amp#27;[32mThen &amp#27;[0m&amp#27;[32mI will get error message&amp#27;[0m                          &amp#27;[90m# starter.stepdefinition.LoginSteps.iWillGetErrorMessage()&amp#27;[0m
20:00:18.565 [Forwarding screenshot on session 02b9f9f10525b17901354cd2533c7c11 to remote] DEBUG org.asynchttpclient.netty.request.NettyRequestSender - Using pooled Channel '[id: 0x8aef824f, L:/127.0.0.1:59927 - R:localhost/127.0.0.1:50523]' for 'GET' to 'http://localhost:50523/session/02b9f9f10525b17901354cd2533c7c11/screenshot'
20:00:18.565 [Forwarding screenshot on session 02b9f9f10525b17901354cd2533c7c11 to remote] DEBUG org.asynchttpclient.netty.request.NettyRequestSender - Using open Channel [id: 0x8aef824f, L:/127.0.0.1:59927 - R:localhost/127.0.0.1:50523] for GET '/session/02b9f9f10525b17901354cd2533c7c11/screenshot'
20:00:18.723 [AsyncHttpClient-1-8] DEBUG org.asynchttpclient.netty.handler.HttpHandler - 

Request DefaultFullHttpRequest(decodeResult: success, version: HTTP/1.1, content: EmptyByteBufBE)
GET /session/02b9f9f10525b17901354cd2533c7c11/screenshot HTTP/1.1
User-Agent: selenium/4.1.2 (java windows)
Cache-Control: no-cache
Content-Type: application/json; charset=utf-8
host: localhost:50523
accept: */*

Response DefaultHttpResponse(decodeResult: success, version: HTTP/1.1)
HTTP/1.1 200 OK
Content-Type: application/json; charset=utf-8
cache-control: no-cache
content-length: 92092

20:00:18.723 [AsyncHttpClient-1-8] DEBUG org.asynchttpclient.netty.channel.ChannelManager - Adding key: http://localhost:50523 for channel [id: 0x8aef824f, L:/127.0.0.1:59927 - R:localhost/127.0.0.1:50523]
20:00:18.726 [main] DEBUG net.serenitybdd.core.photography.Darkroom - Send negative for processing for target\site\serenity\ba725a4d2a52d2b5d24bf3336a6e1eb4c78ee357fc2938893f5d22a55ab68a1a.png
20:00:18.726 [Darkroom Processing Line] DEBUG net.serenitybdd.core.photography.DarkroomProcessingLine - Processing screenshot image in /var/screenshots/screenshot-5973309648417796793
20:00:18.726 [Darkroom Processing Line] DEBUG net.serenitybdd.core.photography.DarkroomProcessingLine - Saving screenshot to target\site\serenity\ba725a4d2a52d2b5d24bf3336a6e1eb4c78ee357fc2938893f5d22a55ab68a1a.png
20:00:18.727 [main] INFO  - 
  _____   ___   ___   _____     ___     _     ___   ___   ___   ___  
 |_   _| | __| / __| |_   _|   | _ \   /_\   / __| / __| | __| |   \ 
   | |   | _|  \__ \   | |     |  _/  / _ \  \__ \ \__ \ | _|  | |) |
   |_|   |___| |___/   |_|     |_|   /_/ \_\ |___/ |___/ |___| |___/ 

Login with valid username and invalid password
----------------------------------------------------------------------
20:00:18.729 [AsyncHttpClient-1-10] DEBUG org.asynchttpclient.netty.handler.WebSocketHandler - Channel Closed: [id: 0x61cbc334, L:/127.0.0.1:59935 ! R:localhost/127.0.0.1:59928] with attribute NettyResponseFuture{currentRetry=5,
	isDone=1,
	isCancelled=0,
	asyncHandler=org.asynchttpclient.ws.WebSocketUpgradeHandler@234b9eed,
	nettyRequest=org.asynchttpclient.netty.request.NettyRequest@664914e0,
	future=java.util.concurrent.CompletableFuture@50601aa9[Completed normally],
	uri=ws://localhost:59928/devtools/browser/3ade6032-d461-4e0b-a8b4-ac2893ebe8b5,
	keepAlive=true,
	redirectCount=0,
	timeoutsHolder=null,
	inAuth=0,
	touch=1665406807650}
20:00:18.729 [AsyncHttpClient-1-10] DEBUG org.asynchttpclient.netty.channel.ChannelManager - Closing Channel [id: 0x61cbc334, L:/127.0.0.1:59935 ! R:localhost/127.0.0.1:59928] 
20:00:18.729 [Driver Command Executor] DEBUG org.asynchttpclient.netty.request.NettyRequestSender - Using pooled Channel '[id: 0x8aef824f, L:/127.0.0.1:59927 - R:localhost/127.0.0.1:50523]' for 'DELETE' to 'http://localhost:50523/session/02b9f9f10525b17901354cd2533c7c11'
20:00:18.729 [Driver Command Executor] DEBUG org.asynchttpclient.netty.request.NettyRequestSender - Using open Channel [id: 0x8aef824f, L:/127.0.0.1:59927 - R:localhost/127.0.0.1:50523] for DELETE '/session/02b9f9f10525b17901354cd2533c7c11'
20:00:18.757 [AsyncHttpClient-1-9] DEBUG org.asynchttpclient.netty.handler.HttpHandler - Unexpected I/O exception on channel [id: 0xfba8edff, L:/127.0.0.1:59934 - R:localhost/127.0.0.1:59928]
java.io.IOException: An existing connection was forcibly closed by the remote host
	at java.base/sun.nio.ch.SocketDispatcher.read0(Native Method)
	at java.base/sun.nio.ch.SocketDispatcher.read(SocketDispatcher.java:43)
	at java.base/sun.nio.ch.IOUtil.readIntoNativeBuffer(IOUtil.java:276)
	at java.base/sun.nio.ch.IOUtil.read(IOUtil.java:233)
	at java.base/sun.nio.ch.IOUtil.read(IOUtil.java:223)
	at java.base/sun.nio.ch.SocketChannelImpl.read(SocketChannelImpl.java:358)
	at io.netty.buffer.PooledByteBuf.setBytes(PooledByteBuf.java:258)
	at io.netty.buffer.AbstractByteBuf.writeBytes(AbstractByteBuf.java:1132)
	at io.netty.channel.socket.nio.NioSocketChannel.doReadBytes(NioSocketChannel.java:350)
	at io.netty.channel.nio.AbstractNioByteChannel$NioByteUnsafe.read(AbstractNioByteChannel.java:151)
	at io.netty.channel.nio.NioEventLoop.processSelectedKey(NioEventLoop.java:722)
	at io.netty.channel.nio.NioEventLoop.processSelectedKeysOptimized(NioEventLoop.java:658)
	at io.netty.channel.nio.NioEventLoop.processSelectedKeys(NioEventLoop.java:584)
	at io.netty.channel.nio.NioEventLoop.run(NioEventLoop.java:496)
	at io.netty.util.concurrent.SingleThreadEventExecutor$4.run(SingleThreadEventExecutor.java:986)
	at io.netty.util.internal.ThreadExecutorMap$2.run(ThreadExecutorMap.java:74)
	at io.netty.util.concurrent.FastThreadLocalRunnable.run(FastThreadLocalRunnable.java:30)
	at java.base/java.lang.Thread.run(Thread.java:834)
20:00:18.757 [AsyncHttpClient-1-9] DEBUG org.asynchttpclient.netty.channel.ChannelManager - Closing Channel [id: 0xfba8edff, L:/127.0.0.1:59934 - R:localhost/127.0.0.1:59928] 
20:00:18.758 [AsyncHttpClient-1-9] DEBUG org.asynchttpclient.netty.handler.HttpHandler - Channel Closed: [id: 0xfba8edff, L:/127.0.0.1:59934 ! R:localhost/127.0.0.1:59928] with attribute DISCARD
20:00:18.777 [AsyncHttpClient-1-8] DEBUG org.asynchttpclient.netty.handler.HttpHandler - 

Request DefaultFullHttpRequest(decodeResult: success, version: HTTP/1.1, content: EmptyByteBufBE)
DELETE /session/02b9f9f10525b17901354cd2533c7c11 HTTP/1.1
User-Agent: selenium/4.1.2 (java windows)
Content-Type: application/json; charset=utf-8
host: localhost:50523
accept: */*

Response DefaultHttpResponse(decodeResult: success, version: HTTP/1.1)
HTTP/1.1 200 OK
Content-Type: application/json; charset=utf-8
cache-control: no-cache
content-length: 14

20:00:18.777 [AsyncHttpClient-1-8] DEBUG org.asynchttpclient.netty.channel.ChannelManager - Adding key: http://localhost:50523 for channel [id: 0x8aef824f, L:/127.0.0.1:59927 - R:localhost/127.0.0.1:50523]
20:00:18.864 [AsyncHttpClient-1-8] DEBUG org.asynchttpclient.netty.handler.HttpHandler - Channel Closed: [id: 0x8aef824f, L:/127.0.0.1:59927 ! R:localhost/127.0.0.1:50523] with attribute DISCARD
]]></system-out>
    <system-err><![CDATA[Starting ChromeDriver 106.0.5249.61 (511755355844955cd3e264779baf0dd38212a4d0-refs/branch-heads/5249@{#569}) on port 50523
Only local connections are allowed.
Please see https://chromedriver.chromium.org/security-considerations for suggestions on keeping ChromeDriver safe.
ChromeDriver was started successfully.
Oct 10, 2022 8:00:07 PM org.openqa.selenium.remote.ProtocolHandshake createSession
INFO: Detected dialect: W3C
Oct 10, 2022 8:00:07 PM org.openqa.selenium.devtools.CdpVersionFinder findNearestMatch
WARNING: Unable to find an exact match for CDP version 106, so returning the closest version found: a no-op implementation
Oct 10, 2022 8:00:07 PM org.openqa.selenium.devtools.CdpVersionFinder findNearestMatch
INFO: Unable to find CDP implementation matching 106.
Oct 10, 2022 8:00:07 PM org.openqa.selenium.chromium.ChromiumDriver lambda$new$3
WARNING: Unable to find version of CDP to use for . You may need to include a dependency on a specific version of the CDP using something similar to `org.seleniumhq.selenium:selenium-devtools-v86:4.1.2` where the version ("v86") matches the version of the chromium-based browser you're using and the version number of the artifact is the same as Selenium's.
]]></system-err>
  </testcase>
  <testcase name="Login with valid username and valid password" classname="Login" time="15.468">
    <system-out><![CDATA[
Scenario: Login with valid username and valid password &amp#27;[90m# src/test/resources/features/login.feature:27&amp#27;[0m
20:00:18.921 [main] INFO io.cucumber.core.plugin.SerenityReporter - Running feature from file:///C:/Users/ASUS/IdeaProjects/DemoQA/src/test/resources/features/login.feature
20:00:18.929 [main] INFO  - 
  _____   ___   ___   _____     ___   _____     _     ___   _____   ___   ___  
 |_   _| | __| / __| |_   _|   / __| |_   _|   /_\   | _ \ |_   _| | __| |   \ 
   | |   | _|  \__ \   | |     \__ \   | |    / _ \  |   /   | |   | _|  | |) |
   |_|   |___| |___/   |_|     |___/   |_|   /_/ \_\ |_|_\   |_|   |___| |___/ 

Login with valid username and valid password(login;login-with-valid-username-and-valid-password)
--------------------------------------------------------------------------------
20:00:18.955 [main] INFO net.serenitybdd.core.webdriver.driverproviders.ChromeDriverProvider - Using automatically driver download
20:00:19.171 [main] DEBUG io.github.bonigarcia.wdm.cache.ResolutionCache - Resolution chrome=106 in cache (valid until 20:17:04 10/10/2022 ICT)
20:00:19.180 [main] DEBUG io.github.bonigarcia.wdm.cache.ResolutionCache - Resolution chrome106=106.0.5249.61 in cache (valid until 23:39:47 10/10/2022 ICT)
20:00:19.182 [main] INFO io.github.bonigarcia.wdm.WebDriverManager - Using chromedriver 106.0.5249.61 (resolved driver for Chrome 106)
20:00:19.212 [main] DEBUG io.github.bonigarcia.wdm.WebDriverManager - Driver chromedriver 106.0.5249.61 found in cache
20:00:19.213 [main] INFO io.github.bonigarcia.wdm.WebDriverManager - Exporting webdriver.chrome.driver as C:\Users\ASUS\.cache\selenium\chromedriver\win32\106.0.5249.61\chromedriver.exe
20:00:19.267 [AsyncHttpClient-1-1] DEBUG org.asynchttpclient.netty.channel.DefaultChannelPool - Entry count for : http://localhost:50523 : 1
20:00:19.268 [AsyncHttpClient-1-1] DEBUG org.asynchttpclient.netty.channel.DefaultChannelPool - Entry count for : http://localhost:59928 : 1
20:00:19.268 [AsyncHttpClient-1-1] DEBUG org.asynchttpclient.netty.channel.DefaultChannelPool - Adding Candidate expired Channel [id: 0x8aef824f, L:/127.0.0.1:59927 ! R:localhost/127.0.0.1:50523] isIdleTimeoutExpired=false isRemotelyClosed=true isTtlExpired=false
20:00:19.268 [AsyncHttpClient-1-1] DEBUG org.asynchttpclient.netty.channel.DefaultChannelPool - Closing Idle Channel [id: 0x8aef824f, L:/127.0.0.1:59927 ! R:localhost/127.0.0.1:50523]
20:00:19.268 [AsyncHttpClient-1-1] DEBUG org.asynchttpclient.netty.channel.DefaultChannelPool - Adding Candidate expired Channel [id: 0xfba8edff, L:/127.0.0.1:59934 ! R:localhost/127.0.0.1:59928] isIdleTimeoutExpired=false isRemotelyClosed=true isTtlExpired=false
20:00:19.268 [AsyncHttpClient-1-1] DEBUG org.asynchttpclient.netty.channel.DefaultChannelPool - Closing Idle Channel [id: 0xfba8edff, L:/127.0.0.1:59934 ! R:localhost/127.0.0.1:59928]
20:00:19.268 [AsyncHttpClient-1-1] DEBUG org.asynchttpclient.netty.channel.DefaultChannelPool - Closed 2 connections out of 2 in 0 ms
20:00:19.436 [main] DEBUG net.serenitybdd.core.webdriver.driverproviders.ProvideNewDriver - Instantiating driver
20:00:19.436 [main] DEBUG net.serenitybdd.core.webdriver.driverproviders.ProvideNewDriver - Driver capabilities: Capabilities {acceptInsecureCerts: false, base.url: https://demoqa.com, browserName: chrome, chrome.driver: src/test/resources/webdrive..., driver: chrome, goog:chromeOptions: {args: [], extensions: []}}
20:00:19.615 [AsyncHttpClient-1-11] DEBUG org.asynchttpclient.netty.channel.NettyConnectListener - Using new Channel '[id: 0xe5424f80, L:/127.0.0.1:59971 - R:localhost/127.0.0.1:63801]' for 'POST' to '/session'
20:00:22.727 [AsyncHttpClient-1-11] DEBUG org.asynchttpclient.netty.handler.HttpHandler - 

Request DefaultHttpRequest(decodeResult: success, version: HTTP/1.1)
POST /session HTTP/1.1
User-Agent: selenium/4.1.2 (java windows)
Content-Length: 599
Content-Type: application/json; charset=utf-8
host: localhost:63801
accept: */*

Response DefaultHttpResponse(decodeResult: success, version: HTTP/1.1)
HTTP/1.1 200 OK
Content-Type: application/json; charset=utf-8
cache-control: no-cache
content-length: 789

20:00:22.728 [AsyncHttpClient-1-11] DEBUG org.asynchttpclient.netty.channel.ChannelManager - Adding key: http://localhost:63801 for channel [id: 0xe5424f80, L:/127.0.0.1:59971 - R:localhost/127.0.0.1:63801]
20:00:22.750 [AsyncHttpClient-1-12] DEBUG org.asynchttpclient.netty.channel.NettyConnectListener - Using new Channel '[id: 0x3d40c274, L:/127.0.0.1:59978 - R:localhost/127.0.0.1:59972]' for 'GET' to '/json/version'
20:00:22.764 [AsyncHttpClient-1-12] DEBUG org.asynchttpclient.netty.handler.HttpHandler - 

Request DefaultFullHttpRequest(decodeResult: success, version: HTTP/1.1, content: EmptyByteBufBE)
GET /json/version HTTP/1.1
User-Agent: selenium/4.1.2 (java windows)
host: localhost:59972
accept: */*

Response DefaultHttpResponse(decodeResult: success, version: HTTP/1.1)
HTTP/1.1 200 OK
Content-Type: application/json; charset=UTF-8
content-length: 424

20:00:22.765 [AsyncHttpClient-1-12] DEBUG org.asynchttpclient.netty.channel.ChannelManager - Adding key: http://localhost:59972 for channel [id: 0x3d40c274, L:/127.0.0.1:59978 - R:localhost/127.0.0.1:59972]
20:00:22.775 [AsyncHttpClient-1-13] DEBUG org.asynchttpclient.netty.channel.NettyConnectListener - Using new Channel '[id: 0x978e423c, L:/127.0.0.1:59979 - R:localhost/127.0.0.1:59972]' for 'GET' to '/devtools/browser/329cbfdb-98ec-478b-8c41-5391073547cc'
20:00:22.784 [AsyncHttpClient-1-13] DEBUG org.asynchttpclient.netty.handler.WebSocketHandler - 

Request DefaultFullHttpRequest(decodeResult: success, version: HTTP/1.1, content: EmptyByteBufBE)
GET /devtools/browser/329cbfdb-98ec-478b-8c41-5391073547cc HTTP/1.1
upgrade: websocket
connection: upgrade
sec-websocket-key: ThSCGjaM+3WY68UlQBXAvg==
sec-websocket-version: 13
origin: http://localhost:59972
host: localhost:59972
accept: */*
user-agent: AHC/2.1

Response DefaultHttpResponse(decodeResult: success, version: HTTP/1.1)
HTTP/1.1 101 WebSocket Protocol Handshake
Upgrade: WebSocket
Connection: Upgrade
Sec-WebSocket-Accept: +8WPtz5BMOTP9FfjcSjFi8agVLA=

20:00:22.795 [Forwarding get on session 5bf5434d3c2fea1f13258a0fae0bad99 to remote] DEBUG org.asynchttpclient.netty.request.NettyRequestSender - Using pooled Channel '[id: 0xe5424f80, L:/127.0.0.1:59971 - R:localhost/127.0.0.1:63801]' for 'POST' to 'http://localhost:63801/session/5bf5434d3c2fea1f13258a0fae0bad99/url'
20:00:22.796 [Forwarding get on session 5bf5434d3c2fea1f13258a0fae0bad99 to remote] DEBUG org.asynchttpclient.netty.request.NettyRequestSender - Using open Channel [id: 0xe5424f80, L:/127.0.0.1:59971 - R:localhost/127.0.0.1:63801] for POST '/session/5bf5434d3c2fea1f13258a0fae0bad99/url'
20:00:23.665 [AsyncHttpClient-1-1] DEBUG org.asynchttpclient.netty.channel.DefaultChannelPool - Entry count for : http://localhost:59972 : 1
20:00:24.766 [AsyncHttpClient-1-1] DEBUG org.asynchttpclient.netty.channel.DefaultChannelPool - Entry count for : http://localhost:59972 : 1
20:00:25.867 [AsyncHttpClient-1-1] DEBUG org.asynchttpclient.netty.channel.DefaultChannelPool - Entry count for : http://localhost:59972 : 1
20:00:26.967 [AsyncHttpClient-1-1] DEBUG org.asynchttpclient.netty.channel.DefaultChannelPool - Entry count for : http://localhost:59972 : 1
20:00:28.066 [AsyncHttpClient-1-1] DEBUG org.asynchttpclient.netty.channel.DefaultChannelPool - Entry count for : http://localhost:59972 : 1
20:00:29.166 [AsyncHttpClient-1-1] DEBUG org.asynchttpclient.netty.channel.DefaultChannelPool - Entry count for : http://localhost:59972 : 1
20:00:30.269 [AsyncHttpClient-1-1] DEBUG org.asynchttpclient.netty.channel.DefaultChannelPool - Entry count for : http://localhost:59972 : 1
20:00:31.366 [AsyncHttpClient-1-1] DEBUG org.asynchttpclient.netty.channel.DefaultChannelPool - Entry count for : http://localhost:59972 : 1
20:00:31.663 [AsyncHttpClient-1-11] DEBUG org.asynchttpclient.netty.handler.HttpHandler - 

Request DefaultHttpRequest(decodeResult: success, version: HTTP/1.1)
POST /session/5bf5434d3c2fea1f13258a0fae0bad99/url HTTP/1.1
User-Agent: selenium/4.1.2 (java windows)
Content-Length: 54
Content-Type: application/json; charset=utf-8
host: localhost:63801
accept: */*

Response DefaultHttpResponse(decodeResult: success, version: HTTP/1.1)
HTTP/1.1 200 OK
Content-Type: application/json; charset=utf-8
cache-control: no-cache
content-length: 14

20:00:31.664 [AsyncHttpClient-1-11] DEBUG org.asynchttpclient.netty.channel.ChannelManager - Adding key: http://localhost:63801 for channel [id: 0xe5424f80, L:/127.0.0.1:59971 - R:localhost/127.0.0.1:63801]
20:00:31.677 [Forwarding setTimeout on session 5bf5434d3c2fea1f13258a0fae0bad99 to remote] DEBUG org.asynchttpclient.netty.request.NettyRequestSender - Using pooled Channel '[id: 0xe5424f80, L:/127.0.0.1:59971 - R:localhost/127.0.0.1:63801]' for 'POST' to 'http://localhost:63801/session/5bf5434d3c2fea1f13258a0fae0bad99/timeouts'
20:00:31.677 [Forwarding setTimeout on session 5bf5434d3c2fea1f13258a0fae0bad99 to remote] DEBUG org.asynchttpclient.netty.request.NettyRequestSender - Using open Channel [id: 0xe5424f80, L:/127.0.0.1:59971 - R:localhost/127.0.0.1:63801] for POST '/session/5bf5434d3c2fea1f13258a0fae0bad99/timeouts'
20:00:31.682 [AsyncHttpClient-1-11] DEBUG org.asynchttpclient.netty.handler.HttpHandler - 

Request DefaultHttpRequest(decodeResult: success, version: HTTP/1.1)
POST /session/5bf5434d3c2fea1f13258a0fae0bad99/timeouts HTTP/1.1
User-Agent: selenium/4.1.2 (java windows)
Content-Length: 22
Content-Type: application/json; charset=utf-8
host: localhost:63801
accept: */*

Response DefaultHttpResponse(decodeResult: success, version: HTTP/1.1)
HTTP/1.1 200 OK
Content-Type: application/json; charset=utf-8
cache-control: no-cache
content-length: 14

20:00:31.683 [AsyncHttpClient-1-11] DEBUG org.asynchttpclient.netty.channel.ChannelManager - Adding key: http://localhost:63801 for channel [id: 0xe5424f80, L:/127.0.0.1:59971 - R:localhost/127.0.0.1:63801]
20:00:31.698 [Forwarding getCurrentUrl on session 5bf5434d3c2fea1f13258a0fae0bad99 to remote] DEBUG org.asynchttpclient.netty.request.NettyRequestSender - Using pooled Channel '[id: 0xe5424f80, L:/127.0.0.1:59971 - R:localhost/127.0.0.1:63801]' for 'GET' to 'http://localhost:63801/session/5bf5434d3c2fea1f13258a0fae0bad99/url'
20:00:31.698 [Forwarding getCurrentUrl on session 5bf5434d3c2fea1f13258a0fae0bad99 to remote] DEBUG org.asynchttpclient.netty.request.NettyRequestSender - Using open Channel [id: 0xe5424f80, L:/127.0.0.1:59971 - R:localhost/127.0.0.1:63801] for GET '/session/5bf5434d3c2fea1f13258a0fae0bad99/url'
20:00:31.711 [AsyncHttpClient-1-11] DEBUG org.asynchttpclient.netty.handler.HttpHandler - 

Request DefaultFullHttpRequest(decodeResult: success, version: HTTP/1.1, content: EmptyByteBufBE)
GET /session/5bf5434d3c2fea1f13258a0fae0bad99/url HTTP/1.1
User-Agent: selenium/4.1.2 (java windows)
Cache-Control: no-cache
Content-Type: application/json; charset=utf-8
host: localhost:63801
accept: */*

Response DefaultHttpResponse(decodeResult: success, version: HTTP/1.1)
HTTP/1.1 200 OK
Content-Type: application/json; charset=utf-8
cache-control: no-cache
content-length: 36

20:00:31.712 [AsyncHttpClient-1-11] DEBUG org.asynchttpclient.netty.channel.ChannelManager - Adding key: http://localhost:63801 for channel [id: 0xe5424f80, L:/127.0.0.1:59971 - R:localhost/127.0.0.1:63801]
20:00:31.728 [Forwarding findElement on session 5bf5434d3c2fea1f13258a0fae0bad99 to remote] DEBUG org.asynchttpclient.netty.request.NettyRequestSender - Using pooled Channel '[id: 0xe5424f80, L:/127.0.0.1:59971 - R:localhost/127.0.0.1:63801]' for 'POST' to 'http://localhost:63801/session/5bf5434d3c2fea1f13258a0fae0bad99/element'
20:00:31.728 [Forwarding findElement on session 5bf5434d3c2fea1f13258a0fae0bad99 to remote] DEBUG org.asynchttpclient.netty.request.NettyRequestSender - Using open Channel [id: 0xe5424f80, L:/127.0.0.1:59971 - R:localhost/127.0.0.1:63801] for POST '/session/5bf5434d3c2fea1f13258a0fae0bad99/element'
20:00:31.764 [AsyncHttpClient-1-11] DEBUG org.asynchttpclient.netty.handler.HttpHandler - 

Request DefaultHttpRequest(decodeResult: success, version: HTTP/1.1)
POST /session/5bf5434d3c2fea1f13258a0fae0bad99/element HTTP/1.1
User-Agent: selenium/4.1.2 (java windows)
Content-Length: 53
Content-Type: application/json; charset=utf-8
host: localhost:63801
accept: */*

Response DefaultHttpResponse(decodeResult: success, version: HTTP/1.1)
HTTP/1.1 200 OK
Content-Type: application/json; charset=utf-8
cache-control: no-cache
content-length: 88

20:00:31.765 [AsyncHttpClient-1-11] DEBUG org.asynchttpclient.netty.channel.ChannelManager - Adding key: http://localhost:63801 for channel [id: 0xe5424f80, L:/127.0.0.1:59971 - R:localhost/127.0.0.1:63801]
20:00:31.768 [Forwarding sendKeysToElement on session 5bf5434d3c2fea1f13258a0fae0bad99 to remote] DEBUG org.asynchttpclient.netty.request.NettyRequestSender - Using pooled Channel '[id: 0xe5424f80, L:/127.0.0.1:59971 - R:localhost/127.0.0.1:63801]' for 'POST' to 'http://localhost:63801/session/5bf5434d3c2fea1f13258a0fae0bad99/element/26d534b6-b9b0-4e8b-a939-28291841ca9c/value'
20:00:31.769 [Forwarding sendKeysToElement on session 5bf5434d3c2fea1f13258a0fae0bad99 to remote] DEBUG org.asynchttpclient.netty.request.NettyRequestSender - Using open Channel [id: 0xe5424f80, L:/127.0.0.1:59971 - R:localhost/127.0.0.1:63801] for POST '/session/5bf5434d3c2fea1f13258a0fae0bad99/element/26d534b6-b9b0-4e8b-a939-28291841ca9c/value'
20:00:31.876 [AsyncHttpClient-1-11] DEBUG org.asynchttpclient.netty.handler.HttpHandler - 

Request DefaultHttpRequest(decodeResult: success, version: HTTP/1.1)
POST /session/5bf5434d3c2fea1f13258a0fae0bad99/element/26d534b6-b9b0-4e8b-a939-28291841ca9c/value HTTP/1.1
User-Agent: selenium/4.1.2 (java windows)
Content-Length: 95
Content-Type: application/json; charset=utf-8
host: localhost:63801
accept: */*

Response DefaultHttpResponse(decodeResult: success, version: HTTP/1.1)
HTTP/1.1 200 OK
Content-Type: application/json; charset=utf-8
cache-control: no-cache
content-length: 14

20:00:31.877 [AsyncHttpClient-1-11] DEBUG org.asynchttpclient.netty.channel.ChannelManager - Adding key: http://localhost:63801 for channel [id: 0xe5424f80, L:/127.0.0.1:59971 - R:localhost/127.0.0.1:63801]
  &amp#27;[32mGiven &amp#27;[0m&amp#27;[32mI am on the login page&amp#27;[0m                         &amp#27;[90m# starter.stepdefinition.LoginSteps.iAmOnTheLoginPage()&amp#27;[0m
20:00:31.893 [Forwarding screenshot on session 5bf5434d3c2fea1f13258a0fae0bad99 to remote] DEBUG org.asynchttpclient.netty.request.NettyRequestSender - Using pooled Channel '[id: 0xe5424f80, L:/127.0.0.1:59971 - R:localhost/127.0.0.1:63801]' for 'GET' to 'http://localhost:63801/session/5bf5434d3c2fea1f13258a0fae0bad99/screenshot'
20:00:31.894 [Forwarding screenshot on session 5bf5434d3c2fea1f13258a0fae0bad99 to remote] DEBUG org.asynchttpclient.netty.request.NettyRequestSender - Using open Channel [id: 0xe5424f80, L:/127.0.0.1:59971 - R:localhost/127.0.0.1:63801] for GET '/session/5bf5434d3c2fea1f13258a0fae0bad99/screenshot'
20:00:32.108 [AsyncHttpClient-1-11] DEBUG org.asynchttpclient.netty.handler.HttpHandler - 

Request DefaultFullHttpRequest(decodeResult: success, version: HTTP/1.1, content: EmptyByteBufBE)
GET /session/5bf5434d3c2fea1f13258a0fae0bad99/screenshot HTTP/1.1
User-Agent: selenium/4.1.2 (java windows)
Cache-Control: no-cache
Content-Type: application/json; charset=utf-8
host: localhost:63801
accept: */*

Response DefaultHttpResponse(decodeResult: success, version: HTTP/1.1)
HTTP/1.1 200 OK
Content-Type: application/json; charset=utf-8
cache-control: no-cache
content-length: 108040

20:00:32.109 [AsyncHttpClient-1-11] DEBUG org.asynchttpclient.netty.channel.ChannelManager - Adding key: http://localhost:63801 for channel [id: 0xe5424f80, L:/127.0.0.1:59971 - R:localhost/127.0.0.1:63801]
20:00:32.112 [main] DEBUG net.serenitybdd.core.photography.Darkroom - Send negative for processing for target\site\serenity\3b92655de950b23ce828db3d354ebdf15e217325103ab7ce73726a3f186b50ff.png
20:00:32.112 [Darkroom Processing Line] DEBUG net.serenitybdd.core.photography.DarkroomProcessingLine - Processing screenshot image in /var/screenshots/screenshot-12831171164680266060
20:00:32.112 [Darkroom Processing Line] DEBUG net.serenitybdd.core.photography.DarkroomProcessingLine - Saving screenshot to target\site\serenity\3b92655de950b23ce828db3d354ebdf15e217325103ab7ce73726a3f186b50ff.png
20:00:32.121 [Forwarding findElement on session 5bf5434d3c2fea1f13258a0fae0bad99 to remote] DEBUG org.asynchttpclient.netty.request.NettyRequestSender - Using pooled Channel '[id: 0xe5424f80, L:/127.0.0.1:59971 - R:localhost/127.0.0.1:63801]' for 'POST' to 'http://localhost:63801/session/5bf5434d3c2fea1f13258a0fae0bad99/element'
20:00:32.121 [Forwarding findElement on session 5bf5434d3c2fea1f13258a0fae0bad99 to remote] DEBUG org.asynchttpclient.netty.request.NettyRequestSender - Using open Channel [id: 0xe5424f80, L:/127.0.0.1:59971 - R:localhost/127.0.0.1:63801] for POST '/session/5bf5434d3c2fea1f13258a0fae0bad99/element'
20:00:32.133 [AsyncHttpClient-1-11] DEBUG org.asynchttpclient.netty.handler.HttpHandler - 

Request DefaultHttpRequest(decodeResult: success, version: HTTP/1.1)
POST /session/5bf5434d3c2fea1f13258a0fae0bad99/element HTTP/1.1
User-Agent: selenium/4.1.2 (java windows)
Content-Length: 53
Content-Type: application/json; charset=utf-8
host: localhost:63801
accept: */*

Response DefaultHttpResponse(decodeResult: success, version: HTTP/1.1)
HTTP/1.1 200 OK
Content-Type: application/json; charset=utf-8
cache-control: no-cache
content-length: 88

20:00:32.133 [AsyncHttpClient-1-11] DEBUG org.asynchttpclient.netty.channel.ChannelManager - Adding key: http://localhost:63801 for channel [id: 0xe5424f80, L:/127.0.0.1:59971 - R:localhost/127.0.0.1:63801]
20:00:32.134 [Forwarding clearElement on session 5bf5434d3c2fea1f13258a0fae0bad99 to remote] DEBUG org.asynchttpclient.netty.request.NettyRequestSender - Using pooled Channel '[id: 0xe5424f80, L:/127.0.0.1:59971 - R:localhost/127.0.0.1:63801]' for 'POST' to 'http://localhost:63801/session/5bf5434d3c2fea1f13258a0fae0bad99/element/d975c98d-39d4-4b04-9208-d126637d986e/clear'
20:00:32.134 [Forwarding clearElement on session 5bf5434d3c2fea1f13258a0fae0bad99 to remote] DEBUG org.asynchttpclient.netty.request.NettyRequestSender - Using open Channel [id: 0xe5424f80, L:/127.0.0.1:59971 - R:localhost/127.0.0.1:63801] for POST '/session/5bf5434d3c2fea1f13258a0fae0bad99/element/d975c98d-39d4-4b04-9208-d126637d986e/clear'
20:00:32.171 [AsyncHttpClient-1-11] DEBUG org.asynchttpclient.netty.handler.HttpHandler - 

Request DefaultHttpRequest(decodeResult: success, version: HTTP/1.1)
POST /session/5bf5434d3c2fea1f13258a0fae0bad99/element/d975c98d-39d4-4b04-9208-d126637d986e/clear HTTP/1.1
User-Agent: selenium/4.1.2 (java windows)
Content-Length: 50
Content-Type: application/json; charset=utf-8
host: localhost:63801
accept: */*

Response DefaultHttpResponse(decodeResult: success, version: HTTP/1.1)
HTTP/1.1 200 OK
Content-Type: application/json; charset=utf-8
cache-control: no-cache
content-length: 14

20:00:32.171 [AsyncHttpClient-1-11] DEBUG org.asynchttpclient.netty.channel.ChannelManager - Adding key: http://localhost:63801 for channel [id: 0xe5424f80, L:/127.0.0.1:59971 - R:localhost/127.0.0.1:63801]
20:00:32.175 [Forwarding sendKeysToElement on session 5bf5434d3c2fea1f13258a0fae0bad99 to remote] DEBUG org.asynchttpclient.netty.request.NettyRequestSender - Using pooled Channel '[id: 0xe5424f80, L:/127.0.0.1:59971 - R:localhost/127.0.0.1:63801]' for 'POST' to 'http://localhost:63801/session/5bf5434d3c2fea1f13258a0fae0bad99/element/d975c98d-39d4-4b04-9208-d126637d986e/value'
20:00:32.175 [Forwarding sendKeysToElement on session 5bf5434d3c2fea1f13258a0fae0bad99 to remote] DEBUG org.asynchttpclient.netty.request.NettyRequestSender - Using open Channel [id: 0xe5424f80, L:/127.0.0.1:59971 - R:localhost/127.0.0.1:63801] for POST '/session/5bf5434d3c2fea1f13258a0fae0bad99/element/d975c98d-39d4-4b04-9208-d126637d986e/value'
20:00:32.284 [AsyncHttpClient-1-11] DEBUG org.asynchttpclient.netty.handler.HttpHandler - 

Request DefaultHttpRequest(decodeResult: success, version: HTTP/1.1)
POST /session/5bf5434d3c2fea1f13258a0fae0bad99/element/d975c98d-39d4-4b04-9208-d126637d986e/value HTTP/1.1
User-Agent: selenium/4.1.2 (java windows)
Content-Length: 181
Content-Type: application/json; charset=utf-8
host: localhost:63801
accept: */*

Response DefaultHttpResponse(decodeResult: success, version: HTTP/1.1)
HTTP/1.1 200 OK
Content-Type: application/json; charset=utf-8
cache-control: no-cache
content-length: 14

20:00:32.285 [AsyncHttpClient-1-11] DEBUG org.asynchttpclient.netty.channel.ChannelManager - Adding key: http://localhost:63801 for channel [id: 0xe5424f80, L:/127.0.0.1:59971 - R:localhost/127.0.0.1:63801]
  &amp#27;[32mWhen &amp#27;[0m&amp#27;[32mI input valid username&amp#27;[0m                          &amp#27;[90m# starter.stepdefinition.LoginSteps.iInputValidUsername()&amp#27;[0m
20:00:32.302 [Forwarding screenshot on session 5bf5434d3c2fea1f13258a0fae0bad99 to remote] DEBUG org.asynchttpclient.netty.request.NettyRequestSender - Using pooled Channel '[id: 0xe5424f80, L:/127.0.0.1:59971 - R:localhost/127.0.0.1:63801]' for 'GET' to 'http://localhost:63801/session/5bf5434d3c2fea1f13258a0fae0bad99/screenshot'
20:00:32.302 [Forwarding screenshot on session 5bf5434d3c2fea1f13258a0fae0bad99 to remote] DEBUG org.asynchttpclient.netty.request.NettyRequestSender - Using open Channel [id: 0xe5424f80, L:/127.0.0.1:59971 - R:localhost/127.0.0.1:63801] for GET '/session/5bf5434d3c2fea1f13258a0fae0bad99/screenshot'
20:00:32.470 [AsyncHttpClient-1-1] DEBUG org.asynchttpclient.netty.channel.DefaultChannelPool - Entry count for : http://localhost:59972 : 1
20:00:32.651 [AsyncHttpClient-1-11] DEBUG org.asynchttpclient.netty.handler.HttpHandler - 

Request DefaultFullHttpRequest(decodeResult: success, version: HTTP/1.1, content: EmptyByteBufBE)
GET /session/5bf5434d3c2fea1f13258a0fae0bad99/screenshot HTTP/1.1
User-Agent: selenium/4.1.2 (java windows)
Cache-Control: no-cache
Content-Type: application/json; charset=utf-8
host: localhost:63801
accept: */*

Response DefaultHttpResponse(decodeResult: success, version: HTTP/1.1)
HTTP/1.1 200 OK
Content-Type: application/json; charset=utf-8
cache-control: no-cache
content-length: 89772

20:00:32.651 [AsyncHttpClient-1-11] DEBUG org.asynchttpclient.netty.channel.ChannelManager - Adding key: http://localhost:63801 for channel [id: 0xe5424f80, L:/127.0.0.1:59971 - R:localhost/127.0.0.1:63801]
20:00:32.655 [main] DEBUG net.serenitybdd.core.photography.Darkroom - Send negative for processing for target\site\serenity\478439e1ec169941ff3d6a9a8f6d1e654f9348a422ae96e6551d36656d6717ca.png
20:00:32.677 [Forwarding findElement on session 5bf5434d3c2fea1f13258a0fae0bad99 to remote] DEBUG org.asynchttpclient.netty.request.NettyRequestSender - Using pooled Channel '[id: 0xe5424f80, L:/127.0.0.1:59971 - R:localhost/127.0.0.1:63801]' for 'POST' to 'http://localhost:63801/session/5bf5434d3c2fea1f13258a0fae0bad99/element'
20:00:32.677 [Forwarding findElement on session 5bf5434d3c2fea1f13258a0fae0bad99 to remote] DEBUG org.asynchttpclient.netty.request.NettyRequestSender - Using open Channel [id: 0xe5424f80, L:/127.0.0.1:59971 - R:localhost/127.0.0.1:63801] for POST '/session/5bf5434d3c2fea1f13258a0fae0bad99/element'
20:00:32.696 [AsyncHttpClient-1-11] DEBUG org.asynchttpclient.netty.handler.HttpHandler - 

Request DefaultHttpRequest(decodeResult: success, version: HTTP/1.1)
POST /session/5bf5434d3c2fea1f13258a0fae0bad99/element HTTP/1.1
User-Agent: selenium/4.1.2 (java windows)
Content-Length: 53
Content-Type: application/json; charset=utf-8
host: localhost:63801
accept: */*

Response DefaultHttpResponse(decodeResult: success, version: HTTP/1.1)
HTTP/1.1 200 OK
Content-Type: application/json; charset=utf-8
cache-control: no-cache
content-length: 88

20:00:32.696 [AsyncHttpClient-1-11] DEBUG org.asynchttpclient.netty.channel.ChannelManager - Adding key: http://localhost:63801 for channel [id: 0xe5424f80, L:/127.0.0.1:59971 - R:localhost/127.0.0.1:63801]
20:00:32.698 [Forwarding clearElement on session 5bf5434d3c2fea1f13258a0fae0bad99 to remote] DEBUG org.asynchttpclient.netty.request.NettyRequestSender - Using pooled Channel '[id: 0xe5424f80, L:/127.0.0.1:59971 - R:localhost/127.0.0.1:63801]' for 'POST' to 'http://localhost:63801/session/5bf5434d3c2fea1f13258a0fae0bad99/element/5c22fc1a-1529-49b8-a3b5-39b1c96e5b45/clear'
20:00:32.698 [Forwarding clearElement on session 5bf5434d3c2fea1f13258a0fae0bad99 to remote] DEBUG org.asynchttpclient.netty.request.NettyRequestSender - Using open Channel [id: 0xe5424f80, L:/127.0.0.1:59971 - R:localhost/127.0.0.1:63801] for POST '/session/5bf5434d3c2fea1f13258a0fae0bad99/element/5c22fc1a-1529-49b8-a3b5-39b1c96e5b45/clear'
20:00:32.756 [AsyncHttpClient-1-11] DEBUG org.asynchttpclient.netty.handler.HttpHandler - 

Request DefaultHttpRequest(decodeResult: success, version: HTTP/1.1)
POST /session/5bf5434d3c2fea1f13258a0fae0bad99/element/5c22fc1a-1529-49b8-a3b5-39b1c96e5b45/clear HTTP/1.1
User-Agent: selenium/4.1.2 (java windows)
Content-Length: 50
Content-Type: application/json; charset=utf-8
host: localhost:63801
accept: */*

Response DefaultHttpResponse(decodeResult: success, version: HTTP/1.1)
HTTP/1.1 200 OK
Content-Type: application/json; charset=utf-8
cache-control: no-cache
content-length: 14

20:00:32.756 [AsyncHttpClient-1-11] DEBUG org.asynchttpclient.netty.channel.ChannelManager - Adding key: http://localhost:63801 for channel [id: 0xe5424f80, L:/127.0.0.1:59971 - R:localhost/127.0.0.1:63801]
20:00:32.759 [Forwarding sendKeysToElement on session 5bf5434d3c2fea1f13258a0fae0bad99 to remote] DEBUG org.asynchttpclient.netty.request.NettyRequestSender - Using pooled Channel '[id: 0xe5424f80, L:/127.0.0.1:59971 - R:localhost/127.0.0.1:63801]' for 'POST' to 'http://localhost:63801/session/5bf5434d3c2fea1f13258a0fae0bad99/element/5c22fc1a-1529-49b8-a3b5-39b1c96e5b45/value'
20:00:32.759 [Forwarding sendKeysToElement on session 5bf5434d3c2fea1f13258a0fae0bad99 to remote] DEBUG org.asynchttpclient.netty.request.NettyRequestSender - Using open Channel [id: 0xe5424f80, L:/127.0.0.1:59971 - R:localhost/127.0.0.1:63801] for POST '/session/5bf5434d3c2fea1f13258a0fae0bad99/element/5c22fc1a-1529-49b8-a3b5-39b1c96e5b45/value'
20:00:32.920 [AsyncHttpClient-1-11] DEBUG org.asynchttpclient.netty.handler.HttpHandler - 

Request DefaultHttpRequest(decodeResult: success, version: HTTP/1.1)
POST /session/5bf5434d3c2fea1f13258a0fae0bad99/element/5c22fc1a-1529-49b8-a3b5-39b1c96e5b45/value HTTP/1.1
User-Agent: selenium/4.1.2 (java windows)
Content-Length: 201
Content-Type: application/json; charset=utf-8
host: localhost:63801
accept: */*

Response DefaultHttpResponse(decodeResult: success, version: HTTP/1.1)
HTTP/1.1 200 OK
Content-Type: application/json; charset=utf-8
cache-control: no-cache
content-length: 14

20:00:32.921 [AsyncHttpClient-1-11] DEBUG org.asynchttpclient.netty.channel.ChannelManager - Adding key: http://localhost:63801 for channel [id: 0xe5424f80, L:/127.0.0.1:59971 - R:localhost/127.0.0.1:63801]
  &amp#27;[32mAnd &amp#27;[0m&amp#27;[32mI input valid password&amp#27;[0m                           &amp#27;[90m# starter.stepdefinition.LoginSteps.iInputValidPassword()&amp#27;[0m
20:00:32.932 [Forwarding screenshot on session 5bf5434d3c2fea1f13258a0fae0bad99 to remote] DEBUG org.asynchttpclient.netty.request.NettyRequestSender - Using pooled Channel '[id: 0xe5424f80, L:/127.0.0.1:59971 - R:localhost/127.0.0.1:63801]' for 'GET' to 'http://localhost:63801/session/5bf5434d3c2fea1f13258a0fae0bad99/screenshot'
20:00:32.932 [Forwarding screenshot on session 5bf5434d3c2fea1f13258a0fae0bad99 to remote] DEBUG org.asynchttpclient.netty.request.NettyRequestSender - Using open Channel [id: 0xe5424f80, L:/127.0.0.1:59971 - R:localhost/127.0.0.1:63801] for GET '/session/5bf5434d3c2fea1f13258a0fae0bad99/screenshot'
20:00:33.212 [AsyncHttpClient-1-11] DEBUG org.asynchttpclient.netty.handler.HttpHandler - 

Request DefaultFullHttpRequest(decodeResult: success, version: HTTP/1.1, content: EmptyByteBufBE)
GET /session/5bf5434d3c2fea1f13258a0fae0bad99/screenshot HTTP/1.1
User-Agent: selenium/4.1.2 (java windows)
Cache-Control: no-cache
Content-Type: application/json; charset=utf-8
host: localhost:63801
accept: */*

Response DefaultHttpResponse(decodeResult: success, version: HTTP/1.1)
HTTP/1.1 200 OK
Content-Type: application/json; charset=utf-8
cache-control: no-cache
content-length: 87524

20:00:33.213 [AsyncHttpClient-1-11] DEBUG org.asynchttpclient.netty.channel.ChannelManager - Adding key: http://localhost:63801 for channel [id: 0xe5424f80, L:/127.0.0.1:59971 - R:localhost/127.0.0.1:63801]
20:00:33.216 [main] DEBUG net.serenitybdd.core.photography.Darkroom - Send negative for processing for target\site\serenity\58545e6b85b2684bd612e3103dbb10ca04bb39d2f7e86f43adfc05d425707cd3.png
20:00:33.216 [Darkroom Processing Line] DEBUG net.serenitybdd.core.photography.DarkroomProcessingLine - Processing screenshot image in /var/screenshots/screenshot-6977185686768360543
20:00:33.217 [Darkroom Processing Line] DEBUG net.serenitybdd.core.photography.DarkroomProcessingLine - Saving screenshot to target\site\serenity\58545e6b85b2684bd612e3103dbb10ca04bb39d2f7e86f43adfc05d425707cd3.png
20:00:33.243 [Forwarding findElement on session 5bf5434d3c2fea1f13258a0fae0bad99 to remote] DEBUG org.asynchttpclient.netty.request.NettyRequestSender - Using pooled Channel '[id: 0xe5424f80, L:/127.0.0.1:59971 - R:localhost/127.0.0.1:63801]' for 'POST' to 'http://localhost:63801/session/5bf5434d3c2fea1f13258a0fae0bad99/element'
20:00:33.244 [Forwarding findElement on session 5bf5434d3c2fea1f13258a0fae0bad99 to remote] DEBUG org.asynchttpclient.netty.request.NettyRequestSender - Using open Channel [id: 0xe5424f80, L:/127.0.0.1:59971 - R:localhost/127.0.0.1:63801] for POST '/session/5bf5434d3c2fea1f13258a0fae0bad99/element'
20:00:33.275 [AsyncHttpClient-1-11] DEBUG org.asynchttpclient.netty.handler.HttpHandler - 

Request DefaultHttpRequest(decodeResult: success, version: HTTP/1.1)
POST /session/5bf5434d3c2fea1f13258a0fae0bad99/element HTTP/1.1
User-Agent: selenium/4.1.2 (java windows)
Content-Length: 50
Content-Type: application/json; charset=utf-8
host: localhost:63801
accept: */*

Response DefaultHttpResponse(decodeResult: success, version: HTTP/1.1)
HTTP/1.1 200 OK
Content-Type: application/json; charset=utf-8
cache-control: no-cache
content-length: 88

20:00:33.276 [AsyncHttpClient-1-11] DEBUG org.asynchttpclient.netty.channel.ChannelManager - Adding key: http://localhost:63801 for channel [id: 0xe5424f80, L:/127.0.0.1:59971 - R:localhost/127.0.0.1:63801]
20:00:33.281 [Forwarding getElementTagName on session 5bf5434d3c2fea1f13258a0fae0bad99 to remote] DEBUG org.asynchttpclient.netty.request.NettyRequestSender - Using pooled Channel '[id: 0xe5424f80, L:/127.0.0.1:59971 - R:localhost/127.0.0.1:63801]' for 'GET' to 'http://localhost:63801/session/5bf5434d3c2fea1f13258a0fae0bad99/element/53350a41-85e8-466b-a902-3d37bfbec23d/name'
20:00:33.282 [Forwarding getElementTagName on session 5bf5434d3c2fea1f13258a0fae0bad99 to remote] DEBUG org.asynchttpclient.netty.request.NettyRequestSender - Using open Channel [id: 0xe5424f80, L:/127.0.0.1:59971 - R:localhost/127.0.0.1:63801] for GET '/session/5bf5434d3c2fea1f13258a0fae0bad99/element/53350a41-85e8-466b-a902-3d37bfbec23d/name'
20:00:33.294 [AsyncHttpClient-1-11] DEBUG org.asynchttpclient.netty.handler.HttpHandler - 

Request DefaultFullHttpRequest(decodeResult: success, version: HTTP/1.1, content: EmptyByteBufBE)
GET /session/5bf5434d3c2fea1f13258a0fae0bad99/element/53350a41-85e8-466b-a902-3d37bfbec23d/name HTTP/1.1
User-Agent: selenium/4.1.2 (java windows)
Cache-Control: no-cache
Content-Type: application/json; charset=utf-8
host: localhost:63801
accept: */*

Response DefaultHttpResponse(decodeResult: success, version: HTTP/1.1)
HTTP/1.1 200 OK
Content-Type: application/json; charset=utf-8
cache-control: no-cache
content-length: 18

20:00:33.295 [AsyncHttpClient-1-11] DEBUG org.asynchttpclient.netty.channel.ChannelManager - Adding key: http://localhost:63801 for channel [id: 0xe5424f80, L:/127.0.0.1:59971 - R:localhost/127.0.0.1:63801]
20:00:33.299 [Forwarding getElementTagName on session 5bf5434d3c2fea1f13258a0fae0bad99 to remote] DEBUG org.asynchttpclient.netty.request.NettyRequestSender - Using pooled Channel '[id: 0xe5424f80, L:/127.0.0.1:59971 - R:localhost/127.0.0.1:63801]' for 'GET' to 'http://localhost:63801/session/5bf5434d3c2fea1f13258a0fae0bad99/element/53350a41-85e8-466b-a902-3d37bfbec23d/name'
20:00:33.299 [Forwarding getElementTagName on session 5bf5434d3c2fea1f13258a0fae0bad99 to remote] DEBUG org.asynchttpclient.netty.request.NettyRequestSender - Using open Channel [id: 0xe5424f80, L:/127.0.0.1:59971 - R:localhost/127.0.0.1:63801] for GET '/session/5bf5434d3c2fea1f13258a0fae0bad99/element/53350a41-85e8-466b-a902-3d37bfbec23d/name'
20:00:33.313 [AsyncHttpClient-1-11] DEBUG org.asynchttpclient.netty.handler.HttpHandler - 

Request DefaultFullHttpRequest(decodeResult: success, version: HTTP/1.1, content: EmptyByteBufBE)
GET /session/5bf5434d3c2fea1f13258a0fae0bad99/element/53350a41-85e8-466b-a902-3d37bfbec23d/name HTTP/1.1
User-Agent: selenium/4.1.2 (java windows)
Cache-Control: no-cache
Content-Type: application/json; charset=utf-8
host: localhost:63801
accept: */*

Response DefaultHttpResponse(decodeResult: success, version: HTTP/1.1)
HTTP/1.1 200 OK
Content-Type: application/json; charset=utf-8
cache-control: no-cache
content-length: 18

20:00:33.314 [AsyncHttpClient-1-11] DEBUG org.asynchttpclient.netty.channel.ChannelManager - Adding key: http://localhost:63801 for channel [id: 0xe5424f80, L:/127.0.0.1:59971 - R:localhost/127.0.0.1:63801]
20:00:33.318 [Forwarding isElementEnabled on session 5bf5434d3c2fea1f13258a0fae0bad99 to remote] DEBUG org.asynchttpclient.netty.request.NettyRequestSender - Using pooled Channel '[id: 0xe5424f80, L:/127.0.0.1:59971 - R:localhost/127.0.0.1:63801]' for 'GET' to 'http://localhost:63801/session/5bf5434d3c2fea1f13258a0fae0bad99/element/53350a41-85e8-466b-a902-3d37bfbec23d/enabled'
20:00:33.318 [Forwarding isElementEnabled on session 5bf5434d3c2fea1f13258a0fae0bad99 to remote] DEBUG org.asynchttpclient.netty.request.NettyRequestSender - Using open Channel [id: 0xe5424f80, L:/127.0.0.1:59971 - R:localhost/127.0.0.1:63801] for GET '/session/5bf5434d3c2fea1f13258a0fae0bad99/element/53350a41-85e8-466b-a902-3d37bfbec23d/enabled'
20:00:33.339 [AsyncHttpClient-1-11] DEBUG org.asynchttpclient.netty.handler.HttpHandler - 

Request DefaultFullHttpRequest(decodeResult: success, version: HTTP/1.1, content: EmptyByteBufBE)
GET /session/5bf5434d3c2fea1f13258a0fae0bad99/element/53350a41-85e8-466b-a902-3d37bfbec23d/enabled HTTP/1.1
User-Agent: selenium/4.1.2 (java windows)
Cache-Control: no-cache
Content-Type: application/json; charset=utf-8
host: localhost:63801
accept: */*

Response DefaultHttpResponse(decodeResult: success, version: HTTP/1.1)
HTTP/1.1 200 OK
Content-Type: application/json; charset=utf-8
cache-control: no-cache
content-length: 14

20:00:33.339 [AsyncHttpClient-1-11] DEBUG org.asynchttpclient.netty.channel.ChannelManager - Adding key: http://localhost:63801 for channel [id: 0xe5424f80, L:/127.0.0.1:59971 - R:localhost/127.0.0.1:63801]
20:00:33.348 [Forwarding isElementEnabled on session 5bf5434d3c2fea1f13258a0fae0bad99 to remote] DEBUG org.asynchttpclient.netty.request.NettyRequestSender - Using pooled Channel '[id: 0xe5424f80, L:/127.0.0.1:59971 - R:localhost/127.0.0.1:63801]' for 'GET' to 'http://localhost:63801/session/5bf5434d3c2fea1f13258a0fae0bad99/element/53350a41-85e8-466b-a902-3d37bfbec23d/enabled'
20:00:33.348 [Forwarding isElementEnabled on session 5bf5434d3c2fea1f13258a0fae0bad99 to remote] DEBUG org.asynchttpclient.netty.request.NettyRequestSender - Using open Channel [id: 0xe5424f80, L:/127.0.0.1:59971 - R:localhost/127.0.0.1:63801] for GET '/session/5bf5434d3c2fea1f13258a0fae0bad99/element/53350a41-85e8-466b-a902-3d37bfbec23d/enabled'
20:00:33.360 [AsyncHttpClient-1-11] DEBUG org.asynchttpclient.netty.handler.HttpHandler - 

Request DefaultFullHttpRequest(decodeResult: success, version: HTTP/1.1, content: EmptyByteBufBE)
GET /session/5bf5434d3c2fea1f13258a0fae0bad99/element/53350a41-85e8-466b-a902-3d37bfbec23d/enabled HTTP/1.1
User-Agent: selenium/4.1.2 (java windows)
Cache-Control: no-cache
Content-Type: application/json; charset=utf-8
host: localhost:63801
accept: */*

Response DefaultHttpResponse(decodeResult: success, version: HTTP/1.1)
HTTP/1.1 200 OK
Content-Type: application/json; charset=utf-8
cache-control: no-cache
content-length: 14

20:00:33.361 [AsyncHttpClient-1-11] DEBUG org.asynchttpclient.netty.channel.ChannelManager - Adding key: http://localhost:63801 for channel [id: 0xe5424f80, L:/127.0.0.1:59971 - R:localhost/127.0.0.1:63801]
20:00:33.375 [Forwarding findElement on session 5bf5434d3c2fea1f13258a0fae0bad99 to remote] DEBUG org.asynchttpclient.netty.request.NettyRequestSender - Using pooled Channel '[id: 0xe5424f80, L:/127.0.0.1:59971 - R:localhost/127.0.0.1:63801]' for 'POST' to 'http://localhost:63801/session/5bf5434d3c2fea1f13258a0fae0bad99/element'
20:00:33.375 [Forwarding findElement on session 5bf5434d3c2fea1f13258a0fae0bad99 to remote] DEBUG org.asynchttpclient.netty.request.NettyRequestSender - Using open Channel [id: 0xe5424f80, L:/127.0.0.1:59971 - R:localhost/127.0.0.1:63801] for POST '/session/5bf5434d3c2fea1f13258a0fae0bad99/element'
20:00:33.402 [AsyncHttpClient-1-11] DEBUG org.asynchttpclient.netty.handler.HttpHandler - 

Request DefaultHttpRequest(decodeResult: success, version: HTTP/1.1)
POST /session/5bf5434d3c2fea1f13258a0fae0bad99/element HTTP/1.1
User-Agent: selenium/4.1.2 (java windows)
Content-Length: 50
Content-Type: application/json; charset=utf-8
host: localhost:63801
accept: */*

Response DefaultHttpResponse(decodeResult: success, version: HTTP/1.1)
HTTP/1.1 200 OK
Content-Type: application/json; charset=utf-8
cache-control: no-cache
content-length: 88

20:00:33.403 [AsyncHttpClient-1-11] DEBUG org.asynchttpclient.netty.channel.ChannelManager - Adding key: http://localhost:63801 for channel [id: 0xe5424f80, L:/127.0.0.1:59971 - R:localhost/127.0.0.1:63801]
20:00:33.406 [Forwarding clickElement on session 5bf5434d3c2fea1f13258a0fae0bad99 to remote] DEBUG org.asynchttpclient.netty.request.NettyRequestSender - Using pooled Channel '[id: 0xe5424f80, L:/127.0.0.1:59971 - R:localhost/127.0.0.1:63801]' for 'POST' to 'http://localhost:63801/session/5bf5434d3c2fea1f13258a0fae0bad99/element/53350a41-85e8-466b-a902-3d37bfbec23d/click'
20:00:33.406 [Forwarding clickElement on session 5bf5434d3c2fea1f13258a0fae0bad99 to remote] DEBUG org.asynchttpclient.netty.request.NettyRequestSender - Using open Channel [id: 0xe5424f80, L:/127.0.0.1:59971 - R:localhost/127.0.0.1:63801] for POST '/session/5bf5434d3c2fea1f13258a0fae0bad99/element/53350a41-85e8-466b-a902-3d37bfbec23d/click'
20:00:33.500 [AsyncHttpClient-1-11] DEBUG org.asynchttpclient.netty.handler.HttpHandler - 

Request DefaultHttpRequest(decodeResult: success, version: HTTP/1.1)
POST /session/5bf5434d3c2fea1f13258a0fae0bad99/element/53350a41-85e8-466b-a902-3d37bfbec23d/click HTTP/1.1
User-Agent: selenium/4.1.2 (java windows)
Content-Length: 50
Content-Type: application/json; charset=utf-8
host: localhost:63801
accept: */*

Response DefaultHttpResponse(decodeResult: success, version: HTTP/1.1)
HTTP/1.1 200 OK
Content-Type: application/json; charset=utf-8
cache-control: no-cache
content-length: 14

20:00:33.501 [AsyncHttpClient-1-11] DEBUG org.asynchttpclient.netty.channel.ChannelManager - Adding key: http://localhost:63801 for channel [id: 0xe5424f80, L:/127.0.0.1:59971 - R:localhost/127.0.0.1:63801]
  &amp#27;[32mAnd &amp#27;[0m&amp#27;[32mI click Login Button&amp#27;[0m                             &amp#27;[90m# starter.stepdefinition.LoginSteps.iClickLoginButton()&amp#27;[0m
20:00:33.517 [Forwarding screenshot on session 5bf5434d3c2fea1f13258a0fae0bad99 to remote] DEBUG org.asynchttpclient.netty.request.NettyRequestSender - Using pooled Channel '[id: 0xe5424f80, L:/127.0.0.1:59971 - R:localhost/127.0.0.1:63801]' for 'GET' to 'http://localhost:63801/session/5bf5434d3c2fea1f13258a0fae0bad99/screenshot'
20:00:33.517 [Forwarding screenshot on session 5bf5434d3c2fea1f13258a0fae0bad99 to remote] DEBUG org.asynchttpclient.netty.request.NettyRequestSender - Using open Channel [id: 0xe5424f80, L:/127.0.0.1:59971 - R:localhost/127.0.0.1:63801] for GET '/session/5bf5434d3c2fea1f13258a0fae0bad99/screenshot'
20:00:33.576 [AsyncHttpClient-1-1] DEBUG org.asynchttpclient.netty.channel.DefaultChannelPool - Entry count for : http://localhost:59972 : 1
20:00:33.749 [AsyncHttpClient-1-11] DEBUG org.asynchttpclient.netty.handler.HttpHandler - 

Request DefaultFullHttpRequest(decodeResult: success, version: HTTP/1.1, content: EmptyByteBufBE)
GET /session/5bf5434d3c2fea1f13258a0fae0bad99/screenshot HTTP/1.1
User-Agent: selenium/4.1.2 (java windows)
Cache-Control: no-cache
Content-Type: application/json; charset=utf-8
host: localhost:63801
accept: */*

Response DefaultHttpResponse(decodeResult: success, version: HTTP/1.1)
HTTP/1.1 200 OK
Content-Type: application/json; charset=utf-8
cache-control: no-cache
content-length: 65156

20:00:33.750 [AsyncHttpClient-1-11] DEBUG org.asynchttpclient.netty.channel.ChannelManager - Adding key: http://localhost:63801 for channel [id: 0xe5424f80, L:/127.0.0.1:59971 - R:localhost/127.0.0.1:63801]
20:00:33.755 [main] DEBUG net.serenitybdd.core.photography.Darkroom - Send negative for processing for target\site\serenity\f1d391bc5be84e42680cd6b52ca4636199dcc7e8b2902a220f5cbf490d2f24f4.png
20:00:33.775 [Forwarding findElement on session 5bf5434d3c2fea1f13258a0fae0bad99 to remote] DEBUG org.asynchttpclient.netty.request.NettyRequestSender - Using pooled Channel '[id: 0xe5424f80, L:/127.0.0.1:59971 - R:localhost/127.0.0.1:63801]' for 'POST' to 'http://localhost:63801/session/5bf5434d3c2fea1f13258a0fae0bad99/element'
20:00:33.775 [Forwarding findElement on session 5bf5434d3c2fea1f13258a0fae0bad99 to remote] DEBUG org.asynchttpclient.netty.request.NettyRequestSender - Using open Channel [id: 0xe5424f80, L:/127.0.0.1:59971 - R:localhost/127.0.0.1:63801] for POST '/session/5bf5434d3c2fea1f13258a0fae0bad99/element'
20:00:33.815 [AsyncHttpClient-1-11] DEBUG org.asynchttpclient.netty.handler.HttpHandler - 

Request DefaultHttpRequest(decodeResult: success, version: HTTP/1.1)
POST /session/5bf5434d3c2fea1f13258a0fae0bad99/element HTTP/1.1
User-Agent: selenium/4.1.2 (java windows)
Content-Length: 76
Content-Type: application/json; charset=utf-8
host: localhost:63801
accept: */*

Response DefaultHttpResponse(decodeResult: success, version: HTTP/1.1)
HTTP/1.1 200 OK
Content-Type: application/json; charset=utf-8
cache-control: no-cache
content-length: 88

20:00:33.815 [AsyncHttpClient-1-11] DEBUG org.asynchttpclient.netty.channel.ChannelManager - Adding key: http://localhost:63801 for channel [id: 0xe5424f80, L:/127.0.0.1:59971 - R:localhost/127.0.0.1:63801]
20:00:33.821 [Forwarding isElementDisplayed on session 5bf5434d3c2fea1f13258a0fae0bad99 to remote] DEBUG org.asynchttpclient.netty.request.NettyRequestSender - Using pooled Channel '[id: 0xe5424f80, L:/127.0.0.1:59971 - R:localhost/127.0.0.1:63801]' for 'POST' to 'http://localhost:63801/session/5bf5434d3c2fea1f13258a0fae0bad99/execute/sync'
20:00:33.822 [Forwarding isElementDisplayed on session 5bf5434d3c2fea1f13258a0fae0bad99 to remote] DEBUG org.asynchttpclient.netty.request.NettyRequestSender - Using open Channel [id: 0xe5424f80, L:/127.0.0.1:59971 - R:localhost/127.0.0.1:63801] for POST '/session/5bf5434d3c2fea1f13258a0fae0bad99/execute/sync'
20:00:33.860 [AsyncHttpClient-1-11] DEBUG org.asynchttpclient.netty.handler.HttpHandler - 

Request DefaultHttpRequest(decodeResult: success, version: HTTP/1.1)
POST /session/5bf5434d3c2fea1f13258a0fae0bad99/execute/sync HTTP/1.1
User-Agent: selenium/4.1.2 (java windows)
Content-Length: 48780
Content-Type: application/json; charset=utf-8
host: localhost:63801
accept: */*

Response DefaultHttpResponse(decodeResult: success, version: HTTP/1.1)
HTTP/1.1 200 OK
Content-Type: application/json; charset=utf-8
cache-control: no-cache
content-length: 14

20:00:33.860 [AsyncHttpClient-1-11] DEBUG org.asynchttpclient.netty.channel.ChannelManager - Adding key: http://localhost:63801 for channel [id: 0xe5424f80, L:/127.0.0.1:59971 - R:localhost/127.0.0.1:63801]
  &amp#27;[32mThen &amp#27;[0m&amp#27;[32mI will go to dashboard&amp#27;[0m                          &amp#27;[90m# starter.stepdefinition.LoginSteps.iWillGoToDashboard()&amp#27;[0m
20:00:33.871 [Forwarding screenshot on session 5bf5434d3c2fea1f13258a0fae0bad99 to remote] DEBUG org.asynchttpclient.netty.request.NettyRequestSender - Using pooled Channel '[id: 0xe5424f80, L:/127.0.0.1:59971 - R:localhost/127.0.0.1:63801]' for 'GET' to 'http://localhost:63801/session/5bf5434d3c2fea1f13258a0fae0bad99/screenshot'
20:00:33.871 [Forwarding screenshot on session 5bf5434d3c2fea1f13258a0fae0bad99 to remote] DEBUG org.asynchttpclient.netty.request.NettyRequestSender - Using open Channel [id: 0xe5424f80, L:/127.0.0.1:59971 - R:localhost/127.0.0.1:63801] for GET '/session/5bf5434d3c2fea1f13258a0fae0bad99/screenshot'
20:00:34.117 [AsyncHttpClient-1-11] DEBUG org.asynchttpclient.netty.handler.HttpHandler - 

Request DefaultFullHttpRequest(decodeResult: success, version: HTTP/1.1, content: EmptyByteBufBE)
GET /session/5bf5434d3c2fea1f13258a0fae0bad99/screenshot HTTP/1.1
User-Agent: selenium/4.1.2 (java windows)
Cache-Control: no-cache
Content-Type: application/json; charset=utf-8
host: localhost:63801
accept: */*

Response DefaultHttpResponse(decodeResult: success, version: HTTP/1.1)
HTTP/1.1 200 OK
Content-Type: application/json; charset=utf-8
cache-control: no-cache
content-length: 65156

20:00:34.118 [AsyncHttpClient-1-11] DEBUG org.asynchttpclient.netty.channel.ChannelManager - Adding key: http://localhost:63801 for channel [id: 0xe5424f80, L:/127.0.0.1:59971 - R:localhost/127.0.0.1:63801]
20:00:34.124 [main] DEBUG net.serenitybdd.core.photography.Darkroom - Send negative for processing for target\site\serenity\f1d391bc5be84e42680cd6b52ca4636199dcc7e8b2902a220f5cbf490d2f24f4.png
20:00:34.128 [main] INFO  - 
  _____   ___   ___   _____     ___     _     ___   ___   ___   ___  
 |_   _| | __| / __| |_   _|   | _ \   /_\   / __| / __| | __| |   \ 
   | |   | _|  \__ \   | |     |  _/  / _ \  \__ \ \__ \ | _|  | |) |
   |_|   |___| |___/   |_|     |_|   /_/ \_\ |___/ |___/ |___| |___/ 

Login with valid username and valid password
----------------------------------------------------------------------
20:00:34.130 [AsyncHttpClient-1-13] DEBUG org.asynchttpclient.netty.handler.WebSocketHandler - Channel Closed: [id: 0x978e423c, L:/127.0.0.1:59979 ! R:localhost/127.0.0.1:59972] with attribute NettyResponseFuture{currentRetry=5,
	isDone=1,
	isCancelled=0,
	asyncHandler=org.asynchttpclient.ws.WebSocketUpgradeHandler@4b0da30e,
	nettyRequest=org.asynchttpclient.netty.request.NettyRequest@e0f340b,
	future=java.util.concurrent.CompletableFuture@6156ab8c[Completed normally],
	uri=ws://localhost:59972/devtools/browser/329cbfdb-98ec-478b-8c41-5391073547cc,
	keepAlive=true,
	redirectCount=0,
	timeoutsHolder=null,
	inAuth=0,
	touch=1665406822785}
20:00:34.130 [AsyncHttpClient-1-13] DEBUG org.asynchttpclient.netty.channel.ChannelManager - Closing Channel [id: 0x978e423c, L:/127.0.0.1:59979 ! R:localhost/127.0.0.1:59972] 
20:00:34.130 [Driver Command Executor] DEBUG org.asynchttpclient.netty.request.NettyRequestSender - Using pooled Channel '[id: 0xe5424f80, L:/127.0.0.1:59971 - R:localhost/127.0.0.1:63801]' for 'DELETE' to 'http://localhost:63801/session/5bf5434d3c2fea1f13258a0fae0bad99'
20:00:34.130 [Driver Command Executor] DEBUG org.asynchttpclient.netty.request.NettyRequestSender - Using open Channel [id: 0xe5424f80, L:/127.0.0.1:59971 - R:localhost/127.0.0.1:63801] for DELETE '/session/5bf5434d3c2fea1f13258a0fae0bad99'
20:00:34.163 [AsyncHttpClient-1-12] DEBUG org.asynchttpclient.netty.handler.HttpHandler - Unexpected I/O exception on channel [id: 0x3d40c274, L:/127.0.0.1:59978 - R:localhost/127.0.0.1:59972]
java.io.IOException: An existing connection was forcibly closed by the remote host
	at java.base/sun.nio.ch.SocketDispatcher.read0(Native Method)
	at java.base/sun.nio.ch.SocketDispatcher.read(SocketDispatcher.java:43)
	at java.base/sun.nio.ch.IOUtil.readIntoNativeBuffer(IOUtil.java:276)
	at java.base/sun.nio.ch.IOUtil.read(IOUtil.java:233)
	at java.base/sun.nio.ch.IOUtil.read(IOUtil.java:223)
	at java.base/sun.nio.ch.SocketChannelImpl.read(SocketChannelImpl.java:358)
	at io.netty.buffer.PooledByteBuf.setBytes(PooledByteBuf.java:258)
	at io.netty.buffer.AbstractByteBuf.writeBytes(AbstractByteBuf.java:1132)
	at io.netty.channel.socket.nio.NioSocketChannel.doReadBytes(NioSocketChannel.java:350)
	at io.netty.channel.nio.AbstractNioByteChannel$NioByteUnsafe.read(AbstractNioByteChannel.java:151)
	at io.netty.channel.nio.NioEventLoop.processSelectedKey(NioEventLoop.java:722)
	at io.netty.channel.nio.NioEventLoop.processSelectedKeysOptimized(NioEventLoop.java:658)
	at io.netty.channel.nio.NioEventLoop.processSelectedKeys(NioEventLoop.java:584)
	at io.netty.channel.nio.NioEventLoop.run(NioEventLoop.java:496)
	at io.netty.util.concurrent.SingleThreadEventExecutor$4.run(SingleThreadEventExecutor.java:986)
	at io.netty.util.internal.ThreadExecutorMap$2.run(ThreadExecutorMap.java:74)
	at io.netty.util.concurrent.FastThreadLocalRunnable.run(FastThreadLocalRunnable.java:30)
	at java.base/java.lang.Thread.run(Thread.java:834)
20:00:34.163 [AsyncHttpClient-1-12] DEBUG org.asynchttpclient.netty.channel.ChannelManager - Closing Channel [id: 0x3d40c274, L:/127.0.0.1:59978 - R:localhost/127.0.0.1:59972] 
20:00:34.164 [AsyncHttpClient-1-12] DEBUG org.asynchttpclient.netty.handler.HttpHandler - Channel Closed: [id: 0x3d40c274, L:/127.0.0.1:59978 ! R:localhost/127.0.0.1:59972] with attribute DISCARD
20:00:34.200 [AsyncHttpClient-1-11] DEBUG org.asynchttpclient.netty.handler.HttpHandler - 

Request DefaultFullHttpRequest(decodeResult: success, version: HTTP/1.1, content: EmptyByteBufBE)
DELETE /session/5bf5434d3c2fea1f13258a0fae0bad99 HTTP/1.1
User-Agent: selenium/4.1.2 (java windows)
Content-Type: application/json; charset=utf-8
host: localhost:63801
accept: */*

Response DefaultHttpResponse(decodeResult: success, version: HTTP/1.1)
HTTP/1.1 200 OK
Content-Type: application/json; charset=utf-8
cache-control: no-cache
content-length: 14

20:00:34.201 [AsyncHttpClient-1-11] DEBUG org.asynchttpclient.netty.channel.ChannelManager - Adding key: http://localhost:63801 for channel [id: 0xe5424f80, L:/127.0.0.1:59971 - R:localhost/127.0.0.1:63801]
20:00:34.342 [AsyncHttpClient-1-11] DEBUG org.asynchttpclient.netty.handler.HttpHandler - Channel Closed: [id: 0xe5424f80, L:/127.0.0.1:59971 ! R:localhost/127.0.0.1:63801] with attribute DISCARD
]]></system-out>
    <system-err><![CDATA[Starting ChromeDriver 106.0.5249.61 (511755355844955cd3e264779baf0dd38212a4d0-refs/branch-heads/5249@{#569}) on port 63801
Only local connections are allowed.
Please see https://chromedriver.chromium.org/security-considerations for suggestions on keeping ChromeDriver safe.
ChromeDriver was started successfully.
Oct 10, 2022 8:00:22 PM org.openqa.selenium.remote.ProtocolHandshake createSession
INFO: Detected dialect: W3C
Oct 10, 2022 8:00:22 PM org.openqa.selenium.devtools.CdpVersionFinder findNearestMatch
WARNING: Unable to find an exact match for CDP version 106, so returning the closest version found: a no-op implementation
Oct 10, 2022 8:00:22 PM org.openqa.selenium.devtools.CdpVersionFinder findNearestMatch
INFO: Unable to find CDP implementation matching 106.
Oct 10, 2022 8:00:22 PM org.openqa.selenium.chromium.ChromiumDriver lambda$new$3
WARNING: Unable to find version of CDP to use for . You may need to include a dependency on a specific version of the CDP using something similar to `org.seleniumhq.selenium:selenium-devtools-v86:4.1.2` where the version ("v86") matches the version of the chromium-based browser you're using and the version number of the artifact is the same as Selenium's.
]]></system-err>
  </testcase>
  <testcase name="Login with valid username" classname="Login" time="20.687">
    <system-out><![CDATA[
Scenario: Login with valid username &amp#27;[90m# src/test/resources/features/login.feature:34&amp#27;[0m
20:00:34.388 [main] INFO io.cucumber.core.plugin.SerenityReporter - Running feature from file:///C:/Users/ASUS/IdeaProjects/DemoQA/src/test/resources/features/login.feature
20:00:34.397 [main] INFO  - 
  _____   ___   ___   _____     ___   _____     _     ___   _____   ___   ___  
 |_   _| | __| / __| |_   _|   / __| |_   _|   /_\   | _ \ |_   _| | __| |   \ 
   | |   | _|  \__ \   | |     \__ \   | |    / _ \  |   /   | |   | _|  | |) |
   |_|   |___| |___/   |_|     |___/   |_|   /_/ \_\ |_|_\   |_|   |___| |___/ 

Login with valid username(login;login-with-valid-username)
--------------------------------------------------------------------------------
20:00:34.451 [main] INFO net.serenitybdd.core.webdriver.driverproviders.ChromeDriverProvider - Using automatically driver download
20:00:34.670 [AsyncHttpClient-1-1] DEBUG org.asynchttpclient.netty.channel.DefaultChannelPool - Entry count for : http://localhost:59972 : 1
20:00:34.670 [AsyncHttpClient-1-1] DEBUG org.asynchttpclient.netty.channel.DefaultChannelPool - Entry count for : http://localhost:63801 : 1
20:00:34.670 [AsyncHttpClient-1-1] DEBUG org.asynchttpclient.netty.channel.DefaultChannelPool - Adding Candidate expired Channel [id: 0x3d40c274, L:/127.0.0.1:59978 ! R:localhost/127.0.0.1:59972] isIdleTimeoutExpired=false isRemotelyClosed=true isTtlExpired=false
20:00:34.670 [AsyncHttpClient-1-1] DEBUG org.asynchttpclient.netty.channel.DefaultChannelPool - Closing Idle Channel [id: 0x3d40c274, L:/127.0.0.1:59978 ! R:localhost/127.0.0.1:59972]
20:00:34.670 [AsyncHttpClient-1-1] DEBUG org.asynchttpclient.netty.channel.DefaultChannelPool - Adding Candidate expired Channel [id: 0xe5424f80, L:/127.0.0.1:59971 ! R:localhost/127.0.0.1:63801] isIdleTimeoutExpired=false isRemotelyClosed=true isTtlExpired=false
20:00:34.670 [AsyncHttpClient-1-1] DEBUG org.asynchttpclient.netty.channel.DefaultChannelPool - Closing Idle Channel [id: 0xe5424f80, L:/127.0.0.1:59971 ! R:localhost/127.0.0.1:63801]
20:00:34.670 [AsyncHttpClient-1-1] DEBUG org.asynchttpclient.netty.channel.DefaultChannelPool - Closed 2 connections out of 2 in 0 ms
20:00:34.677 [main] DEBUG io.github.bonigarcia.wdm.cache.ResolutionCache - Resolution chrome=106 in cache (valid until 20:17:04 10/10/2022 ICT)
20:00:34.692 [main] DEBUG io.github.bonigarcia.wdm.cache.ResolutionCache - Resolution chrome106=106.0.5249.61 in cache (valid until 23:39:47 10/10/2022 ICT)
20:00:34.696 [main] INFO io.github.bonigarcia.wdm.WebDriverManager - Using chromedriver 106.0.5249.61 (resolved driver for Chrome 106)
20:00:34.733 [main] DEBUG io.github.bonigarcia.wdm.WebDriverManager - Driver chromedriver 106.0.5249.61 found in cache
20:00:34.737 [main] INFO io.github.bonigarcia.wdm.WebDriverManager - Exporting webdriver.chrome.driver as C:\Users\ASUS\.cache\selenium\chromedriver\win32\106.0.5249.61\chromedriver.exe
20:00:34.950 [main] DEBUG net.serenitybdd.core.webdriver.driverproviders.ProvideNewDriver - Instantiating driver
20:00:34.950 [main] DEBUG net.serenitybdd.core.webdriver.driverproviders.ProvideNewDriver - Driver capabilities: Capabilities {acceptInsecureCerts: false, base.url: https://demoqa.com, browserName: chrome, chrome.driver: src/test/resources/webdrive..., driver: chrome, goog:chromeOptions: {args: [], extensions: []}}
20:00:35.113 [AsyncHttpClient-1-14] DEBUG org.asynchttpclient.netty.channel.NettyConnectListener - Using new Channel '[id: 0xdf48b465, L:/127.0.0.1:60019 - R:localhost/127.0.0.1:54359]' for 'POST' to '/session'
20:00:38.358 [AsyncHttpClient-1-14] DEBUG org.asynchttpclient.netty.handler.HttpHandler - 

Request DefaultHttpRequest(decodeResult: success, version: HTTP/1.1)
POST /session HTTP/1.1
User-Agent: selenium/4.1.2 (java windows)
Content-Length: 599
Content-Type: application/json; charset=utf-8
host: localhost:54359
accept: */*

Response DefaultHttpResponse(decodeResult: success, version: HTTP/1.1)
HTTP/1.1 200 OK
Content-Type: application/json; charset=utf-8
cache-control: no-cache
content-length: 787

20:00:38.359 [AsyncHttpClient-1-14] DEBUG org.asynchttpclient.netty.channel.ChannelManager - Adding key: http://localhost:54359 for channel [id: 0xdf48b465, L:/127.0.0.1:60019 - R:localhost/127.0.0.1:54359]
20:00:38.374 [AsyncHttpClient-1-15] DEBUG org.asynchttpclient.netty.channel.NettyConnectListener - Using new Channel '[id: 0x7c49b80f, L:/127.0.0.1:60026 - R:localhost/127.0.0.1:60020]' for 'GET' to '/json/version'
20:00:38.379 [AsyncHttpClient-1-15] DEBUG org.asynchttpclient.netty.handler.HttpHandler - 

Request DefaultFullHttpRequest(decodeResult: success, version: HTTP/1.1, content: EmptyByteBufBE)
GET /json/version HTTP/1.1
User-Agent: selenium/4.1.2 (java windows)
host: localhost:60020
accept: */*

Response DefaultHttpResponse(decodeResult: success, version: HTTP/1.1)
HTTP/1.1 200 OK
Content-Type: application/json; charset=UTF-8
content-length: 424

20:00:38.379 [AsyncHttpClient-1-15] DEBUG org.asynchttpclient.netty.channel.ChannelManager - Adding key: http://localhost:60020 for channel [id: 0x7c49b80f, L:/127.0.0.1:60026 - R:localhost/127.0.0.1:60020]
20:00:38.386 [AsyncHttpClient-1-16] DEBUG org.asynchttpclient.netty.channel.NettyConnectListener - Using new Channel '[id: 0x83a372b4, L:/127.0.0.1:60027 - R:localhost/127.0.0.1:60020]' for 'GET' to '/devtools/browser/f243736c-36a6-4c83-996e-049fe07deeb4'
20:00:38.406 [AsyncHttpClient-1-16] DEBUG org.asynchttpclient.netty.handler.WebSocketHandler - 

Request DefaultFullHttpRequest(decodeResult: success, version: HTTP/1.1, content: EmptyByteBufBE)
GET /devtools/browser/f243736c-36a6-4c83-996e-049fe07deeb4 HTTP/1.1
upgrade: websocket
connection: upgrade
sec-websocket-key: gYirL1eKmxl847GmDeEvgQ==
sec-websocket-version: 13
origin: http://localhost:60020
host: localhost:60020
accept: */*
user-agent: AHC/2.1

Response DefaultHttpResponse(decodeResult: success, version: HTTP/1.1)
HTTP/1.1 101 WebSocket Protocol Handshake
Upgrade: WebSocket
Connection: Upgrade
Sec-WebSocket-Accept: 2PAR4EQfgq/MXyxuUXpFtYPa9zI=

20:00:38.414 [Forwarding get on session acf3cc857cf3721422b1b5aca3607cc5 to remote] DEBUG org.asynchttpclient.netty.request.NettyRequestSender - Using pooled Channel '[id: 0xdf48b465, L:/127.0.0.1:60019 - R:localhost/127.0.0.1:54359]' for 'POST' to 'http://localhost:54359/session/acf3cc857cf3721422b1b5aca3607cc5/url'
20:00:38.414 [Forwarding get on session acf3cc857cf3721422b1b5aca3607cc5 to remote] DEBUG org.asynchttpclient.netty.request.NettyRequestSender - Using open Channel [id: 0xdf48b465, L:/127.0.0.1:60019 - R:localhost/127.0.0.1:54359] for POST '/session/acf3cc857cf3721422b1b5aca3607cc5/url'
20:00:39.073 [AsyncHttpClient-1-1] DEBUG org.asynchttpclient.netty.channel.DefaultChannelPool - Entry count for : http://localhost:60020 : 1
20:00:40.170 [AsyncHttpClient-1-1] DEBUG org.asynchttpclient.netty.channel.DefaultChannelPool - Entry count for : http://localhost:60020 : 1
20:00:41.274 [AsyncHttpClient-1-1] DEBUG org.asynchttpclient.netty.channel.DefaultChannelPool - Entry count for : http://localhost:60020 : 1
20:00:42.365 [AsyncHttpClient-1-1] DEBUG org.asynchttpclient.netty.channel.DefaultChannelPool - Entry count for : http://localhost:60020 : 1
20:00:43.467 [AsyncHttpClient-1-1] DEBUG org.asynchttpclient.netty.channel.DefaultChannelPool - Entry count for : http://localhost:60020 : 1
20:00:44.570 [AsyncHttpClient-1-1] DEBUG org.asynchttpclient.netty.channel.DefaultChannelPool - Entry count for : http://localhost:60020 : 1
20:00:45.666 [AsyncHttpClient-1-1] DEBUG org.asynchttpclient.netty.channel.DefaultChannelPool - Entry count for : http://localhost:60020 : 1
20:00:46.771 [AsyncHttpClient-1-1] DEBUG org.asynchttpclient.netty.channel.DefaultChannelPool - Entry count for : http://localhost:60020 : 1
20:00:47.871 [AsyncHttpClient-1-1] DEBUG org.asynchttpclient.netty.channel.DefaultChannelPool - Entry count for : http://localhost:60020 : 1
20:00:48.971 [AsyncHttpClient-1-1] DEBUG org.asynchttpclient.netty.channel.DefaultChannelPool - Entry count for : http://localhost:60020 : 1
20:00:50.069 [AsyncHttpClient-1-1] DEBUG org.asynchttpclient.netty.channel.DefaultChannelPool - Entry count for : http://localhost:60020 : 1
20:00:51.166 [AsyncHttpClient-1-1] DEBUG org.asynchttpclient.netty.channel.DefaultChannelPool - Entry count for : http://localhost:60020 : 1
20:00:52.192 [AsyncHttpClient-1-14] DEBUG org.asynchttpclient.netty.handler.HttpHandler - 

Request DefaultHttpRequest(decodeResult: success, version: HTTP/1.1)
POST /session/acf3cc857cf3721422b1b5aca3607cc5/url HTTP/1.1
User-Agent: selenium/4.1.2 (java windows)
Content-Length: 54
Content-Type: application/json; charset=utf-8
host: localhost:54359
accept: */*

Response DefaultHttpResponse(decodeResult: success, version: HTTP/1.1)
HTTP/1.1 200 OK
Content-Type: application/json; charset=utf-8
cache-control: no-cache
content-length: 14

20:00:52.193 [AsyncHttpClient-1-14] DEBUG org.asynchttpclient.netty.channel.ChannelManager - Adding key: http://localhost:54359 for channel [id: 0xdf48b465, L:/127.0.0.1:60019 - R:localhost/127.0.0.1:54359]
20:00:52.199 [Forwarding setTimeout on session acf3cc857cf3721422b1b5aca3607cc5 to remote] DEBUG org.asynchttpclient.netty.request.NettyRequestSender - Using pooled Channel '[id: 0xdf48b465, L:/127.0.0.1:60019 - R:localhost/127.0.0.1:54359]' for 'POST' to 'http://localhost:54359/session/acf3cc857cf3721422b1b5aca3607cc5/timeouts'
20:00:52.199 [Forwarding setTimeout on session acf3cc857cf3721422b1b5aca3607cc5 to remote] DEBUG org.asynchttpclient.netty.request.NettyRequestSender - Using open Channel [id: 0xdf48b465, L:/127.0.0.1:60019 - R:localhost/127.0.0.1:54359] for POST '/session/acf3cc857cf3721422b1b5aca3607cc5/timeouts'
20:00:52.202 [AsyncHttpClient-1-14] DEBUG org.asynchttpclient.netty.handler.HttpHandler - 

Request DefaultHttpRequest(decodeResult: success, version: HTTP/1.1)
POST /session/acf3cc857cf3721422b1b5aca3607cc5/timeouts HTTP/1.1
User-Agent: selenium/4.1.2 (java windows)
Content-Length: 22
Content-Type: application/json; charset=utf-8
host: localhost:54359
accept: */*

Response DefaultHttpResponse(decodeResult: success, version: HTTP/1.1)
HTTP/1.1 200 OK
Content-Type: application/json; charset=utf-8
cache-control: no-cache
content-length: 14

20:00:52.203 [AsyncHttpClient-1-14] DEBUG org.asynchttpclient.netty.channel.ChannelManager - Adding key: http://localhost:54359 for channel [id: 0xdf48b465, L:/127.0.0.1:60019 - R:localhost/127.0.0.1:54359]
20:00:52.210 [Forwarding getCurrentUrl on session acf3cc857cf3721422b1b5aca3607cc5 to remote] DEBUG org.asynchttpclient.netty.request.NettyRequestSender - Using pooled Channel '[id: 0xdf48b465, L:/127.0.0.1:60019 - R:localhost/127.0.0.1:54359]' for 'GET' to 'http://localhost:54359/session/acf3cc857cf3721422b1b5aca3607cc5/url'
20:00:52.210 [Forwarding getCurrentUrl on session acf3cc857cf3721422b1b5aca3607cc5 to remote] DEBUG org.asynchttpclient.netty.request.NettyRequestSender - Using open Channel [id: 0xdf48b465, L:/127.0.0.1:60019 - R:localhost/127.0.0.1:54359] for GET '/session/acf3cc857cf3721422b1b5aca3607cc5/url'
20:00:52.223 [AsyncHttpClient-1-14] DEBUG org.asynchttpclient.netty.handler.HttpHandler - 

Request DefaultFullHttpRequest(decodeResult: success, version: HTTP/1.1, content: EmptyByteBufBE)
GET /session/acf3cc857cf3721422b1b5aca3607cc5/url HTTP/1.1
User-Agent: selenium/4.1.2 (java windows)
Cache-Control: no-cache
Content-Type: application/json; charset=utf-8
host: localhost:54359
accept: */*

Response DefaultHttpResponse(decodeResult: success, version: HTTP/1.1)
HTTP/1.1 200 OK
Content-Type: application/json; charset=utf-8
cache-control: no-cache
content-length: 36

20:00:52.224 [AsyncHttpClient-1-14] DEBUG org.asynchttpclient.netty.channel.ChannelManager - Adding key: http://localhost:54359 for channel [id: 0xdf48b465, L:/127.0.0.1:60019 - R:localhost/127.0.0.1:54359]
20:00:52.240 [Forwarding findElement on session acf3cc857cf3721422b1b5aca3607cc5 to remote] DEBUG org.asynchttpclient.netty.request.NettyRequestSender - Using pooled Channel '[id: 0xdf48b465, L:/127.0.0.1:60019 - R:localhost/127.0.0.1:54359]' for 'POST' to 'http://localhost:54359/session/acf3cc857cf3721422b1b5aca3607cc5/element'
20:00:52.241 [Forwarding findElement on session acf3cc857cf3721422b1b5aca3607cc5 to remote] DEBUG org.asynchttpclient.netty.request.NettyRequestSender - Using open Channel [id: 0xdf48b465, L:/127.0.0.1:60019 - R:localhost/127.0.0.1:54359] for POST '/session/acf3cc857cf3721422b1b5aca3607cc5/element'
20:00:52.271 [AsyncHttpClient-1-1] DEBUG org.asynchttpclient.netty.channel.DefaultChannelPool - Entry count for : http://localhost:60020 : 1
20:00:52.282 [AsyncHttpClient-1-14] DEBUG org.asynchttpclient.netty.handler.HttpHandler - 

Request DefaultHttpRequest(decodeResult: success, version: HTTP/1.1)
POST /session/acf3cc857cf3721422b1b5aca3607cc5/element HTTP/1.1
User-Agent: selenium/4.1.2 (java windows)
Content-Length: 53
Content-Type: application/json; charset=utf-8
host: localhost:54359
accept: */*

Response DefaultHttpResponse(decodeResult: success, version: HTTP/1.1)
HTTP/1.1 200 OK
Content-Type: application/json; charset=utf-8
cache-control: no-cache
content-length: 88

20:00:52.283 [AsyncHttpClient-1-14] DEBUG org.asynchttpclient.netty.channel.ChannelManager - Adding key: http://localhost:54359 for channel [id: 0xdf48b465, L:/127.0.0.1:60019 - R:localhost/127.0.0.1:54359]
20:00:52.286 [Forwarding sendKeysToElement on session acf3cc857cf3721422b1b5aca3607cc5 to remote] DEBUG org.asynchttpclient.netty.request.NettyRequestSender - Using pooled Channel '[id: 0xdf48b465, L:/127.0.0.1:60019 - R:localhost/127.0.0.1:54359]' for 'POST' to 'http://localhost:54359/session/acf3cc857cf3721422b1b5aca3607cc5/element/c72457a2-44b1-4e57-a9c5-1c521e4e8016/value'
20:00:52.286 [Forwarding sendKeysToElement on session acf3cc857cf3721422b1b5aca3607cc5 to remote] DEBUG org.asynchttpclient.netty.request.NettyRequestSender - Using open Channel [id: 0xdf48b465, L:/127.0.0.1:60019 - R:localhost/127.0.0.1:54359] for POST '/session/acf3cc857cf3721422b1b5aca3607cc5/element/c72457a2-44b1-4e57-a9c5-1c521e4e8016/value'
20:00:52.381 [AsyncHttpClient-1-14] DEBUG org.asynchttpclient.netty.handler.HttpHandler - 

Request DefaultHttpRequest(decodeResult: success, version: HTTP/1.1)
POST /session/acf3cc857cf3721422b1b5aca3607cc5/element/c72457a2-44b1-4e57-a9c5-1c521e4e8016/value HTTP/1.1
User-Agent: selenium/4.1.2 (java windows)
Content-Length: 95
Content-Type: application/json; charset=utf-8
host: localhost:54359
accept: */*

Response DefaultHttpResponse(decodeResult: success, version: HTTP/1.1)
HTTP/1.1 200 OK
Content-Type: application/json; charset=utf-8
cache-control: no-cache
content-length: 14

20:00:52.381 [AsyncHttpClient-1-14] DEBUG org.asynchttpclient.netty.channel.ChannelManager - Adding key: http://localhost:54359 for channel [id: 0xdf48b465, L:/127.0.0.1:60019 - R:localhost/127.0.0.1:54359]
  &amp#27;[32mGiven &amp#27;[0m&amp#27;[32mI am on the login page&amp#27;[0m      &amp#27;[90m# starter.stepdefinition.LoginSteps.iAmOnTheLoginPage()&amp#27;[0m
20:00:52.387 [Forwarding screenshot on session acf3cc857cf3721422b1b5aca3607cc5 to remote] DEBUG org.asynchttpclient.netty.request.NettyRequestSender - Using pooled Channel '[id: 0xdf48b465, L:/127.0.0.1:60019 - R:localhost/127.0.0.1:54359]' for 'GET' to 'http://localhost:54359/session/acf3cc857cf3721422b1b5aca3607cc5/screenshot'
20:00:52.388 [Forwarding screenshot on session acf3cc857cf3721422b1b5aca3607cc5 to remote] DEBUG org.asynchttpclient.netty.request.NettyRequestSender - Using open Channel [id: 0xdf48b465, L:/127.0.0.1:60019 - R:localhost/127.0.0.1:54359] for GET '/session/acf3cc857cf3721422b1b5aca3607cc5/screenshot'
20:00:52.676 [AsyncHttpClient-1-14] DEBUG org.asynchttpclient.netty.handler.HttpHandler - 

Request DefaultFullHttpRequest(decodeResult: success, version: HTTP/1.1, content: EmptyByteBufBE)
GET /session/acf3cc857cf3721422b1b5aca3607cc5/screenshot HTTP/1.1
User-Agent: selenium/4.1.2 (java windows)
Cache-Control: no-cache
Content-Type: application/json; charset=utf-8
host: localhost:54359
accept: */*

Response DefaultHttpResponse(decodeResult: success, version: HTTP/1.1)
HTTP/1.1 200 OK
Content-Type: application/json; charset=utf-8
cache-control: no-cache
content-length: 133148

20:00:52.678 [AsyncHttpClient-1-14] DEBUG org.asynchttpclient.netty.channel.ChannelManager - Adding key: http://localhost:54359 for channel [id: 0xdf48b465, L:/127.0.0.1:60019 - R:localhost/127.0.0.1:54359]
20:00:52.691 [main] DEBUG net.serenitybdd.core.photography.Darkroom - Send negative for processing for target\site\serenity\f8f76a73514c36fd93860949613bb12e73bcfc0a974f6a54abe1da1d2ce65cff.png
20:00:52.694 [Darkroom Processing Line] DEBUG net.serenitybdd.core.photography.DarkroomProcessingLine - Processing screenshot image in /var/screenshots/screenshot-14702835213354336955
20:00:52.694 [Darkroom Processing Line] DEBUG net.serenitybdd.core.photography.DarkroomProcessingLine - Saving screenshot to target\site\serenity\f8f76a73514c36fd93860949613bb12e73bcfc0a974f6a54abe1da1d2ce65cff.png
20:00:52.716 [Forwarding findElement on session acf3cc857cf3721422b1b5aca3607cc5 to remote] DEBUG org.asynchttpclient.netty.request.NettyRequestSender - Using pooled Channel '[id: 0xdf48b465, L:/127.0.0.1:60019 - R:localhost/127.0.0.1:54359]' for 'POST' to 'http://localhost:54359/session/acf3cc857cf3721422b1b5aca3607cc5/element'
20:00:52.716 [Forwarding findElement on session acf3cc857cf3721422b1b5aca3607cc5 to remote] DEBUG org.asynchttpclient.netty.request.NettyRequestSender - Using open Channel [id: 0xdf48b465, L:/127.0.0.1:60019 - R:localhost/127.0.0.1:54359] for POST '/session/acf3cc857cf3721422b1b5aca3607cc5/element'
20:00:52.757 [AsyncHttpClient-1-14] DEBUG org.asynchttpclient.netty.handler.HttpHandler - 

Request DefaultHttpRequest(decodeResult: success, version: HTTP/1.1)
POST /session/acf3cc857cf3721422b1b5aca3607cc5/element HTTP/1.1
User-Agent: selenium/4.1.2 (java windows)
Content-Length: 53
Content-Type: application/json; charset=utf-8
host: localhost:54359
accept: */*

Response DefaultHttpResponse(decodeResult: success, version: HTTP/1.1)
HTTP/1.1 200 OK
Content-Type: application/json; charset=utf-8
cache-control: no-cache
content-length: 88

20:00:52.757 [AsyncHttpClient-1-14] DEBUG org.asynchttpclient.netty.channel.ChannelManager - Adding key: http://localhost:54359 for channel [id: 0xdf48b465, L:/127.0.0.1:60019 - R:localhost/127.0.0.1:54359]
20:00:52.761 [Forwarding clearElement on session acf3cc857cf3721422b1b5aca3607cc5 to remote] DEBUG org.asynchttpclient.netty.request.NettyRequestSender - Using pooled Channel '[id: 0xdf48b465, L:/127.0.0.1:60019 - R:localhost/127.0.0.1:54359]' for 'POST' to 'http://localhost:54359/session/acf3cc857cf3721422b1b5aca3607cc5/element/03609fb4-b01d-4284-87d9-2b8ef9246fb7/clear'
20:00:52.761 [Forwarding clearElement on session acf3cc857cf3721422b1b5aca3607cc5 to remote] DEBUG org.asynchttpclient.netty.request.NettyRequestSender - Using open Channel [id: 0xdf48b465, L:/127.0.0.1:60019 - R:localhost/127.0.0.1:54359] for POST '/session/acf3cc857cf3721422b1b5aca3607cc5/element/03609fb4-b01d-4284-87d9-2b8ef9246fb7/clear'
20:00:52.870 [AsyncHttpClient-1-14] DEBUG org.asynchttpclient.netty.handler.HttpHandler - 

Request DefaultHttpRequest(decodeResult: success, version: HTTP/1.1)
POST /session/acf3cc857cf3721422b1b5aca3607cc5/element/03609fb4-b01d-4284-87d9-2b8ef9246fb7/clear HTTP/1.1
User-Agent: selenium/4.1.2 (java windows)
Content-Length: 50
Content-Type: application/json; charset=utf-8
host: localhost:54359
accept: */*

Response DefaultHttpResponse(decodeResult: success, version: HTTP/1.1)
HTTP/1.1 200 OK
Content-Type: application/json; charset=utf-8
cache-control: no-cache
content-length: 14

20:00:52.871 [AsyncHttpClient-1-14] DEBUG org.asynchttpclient.netty.channel.ChannelManager - Adding key: http://localhost:54359 for channel [id: 0xdf48b465, L:/127.0.0.1:60019 - R:localhost/127.0.0.1:54359]
20:00:52.874 [Forwarding sendKeysToElement on session acf3cc857cf3721422b1b5aca3607cc5 to remote] DEBUG org.asynchttpclient.netty.request.NettyRequestSender - Using pooled Channel '[id: 0xdf48b465, L:/127.0.0.1:60019 - R:localhost/127.0.0.1:54359]' for 'POST' to 'http://localhost:54359/session/acf3cc857cf3721422b1b5aca3607cc5/element/03609fb4-b01d-4284-87d9-2b8ef9246fb7/value'
20:00:52.874 [Forwarding sendKeysToElement on session acf3cc857cf3721422b1b5aca3607cc5 to remote] DEBUG org.asynchttpclient.netty.request.NettyRequestSender - Using open Channel [id: 0xdf48b465, L:/127.0.0.1:60019 - R:localhost/127.0.0.1:54359] for POST '/session/acf3cc857cf3721422b1b5aca3607cc5/element/03609fb4-b01d-4284-87d9-2b8ef9246fb7/value'
20:00:53.078 [AsyncHttpClient-1-14] DEBUG org.asynchttpclient.netty.handler.HttpHandler - 

Request DefaultHttpRequest(decodeResult: success, version: HTTP/1.1)
POST /session/acf3cc857cf3721422b1b5aca3607cc5/element/03609fb4-b01d-4284-87d9-2b8ef9246fb7/value HTTP/1.1
User-Agent: selenium/4.1.2 (java windows)
Content-Length: 181
Content-Type: application/json; charset=utf-8
host: localhost:54359
accept: */*

Response DefaultHttpResponse(decodeResult: success, version: HTTP/1.1)
HTTP/1.1 200 OK
Content-Type: application/json; charset=utf-8
cache-control: no-cache
content-length: 14

20:00:53.078 [AsyncHttpClient-1-14] DEBUG org.asynchttpclient.netty.channel.ChannelManager - Adding key: http://localhost:54359 for channel [id: 0xdf48b465, L:/127.0.0.1:60019 - R:localhost/127.0.0.1:54359]
  &amp#27;[32mWhen &amp#27;[0m&amp#27;[32mI input valid username&amp#27;[0m       &amp#27;[90m# starter.stepdefinition.LoginSteps.iInputValidUsername()&amp#27;[0m
20:00:53.087 [Forwarding screenshot on session acf3cc857cf3721422b1b5aca3607cc5 to remote] DEBUG org.asynchttpclient.netty.request.NettyRequestSender - Using pooled Channel '[id: 0xdf48b465, L:/127.0.0.1:60019 - R:localhost/127.0.0.1:54359]' for 'GET' to 'http://localhost:54359/session/acf3cc857cf3721422b1b5aca3607cc5/screenshot'
20:00:53.087 [Forwarding screenshot on session acf3cc857cf3721422b1b5aca3607cc5 to remote] DEBUG org.asynchttpclient.netty.request.NettyRequestSender - Using open Channel [id: 0xdf48b465, L:/127.0.0.1:60019 - R:localhost/127.0.0.1:54359] for GET '/session/acf3cc857cf3721422b1b5aca3607cc5/screenshot'
20:00:53.373 [AsyncHttpClient-1-1] DEBUG org.asynchttpclient.netty.channel.DefaultChannelPool - Entry count for : http://localhost:60020 : 1
20:00:53.416 [AsyncHttpClient-1-14] DEBUG org.asynchttpclient.netty.handler.HttpHandler - 

Request DefaultFullHttpRequest(decodeResult: success, version: HTTP/1.1, content: EmptyByteBufBE)
GET /session/acf3cc857cf3721422b1b5aca3607cc5/screenshot HTTP/1.1
User-Agent: selenium/4.1.2 (java windows)
Cache-Control: no-cache
Content-Type: application/json; charset=utf-8
host: localhost:54359
accept: */*

Response DefaultHttpResponse(decodeResult: success, version: HTTP/1.1)
HTTP/1.1 200 OK
Content-Type: application/json; charset=utf-8
cache-control: no-cache
content-length: 170084

20:00:53.417 [AsyncHttpClient-1-14] DEBUG org.asynchttpclient.netty.channel.ChannelManager - Adding key: http://localhost:54359 for channel [id: 0xdf48b465, L:/127.0.0.1:60019 - R:localhost/127.0.0.1:54359]
20:00:53.424 [main] DEBUG net.serenitybdd.core.photography.Darkroom - Send negative for processing for target\site\serenity\2d4cc36019874f8bc4494330c463cc80ca03536c7dfa9b4bedc5068e5a46cc03.png
20:00:53.424 [Darkroom Processing Line] DEBUG net.serenitybdd.core.photography.DarkroomProcessingLine - Processing screenshot image in /var/screenshots/screenshot-3515704924865650329
20:00:53.425 [Darkroom Processing Line] DEBUG net.serenitybdd.core.photography.DarkroomProcessingLine - Saving screenshot to target\site\serenity\2d4cc36019874f8bc4494330c463cc80ca03536c7dfa9b4bedc5068e5a46cc03.png
20:00:53.439 [Forwarding findElement on session acf3cc857cf3721422b1b5aca3607cc5 to remote] DEBUG org.asynchttpclient.netty.request.NettyRequestSender - Using pooled Channel '[id: 0xdf48b465, L:/127.0.0.1:60019 - R:localhost/127.0.0.1:54359]' for 'POST' to 'http://localhost:54359/session/acf3cc857cf3721422b1b5aca3607cc5/element'
20:00:53.440 [Forwarding findElement on session acf3cc857cf3721422b1b5aca3607cc5 to remote] DEBUG org.asynchttpclient.netty.request.NettyRequestSender - Using open Channel [id: 0xdf48b465, L:/127.0.0.1:60019 - R:localhost/127.0.0.1:54359] for POST '/session/acf3cc857cf3721422b1b5aca3607cc5/element'
20:00:53.468 [AsyncHttpClient-1-14] DEBUG org.asynchttpclient.netty.handler.HttpHandler - 

Request DefaultHttpRequest(decodeResult: success, version: HTTP/1.1)
POST /session/acf3cc857cf3721422b1b5aca3607cc5/element HTTP/1.1
User-Agent: selenium/4.1.2 (java windows)
Content-Length: 50
Content-Type: application/json; charset=utf-8
host: localhost:54359
accept: */*

Response DefaultHttpResponse(decodeResult: success, version: HTTP/1.1)
HTTP/1.1 200 OK
Content-Type: application/json; charset=utf-8
cache-control: no-cache
content-length: 88

20:00:53.468 [AsyncHttpClient-1-14] DEBUG org.asynchttpclient.netty.channel.ChannelManager - Adding key: http://localhost:54359 for channel [id: 0xdf48b465, L:/127.0.0.1:60019 - R:localhost/127.0.0.1:54359]
20:00:53.471 [Forwarding getElementTagName on session acf3cc857cf3721422b1b5aca3607cc5 to remote] DEBUG org.asynchttpclient.netty.request.NettyRequestSender - Using pooled Channel '[id: 0xdf48b465, L:/127.0.0.1:60019 - R:localhost/127.0.0.1:54359]' for 'GET' to 'http://localhost:54359/session/acf3cc857cf3721422b1b5aca3607cc5/element/ef8a664e-505c-4332-b9d1-24785ceb825c/name'
20:00:53.471 [Forwarding getElementTagName on session acf3cc857cf3721422b1b5aca3607cc5 to remote] DEBUG org.asynchttpclient.netty.request.NettyRequestSender - Using open Channel [id: 0xdf48b465, L:/127.0.0.1:60019 - R:localhost/127.0.0.1:54359] for GET '/session/acf3cc857cf3721422b1b5aca3607cc5/element/ef8a664e-505c-4332-b9d1-24785ceb825c/name'
20:00:53.483 [AsyncHttpClient-1-14] DEBUG org.asynchttpclient.netty.handler.HttpHandler - 

Request DefaultFullHttpRequest(decodeResult: success, version: HTTP/1.1, content: EmptyByteBufBE)
GET /session/acf3cc857cf3721422b1b5aca3607cc5/element/ef8a664e-505c-4332-b9d1-24785ceb825c/name HTTP/1.1
User-Agent: selenium/4.1.2 (java windows)
Cache-Control: no-cache
Content-Type: application/json; charset=utf-8
host: localhost:54359
accept: */*

Response DefaultHttpResponse(decodeResult: success, version: HTTP/1.1)
HTTP/1.1 200 OK
Content-Type: application/json; charset=utf-8
cache-control: no-cache
content-length: 18

20:00:53.484 [AsyncHttpClient-1-14] DEBUG org.asynchttpclient.netty.channel.ChannelManager - Adding key: http://localhost:54359 for channel [id: 0xdf48b465, L:/127.0.0.1:60019 - R:localhost/127.0.0.1:54359]
20:00:53.488 [Forwarding getElementTagName on session acf3cc857cf3721422b1b5aca3607cc5 to remote] DEBUG org.asynchttpclient.netty.request.NettyRequestSender - Using pooled Channel '[id: 0xdf48b465, L:/127.0.0.1:60019 - R:localhost/127.0.0.1:54359]' for 'GET' to 'http://localhost:54359/session/acf3cc857cf3721422b1b5aca3607cc5/element/ef8a664e-505c-4332-b9d1-24785ceb825c/name'
20:00:53.488 [Forwarding getElementTagName on session acf3cc857cf3721422b1b5aca3607cc5 to remote] DEBUG org.asynchttpclient.netty.request.NettyRequestSender - Using open Channel [id: 0xdf48b465, L:/127.0.0.1:60019 - R:localhost/127.0.0.1:54359] for GET '/session/acf3cc857cf3721422b1b5aca3607cc5/element/ef8a664e-505c-4332-b9d1-24785ceb825c/name'
20:00:53.495 [AsyncHttpClient-1-14] DEBUG org.asynchttpclient.netty.handler.HttpHandler - 

Request DefaultFullHttpRequest(decodeResult: success, version: HTTP/1.1, content: EmptyByteBufBE)
GET /session/acf3cc857cf3721422b1b5aca3607cc5/element/ef8a664e-505c-4332-b9d1-24785ceb825c/name HTTP/1.1
User-Agent: selenium/4.1.2 (java windows)
Cache-Control: no-cache
Content-Type: application/json; charset=utf-8
host: localhost:54359
accept: */*

Response DefaultHttpResponse(decodeResult: success, version: HTTP/1.1)
HTTP/1.1 200 OK
Content-Type: application/json; charset=utf-8
cache-control: no-cache
content-length: 18

20:00:53.496 [AsyncHttpClient-1-14] DEBUG org.asynchttpclient.netty.channel.ChannelManager - Adding key: http://localhost:54359 for channel [id: 0xdf48b465, L:/127.0.0.1:60019 - R:localhost/127.0.0.1:54359]
20:00:53.499 [Forwarding isElementEnabled on session acf3cc857cf3721422b1b5aca3607cc5 to remote] DEBUG org.asynchttpclient.netty.request.NettyRequestSender - Using pooled Channel '[id: 0xdf48b465, L:/127.0.0.1:60019 - R:localhost/127.0.0.1:54359]' for 'GET' to 'http://localhost:54359/session/acf3cc857cf3721422b1b5aca3607cc5/element/ef8a664e-505c-4332-b9d1-24785ceb825c/enabled'
20:00:53.500 [Forwarding isElementEnabled on session acf3cc857cf3721422b1b5aca3607cc5 to remote] DEBUG org.asynchttpclient.netty.request.NettyRequestSender - Using open Channel [id: 0xdf48b465, L:/127.0.0.1:60019 - R:localhost/127.0.0.1:54359] for GET '/session/acf3cc857cf3721422b1b5aca3607cc5/element/ef8a664e-505c-4332-b9d1-24785ceb825c/enabled'
20:00:53.527 [AsyncHttpClient-1-14] DEBUG org.asynchttpclient.netty.handler.HttpHandler - 

Request DefaultFullHttpRequest(decodeResult: success, version: HTTP/1.1, content: EmptyByteBufBE)
GET /session/acf3cc857cf3721422b1b5aca3607cc5/element/ef8a664e-505c-4332-b9d1-24785ceb825c/enabled HTTP/1.1
User-Agent: selenium/4.1.2 (java windows)
Cache-Control: no-cache
Content-Type: application/json; charset=utf-8
host: localhost:54359
accept: */*

Response DefaultHttpResponse(decodeResult: success, version: HTTP/1.1)
HTTP/1.1 200 OK
Content-Type: application/json; charset=utf-8
cache-control: no-cache
content-length: 14

20:00:53.529 [AsyncHttpClient-1-14] DEBUG org.asynchttpclient.netty.channel.ChannelManager - Adding key: http://localhost:54359 for channel [id: 0xdf48b465, L:/127.0.0.1:60019 - R:localhost/127.0.0.1:54359]
20:00:53.531 [Forwarding isElementEnabled on session acf3cc857cf3721422b1b5aca3607cc5 to remote] DEBUG org.asynchttpclient.netty.request.NettyRequestSender - Using pooled Channel '[id: 0xdf48b465, L:/127.0.0.1:60019 - R:localhost/127.0.0.1:54359]' for 'GET' to 'http://localhost:54359/session/acf3cc857cf3721422b1b5aca3607cc5/element/ef8a664e-505c-4332-b9d1-24785ceb825c/enabled'
20:00:53.531 [Forwarding isElementEnabled on session acf3cc857cf3721422b1b5aca3607cc5 to remote] DEBUG org.asynchttpclient.netty.request.NettyRequestSender - Using open Channel [id: 0xdf48b465, L:/127.0.0.1:60019 - R:localhost/127.0.0.1:54359] for GET '/session/acf3cc857cf3721422b1b5aca3607cc5/element/ef8a664e-505c-4332-b9d1-24785ceb825c/enabled'
20:00:53.547 [AsyncHttpClient-1-14] DEBUG org.asynchttpclient.netty.handler.HttpHandler - 

Request DefaultFullHttpRequest(decodeResult: success, version: HTTP/1.1, content: EmptyByteBufBE)
GET /session/acf3cc857cf3721422b1b5aca3607cc5/element/ef8a664e-505c-4332-b9d1-24785ceb825c/enabled HTTP/1.1
User-Agent: selenium/4.1.2 (java windows)
Cache-Control: no-cache
Content-Type: application/json; charset=utf-8
host: localhost:54359
accept: */*

Response DefaultHttpResponse(decodeResult: success, version: HTTP/1.1)
HTTP/1.1 200 OK
Content-Type: application/json; charset=utf-8
cache-control: no-cache
content-length: 14

20:00:53.549 [AsyncHttpClient-1-14] DEBUG org.asynchttpclient.netty.channel.ChannelManager - Adding key: http://localhost:54359 for channel [id: 0xdf48b465, L:/127.0.0.1:60019 - R:localhost/127.0.0.1:54359]
20:00:53.557 [Forwarding findElement on session acf3cc857cf3721422b1b5aca3607cc5 to remote] DEBUG org.asynchttpclient.netty.request.NettyRequestSender - Using pooled Channel '[id: 0xdf48b465, L:/127.0.0.1:60019 - R:localhost/127.0.0.1:54359]' for 'POST' to 'http://localhost:54359/session/acf3cc857cf3721422b1b5aca3607cc5/element'
20:00:53.557 [Forwarding findElement on session acf3cc857cf3721422b1b5aca3607cc5 to remote] DEBUG org.asynchttpclient.netty.request.NettyRequestSender - Using open Channel [id: 0xdf48b465, L:/127.0.0.1:60019 - R:localhost/127.0.0.1:54359] for POST '/session/acf3cc857cf3721422b1b5aca3607cc5/element'
20:00:53.572 [AsyncHttpClient-1-14] DEBUG org.asynchttpclient.netty.handler.HttpHandler - 

Request DefaultHttpRequest(decodeResult: success, version: HTTP/1.1)
POST /session/acf3cc857cf3721422b1b5aca3607cc5/element HTTP/1.1
User-Agent: selenium/4.1.2 (java windows)
Content-Length: 50
Content-Type: application/json; charset=utf-8
host: localhost:54359
accept: */*

Response DefaultHttpResponse(decodeResult: success, version: HTTP/1.1)
HTTP/1.1 200 OK
Content-Type: application/json; charset=utf-8
cache-control: no-cache
content-length: 88

20:00:53.572 [AsyncHttpClient-1-14] DEBUG org.asynchttpclient.netty.channel.ChannelManager - Adding key: http://localhost:54359 for channel [id: 0xdf48b465, L:/127.0.0.1:60019 - R:localhost/127.0.0.1:54359]
20:00:53.577 [Forwarding clickElement on session acf3cc857cf3721422b1b5aca3607cc5 to remote] DEBUG org.asynchttpclient.netty.request.NettyRequestSender - Using pooled Channel '[id: 0xdf48b465, L:/127.0.0.1:60019 - R:localhost/127.0.0.1:54359]' for 'POST' to 'http://localhost:54359/session/acf3cc857cf3721422b1b5aca3607cc5/element/ef8a664e-505c-4332-b9d1-24785ceb825c/click'
20:00:53.577 [Forwarding clickElement on session acf3cc857cf3721422b1b5aca3607cc5 to remote] DEBUG org.asynchttpclient.netty.request.NettyRequestSender - Using open Channel [id: 0xdf48b465, L:/127.0.0.1:60019 - R:localhost/127.0.0.1:54359] for POST '/session/acf3cc857cf3721422b1b5aca3607cc5/element/ef8a664e-505c-4332-b9d1-24785ceb825c/click'
20:00:53.685 [AsyncHttpClient-1-14] DEBUG org.asynchttpclient.netty.handler.HttpHandler - 

Request DefaultHttpRequest(decodeResult: success, version: HTTP/1.1)
POST /session/acf3cc857cf3721422b1b5aca3607cc5/element/ef8a664e-505c-4332-b9d1-24785ceb825c/click HTTP/1.1
User-Agent: selenium/4.1.2 (java windows)
Content-Length: 50
Content-Type: application/json; charset=utf-8
host: localhost:54359
accept: */*

Response DefaultHttpResponse(decodeResult: success, version: HTTP/1.1)
HTTP/1.1 200 OK
Content-Type: application/json; charset=utf-8
cache-control: no-cache
content-length: 14

20:00:53.686 [AsyncHttpClient-1-14] DEBUG org.asynchttpclient.netty.channel.ChannelManager - Adding key: http://localhost:54359 for channel [id: 0xdf48b465, L:/127.0.0.1:60019 - R:localhost/127.0.0.1:54359]
  &amp#27;[32mAnd &amp#27;[0m&amp#27;[32mI click Login Button&amp#27;[0m          &amp#27;[90m# starter.stepdefinition.LoginSteps.iClickLoginButton()&amp#27;[0m
20:00:53.722 [Forwarding screenshot on session acf3cc857cf3721422b1b5aca3607cc5 to remote] DEBUG org.asynchttpclient.netty.request.NettyRequestSender - Using pooled Channel '[id: 0xdf48b465, L:/127.0.0.1:60019 - R:localhost/127.0.0.1:54359]' for 'GET' to 'http://localhost:54359/session/acf3cc857cf3721422b1b5aca3607cc5/screenshot'
20:00:53.723 [Forwarding screenshot on session acf3cc857cf3721422b1b5aca3607cc5 to remote] DEBUG org.asynchttpclient.netty.request.NettyRequestSender - Using open Channel [id: 0xdf48b465, L:/127.0.0.1:60019 - R:localhost/127.0.0.1:54359] for GET '/session/acf3cc857cf3721422b1b5aca3607cc5/screenshot'
20:00:54.220 [AsyncHttpClient-1-14] DEBUG org.asynchttpclient.netty.handler.HttpHandler - 

Request DefaultFullHttpRequest(decodeResult: success, version: HTTP/1.1, content: EmptyByteBufBE)
GET /session/acf3cc857cf3721422b1b5aca3607cc5/screenshot HTTP/1.1
User-Agent: selenium/4.1.2 (java windows)
Cache-Control: no-cache
Content-Type: application/json; charset=utf-8
host: localhost:54359
accept: */*

Response DefaultHttpResponse(decodeResult: success, version: HTTP/1.1)
HTTP/1.1 200 OK
Content-Type: application/json; charset=utf-8
cache-control: no-cache
content-length: 179700

20:00:54.222 [AsyncHttpClient-1-14] DEBUG org.asynchttpclient.netty.channel.ChannelManager - Adding key: http://localhost:54359 for channel [id: 0xdf48b465, L:/127.0.0.1:60019 - R:localhost/127.0.0.1:54359]
20:00:54.232 [main] DEBUG net.serenitybdd.core.photography.Darkroom - Send negative for processing for target\site\serenity\201cee10926e4a1f687c1b7d10543b51ccf00b987b7b272d32ba799e5ad6c444.png
20:00:54.241 [Darkroom Processing Line] DEBUG net.serenitybdd.core.photography.DarkroomProcessingLine - Processing screenshot image in /var/screenshots/screenshot-11612291653903346765
20:00:54.242 [Darkroom Processing Line] DEBUG net.serenitybdd.core.photography.DarkroomProcessingLine - Saving screenshot to target\site\serenity\201cee10926e4a1f687c1b7d10543b51ccf00b987b7b272d32ba799e5ad6c444.png
20:00:54.271 [Forwarding findElement on session acf3cc857cf3721422b1b5aca3607cc5 to remote] DEBUG org.asynchttpclient.netty.request.NettyRequestSender - Using pooled Channel '[id: 0xdf48b465, L:/127.0.0.1:60019 - R:localhost/127.0.0.1:54359]' for 'POST' to 'http://localhost:54359/session/acf3cc857cf3721422b1b5aca3607cc5/element'
20:00:54.271 [Forwarding findElement on session acf3cc857cf3721422b1b5aca3607cc5 to remote] DEBUG org.asynchttpclient.netty.request.NettyRequestSender - Using open Channel [id: 0xdf48b465, L:/127.0.0.1:60019 - R:localhost/127.0.0.1:54359] for POST '/session/acf3cc857cf3721422b1b5aca3607cc5/element'
20:00:54.304 [AsyncHttpClient-1-14] DEBUG org.asynchttpclient.netty.handler.HttpHandler - 

Request DefaultHttpRequest(decodeResult: success, version: HTTP/1.1)
POST /session/acf3cc857cf3721422b1b5aca3607cc5/element HTTP/1.1
User-Agent: selenium/4.1.2 (java windows)
Content-Length: 98
Content-Type: application/json; charset=utf-8
host: localhost:54359
accept: */*

Response DefaultHttpResponse(decodeResult: success, version: HTTP/1.1)
HTTP/1.1 200 OK
Content-Type: application/json; charset=utf-8
cache-control: no-cache
content-length: 88

20:00:54.305 [AsyncHttpClient-1-14] DEBUG org.asynchttpclient.netty.channel.ChannelManager - Adding key: http://localhost:54359 for channel [id: 0xdf48b465, L:/127.0.0.1:60019 - R:localhost/127.0.0.1:54359]
20:00:54.321 [Forwarding isElementDisplayed on session acf3cc857cf3721422b1b5aca3607cc5 to remote] DEBUG org.asynchttpclient.netty.request.NettyRequestSender - Using pooled Channel '[id: 0xdf48b465, L:/127.0.0.1:60019 - R:localhost/127.0.0.1:54359]' for 'POST' to 'http://localhost:54359/session/acf3cc857cf3721422b1b5aca3607cc5/execute/sync'
20:00:54.321 [Forwarding isElementDisplayed on session acf3cc857cf3721422b1b5aca3607cc5 to remote] DEBUG org.asynchttpclient.netty.request.NettyRequestSender - Using open Channel [id: 0xdf48b465, L:/127.0.0.1:60019 - R:localhost/127.0.0.1:54359] for POST '/session/acf3cc857cf3721422b1b5aca3607cc5/execute/sync'
20:00:54.363 [AsyncHttpClient-1-14] DEBUG org.asynchttpclient.netty.handler.HttpHandler - 

Request DefaultHttpRequest(decodeResult: success, version: HTTP/1.1)
POST /session/acf3cc857cf3721422b1b5aca3607cc5/execute/sync HTTP/1.1
User-Agent: selenium/4.1.2 (java windows)
Content-Length: 48780
Content-Type: application/json; charset=utf-8
host: localhost:54359
accept: */*

Response DefaultHttpResponse(decodeResult: success, version: HTTP/1.1)
HTTP/1.1 200 OK
Content-Type: application/json; charset=utf-8
cache-control: no-cache
content-length: 14

20:00:54.364 [AsyncHttpClient-1-14] DEBUG org.asynchttpclient.netty.channel.ChannelManager - Adding key: http://localhost:54359 for channel [id: 0xdf48b465, L:/127.0.0.1:60019 - R:localhost/127.0.0.1:54359]
  &amp#27;[32mThen &amp#27;[0m&amp#27;[32mI get warning error&amp#27;[0m          &amp#27;[90m# starter.stepdefinition.LoginSteps.iGetWarningError()&amp#27;[0m
20:00:54.380 [Forwarding screenshot on session acf3cc857cf3721422b1b5aca3607cc5 to remote] DEBUG org.asynchttpclient.netty.request.NettyRequestSender - Using pooled Channel '[id: 0xdf48b465, L:/127.0.0.1:60019 - R:localhost/127.0.0.1:54359]' for 'GET' to 'http://localhost:54359/session/acf3cc857cf3721422b1b5aca3607cc5/screenshot'
20:00:54.380 [Forwarding screenshot on session acf3cc857cf3721422b1b5aca3607cc5 to remote] DEBUG org.asynchttpclient.netty.request.NettyRequestSender - Using open Channel [id: 0xdf48b465, L:/127.0.0.1:60019 - R:localhost/127.0.0.1:54359] for GET '/session/acf3cc857cf3721422b1b5aca3607cc5/screenshot'
20:00:54.466 [AsyncHttpClient-1-1] DEBUG org.asynchttpclient.netty.channel.DefaultChannelPool - Entry count for : http://localhost:60020 : 1
20:00:54.691 [AsyncHttpClient-1-14] DEBUG org.asynchttpclient.netty.handler.HttpHandler - 

Request DefaultFullHttpRequest(decodeResult: success, version: HTTP/1.1, content: EmptyByteBufBE)
GET /session/acf3cc857cf3721422b1b5aca3607cc5/screenshot HTTP/1.1
User-Agent: selenium/4.1.2 (java windows)
Cache-Control: no-cache
Content-Type: application/json; charset=utf-8
host: localhost:54359
accept: */*

Response DefaultHttpResponse(decodeResult: success, version: HTTP/1.1)
HTTP/1.1 200 OK
Content-Type: application/json; charset=utf-8
cache-control: no-cache
content-length: 180252

20:00:54.698 [AsyncHttpClient-1-14] DEBUG org.asynchttpclient.netty.channel.ChannelManager - Adding key: http://localhost:54359 for channel [id: 0xdf48b465, L:/127.0.0.1:60019 - R:localhost/127.0.0.1:54359]
20:00:54.707 [main] DEBUG net.serenitybdd.core.photography.Darkroom - Send negative for processing for target\site\serenity\fd52fa837c5e670aaedaeb302bb523a807bb82df97f42cbed6a51952fe2400cf.png
20:00:54.707 [Darkroom Processing Line] DEBUG net.serenitybdd.core.photography.DarkroomProcessingLine - Processing screenshot image in /var/screenshots/screenshot-16663233181112085892
20:00:54.707 [Darkroom Processing Line] DEBUG net.serenitybdd.core.photography.DarkroomProcessingLine - Saving screenshot to target\site\serenity\fd52fa837c5e670aaedaeb302bb523a807bb82df97f42cbed6a51952fe2400cf.png
20:00:54.709 [main] INFO  - 
  _____   ___   ___   _____     ___     _     ___   ___   ___   ___  
 |_   _| | __| / __| |_   _|   | _ \   /_\   / __| / __| | __| |   \ 
   | |   | _|  \__ \   | |     |  _/  / _ \  \__ \ \__ \ | _|  | |) |
   |_|   |___| |___/   |_|     |_|   /_/ \_\ |___/ |___/ |___| |___/ 

Login with valid username
----------------------------------------------------------------------
20:00:54.711 [AsyncHttpClient-1-16] DEBUG org.asynchttpclient.netty.handler.WebSocketHandler - Channel Closed: [id: 0x83a372b4, L:/127.0.0.1:60027 ! R:localhost/127.0.0.1:60020] with attribute NettyResponseFuture{currentRetry=5,
	isDone=1,
	isCancelled=0,
	asyncHandler=org.asynchttpclient.ws.WebSocketUpgradeHandler@2abfe719,
	nettyRequest=org.asynchttpclient.netty.request.NettyRequest@705d30c0,
	future=java.util.concurrent.CompletableFuture@52ded93c[Completed normally],
	uri=ws://localhost:60020/devtools/browser/f243736c-36a6-4c83-996e-049fe07deeb4,
	keepAlive=true,
	redirectCount=0,
	timeoutsHolder=null,
	inAuth=0,
	touch=1665406838408}
20:00:54.711 [AsyncHttpClient-1-16] DEBUG org.asynchttpclient.netty.channel.ChannelManager - Closing Channel [id: 0x83a372b4, L:/127.0.0.1:60027 ! R:localhost/127.0.0.1:60020] 
20:00:54.711 [Driver Command Executor] DEBUG org.asynchttpclient.netty.request.NettyRequestSender - Using pooled Channel '[id: 0xdf48b465, L:/127.0.0.1:60019 - R:localhost/127.0.0.1:54359]' for 'DELETE' to 'http://localhost:54359/session/acf3cc857cf3721422b1b5aca3607cc5'
20:00:54.711 [Driver Command Executor] DEBUG org.asynchttpclient.netty.request.NettyRequestSender - Using open Channel [id: 0xdf48b465, L:/127.0.0.1:60019 - R:localhost/127.0.0.1:54359] for DELETE '/session/acf3cc857cf3721422b1b5aca3607cc5'
20:00:54.766 [AsyncHttpClient-1-15] DEBUG org.asynchttpclient.netty.handler.HttpHandler - Unexpected I/O exception on channel [id: 0x7c49b80f, L:/127.0.0.1:60026 - R:localhost/127.0.0.1:60020]
java.io.IOException: An existing connection was forcibly closed by the remote host
	at java.base/sun.nio.ch.SocketDispatcher.read0(Native Method)
	at java.base/sun.nio.ch.SocketDispatcher.read(SocketDispatcher.java:43)
	at java.base/sun.nio.ch.IOUtil.readIntoNativeBuffer(IOUtil.java:276)
	at java.base/sun.nio.ch.IOUtil.read(IOUtil.java:233)
	at java.base/sun.nio.ch.IOUtil.read(IOUtil.java:223)
	at java.base/sun.nio.ch.SocketChannelImpl.read(SocketChannelImpl.java:358)
	at io.netty.buffer.PooledByteBuf.setBytes(PooledByteBuf.java:258)
	at io.netty.buffer.AbstractByteBuf.writeBytes(AbstractByteBuf.java:1132)
	at io.netty.channel.socket.nio.NioSocketChannel.doReadBytes(NioSocketChannel.java:350)
	at io.netty.channel.nio.AbstractNioByteChannel$NioByteUnsafe.read(AbstractNioByteChannel.java:151)
	at io.netty.channel.nio.NioEventLoop.processSelectedKey(NioEventLoop.java:722)
	at io.netty.channel.nio.NioEventLoop.processSelectedKeysOptimized(NioEventLoop.java:658)
	at io.netty.channel.nio.NioEventLoop.processSelectedKeys(NioEventLoop.java:584)
	at io.netty.channel.nio.NioEventLoop.run(NioEventLoop.java:496)
	at io.netty.util.concurrent.SingleThreadEventExecutor$4.run(SingleThreadEventExecutor.java:986)
	at io.netty.util.internal.ThreadExecutorMap$2.run(ThreadExecutorMap.java:74)
	at io.netty.util.concurrent.FastThreadLocalRunnable.run(FastThreadLocalRunnable.java:30)
	at java.base/java.lang.Thread.run(Thread.java:834)
20:00:54.767 [AsyncHttpClient-1-15] DEBUG org.asynchttpclient.netty.channel.ChannelManager - Closing Channel [id: 0x7c49b80f, L:/127.0.0.1:60026 - R:localhost/127.0.0.1:60020] 
20:00:54.768 [AsyncHttpClient-1-15] DEBUG org.asynchttpclient.netty.handler.HttpHandler - Channel Closed: [id: 0x7c49b80f, L:/127.0.0.1:60026 ! R:localhost/127.0.0.1:60020] with attribute DISCARD
20:00:54.811 [AsyncHttpClient-1-14] DEBUG org.asynchttpclient.netty.handler.HttpHandler - 

Request DefaultFullHttpRequest(decodeResult: success, version: HTTP/1.1, content: EmptyByteBufBE)
DELETE /session/acf3cc857cf3721422b1b5aca3607cc5 HTTP/1.1
User-Agent: selenium/4.1.2 (java windows)
Content-Type: application/json; charset=utf-8
host: localhost:54359
accept: */*

Response DefaultHttpResponse(decodeResult: success, version: HTTP/1.1)
HTTP/1.1 200 OK
Content-Type: application/json; charset=utf-8
cache-control: no-cache
content-length: 14

20:00:54.812 [AsyncHttpClient-1-14] DEBUG org.asynchttpclient.netty.channel.ChannelManager - Adding key: http://localhost:54359 for channel [id: 0xdf48b465, L:/127.0.0.1:60019 - R:localhost/127.0.0.1:54359]
20:00:54.985 [AsyncHttpClient-1-14] DEBUG org.asynchttpclient.netty.handler.HttpHandler - Channel Closed: [id: 0xdf48b465, L:/127.0.0.1:60019 ! R:localhost/127.0.0.1:54359] with attribute DISCARD
]]></system-out>
    <system-err><![CDATA[Starting ChromeDriver 106.0.5249.61 (511755355844955cd3e264779baf0dd38212a4d0-refs/branch-heads/5249@{#569}) on port 54359
Only local connections are allowed.
Please see https://chromedriver.chromium.org/security-considerations for suggestions on keeping ChromeDriver safe.
ChromeDriver was started successfully.
Oct 10, 2022 8:00:38 PM org.openqa.selenium.remote.ProtocolHandshake createSession
INFO: Detected dialect: W3C
Oct 10, 2022 8:00:38 PM org.openqa.selenium.devtools.CdpVersionFinder findNearestMatch
WARNING: Unable to find an exact match for CDP version 106, so returning the closest version found: a no-op implementation
Oct 10, 2022 8:00:38 PM org.openqa.selenium.devtools.CdpVersionFinder findNearestMatch
INFO: Unable to find CDP implementation matching 106.
Oct 10, 2022 8:00:38 PM org.openqa.selenium.chromium.ChromiumDriver lambda$new$3
WARNING: Unable to find version of CDP to use for . You may need to include a dependency on a specific version of the CDP using something similar to `org.seleniumhq.selenium:selenium-devtools-v86:4.1.2` where the version ("v86") matches the version of the chromium-based browser you're using and the version number of the artifact is the same as Selenium's.
]]></system-err>
  </testcase>
  <testcase name="Login with valid password" classname="Login" time="16.689">
    <system-out><![CDATA[
Scenario: Login with valid password &amp#27;[90m# src/test/resources/features/login.feature:40&amp#27;[0m
20:00:55.080 [main] INFO io.cucumber.core.plugin.SerenityReporter - Running feature from file:///C:/Users/ASUS/IdeaProjects/DemoQA/src/test/resources/features/login.feature
20:00:55.097 [main] INFO  - 
  _____   ___   ___   _____     ___   _____     _     ___   _____   ___   ___  
 |_   _| | __| / __| |_   _|   / __| |_   _|   /_\   | _ \ |_   _| | __| |   \ 
   | |   | _|  \__ \   | |     \__ \   | |    / _ \  |   /   | |   | _|  | |) |
   |_|   |___| |___/   |_|     |___/   |_|   /_/ \_\ |_|_\   |_|   |___| |___/ 

Login with valid password(login;login-with-valid-password)
--------------------------------------------------------------------------------
20:00:55.146 [main] INFO net.serenitybdd.core.webdriver.driverproviders.ChromeDriverProvider - Using automatically driver download
20:00:55.371 [main] DEBUG io.github.bonigarcia.wdm.cache.ResolutionCache - Resolution chrome=106 in cache (valid until 20:17:04 10/10/2022 ICT)
20:00:55.379 [main] DEBUG io.github.bonigarcia.wdm.cache.ResolutionCache - Resolution chrome106=106.0.5249.61 in cache (valid until 23:39:47 10/10/2022 ICT)
20:00:55.385 [main] INFO io.github.bonigarcia.wdm.WebDriverManager - Using chromedriver 106.0.5249.61 (resolved driver for Chrome 106)
20:00:55.407 [main] DEBUG io.github.bonigarcia.wdm.WebDriverManager - Driver chromedriver 106.0.5249.61 found in cache
20:00:55.409 [main] INFO io.github.bonigarcia.wdm.WebDriverManager - Exporting webdriver.chrome.driver as C:\Users\ASUS\.cache\selenium\chromedriver\win32\106.0.5249.61\chromedriver.exe
20:00:55.573 [AsyncHttpClient-1-1] DEBUG org.asynchttpclient.netty.channel.DefaultChannelPool - Entry count for : http://localhost:60020 : 1
20:00:55.573 [AsyncHttpClient-1-1] DEBUG org.asynchttpclient.netty.channel.DefaultChannelPool - Entry count for : http://localhost:54359 : 1
20:00:55.574 [AsyncHttpClient-1-1] DEBUG org.asynchttpclient.netty.channel.DefaultChannelPool - Adding Candidate expired Channel [id: 0x7c49b80f, L:/127.0.0.1:60026 ! R:localhost/127.0.0.1:60020] isIdleTimeoutExpired=false isRemotelyClosed=true isTtlExpired=false
20:00:55.574 [AsyncHttpClient-1-1] DEBUG org.asynchttpclient.netty.channel.DefaultChannelPool - Closing Idle Channel [id: 0x7c49b80f, L:/127.0.0.1:60026 ! R:localhost/127.0.0.1:60020]
20:00:55.574 [AsyncHttpClient-1-1] DEBUG org.asynchttpclient.netty.channel.DefaultChannelPool - Adding Candidate expired Channel [id: 0xdf48b465, L:/127.0.0.1:60019 ! R:localhost/127.0.0.1:54359] isIdleTimeoutExpired=false isRemotelyClosed=true isTtlExpired=false
20:00:55.574 [AsyncHttpClient-1-1] DEBUG org.asynchttpclient.netty.channel.DefaultChannelPool - Closing Idle Channel [id: 0xdf48b465, L:/127.0.0.1:60019 ! R:localhost/127.0.0.1:54359]
20:00:55.575 [AsyncHttpClient-1-1] DEBUG org.asynchttpclient.netty.channel.DefaultChannelPool - Closed 2 connections out of 2 in 1 ms
20:00:55.602 [main] DEBUG net.serenitybdd.core.webdriver.driverproviders.ProvideNewDriver - Instantiating driver
20:00:55.602 [main] DEBUG net.serenitybdd.core.webdriver.driverproviders.ProvideNewDriver - Driver capabilities: Capabilities {acceptInsecureCerts: false, base.url: https://demoqa.com, browserName: chrome, chrome.driver: src/test/resources/webdrive..., driver: chrome, goog:chromeOptions: {args: [], extensions: []}}
20:00:55.771 [AsyncHttpClient-1-17] DEBUG org.asynchttpclient.netty.channel.NettyConnectListener - Using new Channel '[id: 0xd53b348c, L:/127.0.0.1:60096 - R:localhost/127.0.0.1:57862]' for 'POST' to '/session'
20:00:59.245 [AsyncHttpClient-1-17] DEBUG org.asynchttpclient.netty.handler.HttpHandler - 

Request DefaultHttpRequest(decodeResult: success, version: HTTP/1.1)
POST /session HTTP/1.1
User-Agent: selenium/4.1.2 (java windows)
Content-Length: 599
Content-Type: application/json; charset=utf-8
host: localhost:57862
accept: */*

Response DefaultHttpResponse(decodeResult: success, version: HTTP/1.1)
HTTP/1.1 200 OK
Content-Type: application/json; charset=utf-8
cache-control: no-cache
content-length: 788

20:00:59.245 [AsyncHttpClient-1-17] DEBUG org.asynchttpclient.netty.channel.ChannelManager - Adding key: http://localhost:57862 for channel [id: 0xd53b348c, L:/127.0.0.1:60096 - R:localhost/127.0.0.1:57862]
20:00:59.274 [AsyncHttpClient-1-18] DEBUG org.asynchttpclient.netty.channel.NettyConnectListener - Using new Channel '[id: 0x82483d97, L:/127.0.0.1:60103 - R:localhost/127.0.0.1:60097]' for 'GET' to '/json/version'
20:00:59.289 [AsyncHttpClient-1-18] DEBUG org.asynchttpclient.netty.handler.HttpHandler - 

Request DefaultFullHttpRequest(decodeResult: success, version: HTTP/1.1, content: EmptyByteBufBE)
GET /json/version HTTP/1.1
User-Agent: selenium/4.1.2 (java windows)
host: localhost:60097
accept: */*

Response DefaultHttpResponse(decodeResult: success, version: HTTP/1.1)
HTTP/1.1 200 OK
Content-Type: application/json; charset=UTF-8
content-length: 424

20:00:59.290 [AsyncHttpClient-1-18] DEBUG org.asynchttpclient.netty.channel.ChannelManager - Adding key: http://localhost:60097 for channel [id: 0x82483d97, L:/127.0.0.1:60103 - R:localhost/127.0.0.1:60097]
20:00:59.304 [AsyncHttpClient-1-19] DEBUG org.asynchttpclient.netty.channel.NettyConnectListener - Using new Channel '[id: 0x9e5b31da, L:/127.0.0.1:60105 - R:localhost/127.0.0.1:60097]' for 'GET' to '/devtools/browser/2dfaf97b-9006-469b-bca2-ceed051c900b'
20:00:59.319 [AsyncHttpClient-1-19] DEBUG org.asynchttpclient.netty.handler.WebSocketHandler - 

Request DefaultFullHttpRequest(decodeResult: success, version: HTTP/1.1, content: EmptyByteBufBE)
GET /devtools/browser/2dfaf97b-9006-469b-bca2-ceed051c900b HTTP/1.1
upgrade: websocket
connection: upgrade
sec-websocket-key: u84bEBlj/4UK06DN3BDOpg==
sec-websocket-version: 13
origin: http://localhost:60097
host: localhost:60097
accept: */*
user-agent: AHC/2.1

Response DefaultHttpResponse(decodeResult: success, version: HTTP/1.1)
HTTP/1.1 101 WebSocket Protocol Handshake
Upgrade: WebSocket
Connection: Upgrade
Sec-WebSocket-Accept: kP2yQN6OZb0RZmEERWFbFpmFwHA=

20:00:59.329 [Forwarding get on session 53a1c61817088c16a55e9991a5b9b4de to remote] DEBUG org.asynchttpclient.netty.request.NettyRequestSender - Using pooled Channel '[id: 0xd53b348c, L:/127.0.0.1:60096 - R:localhost/127.0.0.1:57862]' for 'POST' to 'http://localhost:57862/session/53a1c61817088c16a55e9991a5b9b4de/url'
20:00:59.329 [Forwarding get on session 53a1c61817088c16a55e9991a5b9b4de to remote] DEBUG org.asynchttpclient.netty.request.NettyRequestSender - Using open Channel [id: 0xd53b348c, L:/127.0.0.1:60096 - R:localhost/127.0.0.1:57862] for POST '/session/53a1c61817088c16a55e9991a5b9b4de/url'
20:00:59.971 [AsyncHttpClient-1-1] DEBUG org.asynchttpclient.netty.channel.DefaultChannelPool - Entry count for : http://localhost:60097 : 1
20:01:01.072 [AsyncHttpClient-1-1] DEBUG org.asynchttpclient.netty.channel.DefaultChannelPool - Entry count for : http://localhost:60097 : 1
20:01:02.166 [AsyncHttpClient-1-1] DEBUG org.asynchttpclient.netty.channel.DefaultChannelPool - Entry count for : http://localhost:60097 : 1
20:01:03.268 [AsyncHttpClient-1-1] DEBUG org.asynchttpclient.netty.channel.DefaultChannelPool - Entry count for : http://localhost:60097 : 1
20:01:04.373 [AsyncHttpClient-1-1] DEBUG org.asynchttpclient.netty.channel.DefaultChannelPool - Entry count for : http://localhost:60097 : 1
20:01:05.466 [AsyncHttpClient-1-1] DEBUG org.asynchttpclient.netty.channel.DefaultChannelPool - Entry count for : http://localhost:60097 : 1
20:01:06.572 [AsyncHttpClient-1-1] DEBUG org.asynchttpclient.netty.channel.DefaultChannelPool - Entry count for : http://localhost:60097 : 1
20:01:07.667 [AsyncHttpClient-1-1] DEBUG org.asynchttpclient.netty.channel.DefaultChannelPool - Entry count for : http://localhost:60097 : 1
20:01:08.670 [AsyncHttpClient-1-17] DEBUG org.asynchttpclient.netty.handler.HttpHandler - 

Request DefaultHttpRequest(decodeResult: success, version: HTTP/1.1)
POST /session/53a1c61817088c16a55e9991a5b9b4de/url HTTP/1.1
User-Agent: selenium/4.1.2 (java windows)
Content-Length: 54
Content-Type: application/json; charset=utf-8
host: localhost:57862
accept: */*

Response DefaultHttpResponse(decodeResult: success, version: HTTP/1.1)
HTTP/1.1 200 OK
Content-Type: application/json; charset=utf-8
cache-control: no-cache
content-length: 14

20:01:08.670 [AsyncHttpClient-1-17] DEBUG org.asynchttpclient.netty.channel.ChannelManager - Adding key: http://localhost:57862 for channel [id: 0xd53b348c, L:/127.0.0.1:60096 - R:localhost/127.0.0.1:57862]
20:01:08.674 [Forwarding setTimeout on session 53a1c61817088c16a55e9991a5b9b4de to remote] DEBUG org.asynchttpclient.netty.request.NettyRequestSender - Using pooled Channel '[id: 0xd53b348c, L:/127.0.0.1:60096 - R:localhost/127.0.0.1:57862]' for 'POST' to 'http://localhost:57862/session/53a1c61817088c16a55e9991a5b9b4de/timeouts'
20:01:08.675 [Forwarding setTimeout on session 53a1c61817088c16a55e9991a5b9b4de to remote] DEBUG org.asynchttpclient.netty.request.NettyRequestSender - Using open Channel [id: 0xd53b348c, L:/127.0.0.1:60096 - R:localhost/127.0.0.1:57862] for POST '/session/53a1c61817088c16a55e9991a5b9b4de/timeouts'
20:01:08.677 [AsyncHttpClient-1-17] DEBUG org.asynchttpclient.netty.handler.HttpHandler - 

Request DefaultHttpRequest(decodeResult: success, version: HTTP/1.1)
POST /session/53a1c61817088c16a55e9991a5b9b4de/timeouts HTTP/1.1
User-Agent: selenium/4.1.2 (java windows)
Content-Length: 22
Content-Type: application/json; charset=utf-8
host: localhost:57862
accept: */*

Response DefaultHttpResponse(decodeResult: success, version: HTTP/1.1)
HTTP/1.1 200 OK
Content-Type: application/json; charset=utf-8
cache-control: no-cache
content-length: 14

20:01:08.678 [AsyncHttpClient-1-17] DEBUG org.asynchttpclient.netty.channel.ChannelManager - Adding key: http://localhost:57862 for channel [id: 0xd53b348c, L:/127.0.0.1:60096 - R:localhost/127.0.0.1:57862]
20:01:08.686 [Forwarding getCurrentUrl on session 53a1c61817088c16a55e9991a5b9b4de to remote] DEBUG org.asynchttpclient.netty.request.NettyRequestSender - Using pooled Channel '[id: 0xd53b348c, L:/127.0.0.1:60096 - R:localhost/127.0.0.1:57862]' for 'GET' to 'http://localhost:57862/session/53a1c61817088c16a55e9991a5b9b4de/url'
20:01:08.687 [Forwarding getCurrentUrl on session 53a1c61817088c16a55e9991a5b9b4de to remote] DEBUG org.asynchttpclient.netty.request.NettyRequestSender - Using open Channel [id: 0xd53b348c, L:/127.0.0.1:60096 - R:localhost/127.0.0.1:57862] for GET '/session/53a1c61817088c16a55e9991a5b9b4de/url'
20:01:08.705 [AsyncHttpClient-1-17] DEBUG org.asynchttpclient.netty.handler.HttpHandler - 

Request DefaultFullHttpRequest(decodeResult: success, version: HTTP/1.1, content: EmptyByteBufBE)
GET /session/53a1c61817088c16a55e9991a5b9b4de/url HTTP/1.1
User-Agent: selenium/4.1.2 (java windows)
Cache-Control: no-cache
Content-Type: application/json; charset=utf-8
host: localhost:57862
accept: */*

Response DefaultHttpResponse(decodeResult: success, version: HTTP/1.1)
HTTP/1.1 200 OK
Content-Type: application/json; charset=utf-8
cache-control: no-cache
content-length: 36

20:01:08.706 [AsyncHttpClient-1-17] DEBUG org.asynchttpclient.netty.channel.ChannelManager - Adding key: http://localhost:57862 for channel [id: 0xd53b348c, L:/127.0.0.1:60096 - R:localhost/127.0.0.1:57862]
20:01:08.718 [Forwarding findElement on session 53a1c61817088c16a55e9991a5b9b4de to remote] DEBUG org.asynchttpclient.netty.request.NettyRequestSender - Using pooled Channel '[id: 0xd53b348c, L:/127.0.0.1:60096 - R:localhost/127.0.0.1:57862]' for 'POST' to 'http://localhost:57862/session/53a1c61817088c16a55e9991a5b9b4de/element'
20:01:08.718 [Forwarding findElement on session 53a1c61817088c16a55e9991a5b9b4de to remote] DEBUG org.asynchttpclient.netty.request.NettyRequestSender - Using open Channel [id: 0xd53b348c, L:/127.0.0.1:60096 - R:localhost/127.0.0.1:57862] for POST '/session/53a1c61817088c16a55e9991a5b9b4de/element'
20:01:08.772 [AsyncHttpClient-1-17] DEBUG org.asynchttpclient.netty.handler.HttpHandler - 

Request DefaultHttpRequest(decodeResult: success, version: HTTP/1.1)
POST /session/53a1c61817088c16a55e9991a5b9b4de/element HTTP/1.1
User-Agent: selenium/4.1.2 (java windows)
Content-Length: 53
Content-Type: application/json; charset=utf-8
host: localhost:57862
accept: */*

Response DefaultHttpResponse(decodeResult: success, version: HTTP/1.1)
HTTP/1.1 200 OK
Content-Type: application/json; charset=utf-8
cache-control: no-cache
content-length: 88

20:01:08.772 [AsyncHttpClient-1-17] DEBUG org.asynchttpclient.netty.channel.ChannelManager - Adding key: http://localhost:57862 for channel [id: 0xd53b348c, L:/127.0.0.1:60096 - R:localhost/127.0.0.1:57862]
20:01:08.774 [AsyncHttpClient-1-1] DEBUG org.asynchttpclient.netty.channel.DefaultChannelPool - Entry count for : http://localhost:60097 : 1
20:01:08.774 [AsyncHttpClient-1-1] DEBUG org.asynchttpclient.netty.channel.DefaultChannelPool - Entry count for : http://localhost:57862 : 1
20:01:08.779 [Forwarding sendKeysToElement on session 53a1c61817088c16a55e9991a5b9b4de to remote] DEBUG org.asynchttpclient.netty.request.NettyRequestSender - Using pooled Channel '[id: 0xd53b348c, L:/127.0.0.1:60096 - R:localhost/127.0.0.1:57862]' for 'POST' to 'http://localhost:57862/session/53a1c61817088c16a55e9991a5b9b4de/element/85c118a8-550d-4662-8f86-0fb5f45fb782/value'
20:01:08.779 [Forwarding sendKeysToElement on session 53a1c61817088c16a55e9991a5b9b4de to remote] DEBUG org.asynchttpclient.netty.request.NettyRequestSender - Using open Channel [id: 0xd53b348c, L:/127.0.0.1:60096 - R:localhost/127.0.0.1:57862] for POST '/session/53a1c61817088c16a55e9991a5b9b4de/element/85c118a8-550d-4662-8f86-0fb5f45fb782/value'
20:01:08.953 [AsyncHttpClient-1-17] DEBUG org.asynchttpclient.netty.handler.HttpHandler - 

Request DefaultHttpRequest(decodeResult: success, version: HTTP/1.1)
POST /session/53a1c61817088c16a55e9991a5b9b4de/element/85c118a8-550d-4662-8f86-0fb5f45fb782/value HTTP/1.1
User-Agent: selenium/4.1.2 (java windows)
Content-Length: 95
Content-Type: application/json; charset=utf-8
host: localhost:57862
accept: */*

Response DefaultHttpResponse(decodeResult: success, version: HTTP/1.1)
HTTP/1.1 200 OK
Content-Type: application/json; charset=utf-8
cache-control: no-cache
content-length: 14

20:01:08.954 [AsyncHttpClient-1-17] DEBUG org.asynchttpclient.netty.channel.ChannelManager - Adding key: http://localhost:57862 for channel [id: 0xd53b348c, L:/127.0.0.1:60096 - R:localhost/127.0.0.1:57862]
  &amp#27;[32mGiven &amp#27;[0m&amp#27;[32mI am on the login page&amp#27;[0m      &amp#27;[90m# starter.stepdefinition.LoginSteps.iAmOnTheLoginPage()&amp#27;[0m
20:01:08.976 [Forwarding screenshot on session 53a1c61817088c16a55e9991a5b9b4de to remote] DEBUG org.asynchttpclient.netty.request.NettyRequestSender - Using pooled Channel '[id: 0xd53b348c, L:/127.0.0.1:60096 - R:localhost/127.0.0.1:57862]' for 'GET' to 'http://localhost:57862/session/53a1c61817088c16a55e9991a5b9b4de/screenshot'
20:01:08.976 [Forwarding screenshot on session 53a1c61817088c16a55e9991a5b9b4de to remote] DEBUG org.asynchttpclient.netty.request.NettyRequestSender - Using open Channel [id: 0xd53b348c, L:/127.0.0.1:60096 - R:localhost/127.0.0.1:57862] for GET '/session/53a1c61817088c16a55e9991a5b9b4de/screenshot'
20:01:09.311 [AsyncHttpClient-1-17] DEBUG org.asynchttpclient.netty.handler.HttpHandler - 

Request DefaultFullHttpRequest(decodeResult: success, version: HTTP/1.1, content: EmptyByteBufBE)
GET /session/53a1c61817088c16a55e9991a5b9b4de/screenshot HTTP/1.1
User-Agent: selenium/4.1.2 (java windows)
Cache-Control: no-cache
Content-Type: application/json; charset=utf-8
host: localhost:57862
accept: */*

Response DefaultHttpResponse(decodeResult: success, version: HTTP/1.1)
HTTP/1.1 200 OK
Content-Type: application/json; charset=utf-8
cache-control: no-cache
content-length: 94784

20:01:09.312 [AsyncHttpClient-1-17] DEBUG org.asynchttpclient.netty.channel.ChannelManager - Adding key: http://localhost:57862 for channel [id: 0xd53b348c, L:/127.0.0.1:60096 - R:localhost/127.0.0.1:57862]
20:01:09.317 [main] DEBUG net.serenitybdd.core.photography.Darkroom - Send negative for processing for target\site\serenity\fdbb57c53a9816211a78c1995e034cce84c4747e34f543e0944bbdcfd8d4a60c.png
20:01:09.318 [Darkroom Processing Line] DEBUG net.serenitybdd.core.photography.DarkroomProcessingLine - Processing screenshot image in /var/screenshots/screenshot-9714476741035486855
20:01:09.318 [Darkroom Processing Line] DEBUG net.serenitybdd.core.photography.DarkroomProcessingLine - Saving screenshot to target\site\serenity\fdbb57c53a9816211a78c1995e034cce84c4747e34f543e0944bbdcfd8d4a60c.png
20:01:09.340 [Forwarding findElement on session 53a1c61817088c16a55e9991a5b9b4de to remote] DEBUG org.asynchttpclient.netty.request.NettyRequestSender - Using pooled Channel '[id: 0xd53b348c, L:/127.0.0.1:60096 - R:localhost/127.0.0.1:57862]' for 'POST' to 'http://localhost:57862/session/53a1c61817088c16a55e9991a5b9b4de/element'
20:01:09.341 [Forwarding findElement on session 53a1c61817088c16a55e9991a5b9b4de to remote] DEBUG org.asynchttpclient.netty.request.NettyRequestSender - Using open Channel [id: 0xd53b348c, L:/127.0.0.1:60096 - R:localhost/127.0.0.1:57862] for POST '/session/53a1c61817088c16a55e9991a5b9b4de/element'
20:01:09.371 [AsyncHttpClient-1-17] DEBUG org.asynchttpclient.netty.handler.HttpHandler - 

Request DefaultHttpRequest(decodeResult: success, version: HTTP/1.1)
POST /session/53a1c61817088c16a55e9991a5b9b4de/element HTTP/1.1
User-Agent: selenium/4.1.2 (java windows)
Content-Length: 53
Content-Type: application/json; charset=utf-8
host: localhost:57862
accept: */*

Response DefaultHttpResponse(decodeResult: success, version: HTTP/1.1)
HTTP/1.1 200 OK
Content-Type: application/json; charset=utf-8
cache-control: no-cache
content-length: 88

20:01:09.372 [AsyncHttpClient-1-17] DEBUG org.asynchttpclient.netty.channel.ChannelManager - Adding key: http://localhost:57862 for channel [id: 0xd53b348c, L:/127.0.0.1:60096 - R:localhost/127.0.0.1:57862]
20:01:09.376 [Forwarding clearElement on session 53a1c61817088c16a55e9991a5b9b4de to remote] DEBUG org.asynchttpclient.netty.request.NettyRequestSender - Using pooled Channel '[id: 0xd53b348c, L:/127.0.0.1:60096 - R:localhost/127.0.0.1:57862]' for 'POST' to 'http://localhost:57862/session/53a1c61817088c16a55e9991a5b9b4de/element/c6d4f2a2-0a54-4c04-9b51-07d6adc9634a/clear'
20:01:09.376 [Forwarding clearElement on session 53a1c61817088c16a55e9991a5b9b4de to remote] DEBUG org.asynchttpclient.netty.request.NettyRequestSender - Using open Channel [id: 0xd53b348c, L:/127.0.0.1:60096 - R:localhost/127.0.0.1:57862] for POST '/session/53a1c61817088c16a55e9991a5b9b4de/element/c6d4f2a2-0a54-4c04-9b51-07d6adc9634a/clear'
20:01:09.469 [AsyncHttpClient-1-17] DEBUG org.asynchttpclient.netty.handler.HttpHandler - 

Request DefaultHttpRequest(decodeResult: success, version: HTTP/1.1)
POST /session/53a1c61817088c16a55e9991a5b9b4de/element/c6d4f2a2-0a54-4c04-9b51-07d6adc9634a/clear HTTP/1.1
User-Agent: selenium/4.1.2 (java windows)
Content-Length: 50
Content-Type: application/json; charset=utf-8
host: localhost:57862
accept: */*

Response DefaultHttpResponse(decodeResult: success, version: HTTP/1.1)
HTTP/1.1 200 OK
Content-Type: application/json; charset=utf-8
cache-control: no-cache
content-length: 14

20:01:09.469 [AsyncHttpClient-1-17] DEBUG org.asynchttpclient.netty.channel.ChannelManager - Adding key: http://localhost:57862 for channel [id: 0xd53b348c, L:/127.0.0.1:60096 - R:localhost/127.0.0.1:57862]
20:01:09.474 [Forwarding sendKeysToElement on session 53a1c61817088c16a55e9991a5b9b4de to remote] DEBUG org.asynchttpclient.netty.request.NettyRequestSender - Using pooled Channel '[id: 0xd53b348c, L:/127.0.0.1:60096 - R:localhost/127.0.0.1:57862]' for 'POST' to 'http://localhost:57862/session/53a1c61817088c16a55e9991a5b9b4de/element/c6d4f2a2-0a54-4c04-9b51-07d6adc9634a/value'
20:01:09.475 [Forwarding sendKeysToElement on session 53a1c61817088c16a55e9991a5b9b4de to remote] DEBUG org.asynchttpclient.netty.request.NettyRequestSender - Using open Channel [id: 0xd53b348c, L:/127.0.0.1:60096 - R:localhost/127.0.0.1:57862] for POST '/session/53a1c61817088c16a55e9991a5b9b4de/element/c6d4f2a2-0a54-4c04-9b51-07d6adc9634a/value'
20:01:09.558 [AsyncHttpClient-1-17] DEBUG org.asynchttpclient.netty.handler.HttpHandler - 

Request DefaultHttpRequest(decodeResult: success, version: HTTP/1.1)
POST /session/53a1c61817088c16a55e9991a5b9b4de/element/c6d4f2a2-0a54-4c04-9b51-07d6adc9634a/value HTTP/1.1
User-Agent: selenium/4.1.2 (java windows)
Content-Length: 201
Content-Type: application/json; charset=utf-8
host: localhost:57862
accept: */*

Response DefaultHttpResponse(decodeResult: success, version: HTTP/1.1)
HTTP/1.1 200 OK
Content-Type: application/json; charset=utf-8
cache-control: no-cache
content-length: 14

20:01:09.558 [AsyncHttpClient-1-17] DEBUG org.asynchttpclient.netty.channel.ChannelManager - Adding key: http://localhost:57862 for channel [id: 0xd53b348c, L:/127.0.0.1:60096 - R:localhost/127.0.0.1:57862]
  &amp#27;[32mWhen &amp#27;[0m&amp#27;[32mI input valid password&amp#27;[0m       &amp#27;[90m# starter.stepdefinition.LoginSteps.iInputValidPassword()&amp#27;[0m
20:01:09.577 [Forwarding screenshot on session 53a1c61817088c16a55e9991a5b9b4de to remote] DEBUG org.asynchttpclient.netty.request.NettyRequestSender - Using pooled Channel '[id: 0xd53b348c, L:/127.0.0.1:60096 - R:localhost/127.0.0.1:57862]' for 'GET' to 'http://localhost:57862/session/53a1c61817088c16a55e9991a5b9b4de/screenshot'
20:01:09.577 [Forwarding screenshot on session 53a1c61817088c16a55e9991a5b9b4de to remote] DEBUG org.asynchttpclient.netty.request.NettyRequestSender - Using open Channel [id: 0xd53b348c, L:/127.0.0.1:60096 - R:localhost/127.0.0.1:57862] for GET '/session/53a1c61817088c16a55e9991a5b9b4de/screenshot'
20:01:09.867 [AsyncHttpClient-1-1] DEBUG org.asynchttpclient.netty.channel.DefaultChannelPool - Entry count for : http://localhost:60097 : 1
20:01:09.880 [AsyncHttpClient-1-17] DEBUG org.asynchttpclient.netty.handler.HttpHandler - 

Request DefaultFullHttpRequest(decodeResult: success, version: HTTP/1.1, content: EmptyByteBufBE)
GET /session/53a1c61817088c16a55e9991a5b9b4de/screenshot HTTP/1.1
User-Agent: selenium/4.1.2 (java windows)
Cache-Control: no-cache
Content-Type: application/json; charset=utf-8
host: localhost:57862
accept: */*

Response DefaultHttpResponse(decodeResult: success, version: HTTP/1.1)
HTTP/1.1 200 OK
Content-Type: application/json; charset=utf-8
cache-control: no-cache
content-length: 87112

20:01:09.881 [AsyncHttpClient-1-17] DEBUG org.asynchttpclient.netty.channel.ChannelManager - Adding key: http://localhost:57862 for channel [id: 0xd53b348c, L:/127.0.0.1:60096 - R:localhost/127.0.0.1:57862]
20:01:09.883 [main] DEBUG net.serenitybdd.core.photography.Darkroom - Send negative for processing for target\site\serenity\2239030f7058fb146368119ff3dca748163f2300739f33ef8c1c812af5726370.png
20:01:09.884 [Darkroom Processing Line] DEBUG net.serenitybdd.core.photography.DarkroomProcessingLine - Processing screenshot image in /var/screenshots/screenshot-11109637978054031183
20:01:09.884 [Darkroom Processing Line] DEBUG net.serenitybdd.core.photography.DarkroomProcessingLine - Saving screenshot to target\site\serenity\2239030f7058fb146368119ff3dca748163f2300739f33ef8c1c812af5726370.png
20:01:09.890 [Forwarding findElement on session 53a1c61817088c16a55e9991a5b9b4de to remote] DEBUG org.asynchttpclient.netty.request.NettyRequestSender - Using pooled Channel '[id: 0xd53b348c, L:/127.0.0.1:60096 - R:localhost/127.0.0.1:57862]' for 'POST' to 'http://localhost:57862/session/53a1c61817088c16a55e9991a5b9b4de/element'
20:01:09.890 [Forwarding findElement on session 53a1c61817088c16a55e9991a5b9b4de to remote] DEBUG org.asynchttpclient.netty.request.NettyRequestSender - Using open Channel [id: 0xd53b348c, L:/127.0.0.1:60096 - R:localhost/127.0.0.1:57862] for POST '/session/53a1c61817088c16a55e9991a5b9b4de/element'
20:01:09.901 [AsyncHttpClient-1-17] DEBUG org.asynchttpclient.netty.handler.HttpHandler - 

Request DefaultHttpRequest(decodeResult: success, version: HTTP/1.1)
POST /session/53a1c61817088c16a55e9991a5b9b4de/element HTTP/1.1
User-Agent: selenium/4.1.2 (java windows)
Content-Length: 50
Content-Type: application/json; charset=utf-8
host: localhost:57862
accept: */*

Response DefaultHttpResponse(decodeResult: success, version: HTTP/1.1)
HTTP/1.1 200 OK
Content-Type: application/json; charset=utf-8
cache-control: no-cache
content-length: 88

20:01:09.901 [AsyncHttpClient-1-17] DEBUG org.asynchttpclient.netty.channel.ChannelManager - Adding key: http://localhost:57862 for channel [id: 0xd53b348c, L:/127.0.0.1:60096 - R:localhost/127.0.0.1:57862]
20:01:09.902 [Forwarding getElementTagName on session 53a1c61817088c16a55e9991a5b9b4de to remote] DEBUG org.asynchttpclient.netty.request.NettyRequestSender - Using pooled Channel '[id: 0xd53b348c, L:/127.0.0.1:60096 - R:localhost/127.0.0.1:57862]' for 'GET' to 'http://localhost:57862/session/53a1c61817088c16a55e9991a5b9b4de/element/6a72e667-30af-43f7-bb65-feeb321367cb/name'
20:01:09.902 [Forwarding getElementTagName on session 53a1c61817088c16a55e9991a5b9b4de to remote] DEBUG org.asynchttpclient.netty.request.NettyRequestSender - Using open Channel [id: 0xd53b348c, L:/127.0.0.1:60096 - R:localhost/127.0.0.1:57862] for GET '/session/53a1c61817088c16a55e9991a5b9b4de/element/6a72e667-30af-43f7-bb65-feeb321367cb/name'
20:01:09.908 [AsyncHttpClient-1-17] DEBUG org.asynchttpclient.netty.handler.HttpHandler - 

Request DefaultFullHttpRequest(decodeResult: success, version: HTTP/1.1, content: EmptyByteBufBE)
GET /session/53a1c61817088c16a55e9991a5b9b4de/element/6a72e667-30af-43f7-bb65-feeb321367cb/name HTTP/1.1
User-Agent: selenium/4.1.2 (java windows)
Cache-Control: no-cache
Content-Type: application/json; charset=utf-8
host: localhost:57862
accept: */*

Response DefaultHttpResponse(decodeResult: success, version: HTTP/1.1)
HTTP/1.1 200 OK
Content-Type: application/json; charset=utf-8
cache-control: no-cache
content-length: 18

20:01:09.908 [AsyncHttpClient-1-17] DEBUG org.asynchttpclient.netty.channel.ChannelManager - Adding key: http://localhost:57862 for channel [id: 0xd53b348c, L:/127.0.0.1:60096 - R:localhost/127.0.0.1:57862]
20:01:09.909 [Forwarding getElementTagName on session 53a1c61817088c16a55e9991a5b9b4de to remote] DEBUG org.asynchttpclient.netty.request.NettyRequestSender - Using pooled Channel '[id: 0xd53b348c, L:/127.0.0.1:60096 - R:localhost/127.0.0.1:57862]' for 'GET' to 'http://localhost:57862/session/53a1c61817088c16a55e9991a5b9b4de/element/6a72e667-30af-43f7-bb65-feeb321367cb/name'
20:01:09.909 [Forwarding getElementTagName on session 53a1c61817088c16a55e9991a5b9b4de to remote] DEBUG org.asynchttpclient.netty.request.NettyRequestSender - Using open Channel [id: 0xd53b348c, L:/127.0.0.1:60096 - R:localhost/127.0.0.1:57862] for GET '/session/53a1c61817088c16a55e9991a5b9b4de/element/6a72e667-30af-43f7-bb65-feeb321367cb/name'
20:01:09.915 [AsyncHttpClient-1-17] DEBUG org.asynchttpclient.netty.handler.HttpHandler - 

Request DefaultFullHttpRequest(decodeResult: success, version: HTTP/1.1, content: EmptyByteBufBE)
GET /session/53a1c61817088c16a55e9991a5b9b4de/element/6a72e667-30af-43f7-bb65-feeb321367cb/name HTTP/1.1
User-Agent: selenium/4.1.2 (java windows)
Cache-Control: no-cache
Content-Type: application/json; charset=utf-8
host: localhost:57862
accept: */*

Response DefaultHttpResponse(decodeResult: success, version: HTTP/1.1)
HTTP/1.1 200 OK
Content-Type: application/json; charset=utf-8
cache-control: no-cache
content-length: 18

20:01:09.915 [AsyncHttpClient-1-17] DEBUG org.asynchttpclient.netty.channel.ChannelManager - Adding key: http://localhost:57862 for channel [id: 0xd53b348c, L:/127.0.0.1:60096 - R:localhost/127.0.0.1:57862]
20:01:09.917 [Forwarding isElementEnabled on session 53a1c61817088c16a55e9991a5b9b4de to remote] DEBUG org.asynchttpclient.netty.request.NettyRequestSender - Using pooled Channel '[id: 0xd53b348c, L:/127.0.0.1:60096 - R:localhost/127.0.0.1:57862]' for 'GET' to 'http://localhost:57862/session/53a1c61817088c16a55e9991a5b9b4de/element/6a72e667-30af-43f7-bb65-feeb321367cb/enabled'
20:01:09.917 [Forwarding isElementEnabled on session 53a1c61817088c16a55e9991a5b9b4de to remote] DEBUG org.asynchttpclient.netty.request.NettyRequestSender - Using open Channel [id: 0xd53b348c, L:/127.0.0.1:60096 - R:localhost/127.0.0.1:57862] for GET '/session/53a1c61817088c16a55e9991a5b9b4de/element/6a72e667-30af-43f7-bb65-feeb321367cb/enabled'
20:01:09.927 [AsyncHttpClient-1-17] DEBUG org.asynchttpclient.netty.handler.HttpHandler - 

Request DefaultFullHttpRequest(decodeResult: success, version: HTTP/1.1, content: EmptyByteBufBE)
GET /session/53a1c61817088c16a55e9991a5b9b4de/element/6a72e667-30af-43f7-bb65-feeb321367cb/enabled HTTP/1.1
User-Agent: selenium/4.1.2 (java windows)
Cache-Control: no-cache
Content-Type: application/json; charset=utf-8
host: localhost:57862
accept: */*

Response DefaultHttpResponse(decodeResult: success, version: HTTP/1.1)
HTTP/1.1 200 OK
Content-Type: application/json; charset=utf-8
cache-control: no-cache
content-length: 14

20:01:09.927 [AsyncHttpClient-1-17] DEBUG org.asynchttpclient.netty.channel.ChannelManager - Adding key: http://localhost:57862 for channel [id: 0xd53b348c, L:/127.0.0.1:60096 - R:localhost/127.0.0.1:57862]
20:01:09.929 [Forwarding isElementEnabled on session 53a1c61817088c16a55e9991a5b9b4de to remote] DEBUG org.asynchttpclient.netty.request.NettyRequestSender - Using pooled Channel '[id: 0xd53b348c, L:/127.0.0.1:60096 - R:localhost/127.0.0.1:57862]' for 'GET' to 'http://localhost:57862/session/53a1c61817088c16a55e9991a5b9b4de/element/6a72e667-30af-43f7-bb65-feeb321367cb/enabled'
20:01:09.929 [Forwarding isElementEnabled on session 53a1c61817088c16a55e9991a5b9b4de to remote] DEBUG org.asynchttpclient.netty.request.NettyRequestSender - Using open Channel [id: 0xd53b348c, L:/127.0.0.1:60096 - R:localhost/127.0.0.1:57862] for GET '/session/53a1c61817088c16a55e9991a5b9b4de/element/6a72e667-30af-43f7-bb65-feeb321367cb/enabled'
20:01:09.936 [AsyncHttpClient-1-17] DEBUG org.asynchttpclient.netty.handler.HttpHandler - 

Request DefaultFullHttpRequest(decodeResult: success, version: HTTP/1.1, content: EmptyByteBufBE)
GET /session/53a1c61817088c16a55e9991a5b9b4de/element/6a72e667-30af-43f7-bb65-feeb321367cb/enabled HTTP/1.1
User-Agent: selenium/4.1.2 (java windows)
Cache-Control: no-cache
Content-Type: application/json; charset=utf-8
host: localhost:57862
accept: */*

Response DefaultHttpResponse(decodeResult: success, version: HTTP/1.1)
HTTP/1.1 200 OK
Content-Type: application/json; charset=utf-8
cache-control: no-cache
content-length: 14

20:01:09.936 [AsyncHttpClient-1-17] DEBUG org.asynchttpclient.netty.channel.ChannelManager - Adding key: http://localhost:57862 for channel [id: 0xd53b348c, L:/127.0.0.1:60096 - R:localhost/127.0.0.1:57862]
20:01:09.938 [Forwarding findElement on session 53a1c61817088c16a55e9991a5b9b4de to remote] DEBUG org.asynchttpclient.netty.request.NettyRequestSender - Using pooled Channel '[id: 0xd53b348c, L:/127.0.0.1:60096 - R:localhost/127.0.0.1:57862]' for 'POST' to 'http://localhost:57862/session/53a1c61817088c16a55e9991a5b9b4de/element'
20:01:09.938 [Forwarding findElement on session 53a1c61817088c16a55e9991a5b9b4de to remote] DEBUG org.asynchttpclient.netty.request.NettyRequestSender - Using open Channel [id: 0xd53b348c, L:/127.0.0.1:60096 - R:localhost/127.0.0.1:57862] for POST '/session/53a1c61817088c16a55e9991a5b9b4de/element'
20:01:09.947 [AsyncHttpClient-1-17] DEBUG org.asynchttpclient.netty.handler.HttpHandler - 

Request DefaultHttpRequest(decodeResult: success, version: HTTP/1.1)
POST /session/53a1c61817088c16a55e9991a5b9b4de/element HTTP/1.1
User-Agent: selenium/4.1.2 (java windows)
Content-Length: 50
Content-Type: application/json; charset=utf-8
host: localhost:57862
accept: */*

Response DefaultHttpResponse(decodeResult: success, version: HTTP/1.1)
HTTP/1.1 200 OK
Content-Type: application/json; charset=utf-8
cache-control: no-cache
content-length: 88

20:01:09.947 [AsyncHttpClient-1-17] DEBUG org.asynchttpclient.netty.channel.ChannelManager - Adding key: http://localhost:57862 for channel [id: 0xd53b348c, L:/127.0.0.1:60096 - R:localhost/127.0.0.1:57862]
20:01:09.948 [Forwarding clickElement on session 53a1c61817088c16a55e9991a5b9b4de to remote] DEBUG org.asynchttpclient.netty.request.NettyRequestSender - Using pooled Channel '[id: 0xd53b348c, L:/127.0.0.1:60096 - R:localhost/127.0.0.1:57862]' for 'POST' to 'http://localhost:57862/session/53a1c61817088c16a55e9991a5b9b4de/element/6a72e667-30af-43f7-bb65-feeb321367cb/click'
20:01:09.948 [Forwarding clickElement on session 53a1c61817088c16a55e9991a5b9b4de to remote] DEBUG org.asynchttpclient.netty.request.NettyRequestSender - Using open Channel [id: 0xd53b348c, L:/127.0.0.1:60096 - R:localhost/127.0.0.1:57862] for POST '/session/53a1c61817088c16a55e9991a5b9b4de/element/6a72e667-30af-43f7-bb65-feeb321367cb/click'
20:01:09.993 [AsyncHttpClient-1-17] DEBUG org.asynchttpclient.netty.handler.HttpHandler - 

Request DefaultHttpRequest(decodeResult: success, version: HTTP/1.1)
POST /session/53a1c61817088c16a55e9991a5b9b4de/element/6a72e667-30af-43f7-bb65-feeb321367cb/click HTTP/1.1
User-Agent: selenium/4.1.2 (java windows)
Content-Length: 50
Content-Type: application/json; charset=utf-8
host: localhost:57862
accept: */*

Response DefaultHttpResponse(decodeResult: success, version: HTTP/1.1)
HTTP/1.1 200 OK
Content-Type: application/json; charset=utf-8
cache-control: no-cache
content-length: 14

20:01:09.994 [AsyncHttpClient-1-17] DEBUG org.asynchttpclient.netty.channel.ChannelManager - Adding key: http://localhost:57862 for channel [id: 0xd53b348c, L:/127.0.0.1:60096 - R:localhost/127.0.0.1:57862]
  &amp#27;[32mAnd &amp#27;[0m&amp#27;[32mI click Login Button&amp#27;[0m          &amp#27;[90m# starter.stepdefinition.LoginSteps.iClickLoginButton()&amp#27;[0m
20:01:10.002 [Forwarding screenshot on session 53a1c61817088c16a55e9991a5b9b4de to remote] DEBUG org.asynchttpclient.netty.request.NettyRequestSender - Using pooled Channel '[id: 0xd53b348c, L:/127.0.0.1:60096 - R:localhost/127.0.0.1:57862]' for 'GET' to 'http://localhost:57862/session/53a1c61817088c16a55e9991a5b9b4de/screenshot'
20:01:10.002 [Forwarding screenshot on session 53a1c61817088c16a55e9991a5b9b4de to remote] DEBUG org.asynchttpclient.netty.request.NettyRequestSender - Using open Channel [id: 0xd53b348c, L:/127.0.0.1:60096 - R:localhost/127.0.0.1:57862] for GET '/session/53a1c61817088c16a55e9991a5b9b4de/screenshot'
20:01:10.187 [AsyncHttpClient-1-17] DEBUG org.asynchttpclient.netty.handler.HttpHandler - 

Request DefaultFullHttpRequest(decodeResult: success, version: HTTP/1.1, content: EmptyByteBufBE)
GET /session/53a1c61817088c16a55e9991a5b9b4de/screenshot HTTP/1.1
User-Agent: selenium/4.1.2 (java windows)
Cache-Control: no-cache
Content-Type: application/json; charset=utf-8
host: localhost:57862
accept: */*

Response DefaultHttpResponse(decodeResult: success, version: HTTP/1.1)
HTTP/1.1 200 OK
Content-Type: application/json; charset=utf-8
cache-control: no-cache
content-length: 89168

20:01:10.188 [AsyncHttpClient-1-17] DEBUG org.asynchttpclient.netty.channel.ChannelManager - Adding key: http://localhost:57862 for channel [id: 0xd53b348c, L:/127.0.0.1:60096 - R:localhost/127.0.0.1:57862]
20:01:10.191 [main] DEBUG net.serenitybdd.core.photography.Darkroom - Send negative for processing for target\site\serenity\e4e165a5e85bd4c0c97f8fd9e7372eca851aac2d4c109553b611ff1d5ce486f6.png
20:01:10.191 [Darkroom Processing Line] DEBUG net.serenitybdd.core.photography.DarkroomProcessingLine - Processing screenshot image in /var/screenshots/screenshot-13637609169675818091
20:01:10.191 [Darkroom Processing Line] DEBUG net.serenitybdd.core.photography.DarkroomProcessingLine - Saving screenshot to target\site\serenity\e4e165a5e85bd4c0c97f8fd9e7372eca851aac2d4c109553b611ff1d5ce486f6.png
20:01:10.197 [Forwarding findElement on session 53a1c61817088c16a55e9991a5b9b4de to remote] DEBUG org.asynchttpclient.netty.request.NettyRequestSender - Using pooled Channel '[id: 0xd53b348c, L:/127.0.0.1:60096 - R:localhost/127.0.0.1:57862]' for 'POST' to 'http://localhost:57862/session/53a1c61817088c16a55e9991a5b9b4de/element'
20:01:10.197 [Forwarding findElement on session 53a1c61817088c16a55e9991a5b9b4de to remote] DEBUG org.asynchttpclient.netty.request.NettyRequestSender - Using open Channel [id: 0xd53b348c, L:/127.0.0.1:60096 - R:localhost/127.0.0.1:57862] for POST '/session/53a1c61817088c16a55e9991a5b9b4de/element'
20:01:10.210 [AsyncHttpClient-1-17] DEBUG org.asynchttpclient.netty.handler.HttpHandler - 

Request DefaultHttpRequest(decodeResult: success, version: HTTP/1.1)
POST /session/53a1c61817088c16a55e9991a5b9b4de/element HTTP/1.1
User-Agent: selenium/4.1.2 (java windows)
Content-Length: 98
Content-Type: application/json; charset=utf-8
host: localhost:57862
accept: */*

Response DefaultHttpResponse(decodeResult: success, version: HTTP/1.1)
HTTP/1.1 200 OK
Content-Type: application/json; charset=utf-8
cache-control: no-cache
content-length: 88

20:01:10.210 [AsyncHttpClient-1-17] DEBUG org.asynchttpclient.netty.channel.ChannelManager - Adding key: http://localhost:57862 for channel [id: 0xd53b348c, L:/127.0.0.1:60096 - R:localhost/127.0.0.1:57862]
20:01:10.213 [Forwarding isElementDisplayed on session 53a1c61817088c16a55e9991a5b9b4de to remote] DEBUG org.asynchttpclient.netty.request.NettyRequestSender - Using pooled Channel '[id: 0xd53b348c, L:/127.0.0.1:60096 - R:localhost/127.0.0.1:57862]' for 'POST' to 'http://localhost:57862/session/53a1c61817088c16a55e9991a5b9b4de/execute/sync'
20:01:10.213 [Forwarding isElementDisplayed on session 53a1c61817088c16a55e9991a5b9b4de to remote] DEBUG org.asynchttpclient.netty.request.NettyRequestSender - Using open Channel [id: 0xd53b348c, L:/127.0.0.1:60096 - R:localhost/127.0.0.1:57862] for POST '/session/53a1c61817088c16a55e9991a5b9b4de/execute/sync'
20:01:10.235 [AsyncHttpClient-1-17] DEBUG org.asynchttpclient.netty.handler.HttpHandler - 

Request DefaultHttpRequest(decodeResult: success, version: HTTP/1.1)
POST /session/53a1c61817088c16a55e9991a5b9b4de/execute/sync HTTP/1.1
User-Agent: selenium/4.1.2 (java windows)
Content-Length: 48780
Content-Type: application/json; charset=utf-8
host: localhost:57862
accept: */*

Response DefaultHttpResponse(decodeResult: success, version: HTTP/1.1)
HTTP/1.1 200 OK
Content-Type: application/json; charset=utf-8
cache-control: no-cache
content-length: 14

20:01:10.236 [AsyncHttpClient-1-17] DEBUG org.asynchttpclient.netty.channel.ChannelManager - Adding key: http://localhost:57862 for channel [id: 0xd53b348c, L:/127.0.0.1:60096 - R:localhost/127.0.0.1:57862]
  &amp#27;[32mThen &amp#27;[0m&amp#27;[32mI get warning error&amp#27;[0m          &amp#27;[90m# starter.stepdefinition.LoginSteps.iGetWarningError()&amp#27;[0m
20:01:10.244 [Forwarding screenshot on session 53a1c61817088c16a55e9991a5b9b4de to remote] DEBUG org.asynchttpclient.netty.request.NettyRequestSender - Using pooled Channel '[id: 0xd53b348c, L:/127.0.0.1:60096 - R:localhost/127.0.0.1:57862]' for 'GET' to 'http://localhost:57862/session/53a1c61817088c16a55e9991a5b9b4de/screenshot'
20:01:10.244 [Forwarding screenshot on session 53a1c61817088c16a55e9991a5b9b4de to remote] DEBUG org.asynchttpclient.netty.request.NettyRequestSender - Using open Channel [id: 0xd53b348c, L:/127.0.0.1:60096 - R:localhost/127.0.0.1:57862] for GET '/session/53a1c61817088c16a55e9991a5b9b4de/screenshot'
20:01:10.564 [AsyncHttpClient-1-17] DEBUG org.asynchttpclient.netty.handler.HttpHandler - 

Request DefaultFullHttpRequest(decodeResult: success, version: HTTP/1.1, content: EmptyByteBufBE)
GET /session/53a1c61817088c16a55e9991a5b9b4de/screenshot HTTP/1.1
User-Agent: selenium/4.1.2 (java windows)
Cache-Control: no-cache
Content-Type: application/json; charset=utf-8
host: localhost:57862
accept: */*

Response DefaultHttpResponse(decodeResult: success, version: HTTP/1.1)
HTTP/1.1 200 OK
Content-Type: application/json; charset=utf-8
cache-control: no-cache
content-length: 88984

20:01:10.564 [AsyncHttpClient-1-17] DEBUG org.asynchttpclient.netty.channel.ChannelManager - Adding key: http://localhost:57862 for channel [id: 0xd53b348c, L:/127.0.0.1:60096 - R:localhost/127.0.0.1:57862]
20:01:10.567 [main] DEBUG net.serenitybdd.core.photography.Darkroom - Send negative for processing for target\site\serenity\d8eb3936fc0caad1b8cd8925ba363cdfad7ffdcee745e19f17031baa86ebcae7.png
20:01:10.568 [Darkroom Processing Line] DEBUG net.serenitybdd.core.photography.DarkroomProcessingLine - Processing screenshot image in /var/screenshots/screenshot-3547253949650856071
20:01:10.568 [Darkroom Processing Line] DEBUG net.serenitybdd.core.photography.DarkroomProcessingLine - Saving screenshot to target\site\serenity\d8eb3936fc0caad1b8cd8925ba363cdfad7ffdcee745e19f17031baa86ebcae7.png
20:01:10.569 [main] INFO  - 
  _____   ___   ___   _____     ___     _     ___   ___   ___   ___  
 |_   _| | __| / __| |_   _|   | _ \   /_\   / __| / __| | __| |   \ 
   | |   | _|  \__ \   | |     |  _/  / _ \  \__ \ \__ \ | _|  | |) |
   |_|   |___| |___/   |_|     |_|   /_/ \_\ |___/ |___/ |___| |___/ 

Login with valid password
----------------------------------------------------------------------
20:01:10.572 [AsyncHttpClient-1-19] DEBUG org.asynchttpclient.netty.handler.WebSocketHandler - Channel Closed: [id: 0x9e5b31da, L:/127.0.0.1:60105 ! R:localhost/127.0.0.1:60097] with attribute NettyResponseFuture{currentRetry=5,
	isDone=1,
	isCancelled=0,
	asyncHandler=org.asynchttpclient.ws.WebSocketUpgradeHandler@6d210793,
	nettyRequest=org.asynchttpclient.netty.request.NettyRequest@28238453,
	future=java.util.concurrent.CompletableFuture@4b14bc0[Completed normally],
	uri=ws://localhost:60097/devtools/browser/2dfaf97b-9006-469b-bca2-ceed051c900b,
	keepAlive=true,
	redirectCount=0,
	timeoutsHolder=null,
	inAuth=0,
	touch=1665406859320}
20:01:10.572 [Driver Command Executor] DEBUG org.asynchttpclient.netty.request.NettyRequestSender - Using pooled Channel '[id: 0xd53b348c, L:/127.0.0.1:60096 - R:localhost/127.0.0.1:57862]' for 'DELETE' to 'http://localhost:57862/session/53a1c61817088c16a55e9991a5b9b4de'
20:01:10.572 [Driver Command Executor] DEBUG org.asynchttpclient.netty.request.NettyRequestSender - Using open Channel [id: 0xd53b348c, L:/127.0.0.1:60096 - R:localhost/127.0.0.1:57862] for DELETE '/session/53a1c61817088c16a55e9991a5b9b4de'
20:01:10.572 [AsyncHttpClient-1-19] DEBUG org.asynchttpclient.netty.channel.ChannelManager - Closing Channel [id: 0x9e5b31da, L:/127.0.0.1:60105 ! R:localhost/127.0.0.1:60097] 
20:01:10.626 [AsyncHttpClient-1-18] DEBUG org.asynchttpclient.netty.handler.HttpHandler - Unexpected I/O exception on channel [id: 0x82483d97, L:/127.0.0.1:60103 - R:localhost/127.0.0.1:60097]
java.io.IOException: An existing connection was forcibly closed by the remote host
	at java.base/sun.nio.ch.SocketDispatcher.read0(Native Method)
	at java.base/sun.nio.ch.SocketDispatcher.read(SocketDispatcher.java:43)
	at java.base/sun.nio.ch.IOUtil.readIntoNativeBuffer(IOUtil.java:276)
	at java.base/sun.nio.ch.IOUtil.read(IOUtil.java:233)
	at java.base/sun.nio.ch.IOUtil.read(IOUtil.java:223)
	at java.base/sun.nio.ch.SocketChannelImpl.read(SocketChannelImpl.java:358)
	at io.netty.buffer.PooledByteBuf.setBytes(PooledByteBuf.java:258)
	at io.netty.buffer.AbstractByteBuf.writeBytes(AbstractByteBuf.java:1132)
	at io.netty.channel.socket.nio.NioSocketChannel.doReadBytes(NioSocketChannel.java:350)
	at io.netty.channel.nio.AbstractNioByteChannel$NioByteUnsafe.read(AbstractNioByteChannel.java:151)
	at io.netty.channel.nio.NioEventLoop.processSelectedKey(NioEventLoop.java:722)
	at io.netty.channel.nio.NioEventLoop.processSelectedKeysOptimized(NioEventLoop.java:658)
	at io.netty.channel.nio.NioEventLoop.processSelectedKeys(NioEventLoop.java:584)
	at io.netty.channel.nio.NioEventLoop.run(NioEventLoop.java:496)
	at io.netty.util.concurrent.SingleThreadEventExecutor$4.run(SingleThreadEventExecutor.java:986)
	at io.netty.util.internal.ThreadExecutorMap$2.run(ThreadExecutorMap.java:74)
	at io.netty.util.concurrent.FastThreadLocalRunnable.run(FastThreadLocalRunnable.java:30)
	at java.base/java.lang.Thread.run(Thread.java:834)
20:01:10.627 [AsyncHttpClient-1-18] DEBUG org.asynchttpclient.netty.channel.ChannelManager - Closing Channel [id: 0x82483d97, L:/127.0.0.1:60103 - R:localhost/127.0.0.1:60097] 
20:01:10.627 [AsyncHttpClient-1-18] DEBUG org.asynchttpclient.netty.handler.HttpHandler - Channel Closed: [id: 0x82483d97, L:/127.0.0.1:60103 ! R:localhost/127.0.0.1:60097] with attribute DISCARD
20:01:10.672 [AsyncHttpClient-1-17] DEBUG org.asynchttpclient.netty.handler.HttpHandler - 

Request DefaultFullHttpRequest(decodeResult: success, version: HTTP/1.1, content: EmptyByteBufBE)
DELETE /session/53a1c61817088c16a55e9991a5b9b4de HTTP/1.1
User-Agent: selenium/4.1.2 (java windows)
Content-Type: application/json; charset=utf-8
host: localhost:57862
accept: */*

Response DefaultHttpResponse(decodeResult: success, version: HTTP/1.1)
HTTP/1.1 200 OK
Content-Type: application/json; charset=utf-8
cache-control: no-cache
content-length: 14

20:01:10.673 [AsyncHttpClient-1-17] DEBUG org.asynchttpclient.netty.channel.ChannelManager - Adding key: http://localhost:57862 for channel [id: 0xd53b348c, L:/127.0.0.1:60096 - R:localhost/127.0.0.1:57862]
20:01:10.967 [AsyncHttpClient-1-1] DEBUG org.asynchttpclient.netty.channel.DefaultChannelPool - Entry count for : http://localhost:60097 : 1
20:01:10.967 [AsyncHttpClient-1-1] DEBUG org.asynchttpclient.netty.channel.DefaultChannelPool - Entry count for : http://localhost:57862 : 1
20:01:10.967 [AsyncHttpClient-1-1] DEBUG org.asynchttpclient.netty.channel.DefaultChannelPool - Adding Candidate expired Channel [id: 0x82483d97, L:/127.0.0.1:60103 ! R:localhost/127.0.0.1:60097] isIdleTimeoutExpired=false isRemotelyClosed=true isTtlExpired=false
20:01:10.967 [AsyncHttpClient-1-1] DEBUG org.asynchttpclient.netty.channel.DefaultChannelPool - Closing Idle Channel [id: 0x82483d97, L:/127.0.0.1:60103 ! R:localhost/127.0.0.1:60097]
20:01:10.968 [AsyncHttpClient-1-1] DEBUG org.asynchttpclient.netty.channel.DefaultChannelPool - Closed 1 connections out of 2 in 1 ms
20:01:11.698 [AsyncHttpClient-1-17] DEBUG org.asynchttpclient.netty.handler.HttpHandler - Unexpected I/O exception on channel [id: 0xd53b348c, L:/127.0.0.1:60096 - R:localhost/127.0.0.1:57862]
java.io.IOException: An existing connection was forcibly closed by the remote host
	at java.base/sun.nio.ch.SocketDispatcher.read0(Native Method)
	at java.base/sun.nio.ch.SocketDispatcher.read(SocketDispatcher.java:43)
	at java.base/sun.nio.ch.IOUtil.readIntoNativeBuffer(IOUtil.java:276)
	at java.base/sun.nio.ch.IOUtil.read(IOUtil.java:233)
	at java.base/sun.nio.ch.IOUtil.read(IOUtil.java:223)
	at java.base/sun.nio.ch.SocketChannelImpl.read(SocketChannelImpl.java:358)
	at io.netty.buffer.PooledByteBuf.setBytes(PooledByteBuf.java:258)
	at io.netty.buffer.AbstractByteBuf.writeBytes(AbstractByteBuf.java:1132)
	at io.netty.channel.socket.nio.NioSocketChannel.doReadBytes(NioSocketChannel.java:350)
	at io.netty.channel.nio.AbstractNioByteChannel$NioByteUnsafe.read(AbstractNioByteChannel.java:151)
	at io.netty.channel.nio.NioEventLoop.processSelectedKey(NioEventLoop.java:722)
	at io.netty.channel.nio.NioEventLoop.processSelectedKeysOptimized(NioEventLoop.java:658)
	at io.netty.channel.nio.NioEventLoop.processSelectedKeys(NioEventLoop.java:584)
	at io.netty.channel.nio.NioEventLoop.run(NioEventLoop.java:496)
	at io.netty.util.concurrent.SingleThreadEventExecutor$4.run(SingleThreadEventExecutor.java:986)
	at io.netty.util.internal.ThreadExecutorMap$2.run(ThreadExecutorMap.java:74)
	at io.netty.util.concurrent.FastThreadLocalRunnable.run(FastThreadLocalRunnable.java:30)
	at java.base/java.lang.Thread.run(Thread.java:834)
20:01:11.698 [AsyncHttpClient-1-17] DEBUG org.asynchttpclient.netty.channel.ChannelManager - Closing Channel [id: 0xd53b348c, L:/127.0.0.1:60096 - R:localhost/127.0.0.1:57862] 
20:01:11.698 [AsyncHttpClient-1-17] DEBUG org.asynchttpclient.netty.handler.HttpHandler - Channel Closed: [id: 0xd53b348c, L:/127.0.0.1:60096 ! R:localhost/127.0.0.1:57862] with attribute DISCARD
]]></system-out>
    <system-err><![CDATA[Starting ChromeDriver 106.0.5249.61 (511755355844955cd3e264779baf0dd38212a4d0-refs/branch-heads/5249@{#569}) on port 57862
Only local connections are allowed.
Please see https://chromedriver.chromium.org/security-considerations for suggestions on keeping ChromeDriver safe.
ChromeDriver was started successfully.
Oct 10, 2022 8:00:59 PM org.openqa.selenium.remote.ProtocolHandshake createSession
INFO: Detected dialect: W3C
Oct 10, 2022 8:00:59 PM org.openqa.selenium.devtools.CdpVersionFinder findNearestMatch
WARNING: Unable to find an exact match for CDP version 106, so returning the closest version found: a no-op implementation
Oct 10, 2022 8:00:59 PM org.openqa.selenium.devtools.CdpVersionFinder findNearestMatch
INFO: Unable to find CDP implementation matching 106.
Oct 10, 2022 8:00:59 PM org.openqa.selenium.chromium.ChromiumDriver lambda$new$3
WARNING: Unable to find version of CDP to use for . You may need to include a dependency on a specific version of the CDP using something similar to `org.seleniumhq.selenium:selenium-devtools-v86:4.1.2` where the version ("v86") matches the version of the chromium-based browser you're using and the version number of the artifact is the same as Selenium's.
]]></system-err>
  </testcase>
  <testcase name="Login with invalid username" classname="Login" time="15.757">
    <system-out><![CDATA[
Scenario: Login with invalid username &amp#27;[90m# src/test/resources/features/login.feature:46&amp#27;[0m
20:01:11.769 [main] INFO io.cucumber.core.plugin.SerenityReporter - Running feature from file:///C:/Users/ASUS/IdeaProjects/DemoQA/src/test/resources/features/login.feature
20:01:11.778 [main] INFO  - 
  _____   ___   ___   _____     ___   _____     _     ___   _____   ___   ___  
 |_   _| | __| / __| |_   _|   / __| |_   _|   /_\   | _ \ |_   _| | __| |   \ 
   | |   | _|  \__ \   | |     \__ \   | |    / _ \  |   /   | |   | _|  | |) |
   |_|   |___| |___/   |_|     |___/   |_|   /_/ \_\ |_|_\   |_|   |___| |___/ 

Login with invalid username(login;login-with-invalid-username)
--------------------------------------------------------------------------------
20:01:11.831 [main] INFO net.serenitybdd.core.webdriver.driverproviders.ChromeDriverProvider - Using automatically driver download
20:01:12.077 [AsyncHttpClient-1-1] DEBUG org.asynchttpclient.netty.channel.DefaultChannelPool - Entry count for : http://localhost:57862 : 1
20:01:12.077 [AsyncHttpClient-1-1] DEBUG org.asynchttpclient.netty.channel.DefaultChannelPool - Adding Candidate expired Channel [id: 0xd53b348c, L:/127.0.0.1:60096 ! R:localhost/127.0.0.1:57862] isIdleTimeoutExpired=false isRemotelyClosed=true isTtlExpired=false
20:01:12.077 [AsyncHttpClient-1-1] DEBUG org.asynchttpclient.netty.channel.DefaultChannelPool - Closing Idle Channel [id: 0xd53b348c, L:/127.0.0.1:60096 ! R:localhost/127.0.0.1:57862]
20:01:12.077 [AsyncHttpClient-1-1] DEBUG org.asynchttpclient.netty.channel.DefaultChannelPool - Closed 1 connections out of 1 in 0 ms
20:01:12.092 [main] DEBUG io.github.bonigarcia.wdm.cache.ResolutionCache - Resolution chrome=106 in cache (valid until 20:17:04 10/10/2022 ICT)
20:01:12.119 [main] DEBUG io.github.bonigarcia.wdm.cache.ResolutionCache - Resolution chrome106=106.0.5249.61 in cache (valid until 23:39:47 10/10/2022 ICT)
20:01:12.130 [main] INFO io.github.bonigarcia.wdm.WebDriverManager - Using chromedriver 106.0.5249.61 (resolved driver for Chrome 106)
20:01:12.157 [main] DEBUG io.github.bonigarcia.wdm.WebDriverManager - Driver chromedriver 106.0.5249.61 found in cache
20:01:12.159 [main] INFO io.github.bonigarcia.wdm.WebDriverManager - Exporting webdriver.chrome.driver as C:\Users\ASUS\.cache\selenium\chromedriver\win32\106.0.5249.61\chromedriver.exe
20:01:12.357 [main] DEBUG net.serenitybdd.core.webdriver.driverproviders.ProvideNewDriver - Instantiating driver
20:01:12.358 [main] DEBUG net.serenitybdd.core.webdriver.driverproviders.ProvideNewDriver - Driver capabilities: Capabilities {acceptInsecureCerts: false, base.url: https://demoqa.com, browserName: chrome, chrome.driver: src/test/resources/webdrive..., driver: chrome, goog:chromeOptions: {args: [], extensions: []}}
20:01:12.498 [AsyncHttpClient-1-20] DEBUG org.asynchttpclient.netty.channel.NettyConnectListener - Using new Channel '[id: 0xff72c801, L:/127.0.0.1:60141 - R:localhost/127.0.0.1:55432]' for 'POST' to '/session'
20:01:15.658 [AsyncHttpClient-1-20] DEBUG org.asynchttpclient.netty.handler.HttpHandler - 

Request DefaultHttpRequest(decodeResult: success, version: HTTP/1.1)
POST /session HTTP/1.1
User-Agent: selenium/4.1.2 (java windows)
Content-Length: 599
Content-Type: application/json; charset=utf-8
host: localhost:55432
accept: */*

Response DefaultHttpResponse(decodeResult: success, version: HTTP/1.1)
HTTP/1.1 200 OK
Content-Type: application/json; charset=utf-8
cache-control: no-cache
content-length: 788

20:01:15.658 [AsyncHttpClient-1-20] DEBUG org.asynchttpclient.netty.channel.ChannelManager - Adding key: http://localhost:55432 for channel [id: 0xff72c801, L:/127.0.0.1:60141 - R:localhost/127.0.0.1:55432]
20:01:15.668 [AsyncHttpClient-1-21] DEBUG org.asynchttpclient.netty.channel.NettyConnectListener - Using new Channel '[id: 0x049bf857, L:/127.0.0.1:60148 - R:localhost/127.0.0.1:60142]' for 'GET' to '/json/version'
20:01:15.680 [AsyncHttpClient-1-21] DEBUG org.asynchttpclient.netty.handler.HttpHandler - 

Request DefaultFullHttpRequest(decodeResult: success, version: HTTP/1.1, content: EmptyByteBufBE)
GET /json/version HTTP/1.1
User-Agent: selenium/4.1.2 (java windows)
host: localhost:60142
accept: */*

Response DefaultHttpResponse(decodeResult: success, version: HTTP/1.1)
HTTP/1.1 200 OK
Content-Type: application/json; charset=UTF-8
content-length: 424

20:01:15.681 [AsyncHttpClient-1-21] DEBUG org.asynchttpclient.netty.channel.ChannelManager - Adding key: http://localhost:60142 for channel [id: 0x049bf857, L:/127.0.0.1:60148 - R:localhost/127.0.0.1:60142]
20:01:15.690 [AsyncHttpClient-1-22] DEBUG org.asynchttpclient.netty.channel.NettyConnectListener - Using new Channel '[id: 0xe5e5364c, L:/127.0.0.1:60149 - R:localhost/127.0.0.1:60142]' for 'GET' to '/devtools/browser/b3689cf5-7f53-4d6b-836c-249cb98c8b1c'
20:01:15.696 [AsyncHttpClient-1-22] DEBUG org.asynchttpclient.netty.handler.WebSocketHandler - 

Request DefaultFullHttpRequest(decodeResult: success, version: HTTP/1.1, content: EmptyByteBufBE)
GET /devtools/browser/b3689cf5-7f53-4d6b-836c-249cb98c8b1c HTTP/1.1
upgrade: websocket
connection: upgrade
sec-websocket-key: yp2MHpKTTWL4o+m9vX1pwA==
sec-websocket-version: 13
origin: http://localhost:60142
host: localhost:60142
accept: */*
user-agent: AHC/2.1

Response DefaultHttpResponse(decodeResult: success, version: HTTP/1.1)
HTTP/1.1 101 WebSocket Protocol Handshake
Upgrade: WebSocket
Connection: Upgrade
Sec-WebSocket-Accept: w/cJ03mCGZRzla7YO0Q/UxcTVCw=

20:01:15.705 [Forwarding get on session 31ab32c08fec1693c52f88234dd1c00d to remote] DEBUG org.asynchttpclient.netty.request.NettyRequestSender - Using pooled Channel '[id: 0xff72c801, L:/127.0.0.1:60141 - R:localhost/127.0.0.1:55432]' for 'POST' to 'http://localhost:55432/session/31ab32c08fec1693c52f88234dd1c00d/url'
20:01:15.705 [Forwarding get on session 31ab32c08fec1693c52f88234dd1c00d to remote] DEBUG org.asynchttpclient.netty.request.NettyRequestSender - Using open Channel [id: 0xff72c801, L:/127.0.0.1:60141 - R:localhost/127.0.0.1:55432] for POST '/session/31ab32c08fec1693c52f88234dd1c00d/url'
20:01:16.466 [AsyncHttpClient-1-1] DEBUG org.asynchttpclient.netty.channel.DefaultChannelPool - Entry count for : http://localhost:60142 : 1
20:01:17.575 [AsyncHttpClient-1-1] DEBUG org.asynchttpclient.netty.channel.DefaultChannelPool - Entry count for : http://localhost:60142 : 1
20:01:18.666 [AsyncHttpClient-1-1] DEBUG org.asynchttpclient.netty.channel.DefaultChannelPool - Entry count for : http://localhost:60142 : 1
20:01:19.767 [AsyncHttpClient-1-1] DEBUG org.asynchttpclient.netty.channel.DefaultChannelPool - Entry count for : http://localhost:60142 : 1
20:01:20.866 [AsyncHttpClient-1-1] DEBUG org.asynchttpclient.netty.channel.DefaultChannelPool - Entry count for : http://localhost:60142 : 1
20:01:21.972 [AsyncHttpClient-1-1] DEBUG org.asynchttpclient.netty.channel.DefaultChannelPool - Entry count for : http://localhost:60142 : 1
20:01:23.065 [AsyncHttpClient-1-1] DEBUG org.asynchttpclient.netty.channel.DefaultChannelPool - Entry count for : http://localhost:60142 : 1
20:01:24.168 [AsyncHttpClient-1-1] DEBUG org.asynchttpclient.netty.channel.DefaultChannelPool - Entry count for : http://localhost:60142 : 1
20:01:24.488 [AsyncHttpClient-1-20] DEBUG org.asynchttpclient.netty.handler.HttpHandler - 

Request DefaultHttpRequest(decodeResult: success, version: HTTP/1.1)
POST /session/31ab32c08fec1693c52f88234dd1c00d/url HTTP/1.1
User-Agent: selenium/4.1.2 (java windows)
Content-Length: 54
Content-Type: application/json; charset=utf-8
host: localhost:55432
accept: */*

Response DefaultHttpResponse(decodeResult: success, version: HTTP/1.1)
HTTP/1.1 200 OK
Content-Type: application/json; charset=utf-8
cache-control: no-cache
content-length: 14

20:01:24.489 [AsyncHttpClient-1-20] DEBUG org.asynchttpclient.netty.channel.ChannelManager - Adding key: http://localhost:55432 for channel [id: 0xff72c801, L:/127.0.0.1:60141 - R:localhost/127.0.0.1:55432]
20:01:24.496 [Forwarding setTimeout on session 31ab32c08fec1693c52f88234dd1c00d to remote] DEBUG org.asynchttpclient.netty.request.NettyRequestSender - Using pooled Channel '[id: 0xff72c801, L:/127.0.0.1:60141 - R:localhost/127.0.0.1:55432]' for 'POST' to 'http://localhost:55432/session/31ab32c08fec1693c52f88234dd1c00d/timeouts'
20:01:24.496 [Forwarding setTimeout on session 31ab32c08fec1693c52f88234dd1c00d to remote] DEBUG org.asynchttpclient.netty.request.NettyRequestSender - Using open Channel [id: 0xff72c801, L:/127.0.0.1:60141 - R:localhost/127.0.0.1:55432] for POST '/session/31ab32c08fec1693c52f88234dd1c00d/timeouts'
20:01:24.500 [AsyncHttpClient-1-20] DEBUG org.asynchttpclient.netty.handler.HttpHandler - 

Request DefaultHttpRequest(decodeResult: success, version: HTTP/1.1)
POST /session/31ab32c08fec1693c52f88234dd1c00d/timeouts HTTP/1.1
User-Agent: selenium/4.1.2 (java windows)
Content-Length: 22
Content-Type: application/json; charset=utf-8
host: localhost:55432
accept: */*

Response DefaultHttpResponse(decodeResult: success, version: HTTP/1.1)
HTTP/1.1 200 OK
Content-Type: application/json; charset=utf-8
cache-control: no-cache
content-length: 14

20:01:24.501 [AsyncHttpClient-1-20] DEBUG org.asynchttpclient.netty.channel.ChannelManager - Adding key: http://localhost:55432 for channel [id: 0xff72c801, L:/127.0.0.1:60141 - R:localhost/127.0.0.1:55432]
20:01:24.515 [Forwarding getCurrentUrl on session 31ab32c08fec1693c52f88234dd1c00d to remote] DEBUG org.asynchttpclient.netty.request.NettyRequestSender - Using pooled Channel '[id: 0xff72c801, L:/127.0.0.1:60141 - R:localhost/127.0.0.1:55432]' for 'GET' to 'http://localhost:55432/session/31ab32c08fec1693c52f88234dd1c00d/url'
20:01:24.515 [Forwarding getCurrentUrl on session 31ab32c08fec1693c52f88234dd1c00d to remote] DEBUG org.asynchttpclient.netty.request.NettyRequestSender - Using open Channel [id: 0xff72c801, L:/127.0.0.1:60141 - R:localhost/127.0.0.1:55432] for GET '/session/31ab32c08fec1693c52f88234dd1c00d/url'
20:01:24.531 [AsyncHttpClient-1-20] DEBUG org.asynchttpclient.netty.handler.HttpHandler - 

Request DefaultFullHttpRequest(decodeResult: success, version: HTTP/1.1, content: EmptyByteBufBE)
GET /session/31ab32c08fec1693c52f88234dd1c00d/url HTTP/1.1
User-Agent: selenium/4.1.2 (java windows)
Cache-Control: no-cache
Content-Type: application/json; charset=utf-8
host: localhost:55432
accept: */*

Response DefaultHttpResponse(decodeResult: success, version: HTTP/1.1)
HTTP/1.1 200 OK
Content-Type: application/json; charset=utf-8
cache-control: no-cache
content-length: 36

20:01:24.532 [AsyncHttpClient-1-20] DEBUG org.asynchttpclient.netty.channel.ChannelManager - Adding key: http://localhost:55432 for channel [id: 0xff72c801, L:/127.0.0.1:60141 - R:localhost/127.0.0.1:55432]
20:01:24.538 [Forwarding findElement on session 31ab32c08fec1693c52f88234dd1c00d to remote] DEBUG org.asynchttpclient.netty.request.NettyRequestSender - Using pooled Channel '[id: 0xff72c801, L:/127.0.0.1:60141 - R:localhost/127.0.0.1:55432]' for 'POST' to 'http://localhost:55432/session/31ab32c08fec1693c52f88234dd1c00d/element'
20:01:24.538 [Forwarding findElement on session 31ab32c08fec1693c52f88234dd1c00d to remote] DEBUG org.asynchttpclient.netty.request.NettyRequestSender - Using open Channel [id: 0xff72c801, L:/127.0.0.1:60141 - R:localhost/127.0.0.1:55432] for POST '/session/31ab32c08fec1693c52f88234dd1c00d/element'
20:01:24.562 [AsyncHttpClient-1-20] DEBUG org.asynchttpclient.netty.handler.HttpHandler - 

Request DefaultHttpRequest(decodeResult: success, version: HTTP/1.1)
POST /session/31ab32c08fec1693c52f88234dd1c00d/element HTTP/1.1
User-Agent: selenium/4.1.2 (java windows)
Content-Length: 53
Content-Type: application/json; charset=utf-8
host: localhost:55432
accept: */*

Response DefaultHttpResponse(decodeResult: success, version: HTTP/1.1)
HTTP/1.1 200 OK
Content-Type: application/json; charset=utf-8
cache-control: no-cache
content-length: 88

20:01:24.563 [AsyncHttpClient-1-20] DEBUG org.asynchttpclient.netty.channel.ChannelManager - Adding key: http://localhost:55432 for channel [id: 0xff72c801, L:/127.0.0.1:60141 - R:localhost/127.0.0.1:55432]
20:01:24.566 [Forwarding sendKeysToElement on session 31ab32c08fec1693c52f88234dd1c00d to remote] DEBUG org.asynchttpclient.netty.request.NettyRequestSender - Using pooled Channel '[id: 0xff72c801, L:/127.0.0.1:60141 - R:localhost/127.0.0.1:55432]' for 'POST' to 'http://localhost:55432/session/31ab32c08fec1693c52f88234dd1c00d/element/78245d6d-7c09-4c07-974d-1eb7a6fc9bc8/value'
20:01:24.566 [Forwarding sendKeysToElement on session 31ab32c08fec1693c52f88234dd1c00d to remote] DEBUG org.asynchttpclient.netty.request.NettyRequestSender - Using open Channel [id: 0xff72c801, L:/127.0.0.1:60141 - R:localhost/127.0.0.1:55432] for POST '/session/31ab32c08fec1693c52f88234dd1c00d/element/78245d6d-7c09-4c07-974d-1eb7a6fc9bc8/value'
20:01:24.633 [AsyncHttpClient-1-20] DEBUG org.asynchttpclient.netty.handler.HttpHandler - 

Request DefaultHttpRequest(decodeResult: success, version: HTTP/1.1)
POST /session/31ab32c08fec1693c52f88234dd1c00d/element/78245d6d-7c09-4c07-974d-1eb7a6fc9bc8/value HTTP/1.1
User-Agent: selenium/4.1.2 (java windows)
Content-Length: 95
Content-Type: application/json; charset=utf-8
host: localhost:55432
accept: */*

Response DefaultHttpResponse(decodeResult: success, version: HTTP/1.1)
HTTP/1.1 200 OK
Content-Type: application/json; charset=utf-8
cache-control: no-cache
content-length: 14

20:01:24.633 [AsyncHttpClient-1-20] DEBUG org.asynchttpclient.netty.channel.ChannelManager - Adding key: http://localhost:55432 for channel [id: 0xff72c801, L:/127.0.0.1:60141 - R:localhost/127.0.0.1:55432]
  &amp#27;[32mGiven &amp#27;[0m&amp#27;[32mI am on the login page&amp#27;[0m        &amp#27;[90m# starter.stepdefinition.LoginSteps.iAmOnTheLoginPage()&amp#27;[0m
20:01:24.637 [Forwarding screenshot on session 31ab32c08fec1693c52f88234dd1c00d to remote] DEBUG org.asynchttpclient.netty.request.NettyRequestSender - Using pooled Channel '[id: 0xff72c801, L:/127.0.0.1:60141 - R:localhost/127.0.0.1:55432]' for 'GET' to 'http://localhost:55432/session/31ab32c08fec1693c52f88234dd1c00d/screenshot'
20:01:24.637 [Forwarding screenshot on session 31ab32c08fec1693c52f88234dd1c00d to remote] DEBUG org.asynchttpclient.netty.request.NettyRequestSender - Using open Channel [id: 0xff72c801, L:/127.0.0.1:60141 - R:localhost/127.0.0.1:55432] for GET '/session/31ab32c08fec1693c52f88234dd1c00d/screenshot'
20:01:25.099 [AsyncHttpClient-1-20] DEBUG org.asynchttpclient.netty.handler.HttpHandler - 

Request DefaultFullHttpRequest(decodeResult: success, version: HTTP/1.1, content: EmptyByteBufBE)
GET /session/31ab32c08fec1693c52f88234dd1c00d/screenshot HTTP/1.1
User-Agent: selenium/4.1.2 (java windows)
Cache-Control: no-cache
Content-Type: application/json; charset=utf-8
host: localhost:55432
accept: */*

Response DefaultHttpResponse(decodeResult: success, version: HTTP/1.1)
HTTP/1.1 200 OK
Content-Type: application/json; charset=utf-8
cache-control: no-cache
content-length: 130272

20:01:25.101 [AsyncHttpClient-1-20] DEBUG org.asynchttpclient.netty.channel.ChannelManager - Adding key: http://localhost:55432 for channel [id: 0xff72c801, L:/127.0.0.1:60141 - R:localhost/127.0.0.1:55432]
20:01:25.111 [main] DEBUG net.serenitybdd.core.photography.Darkroom - Send negative for processing for target\site\serenity\1f75faa5e9714f20c301a9e67e43d14aa88bc7a13f53030e77b16e81052f3326.png
20:01:25.112 [Darkroom Processing Line] DEBUG net.serenitybdd.core.photography.DarkroomProcessingLine - Processing screenshot image in /var/screenshots/screenshot-5719614609439502261
20:01:25.112 [Darkroom Processing Line] DEBUG net.serenitybdd.core.photography.DarkroomProcessingLine - Saving screenshot to target\site\serenity\1f75faa5e9714f20c301a9e67e43d14aa88bc7a13f53030e77b16e81052f3326.png
20:01:25.128 [Forwarding findElement on session 31ab32c08fec1693c52f88234dd1c00d to remote] DEBUG org.asynchttpclient.netty.request.NettyRequestSender - Using pooled Channel '[id: 0xff72c801, L:/127.0.0.1:60141 - R:localhost/127.0.0.1:55432]' for 'POST' to 'http://localhost:55432/session/31ab32c08fec1693c52f88234dd1c00d/element'
20:01:25.128 [Forwarding findElement on session 31ab32c08fec1693c52f88234dd1c00d to remote] DEBUG org.asynchttpclient.netty.request.NettyRequestSender - Using open Channel [id: 0xff72c801, L:/127.0.0.1:60141 - R:localhost/127.0.0.1:55432] for POST '/session/31ab32c08fec1693c52f88234dd1c00d/element'
20:01:25.157 [AsyncHttpClient-1-20] DEBUG org.asynchttpclient.netty.handler.HttpHandler - 

Request DefaultHttpRequest(decodeResult: success, version: HTTP/1.1)
POST /session/31ab32c08fec1693c52f88234dd1c00d/element HTTP/1.1
User-Agent: selenium/4.1.2 (java windows)
Content-Length: 53
Content-Type: application/json; charset=utf-8
host: localhost:55432
accept: */*

Response DefaultHttpResponse(decodeResult: success, version: HTTP/1.1)
HTTP/1.1 200 OK
Content-Type: application/json; charset=utf-8
cache-control: no-cache
content-length: 88

20:01:25.157 [AsyncHttpClient-1-20] DEBUG org.asynchttpclient.netty.channel.ChannelManager - Adding key: http://localhost:55432 for channel [id: 0xff72c801, L:/127.0.0.1:60141 - R:localhost/127.0.0.1:55432]
20:01:25.160 [Forwarding clearElement on session 31ab32c08fec1693c52f88234dd1c00d to remote] DEBUG org.asynchttpclient.netty.request.NettyRequestSender - Using pooled Channel '[id: 0xff72c801, L:/127.0.0.1:60141 - R:localhost/127.0.0.1:55432]' for 'POST' to 'http://localhost:55432/session/31ab32c08fec1693c52f88234dd1c00d/element/e5804bd7-85f6-4ae3-b0d5-3a97796a8db9/clear'
20:01:25.160 [Forwarding clearElement on session 31ab32c08fec1693c52f88234dd1c00d to remote] DEBUG org.asynchttpclient.netty.request.NettyRequestSender - Using open Channel [id: 0xff72c801, L:/127.0.0.1:60141 - R:localhost/127.0.0.1:55432] for POST '/session/31ab32c08fec1693c52f88234dd1c00d/element/e5804bd7-85f6-4ae3-b0d5-3a97796a8db9/clear'
20:01:25.258 [AsyncHttpClient-1-20] DEBUG org.asynchttpclient.netty.handler.HttpHandler - 

Request DefaultHttpRequest(decodeResult: success, version: HTTP/1.1)
POST /session/31ab32c08fec1693c52f88234dd1c00d/element/e5804bd7-85f6-4ae3-b0d5-3a97796a8db9/clear HTTP/1.1
User-Agent: selenium/4.1.2 (java windows)
Content-Length: 50
Content-Type: application/json; charset=utf-8
host: localhost:55432
accept: */*

Response DefaultHttpResponse(decodeResult: success, version: HTTP/1.1)
HTTP/1.1 200 OK
Content-Type: application/json; charset=utf-8
cache-control: no-cache
content-length: 14

20:01:25.259 [AsyncHttpClient-1-20] DEBUG org.asynchttpclient.netty.channel.ChannelManager - Adding key: http://localhost:55432 for channel [id: 0xff72c801, L:/127.0.0.1:60141 - R:localhost/127.0.0.1:55432]
20:01:25.263 [Forwarding sendKeysToElement on session 31ab32c08fec1693c52f88234dd1c00d to remote] DEBUG org.asynchttpclient.netty.request.NettyRequestSender - Using pooled Channel '[id: 0xff72c801, L:/127.0.0.1:60141 - R:localhost/127.0.0.1:55432]' for 'POST' to 'http://localhost:55432/session/31ab32c08fec1693c52f88234dd1c00d/element/e5804bd7-85f6-4ae3-b0d5-3a97796a8db9/value'
20:01:25.263 [Forwarding sendKeysToElement on session 31ab32c08fec1693c52f88234dd1c00d to remote] DEBUG org.asynchttpclient.netty.request.NettyRequestSender - Using open Channel [id: 0xff72c801, L:/127.0.0.1:60141 - R:localhost/127.0.0.1:55432] for POST '/session/31ab32c08fec1693c52f88234dd1c00d/element/e5804bd7-85f6-4ae3-b0d5-3a97796a8db9/value'
20:01:25.265 [AsyncHttpClient-1-1] DEBUG org.asynchttpclient.netty.channel.DefaultChannelPool - Entry count for : http://localhost:60142 : 1
20:01:25.526 [AsyncHttpClient-1-20] DEBUG org.asynchttpclient.netty.handler.HttpHandler - 

Request DefaultHttpRequest(decodeResult: success, version: HTTP/1.1)
POST /session/31ab32c08fec1693c52f88234dd1c00d/element/e5804bd7-85f6-4ae3-b0d5-3a97796a8db9/value HTTP/1.1
User-Agent: selenium/4.1.2 (java windows)
Content-Length: 161
Content-Type: application/json; charset=utf-8
host: localhost:55432
accept: */*

Response DefaultHttpResponse(decodeResult: success, version: HTTP/1.1)
HTTP/1.1 200 OK
Content-Type: application/json; charset=utf-8
cache-control: no-cache
content-length: 14

20:01:25.527 [AsyncHttpClient-1-20] DEBUG org.asynchttpclient.netty.channel.ChannelManager - Adding key: http://localhost:55432 for channel [id: 0xff72c801, L:/127.0.0.1:60141 - R:localhost/127.0.0.1:55432]
  &amp#27;[32mWhen &amp#27;[0m&amp#27;[32mI input invalid username&amp#27;[0m       &amp#27;[90m# starter.stepdefinition.LoginSteps.iInputInvalidUsername()&amp#27;[0m
20:01:25.544 [Forwarding screenshot on session 31ab32c08fec1693c52f88234dd1c00d to remote] DEBUG org.asynchttpclient.netty.request.NettyRequestSender - Using pooled Channel '[id: 0xff72c801, L:/127.0.0.1:60141 - R:localhost/127.0.0.1:55432]' for 'GET' to 'http://localhost:55432/session/31ab32c08fec1693c52f88234dd1c00d/screenshot'
20:01:25.544 [Forwarding screenshot on session 31ab32c08fec1693c52f88234dd1c00d to remote] DEBUG org.asynchttpclient.netty.request.NettyRequestSender - Using open Channel [id: 0xff72c801, L:/127.0.0.1:60141 - R:localhost/127.0.0.1:55432] for GET '/session/31ab32c08fec1693c52f88234dd1c00d/screenshot'
20:01:25.921 [AsyncHttpClient-1-20] DEBUG org.asynchttpclient.netty.handler.HttpHandler - 

Request DefaultFullHttpRequest(decodeResult: success, version: HTTP/1.1, content: EmptyByteBufBE)
GET /session/31ab32c08fec1693c52f88234dd1c00d/screenshot HTTP/1.1
User-Agent: selenium/4.1.2 (java windows)
Cache-Control: no-cache
Content-Type: application/json; charset=utf-8
host: localhost:55432
accept: */*

Response DefaultHttpResponse(decodeResult: success, version: HTTP/1.1)
HTTP/1.1 200 OK
Content-Type: application/json; charset=utf-8
cache-control: no-cache
content-length: 89248

20:01:25.922 [AsyncHttpClient-1-20] DEBUG org.asynchttpclient.netty.channel.ChannelManager - Adding key: http://localhost:55432 for channel [id: 0xff72c801, L:/127.0.0.1:60141 - R:localhost/127.0.0.1:55432]
20:01:25.925 [main] DEBUG net.serenitybdd.core.photography.Darkroom - Send negative for processing for target\site\serenity\718cdd60c3f61e74b165a56210f33480c4d319df20f1d306d5b0b967bfeaa33b.png
20:01:25.934 [Forwarding findElement on session 31ab32c08fec1693c52f88234dd1c00d to remote] DEBUG org.asynchttpclient.netty.request.NettyRequestSender - Using pooled Channel '[id: 0xff72c801, L:/127.0.0.1:60141 - R:localhost/127.0.0.1:55432]' for 'POST' to 'http://localhost:55432/session/31ab32c08fec1693c52f88234dd1c00d/element'
20:01:25.934 [Forwarding findElement on session 31ab32c08fec1693c52f88234dd1c00d to remote] DEBUG org.asynchttpclient.netty.request.NettyRequestSender - Using open Channel [id: 0xff72c801, L:/127.0.0.1:60141 - R:localhost/127.0.0.1:55432] for POST '/session/31ab32c08fec1693c52f88234dd1c00d/element'
20:01:25.957 [AsyncHttpClient-1-20] DEBUG org.asynchttpclient.netty.handler.HttpHandler - 

Request DefaultHttpRequest(decodeResult: success, version: HTTP/1.1)
POST /session/31ab32c08fec1693c52f88234dd1c00d/element HTTP/1.1
User-Agent: selenium/4.1.2 (java windows)
Content-Length: 50
Content-Type: application/json; charset=utf-8
host: localhost:55432
accept: */*

Response DefaultHttpResponse(decodeResult: success, version: HTTP/1.1)
HTTP/1.1 200 OK
Content-Type: application/json; charset=utf-8
cache-control: no-cache
content-length: 88

20:01:25.957 [AsyncHttpClient-1-20] DEBUG org.asynchttpclient.netty.channel.ChannelManager - Adding key: http://localhost:55432 for channel [id: 0xff72c801, L:/127.0.0.1:60141 - R:localhost/127.0.0.1:55432]
20:01:25.962 [Forwarding getElementTagName on session 31ab32c08fec1693c52f88234dd1c00d to remote] DEBUG org.asynchttpclient.netty.request.NettyRequestSender - Using pooled Channel '[id: 0xff72c801, L:/127.0.0.1:60141 - R:localhost/127.0.0.1:55432]' for 'GET' to 'http://localhost:55432/session/31ab32c08fec1693c52f88234dd1c00d/element/c3c6a11e-7b36-4aea-8bc7-601c54ba5284/name'
20:01:25.962 [Forwarding getElementTagName on session 31ab32c08fec1693c52f88234dd1c00d to remote] DEBUG org.asynchttpclient.netty.request.NettyRequestSender - Using open Channel [id: 0xff72c801, L:/127.0.0.1:60141 - R:localhost/127.0.0.1:55432] for GET '/session/31ab32c08fec1693c52f88234dd1c00d/element/c3c6a11e-7b36-4aea-8bc7-601c54ba5284/name'
20:01:25.981 [AsyncHttpClient-1-20] DEBUG org.asynchttpclient.netty.handler.HttpHandler - 

Request DefaultFullHttpRequest(decodeResult: success, version: HTTP/1.1, content: EmptyByteBufBE)
GET /session/31ab32c08fec1693c52f88234dd1c00d/element/c3c6a11e-7b36-4aea-8bc7-601c54ba5284/name HTTP/1.1
User-Agent: selenium/4.1.2 (java windows)
Cache-Control: no-cache
Content-Type: application/json; charset=utf-8
host: localhost:55432
accept: */*

Response DefaultHttpResponse(decodeResult: success, version: HTTP/1.1)
HTTP/1.1 200 OK
Content-Type: application/json; charset=utf-8
cache-control: no-cache
content-length: 18

20:01:25.982 [AsyncHttpClient-1-20] DEBUG org.asynchttpclient.netty.channel.ChannelManager - Adding key: http://localhost:55432 for channel [id: 0xff72c801, L:/127.0.0.1:60141 - R:localhost/127.0.0.1:55432]
20:01:25.987 [Forwarding getElementTagName on session 31ab32c08fec1693c52f88234dd1c00d to remote] DEBUG org.asynchttpclient.netty.request.NettyRequestSender - Using pooled Channel '[id: 0xff72c801, L:/127.0.0.1:60141 - R:localhost/127.0.0.1:55432]' for 'GET' to 'http://localhost:55432/session/31ab32c08fec1693c52f88234dd1c00d/element/c3c6a11e-7b36-4aea-8bc7-601c54ba5284/name'
20:01:25.987 [Forwarding getElementTagName on session 31ab32c08fec1693c52f88234dd1c00d to remote] DEBUG org.asynchttpclient.netty.request.NettyRequestSender - Using open Channel [id: 0xff72c801, L:/127.0.0.1:60141 - R:localhost/127.0.0.1:55432] for GET '/session/31ab32c08fec1693c52f88234dd1c00d/element/c3c6a11e-7b36-4aea-8bc7-601c54ba5284/name'
20:01:25.998 [AsyncHttpClient-1-20] DEBUG org.asynchttpclient.netty.handler.HttpHandler - 

Request DefaultFullHttpRequest(decodeResult: success, version: HTTP/1.1, content: EmptyByteBufBE)
GET /session/31ab32c08fec1693c52f88234dd1c00d/element/c3c6a11e-7b36-4aea-8bc7-601c54ba5284/name HTTP/1.1
User-Agent: selenium/4.1.2 (java windows)
Cache-Control: no-cache
Content-Type: application/json; charset=utf-8
host: localhost:55432
accept: */*

Response DefaultHttpResponse(decodeResult: success, version: HTTP/1.1)
HTTP/1.1 200 OK
Content-Type: application/json; charset=utf-8
cache-control: no-cache
content-length: 18

20:01:25.998 [AsyncHttpClient-1-20] DEBUG org.asynchttpclient.netty.channel.ChannelManager - Adding key: http://localhost:55432 for channel [id: 0xff72c801, L:/127.0.0.1:60141 - R:localhost/127.0.0.1:55432]
20:01:26.005 [Forwarding isElementEnabled on session 31ab32c08fec1693c52f88234dd1c00d to remote] DEBUG org.asynchttpclient.netty.request.NettyRequestSender - Using pooled Channel '[id: 0xff72c801, L:/127.0.0.1:60141 - R:localhost/127.0.0.1:55432]' for 'GET' to 'http://localhost:55432/session/31ab32c08fec1693c52f88234dd1c00d/element/c3c6a11e-7b36-4aea-8bc7-601c54ba5284/enabled'
20:01:26.005 [Forwarding isElementEnabled on session 31ab32c08fec1693c52f88234dd1c00d to remote] DEBUG org.asynchttpclient.netty.request.NettyRequestSender - Using open Channel [id: 0xff72c801, L:/127.0.0.1:60141 - R:localhost/127.0.0.1:55432] for GET '/session/31ab32c08fec1693c52f88234dd1c00d/element/c3c6a11e-7b36-4aea-8bc7-601c54ba5284/enabled'
20:01:26.033 [AsyncHttpClient-1-20] DEBUG org.asynchttpclient.netty.handler.HttpHandler - 

Request DefaultFullHttpRequest(decodeResult: success, version: HTTP/1.1, content: EmptyByteBufBE)
GET /session/31ab32c08fec1693c52f88234dd1c00d/element/c3c6a11e-7b36-4aea-8bc7-601c54ba5284/enabled HTTP/1.1
User-Agent: selenium/4.1.2 (java windows)
Cache-Control: no-cache
Content-Type: application/json; charset=utf-8
host: localhost:55432
accept: */*

Response DefaultHttpResponse(decodeResult: success, version: HTTP/1.1)
HTTP/1.1 200 OK
Content-Type: application/json; charset=utf-8
cache-control: no-cache
content-length: 14

20:01:26.033 [AsyncHttpClient-1-20] DEBUG org.asynchttpclient.netty.channel.ChannelManager - Adding key: http://localhost:55432 for channel [id: 0xff72c801, L:/127.0.0.1:60141 - R:localhost/127.0.0.1:55432]
20:01:26.035 [Forwarding isElementEnabled on session 31ab32c08fec1693c52f88234dd1c00d to remote] DEBUG org.asynchttpclient.netty.request.NettyRequestSender - Using pooled Channel '[id: 0xff72c801, L:/127.0.0.1:60141 - R:localhost/127.0.0.1:55432]' for 'GET' to 'http://localhost:55432/session/31ab32c08fec1693c52f88234dd1c00d/element/c3c6a11e-7b36-4aea-8bc7-601c54ba5284/enabled'
20:01:26.035 [Forwarding isElementEnabled on session 31ab32c08fec1693c52f88234dd1c00d to remote] DEBUG org.asynchttpclient.netty.request.NettyRequestSender - Using open Channel [id: 0xff72c801, L:/127.0.0.1:60141 - R:localhost/127.0.0.1:55432] for GET '/session/31ab32c08fec1693c52f88234dd1c00d/element/c3c6a11e-7b36-4aea-8bc7-601c54ba5284/enabled'
20:01:26.045 [AsyncHttpClient-1-20] DEBUG org.asynchttpclient.netty.handler.HttpHandler - 

Request DefaultFullHttpRequest(decodeResult: success, version: HTTP/1.1, content: EmptyByteBufBE)
GET /session/31ab32c08fec1693c52f88234dd1c00d/element/c3c6a11e-7b36-4aea-8bc7-601c54ba5284/enabled HTTP/1.1
User-Agent: selenium/4.1.2 (java windows)
Cache-Control: no-cache
Content-Type: application/json; charset=utf-8
host: localhost:55432
accept: */*

Response DefaultHttpResponse(decodeResult: success, version: HTTP/1.1)
HTTP/1.1 200 OK
Content-Type: application/json; charset=utf-8
cache-control: no-cache
content-length: 14

20:01:26.045 [AsyncHttpClient-1-20] DEBUG org.asynchttpclient.netty.channel.ChannelManager - Adding key: http://localhost:55432 for channel [id: 0xff72c801, L:/127.0.0.1:60141 - R:localhost/127.0.0.1:55432]
20:01:26.050 [Forwarding findElement on session 31ab32c08fec1693c52f88234dd1c00d to remote] DEBUG org.asynchttpclient.netty.request.NettyRequestSender - Using pooled Channel '[id: 0xff72c801, L:/127.0.0.1:60141 - R:localhost/127.0.0.1:55432]' for 'POST' to 'http://localhost:55432/session/31ab32c08fec1693c52f88234dd1c00d/element'
20:01:26.050 [Forwarding findElement on session 31ab32c08fec1693c52f88234dd1c00d to remote] DEBUG org.asynchttpclient.netty.request.NettyRequestSender - Using open Channel [id: 0xff72c801, L:/127.0.0.1:60141 - R:localhost/127.0.0.1:55432] for POST '/session/31ab32c08fec1693c52f88234dd1c00d/element'
20:01:26.067 [AsyncHttpClient-1-20] DEBUG org.asynchttpclient.netty.handler.HttpHandler - 

Request DefaultHttpRequest(decodeResult: success, version: HTTP/1.1)
POST /session/31ab32c08fec1693c52f88234dd1c00d/element HTTP/1.1
User-Agent: selenium/4.1.2 (java windows)
Content-Length: 50
Content-Type: application/json; charset=utf-8
host: localhost:55432
accept: */*

Response DefaultHttpResponse(decodeResult: success, version: HTTP/1.1)
HTTP/1.1 200 OK
Content-Type: application/json; charset=utf-8
cache-control: no-cache
content-length: 88

20:01:26.067 [AsyncHttpClient-1-20] DEBUG org.asynchttpclient.netty.channel.ChannelManager - Adding key: http://localhost:55432 for channel [id: 0xff72c801, L:/127.0.0.1:60141 - R:localhost/127.0.0.1:55432]
20:01:26.072 [Forwarding clickElement on session 31ab32c08fec1693c52f88234dd1c00d to remote] DEBUG org.asynchttpclient.netty.request.NettyRequestSender - Using pooled Channel '[id: 0xff72c801, L:/127.0.0.1:60141 - R:localhost/127.0.0.1:55432]' for 'POST' to 'http://localhost:55432/session/31ab32c08fec1693c52f88234dd1c00d/element/c3c6a11e-7b36-4aea-8bc7-601c54ba5284/click'
20:01:26.072 [Forwarding clickElement on session 31ab32c08fec1693c52f88234dd1c00d to remote] DEBUG org.asynchttpclient.netty.request.NettyRequestSender - Using open Channel [id: 0xff72c801, L:/127.0.0.1:60141 - R:localhost/127.0.0.1:55432] for POST '/session/31ab32c08fec1693c52f88234dd1c00d/element/c3c6a11e-7b36-4aea-8bc7-601c54ba5284/click'
20:01:26.191 [AsyncHttpClient-1-20] DEBUG org.asynchttpclient.netty.handler.HttpHandler - 

Request DefaultHttpRequest(decodeResult: success, version: HTTP/1.1)
POST /session/31ab32c08fec1693c52f88234dd1c00d/element/c3c6a11e-7b36-4aea-8bc7-601c54ba5284/click HTTP/1.1
User-Agent: selenium/4.1.2 (java windows)
Content-Length: 50
Content-Type: application/json; charset=utf-8
host: localhost:55432
accept: */*

Response DefaultHttpResponse(decodeResult: success, version: HTTP/1.1)
HTTP/1.1 200 OK
Content-Type: application/json; charset=utf-8
cache-control: no-cache
content-length: 14

20:01:26.193 [AsyncHttpClient-1-20] DEBUG org.asynchttpclient.netty.channel.ChannelManager - Adding key: http://localhost:55432 for channel [id: 0xff72c801, L:/127.0.0.1:60141 - R:localhost/127.0.0.1:55432]
  &amp#27;[32mAnd &amp#27;[0m&amp#27;[32mI click Login Button&amp#27;[0m            &amp#27;[90m# starter.stepdefinition.LoginSteps.iClickLoginButton()&amp#27;[0m
20:01:26.223 [Forwarding screenshot on session 31ab32c08fec1693c52f88234dd1c00d to remote] DEBUG org.asynchttpclient.netty.request.NettyRequestSender - Using pooled Channel '[id: 0xff72c801, L:/127.0.0.1:60141 - R:localhost/127.0.0.1:55432]' for 'GET' to 'http://localhost:55432/session/31ab32c08fec1693c52f88234dd1c00d/screenshot'
20:01:26.223 [Forwarding screenshot on session 31ab32c08fec1693c52f88234dd1c00d to remote] DEBUG org.asynchttpclient.netty.request.NettyRequestSender - Using open Channel [id: 0xff72c801, L:/127.0.0.1:60141 - R:localhost/127.0.0.1:55432] for GET '/session/31ab32c08fec1693c52f88234dd1c00d/screenshot'
20:01:26.369 [AsyncHttpClient-1-1] DEBUG org.asynchttpclient.netty.channel.DefaultChannelPool - Entry count for : http://localhost:60142 : 1
20:01:26.796 [AsyncHttpClient-1-20] DEBUG org.asynchttpclient.netty.handler.HttpHandler - 

Request DefaultFullHttpRequest(decodeResult: success, version: HTTP/1.1, content: EmptyByteBufBE)
GET /session/31ab32c08fec1693c52f88234dd1c00d/screenshot HTTP/1.1
User-Agent: selenium/4.1.2 (java windows)
Cache-Control: no-cache
Content-Type: application/json; charset=utf-8
host: localhost:55432
accept: */*

Response DefaultHttpResponse(decodeResult: success, version: HTTP/1.1)
HTTP/1.1 200 OK
Content-Type: application/json; charset=utf-8
cache-control: no-cache
content-length: 90900

20:01:26.798 [AsyncHttpClient-1-20] DEBUG org.asynchttpclient.netty.channel.ChannelManager - Adding key: http://localhost:55432 for channel [id: 0xff72c801, L:/127.0.0.1:60141 - R:localhost/127.0.0.1:55432]
20:01:26.804 [main] DEBUG net.serenitybdd.core.photography.Darkroom - Send negative for processing for target\site\serenity\a7518d6624022f5f25b90141429f6c64d0f41219aefbe72748513c944b435b4e.png
20:01:26.805 [Darkroom Processing Line] DEBUG net.serenitybdd.core.photography.DarkroomProcessingLine - Processing screenshot image in /var/screenshots/screenshot-10081786371929590959
20:01:26.805 [Darkroom Processing Line] DEBUG net.serenitybdd.core.photography.DarkroomProcessingLine - Saving screenshot to target\site\serenity\a7518d6624022f5f25b90141429f6c64d0f41219aefbe72748513c944b435b4e.png
20:01:26.817 [Forwarding findElement on session 31ab32c08fec1693c52f88234dd1c00d to remote] DEBUG org.asynchttpclient.netty.request.NettyRequestSender - Using pooled Channel '[id: 0xff72c801, L:/127.0.0.1:60141 - R:localhost/127.0.0.1:55432]' for 'POST' to 'http://localhost:55432/session/31ab32c08fec1693c52f88234dd1c00d/element'
20:01:26.818 [Forwarding findElement on session 31ab32c08fec1693c52f88234dd1c00d to remote] DEBUG org.asynchttpclient.netty.request.NettyRequestSender - Using open Channel [id: 0xff72c801, L:/127.0.0.1:60141 - R:localhost/127.0.0.1:55432] for POST '/session/31ab32c08fec1693c52f88234dd1c00d/element'
20:01:26.851 [AsyncHttpClient-1-20] DEBUG org.asynchttpclient.netty.handler.HttpHandler - 

Request DefaultHttpRequest(decodeResult: success, version: HTTP/1.1)
POST /session/31ab32c08fec1693c52f88234dd1c00d/element HTTP/1.1
User-Agent: selenium/4.1.2 (java windows)
Content-Length: 98
Content-Type: application/json; charset=utf-8
host: localhost:55432
accept: */*

Response DefaultHttpResponse(decodeResult: success, version: HTTP/1.1)
HTTP/1.1 200 OK
Content-Type: application/json; charset=utf-8
cache-control: no-cache
content-length: 88

20:01:26.852 [AsyncHttpClient-1-20] DEBUG org.asynchttpclient.netty.channel.ChannelManager - Adding key: http://localhost:55432 for channel [id: 0xff72c801, L:/127.0.0.1:60141 - R:localhost/127.0.0.1:55432]
20:01:26.862 [Forwarding isElementDisplayed on session 31ab32c08fec1693c52f88234dd1c00d to remote] DEBUG org.asynchttpclient.netty.request.NettyRequestSender - Using pooled Channel '[id: 0xff72c801, L:/127.0.0.1:60141 - R:localhost/127.0.0.1:55432]' for 'POST' to 'http://localhost:55432/session/31ab32c08fec1693c52f88234dd1c00d/execute/sync'
20:01:26.862 [Forwarding isElementDisplayed on session 31ab32c08fec1693c52f88234dd1c00d to remote] DEBUG org.asynchttpclient.netty.request.NettyRequestSender - Using open Channel [id: 0xff72c801, L:/127.0.0.1:60141 - R:localhost/127.0.0.1:55432] for POST '/session/31ab32c08fec1693c52f88234dd1c00d/execute/sync'
20:01:26.910 [AsyncHttpClient-1-20] DEBUG org.asynchttpclient.netty.handler.HttpHandler - 

Request DefaultHttpRequest(decodeResult: success, version: HTTP/1.1)
POST /session/31ab32c08fec1693c52f88234dd1c00d/execute/sync HTTP/1.1
User-Agent: selenium/4.1.2 (java windows)
Content-Length: 48780
Content-Type: application/json; charset=utf-8
host: localhost:55432
accept: */*

Response DefaultHttpResponse(decodeResult: success, version: HTTP/1.1)
HTTP/1.1 200 OK
Content-Type: application/json; charset=utf-8
cache-control: no-cache
content-length: 14

20:01:26.919 [AsyncHttpClient-1-20] DEBUG org.asynchttpclient.netty.channel.ChannelManager - Adding key: http://localhost:55432 for channel [id: 0xff72c801, L:/127.0.0.1:60141 - R:localhost/127.0.0.1:55432]
  &amp#27;[32mThen &amp#27;[0m&amp#27;[32mI get warning error&amp#27;[0m            &amp#27;[90m# starter.stepdefinition.LoginSteps.iGetWarningError()&amp#27;[0m
20:01:26.940 [Forwarding screenshot on session 31ab32c08fec1693c52f88234dd1c00d to remote] DEBUG org.asynchttpclient.netty.request.NettyRequestSender - Using pooled Channel '[id: 0xff72c801, L:/127.0.0.1:60141 - R:localhost/127.0.0.1:55432]' for 'GET' to 'http://localhost:55432/session/31ab32c08fec1693c52f88234dd1c00d/screenshot'
20:01:26.940 [Forwarding screenshot on session 31ab32c08fec1693c52f88234dd1c00d to remote] DEBUG org.asynchttpclient.netty.request.NettyRequestSender - Using open Channel [id: 0xff72c801, L:/127.0.0.1:60141 - R:localhost/127.0.0.1:55432] for GET '/session/31ab32c08fec1693c52f88234dd1c00d/screenshot'
20:01:27.164 [AsyncHttpClient-1-20] DEBUG org.asynchttpclient.netty.handler.HttpHandler - 

Request DefaultFullHttpRequest(decodeResult: success, version: HTTP/1.1, content: EmptyByteBufBE)
GET /session/31ab32c08fec1693c52f88234dd1c00d/screenshot HTTP/1.1
User-Agent: selenium/4.1.2 (java windows)
Cache-Control: no-cache
Content-Type: application/json; charset=utf-8
host: localhost:55432
accept: */*

Response DefaultHttpResponse(decodeResult: success, version: HTTP/1.1)
HTTP/1.1 200 OK
Content-Type: application/json; charset=utf-8
cache-control: no-cache
content-length: 90900

20:01:27.168 [AsyncHttpClient-1-20] DEBUG org.asynchttpclient.netty.channel.ChannelManager - Adding key: http://localhost:55432 for channel [id: 0xff72c801, L:/127.0.0.1:60141 - R:localhost/127.0.0.1:55432]
20:01:27.184 [main] DEBUG net.serenitybdd.core.photography.Darkroom - Send negative for processing for target\site\serenity\a7518d6624022f5f25b90141429f6c64d0f41219aefbe72748513c944b435b4e.png
20:01:27.189 [main] INFO  - 
  _____   ___   ___   _____     ___     _     ___   ___   ___   ___  
 |_   _| | __| / __| |_   _|   | _ \   /_\   / __| / __| | __| |   \ 
   | |   | _|  \__ \   | |     |  _/  / _ \  \__ \ \__ \ | _|  | |) |
   |_|   |___| |___/   |_|     |_|   /_/ \_\ |___/ |___/ |___| |___/ 

Login with invalid username
----------------------------------------------------------------------
20:01:27.194 [AsyncHttpClient-1-22] DEBUG org.asynchttpclient.netty.handler.WebSocketHandler - Channel Closed: [id: 0xe5e5364c, L:/127.0.0.1:60149 ! R:localhost/127.0.0.1:60142] with attribute NettyResponseFuture{currentRetry=5,
	isDone=1,
	isCancelled=0,
	asyncHandler=org.asynchttpclient.ws.WebSocketUpgradeHandler@3a9cad14,
	nettyRequest=org.asynchttpclient.netty.request.NettyRequest@7f9e2423,
	future=java.util.concurrent.CompletableFuture@695f9a52[Completed normally],
	uri=ws://localhost:60142/devtools/browser/b3689cf5-7f53-4d6b-836c-249cb98c8b1c,
	keepAlive=true,
	redirectCount=0,
	timeoutsHolder=null,
	inAuth=0,
	touch=1665406875698}
20:01:27.194 [AsyncHttpClient-1-22] DEBUG org.asynchttpclient.netty.channel.ChannelManager - Closing Channel [id: 0xe5e5364c, L:/127.0.0.1:60149 ! R:localhost/127.0.0.1:60142] 
20:01:27.194 [Driver Command Executor] DEBUG org.asynchttpclient.netty.request.NettyRequestSender - Using pooled Channel '[id: 0xff72c801, L:/127.0.0.1:60141 - R:localhost/127.0.0.1:55432]' for 'DELETE' to 'http://localhost:55432/session/31ab32c08fec1693c52f88234dd1c00d'
20:01:27.194 [Driver Command Executor] DEBUG org.asynchttpclient.netty.request.NettyRequestSender - Using open Channel [id: 0xff72c801, L:/127.0.0.1:60141 - R:localhost/127.0.0.1:55432] for DELETE '/session/31ab32c08fec1693c52f88234dd1c00d'
20:01:27.260 [AsyncHttpClient-1-21] DEBUG org.asynchttpclient.netty.handler.HttpHandler - Unexpected I/O exception on channel [id: 0x049bf857, L:/127.0.0.1:60148 - R:localhost/127.0.0.1:60142]
java.io.IOException: An existing connection was forcibly closed by the remote host
	at java.base/sun.nio.ch.SocketDispatcher.read0(Native Method)
	at java.base/sun.nio.ch.SocketDispatcher.read(SocketDispatcher.java:43)
	at java.base/sun.nio.ch.IOUtil.readIntoNativeBuffer(IOUtil.java:276)
	at java.base/sun.nio.ch.IOUtil.read(IOUtil.java:233)
	at java.base/sun.nio.ch.IOUtil.read(IOUtil.java:223)
	at java.base/sun.nio.ch.SocketChannelImpl.read(SocketChannelImpl.java:358)
	at io.netty.buffer.PooledByteBuf.setBytes(PooledByteBuf.java:258)
	at io.netty.buffer.AbstractByteBuf.writeBytes(AbstractByteBuf.java:1132)
	at io.netty.channel.socket.nio.NioSocketChannel.doReadBytes(NioSocketChannel.java:350)
	at io.netty.channel.nio.AbstractNioByteChannel$NioByteUnsafe.read(AbstractNioByteChannel.java:151)
	at io.netty.channel.nio.NioEventLoop.processSelectedKey(NioEventLoop.java:722)
	at io.netty.channel.nio.NioEventLoop.processSelectedKeysOptimized(NioEventLoop.java:658)
	at io.netty.channel.nio.NioEventLoop.processSelectedKeys(NioEventLoop.java:584)
	at io.netty.channel.nio.NioEventLoop.run(NioEventLoop.java:496)
	at io.netty.util.concurrent.SingleThreadEventExecutor$4.run(SingleThreadEventExecutor.java:986)
	at io.netty.util.internal.ThreadExecutorMap$2.run(ThreadExecutorMap.java:74)
	at io.netty.util.concurrent.FastThreadLocalRunnable.run(FastThreadLocalRunnable.java:30)
	at java.base/java.lang.Thread.run(Thread.java:834)
20:01:27.260 [AsyncHttpClient-1-21] DEBUG org.asynchttpclient.netty.channel.ChannelManager - Closing Channel [id: 0x049bf857, L:/127.0.0.1:60148 - R:localhost/127.0.0.1:60142] 
20:01:27.261 [AsyncHttpClient-1-21] DEBUG org.asynchttpclient.netty.handler.HttpHandler - Channel Closed: [id: 0x049bf857, L:/127.0.0.1:60148 ! R:localhost/127.0.0.1:60142] with attribute DISCARD
20:01:27.293 [AsyncHttpClient-1-20] DEBUG org.asynchttpclient.netty.handler.HttpHandler - 

Request DefaultFullHttpRequest(decodeResult: success, version: HTTP/1.1, content: EmptyByteBufBE)
DELETE /session/31ab32c08fec1693c52f88234dd1c00d HTTP/1.1
User-Agent: selenium/4.1.2 (java windows)
Content-Type: application/json; charset=utf-8
host: localhost:55432
accept: */*

Response DefaultHttpResponse(decodeResult: success, version: HTTP/1.1)
HTTP/1.1 200 OK
Content-Type: application/json; charset=utf-8
cache-control: no-cache
content-length: 14

20:01:27.294 [AsyncHttpClient-1-20] DEBUG org.asynchttpclient.netty.channel.ChannelManager - Adding key: http://localhost:55432 for channel [id: 0xff72c801, L:/127.0.0.1:60141 - R:localhost/127.0.0.1:55432]
20:01:27.466 [AsyncHttpClient-1-1] DEBUG org.asynchttpclient.netty.channel.DefaultChannelPool - Entry count for : http://localhost:60142 : 1
20:01:27.466 [AsyncHttpClient-1-1] DEBUG org.asynchttpclient.netty.channel.DefaultChannelPool - Entry count for : http://localhost:55432 : 1
20:01:27.466 [AsyncHttpClient-1-1] DEBUG org.asynchttpclient.netty.channel.DefaultChannelPool - Adding Candidate expired Channel [id: 0x049bf857, L:/127.0.0.1:60148 ! R:localhost/127.0.0.1:60142] isIdleTimeoutExpired=false isRemotelyClosed=true isTtlExpired=false
20:01:27.466 [AsyncHttpClient-1-1] DEBUG org.asynchttpclient.netty.channel.DefaultChannelPool - Closing Idle Channel [id: 0x049bf857, L:/127.0.0.1:60148 ! R:localhost/127.0.0.1:60142]
20:01:27.466 [AsyncHttpClient-1-1] DEBUG org.asynchttpclient.netty.channel.DefaultChannelPool - Closed 1 connections out of 2 in 0 ms
20:01:27.468 [AsyncHttpClient-1-20] DEBUG org.asynchttpclient.netty.handler.HttpHandler - Channel Closed: [id: 0xff72c801, L:/127.0.0.1:60141 ! R:localhost/127.0.0.1:55432] with attribute DISCARD
]]></system-out>
    <system-err><![CDATA[Starting ChromeDriver 106.0.5249.61 (511755355844955cd3e264779baf0dd38212a4d0-refs/branch-heads/5249@{#569}) on port 55432
Only local connections are allowed.
Please see https://chromedriver.chromium.org/security-considerations for suggestions on keeping ChromeDriver safe.
ChromeDriver was started successfully.
Oct 10, 2022 8:01:15 PM org.openqa.selenium.remote.ProtocolHandshake createSession
INFO: Detected dialect: W3C
Oct 10, 2022 8:01:15 PM org.openqa.selenium.devtools.CdpVersionFinder findNearestMatch
WARNING: Unable to find an exact match for CDP version 106, so returning the closest version found: a no-op implementation
Oct 10, 2022 8:01:15 PM org.openqa.selenium.devtools.CdpVersionFinder findNearestMatch
INFO: Unable to find CDP implementation matching 106.
Oct 10, 2022 8:01:15 PM org.openqa.selenium.chromium.ChromiumDriver lambda$new$3
WARNING: Unable to find version of CDP to use for . You may need to include a dependency on a specific version of the CDP using something similar to `org.seleniumhq.selenium:selenium-devtools-v86:4.1.2` where the version ("v86") matches the version of the chromium-based browser you're using and the version number of the artifact is the same as Selenium's.
]]></system-err>
  </testcase>
  <testcase name="Login with invalid password" classname="Login" time="15.858">
    <system-out><![CDATA[
Scenario: Login with invalid password &amp#27;[90m# src/test/resources/features/login.feature:52&amp#27;[0m
20:01:27.531 [main] INFO io.cucumber.core.plugin.SerenityReporter - Running feature from file:///C:/Users/ASUS/IdeaProjects/DemoQA/src/test/resources/features/login.feature
20:01:27.547 [main] INFO  - 
  _____   ___   ___   _____     ___   _____     _     ___   _____   ___   ___  
 |_   _| | __| / __| |_   _|   / __| |_   _|   /_\   | _ \ |_   _| | __| |   \ 
   | |   | _|  \__ \   | |     \__ \   | |    / _ \  |   /   | |   | _|  | |) |
   |_|   |___| |___/   |_|     |___/   |_|   /_/ \_\ |_|_\   |_|   |___| |___/ 

Login with invalid password(login;login-with-invalid-password)
--------------------------------------------------------------------------------
20:01:27.611 [main] INFO net.serenitybdd.core.webdriver.driverproviders.ChromeDriverProvider - Using automatically driver download
20:01:27.848 [main] DEBUG io.github.bonigarcia.wdm.cache.ResolutionCache - Resolution chrome=106 in cache (valid until 20:17:04 10/10/2022 ICT)
20:01:27.866 [main] DEBUG io.github.bonigarcia.wdm.cache.ResolutionCache - Resolution chrome106=106.0.5249.61 in cache (valid until 23:39:47 10/10/2022 ICT)
20:01:27.870 [main] INFO io.github.bonigarcia.wdm.WebDriverManager - Using chromedriver 106.0.5249.61 (resolved driver for Chrome 106)
20:01:27.901 [main] DEBUG io.github.bonigarcia.wdm.WebDriverManager - Driver chromedriver 106.0.5249.61 found in cache
20:01:27.903 [main] INFO io.github.bonigarcia.wdm.WebDriverManager - Exporting webdriver.chrome.driver as C:\Users\ASUS\.cache\selenium\chromedriver\win32\106.0.5249.61\chromedriver.exe
20:01:28.146 [main] DEBUG net.serenitybdd.core.webdriver.driverproviders.ProvideNewDriver - Instantiating driver
20:01:28.146 [main] DEBUG net.serenitybdd.core.webdriver.driverproviders.ProvideNewDriver - Driver capabilities: Capabilities {acceptInsecureCerts: false, base.url: https://demoqa.com, browserName: chrome, chrome.driver: src/test/resources/webdrive..., driver: chrome, goog:chromeOptions: {args: [], extensions: []}}
20:01:28.402 [AsyncHttpClient-1-23] DEBUG org.asynchttpclient.netty.channel.NettyConnectListener - Using new Channel '[id: 0x447f1a2b, L:/127.0.0.1:60186 - R:localhost/127.0.0.1:61317]' for 'POST' to '/session'
20:01:28.567 [AsyncHttpClient-1-1] DEBUG org.asynchttpclient.netty.channel.DefaultChannelPool - Entry count for : http://localhost:55432 : 1
20:01:28.567 [AsyncHttpClient-1-1] DEBUG org.asynchttpclient.netty.channel.DefaultChannelPool - Adding Candidate expired Channel [id: 0xff72c801, L:/127.0.0.1:60141 ! R:localhost/127.0.0.1:55432] isIdleTimeoutExpired=false isRemotelyClosed=true isTtlExpired=false
20:01:28.567 [AsyncHttpClient-1-1] DEBUG org.asynchttpclient.netty.channel.DefaultChannelPool - Closing Idle Channel [id: 0xff72c801, L:/127.0.0.1:60141 ! R:localhost/127.0.0.1:55432]
20:01:28.567 [AsyncHttpClient-1-1] DEBUG org.asynchttpclient.netty.channel.DefaultChannelPool - Closed 1 connections out of 1 in 0 ms
20:01:31.641 [AsyncHttpClient-1-23] DEBUG org.asynchttpclient.netty.handler.HttpHandler - 

Request DefaultHttpRequest(decodeResult: success, version: HTTP/1.1)
POST /session HTTP/1.1
User-Agent: selenium/4.1.2 (java windows)
Content-Length: 599
Content-Type: application/json; charset=utf-8
host: localhost:61317
accept: */*

Response DefaultHttpResponse(decodeResult: success, version: HTTP/1.1)
HTTP/1.1 200 OK
Content-Type: application/json; charset=utf-8
cache-control: no-cache
content-length: 790

20:01:31.641 [AsyncHttpClient-1-23] DEBUG org.asynchttpclient.netty.channel.ChannelManager - Adding key: http://localhost:61317 for channel [id: 0x447f1a2b, L:/127.0.0.1:60186 - R:localhost/127.0.0.1:61317]
20:01:31.651 [AsyncHttpClient-1-24] DEBUG org.asynchttpclient.netty.channel.NettyConnectListener - Using new Channel '[id: 0x0ff65110, L:/127.0.0.1:60193 - R:localhost/127.0.0.1:60187]' for 'GET' to '/json/version'
20:01:31.652 [AsyncHttpClient-1-24] DEBUG org.asynchttpclient.netty.handler.HttpHandler - 

Request DefaultFullHttpRequest(decodeResult: success, version: HTTP/1.1, content: EmptyByteBufBE)
GET /json/version HTTP/1.1
User-Agent: selenium/4.1.2 (java windows)
host: localhost:60187
accept: */*

Response DefaultHttpResponse(decodeResult: success, version: HTTP/1.1)
HTTP/1.1 200 OK
Content-Type: application/json; charset=UTF-8
content-length: 424

20:01:31.652 [AsyncHttpClient-1-24] DEBUG org.asynchttpclient.netty.channel.ChannelManager - Adding key: http://localhost:60187 for channel [id: 0x0ff65110, L:/127.0.0.1:60193 - R:localhost/127.0.0.1:60187]
20:01:31.656 [AsyncHttpClient-1-25] DEBUG org.asynchttpclient.netty.channel.NettyConnectListener - Using new Channel '[id: 0x5f8b468a, L:/127.0.0.1:60194 - R:localhost/127.0.0.1:60187]' for 'GET' to '/devtools/browser/8268203f-82d7-46dd-ab7a-ddf0d80ce4b8'
20:01:31.657 [AsyncHttpClient-1-25] DEBUG org.asynchttpclient.netty.handler.WebSocketHandler - 

Request DefaultFullHttpRequest(decodeResult: success, version: HTTP/1.1, content: EmptyByteBufBE)
GET /devtools/browser/8268203f-82d7-46dd-ab7a-ddf0d80ce4b8 HTTP/1.1
upgrade: websocket
connection: upgrade
sec-websocket-key: JEoTiRGHloAXze52DWzkJA==
sec-websocket-version: 13
origin: http://localhost:60187
host: localhost:60187
accept: */*
user-agent: AHC/2.1

Response DefaultHttpResponse(decodeResult: success, version: HTTP/1.1)
HTTP/1.1 101 WebSocket Protocol Handshake
Upgrade: WebSocket
Connection: Upgrade
Sec-WebSocket-Accept: 1pnbcjLi+C6R+RFyUOobn5jAFcw=

20:01:31.661 [Forwarding get on session 1cc2797ef81760f56b80bc48f7002f4c to remote] DEBUG org.asynchttpclient.netty.request.NettyRequestSender - Using pooled Channel '[id: 0x447f1a2b, L:/127.0.0.1:60186 - R:localhost/127.0.0.1:61317]' for 'POST' to 'http://localhost:61317/session/1cc2797ef81760f56b80bc48f7002f4c/url'
20:01:31.661 [Forwarding get on session 1cc2797ef81760f56b80bc48f7002f4c to remote] DEBUG org.asynchttpclient.netty.request.NettyRequestSender - Using open Channel [id: 0x447f1a2b, L:/127.0.0.1:60186 - R:localhost/127.0.0.1:61317] for POST '/session/1cc2797ef81760f56b80bc48f7002f4c/url'
20:01:31.874 [AsyncHttpClient-1-1] DEBUG org.asynchttpclient.netty.channel.DefaultChannelPool - Entry count for : http://localhost:60187 : 1
20:01:32.968 [AsyncHttpClient-1-1] DEBUG org.asynchttpclient.netty.channel.DefaultChannelPool - Entry count for : http://localhost:60187 : 1
20:01:34.066 [AsyncHttpClient-1-1] DEBUG org.asynchttpclient.netty.channel.DefaultChannelPool - Entry count for : http://localhost:60187 : 1
20:01:35.166 [AsyncHttpClient-1-1] DEBUG org.asynchttpclient.netty.channel.DefaultChannelPool - Entry count for : http://localhost:60187 : 1
20:01:36.269 [AsyncHttpClient-1-1] DEBUG org.asynchttpclient.netty.channel.DefaultChannelPool - Entry count for : http://localhost:60187 : 1
20:01:37.367 [AsyncHttpClient-1-1] DEBUG org.asynchttpclient.netty.channel.DefaultChannelPool - Entry count for : http://localhost:60187 : 1
20:01:38.466 [AsyncHttpClient-1-1] DEBUG org.asynchttpclient.netty.channel.DefaultChannelPool - Entry count for : http://localhost:60187 : 1
20:01:39.572 [AsyncHttpClient-1-1] DEBUG org.asynchttpclient.netty.channel.DefaultChannelPool - Entry count for : http://localhost:60187 : 1
20:01:40.667 [AsyncHttpClient-1-1] DEBUG org.asynchttpclient.netty.channel.DefaultChannelPool - Entry count for : http://localhost:60187 : 1
20:01:40.996 [AsyncHttpClient-1-23] DEBUG org.asynchttpclient.netty.handler.HttpHandler - 

Request DefaultHttpRequest(decodeResult: success, version: HTTP/1.1)
POST /session/1cc2797ef81760f56b80bc48f7002f4c/url HTTP/1.1
User-Agent: selenium/4.1.2 (java windows)
Content-Length: 54
Content-Type: application/json; charset=utf-8
host: localhost:61317
accept: */*

Response DefaultHttpResponse(decodeResult: success, version: HTTP/1.1)
HTTP/1.1 200 OK
Content-Type: application/json; charset=utf-8
cache-control: no-cache
content-length: 14

20:01:40.996 [AsyncHttpClient-1-23] DEBUG org.asynchttpclient.netty.channel.ChannelManager - Adding key: http://localhost:61317 for channel [id: 0x447f1a2b, L:/127.0.0.1:60186 - R:localhost/127.0.0.1:61317]
20:01:40.999 [Forwarding setTimeout on session 1cc2797ef81760f56b80bc48f7002f4c to remote] DEBUG org.asynchttpclient.netty.request.NettyRequestSender - Using pooled Channel '[id: 0x447f1a2b, L:/127.0.0.1:60186 - R:localhost/127.0.0.1:61317]' for 'POST' to 'http://localhost:61317/session/1cc2797ef81760f56b80bc48f7002f4c/timeouts'
20:01:40.999 [Forwarding setTimeout on session 1cc2797ef81760f56b80bc48f7002f4c to remote] DEBUG org.asynchttpclient.netty.request.NettyRequestSender - Using open Channel [id: 0x447f1a2b, L:/127.0.0.1:60186 - R:localhost/127.0.0.1:61317] for POST '/session/1cc2797ef81760f56b80bc48f7002f4c/timeouts'
20:01:41.000 [AsyncHttpClient-1-23] DEBUG org.asynchttpclient.netty.handler.HttpHandler - 

Request DefaultHttpRequest(decodeResult: success, version: HTTP/1.1)
POST /session/1cc2797ef81760f56b80bc48f7002f4c/timeouts HTTP/1.1
User-Agent: selenium/4.1.2 (java windows)
Content-Length: 22
Content-Type: application/json; charset=utf-8
host: localhost:61317
accept: */*

Response DefaultHttpResponse(decodeResult: success, version: HTTP/1.1)
HTTP/1.1 200 OK
Content-Type: application/json; charset=utf-8
cache-control: no-cache
content-length: 14

20:01:41.000 [AsyncHttpClient-1-23] DEBUG org.asynchttpclient.netty.channel.ChannelManager - Adding key: http://localhost:61317 for channel [id: 0x447f1a2b, L:/127.0.0.1:60186 - R:localhost/127.0.0.1:61317]
20:01:41.004 [Forwarding getCurrentUrl on session 1cc2797ef81760f56b80bc48f7002f4c to remote] DEBUG org.asynchttpclient.netty.request.NettyRequestSender - Using pooled Channel '[id: 0x447f1a2b, L:/127.0.0.1:60186 - R:localhost/127.0.0.1:61317]' for 'GET' to 'http://localhost:61317/session/1cc2797ef81760f56b80bc48f7002f4c/url'
20:01:41.004 [Forwarding getCurrentUrl on session 1cc2797ef81760f56b80bc48f7002f4c to remote] DEBUG org.asynchttpclient.netty.request.NettyRequestSender - Using open Channel [id: 0x447f1a2b, L:/127.0.0.1:60186 - R:localhost/127.0.0.1:61317] for GET '/session/1cc2797ef81760f56b80bc48f7002f4c/url'
20:01:41.013 [AsyncHttpClient-1-23] DEBUG org.asynchttpclient.netty.handler.HttpHandler - 

Request DefaultFullHttpRequest(decodeResult: success, version: HTTP/1.1, content: EmptyByteBufBE)
GET /session/1cc2797ef81760f56b80bc48f7002f4c/url HTTP/1.1
User-Agent: selenium/4.1.2 (java windows)
Cache-Control: no-cache
Content-Type: application/json; charset=utf-8
host: localhost:61317
accept: */*

Response DefaultHttpResponse(decodeResult: success, version: HTTP/1.1)
HTTP/1.1 200 OK
Content-Type: application/json; charset=utf-8
cache-control: no-cache
content-length: 36

20:01:41.013 [AsyncHttpClient-1-23] DEBUG org.asynchttpclient.netty.channel.ChannelManager - Adding key: http://localhost:61317 for channel [id: 0x447f1a2b, L:/127.0.0.1:60186 - R:localhost/127.0.0.1:61317]
20:01:41.029 [Forwarding findElement on session 1cc2797ef81760f56b80bc48f7002f4c to remote] DEBUG org.asynchttpclient.netty.request.NettyRequestSender - Using pooled Channel '[id: 0x447f1a2b, L:/127.0.0.1:60186 - R:localhost/127.0.0.1:61317]' for 'POST' to 'http://localhost:61317/session/1cc2797ef81760f56b80bc48f7002f4c/element'
20:01:41.029 [Forwarding findElement on session 1cc2797ef81760f56b80bc48f7002f4c to remote] DEBUG org.asynchttpclient.netty.request.NettyRequestSender - Using open Channel [id: 0x447f1a2b, L:/127.0.0.1:60186 - R:localhost/127.0.0.1:61317] for POST '/session/1cc2797ef81760f56b80bc48f7002f4c/element'
20:01:41.051 [AsyncHttpClient-1-23] DEBUG org.asynchttpclient.netty.handler.HttpHandler - 

Request DefaultHttpRequest(decodeResult: success, version: HTTP/1.1)
POST /session/1cc2797ef81760f56b80bc48f7002f4c/element HTTP/1.1
User-Agent: selenium/4.1.2 (java windows)
Content-Length: 53
Content-Type: application/json; charset=utf-8
host: localhost:61317
accept: */*

Response DefaultHttpResponse(decodeResult: success, version: HTTP/1.1)
HTTP/1.1 200 OK
Content-Type: application/json; charset=utf-8
cache-control: no-cache
content-length: 88

20:01:41.051 [AsyncHttpClient-1-23] DEBUG org.asynchttpclient.netty.channel.ChannelManager - Adding key: http://localhost:61317 for channel [id: 0x447f1a2b, L:/127.0.0.1:60186 - R:localhost/127.0.0.1:61317]
20:01:41.053 [Forwarding sendKeysToElement on session 1cc2797ef81760f56b80bc48f7002f4c to remote] DEBUG org.asynchttpclient.netty.request.NettyRequestSender - Using pooled Channel '[id: 0x447f1a2b, L:/127.0.0.1:60186 - R:localhost/127.0.0.1:61317]' for 'POST' to 'http://localhost:61317/session/1cc2797ef81760f56b80bc48f7002f4c/element/6d9d1516-876f-482b-9ba4-af7df621e024/value'
20:01:41.053 [Forwarding sendKeysToElement on session 1cc2797ef81760f56b80bc48f7002f4c to remote] DEBUG org.asynchttpclient.netty.request.NettyRequestSender - Using open Channel [id: 0x447f1a2b, L:/127.0.0.1:60186 - R:localhost/127.0.0.1:61317] for POST '/session/1cc2797ef81760f56b80bc48f7002f4c/element/6d9d1516-876f-482b-9ba4-af7df621e024/value'
20:01:41.132 [AsyncHttpClient-1-23] DEBUG org.asynchttpclient.netty.handler.HttpHandler - 

Request DefaultHttpRequest(decodeResult: success, version: HTTP/1.1)
POST /session/1cc2797ef81760f56b80bc48f7002f4c/element/6d9d1516-876f-482b-9ba4-af7df621e024/value HTTP/1.1
User-Agent: selenium/4.1.2 (java windows)
Content-Length: 95
Content-Type: application/json; charset=utf-8
host: localhost:61317
accept: */*

Response DefaultHttpResponse(decodeResult: success, version: HTTP/1.1)
HTTP/1.1 200 OK
Content-Type: application/json; charset=utf-8
cache-control: no-cache
content-length: 14

20:01:41.132 [AsyncHttpClient-1-23] DEBUG org.asynchttpclient.netty.channel.ChannelManager - Adding key: http://localhost:61317 for channel [id: 0x447f1a2b, L:/127.0.0.1:60186 - R:localhost/127.0.0.1:61317]
  &amp#27;[32mGiven &amp#27;[0m&amp#27;[32mI am on the login page&amp#27;[0m        &amp#27;[90m# starter.stepdefinition.LoginSteps.iAmOnTheLoginPage()&amp#27;[0m
20:01:41.140 [Forwarding screenshot on session 1cc2797ef81760f56b80bc48f7002f4c to remote] DEBUG org.asynchttpclient.netty.request.NettyRequestSender - Using pooled Channel '[id: 0x447f1a2b, L:/127.0.0.1:60186 - R:localhost/127.0.0.1:61317]' for 'GET' to 'http://localhost:61317/session/1cc2797ef81760f56b80bc48f7002f4c/screenshot'
20:01:41.140 [Forwarding screenshot on session 1cc2797ef81760f56b80bc48f7002f4c to remote] DEBUG org.asynchttpclient.netty.request.NettyRequestSender - Using open Channel [id: 0x447f1a2b, L:/127.0.0.1:60186 - R:localhost/127.0.0.1:61317] for GET '/session/1cc2797ef81760f56b80bc48f7002f4c/screenshot'
20:01:41.385 [AsyncHttpClient-1-23] DEBUG org.asynchttpclient.netty.handler.HttpHandler - 

Request DefaultFullHttpRequest(decodeResult: success, version: HTTP/1.1, content: EmptyByteBufBE)
GET /session/1cc2797ef81760f56b80bc48f7002f4c/screenshot HTTP/1.1
User-Agent: selenium/4.1.2 (java windows)
Cache-Control: no-cache
Content-Type: application/json; charset=utf-8
host: localhost:61317
accept: */*

Response DefaultHttpResponse(decodeResult: success, version: HTTP/1.1)
HTTP/1.1 200 OK
Content-Type: application/json; charset=utf-8
cache-control: no-cache
content-length: 103920

20:01:41.387 [AsyncHttpClient-1-23] DEBUG org.asynchttpclient.netty.channel.ChannelManager - Adding key: http://localhost:61317 for channel [id: 0x447f1a2b, L:/127.0.0.1:60186 - R:localhost/127.0.0.1:61317]
20:01:41.391 [main] DEBUG net.serenitybdd.core.photography.Darkroom - Send negative for processing for target\site\serenity\115d553748c7169e050e0f50c03acbf8cde46599cdd8b6c368d8e43772ce23a9.png
20:01:41.392 [Darkroom Processing Line] DEBUG net.serenitybdd.core.photography.DarkroomProcessingLine - Processing screenshot image in /var/screenshots/screenshot-13094114542235866917
20:01:41.392 [Darkroom Processing Line] DEBUG net.serenitybdd.core.photography.DarkroomProcessingLine - Saving screenshot to target\site\serenity\115d553748c7169e050e0f50c03acbf8cde46599cdd8b6c368d8e43772ce23a9.png
20:01:41.403 [Forwarding findElement on session 1cc2797ef81760f56b80bc48f7002f4c to remote] DEBUG org.asynchttpclient.netty.request.NettyRequestSender - Using pooled Channel '[id: 0x447f1a2b, L:/127.0.0.1:60186 - R:localhost/127.0.0.1:61317]' for 'POST' to 'http://localhost:61317/session/1cc2797ef81760f56b80bc48f7002f4c/element'
20:01:41.403 [Forwarding findElement on session 1cc2797ef81760f56b80bc48f7002f4c to remote] DEBUG org.asynchttpclient.netty.request.NettyRequestSender - Using open Channel [id: 0x447f1a2b, L:/127.0.0.1:60186 - R:localhost/127.0.0.1:61317] for POST '/session/1cc2797ef81760f56b80bc48f7002f4c/element'
20:01:41.420 [AsyncHttpClient-1-23] DEBUG org.asynchttpclient.netty.handler.HttpHandler - 

Request DefaultHttpRequest(decodeResult: success, version: HTTP/1.1)
POST /session/1cc2797ef81760f56b80bc48f7002f4c/element HTTP/1.1
User-Agent: selenium/4.1.2 (java windows)
Content-Length: 53
Content-Type: application/json; charset=utf-8
host: localhost:61317
accept: */*

Response DefaultHttpResponse(decodeResult: success, version: HTTP/1.1)
HTTP/1.1 200 OK
Content-Type: application/json; charset=utf-8
cache-control: no-cache
content-length: 88

20:01:41.424 [AsyncHttpClient-1-23] DEBUG org.asynchttpclient.netty.channel.ChannelManager - Adding key: http://localhost:61317 for channel [id: 0x447f1a2b, L:/127.0.0.1:60186 - R:localhost/127.0.0.1:61317]
20:01:41.425 [Forwarding clearElement on session 1cc2797ef81760f56b80bc48f7002f4c to remote] DEBUG org.asynchttpclient.netty.request.NettyRequestSender - Using pooled Channel '[id: 0x447f1a2b, L:/127.0.0.1:60186 - R:localhost/127.0.0.1:61317]' for 'POST' to 'http://localhost:61317/session/1cc2797ef81760f56b80bc48f7002f4c/element/8252bddc-9194-4711-b60a-005310da1797/clear'
20:01:41.426 [Forwarding clearElement on session 1cc2797ef81760f56b80bc48f7002f4c to remote] DEBUG org.asynchttpclient.netty.request.NettyRequestSender - Using open Channel [id: 0x447f1a2b, L:/127.0.0.1:60186 - R:localhost/127.0.0.1:61317] for POST '/session/1cc2797ef81760f56b80bc48f7002f4c/element/8252bddc-9194-4711-b60a-005310da1797/clear'
20:01:41.470 [AsyncHttpClient-1-23] DEBUG org.asynchttpclient.netty.handler.HttpHandler - 

Request DefaultHttpRequest(decodeResult: success, version: HTTP/1.1)
POST /session/1cc2797ef81760f56b80bc48f7002f4c/element/8252bddc-9194-4711-b60a-005310da1797/clear HTTP/1.1
User-Agent: selenium/4.1.2 (java windows)
Content-Length: 50
Content-Type: application/json; charset=utf-8
host: localhost:61317
accept: */*

Response DefaultHttpResponse(decodeResult: success, version: HTTP/1.1)
HTTP/1.1 200 OK
Content-Type: application/json; charset=utf-8
cache-control: no-cache
content-length: 14

20:01:41.470 [AsyncHttpClient-1-23] DEBUG org.asynchttpclient.netty.channel.ChannelManager - Adding key: http://localhost:61317 for channel [id: 0x447f1a2b, L:/127.0.0.1:60186 - R:localhost/127.0.0.1:61317]
20:01:41.472 [Forwarding sendKeysToElement on session 1cc2797ef81760f56b80bc48f7002f4c to remote] DEBUG org.asynchttpclient.netty.request.NettyRequestSender - Using pooled Channel '[id: 0x447f1a2b, L:/127.0.0.1:60186 - R:localhost/127.0.0.1:61317]' for 'POST' to 'http://localhost:61317/session/1cc2797ef81760f56b80bc48f7002f4c/element/8252bddc-9194-4711-b60a-005310da1797/value'
20:01:41.472 [Forwarding sendKeysToElement on session 1cc2797ef81760f56b80bc48f7002f4c to remote] DEBUG org.asynchttpclient.netty.request.NettyRequestSender - Using open Channel [id: 0x447f1a2b, L:/127.0.0.1:60186 - R:localhost/127.0.0.1:61317] for POST '/session/1cc2797ef81760f56b80bc48f7002f4c/element/8252bddc-9194-4711-b60a-005310da1797/value'
20:01:41.620 [AsyncHttpClient-1-23] DEBUG org.asynchttpclient.netty.handler.HttpHandler - 

Request DefaultHttpRequest(decodeResult: success, version: HTTP/1.1)
POST /session/1cc2797ef81760f56b80bc48f7002f4c/element/8252bddc-9194-4711-b60a-005310da1797/value HTTP/1.1
User-Agent: selenium/4.1.2 (java windows)
Content-Length: 191
Content-Type: application/json; charset=utf-8
host: localhost:61317
accept: */*

Response DefaultHttpResponse(decodeResult: success, version: HTTP/1.1)
HTTP/1.1 200 OK
Content-Type: application/json; charset=utf-8
cache-control: no-cache
content-length: 14

20:01:41.620 [AsyncHttpClient-1-23] DEBUG org.asynchttpclient.netty.channel.ChannelManager - Adding key: http://localhost:61317 for channel [id: 0x447f1a2b, L:/127.0.0.1:60186 - R:localhost/127.0.0.1:61317]
  &amp#27;[32mWhen &amp#27;[0m&amp#27;[32mI input invalid password&amp#27;[0m       &amp#27;[90m# starter.stepdefinition.LoginSteps.iInputInvalidPassword()&amp#27;[0m
20:01:41.641 [Forwarding screenshot on session 1cc2797ef81760f56b80bc48f7002f4c to remote] DEBUG org.asynchttpclient.netty.request.NettyRequestSender - Using pooled Channel '[id: 0x447f1a2b, L:/127.0.0.1:60186 - R:localhost/127.0.0.1:61317]' for 'GET' to 'http://localhost:61317/session/1cc2797ef81760f56b80bc48f7002f4c/screenshot'
20:01:41.641 [Forwarding screenshot on session 1cc2797ef81760f56b80bc48f7002f4c to remote] DEBUG org.asynchttpclient.netty.request.NettyRequestSender - Using open Channel [id: 0x447f1a2b, L:/127.0.0.1:60186 - R:localhost/127.0.0.1:61317] for GET '/session/1cc2797ef81760f56b80bc48f7002f4c/screenshot'
20:01:41.767 [AsyncHttpClient-1-1] DEBUG org.asynchttpclient.netty.channel.DefaultChannelPool - Entry count for : http://localhost:60187 : 1
20:01:41.961 [AsyncHttpClient-1-23] DEBUG org.asynchttpclient.netty.handler.HttpHandler - 

Request DefaultFullHttpRequest(decodeResult: success, version: HTTP/1.1, content: EmptyByteBufBE)
GET /session/1cc2797ef81760f56b80bc48f7002f4c/screenshot HTTP/1.1
User-Agent: selenium/4.1.2 (java windows)
Cache-Control: no-cache
Content-Type: application/json; charset=utf-8
host: localhost:61317
accept: */*

Response DefaultHttpResponse(decodeResult: success, version: HTTP/1.1)
HTTP/1.1 200 OK
Content-Type: application/json; charset=utf-8
cache-control: no-cache
content-length: 87116

20:01:41.963 [AsyncHttpClient-1-23] DEBUG org.asynchttpclient.netty.channel.ChannelManager - Adding key: http://localhost:61317 for channel [id: 0x447f1a2b, L:/127.0.0.1:60186 - R:localhost/127.0.0.1:61317]
20:01:41.968 [main] DEBUG net.serenitybdd.core.photography.Darkroom - Send negative for processing for target\site\serenity\483a9c9dd91c54b351eeba8480220e4f3f3664c726dbf6eb745e1342d73efecc.png
20:01:41.969 [Darkroom Processing Line] DEBUG net.serenitybdd.core.photography.DarkroomProcessingLine - Processing screenshot image in /var/screenshots/screenshot-10126493649477432727
20:01:41.969 [Darkroom Processing Line] DEBUG net.serenitybdd.core.photography.DarkroomProcessingLine - Saving screenshot to target\site\serenity\483a9c9dd91c54b351eeba8480220e4f3f3664c726dbf6eb745e1342d73efecc.png
20:01:41.998 [Forwarding findElement on session 1cc2797ef81760f56b80bc48f7002f4c to remote] DEBUG org.asynchttpclient.netty.request.NettyRequestSender - Using pooled Channel '[id: 0x447f1a2b, L:/127.0.0.1:60186 - R:localhost/127.0.0.1:61317]' for 'POST' to 'http://localhost:61317/session/1cc2797ef81760f56b80bc48f7002f4c/element'
20:01:41.998 [Forwarding findElement on session 1cc2797ef81760f56b80bc48f7002f4c to remote] DEBUG org.asynchttpclient.netty.request.NettyRequestSender - Using open Channel [id: 0x447f1a2b, L:/127.0.0.1:60186 - R:localhost/127.0.0.1:61317] for POST '/session/1cc2797ef81760f56b80bc48f7002f4c/element'
20:01:42.031 [AsyncHttpClient-1-23] DEBUG org.asynchttpclient.netty.handler.HttpHandler - 

Request DefaultHttpRequest(decodeResult: success, version: HTTP/1.1)
POST /session/1cc2797ef81760f56b80bc48f7002f4c/element HTTP/1.1
User-Agent: selenium/4.1.2 (java windows)
Content-Length: 50
Content-Type: application/json; charset=utf-8
host: localhost:61317
accept: */*

Response DefaultHttpResponse(decodeResult: success, version: HTTP/1.1)
HTTP/1.1 200 OK
Content-Type: application/json; charset=utf-8
cache-control: no-cache
content-length: 88

20:01:42.032 [AsyncHttpClient-1-23] DEBUG org.asynchttpclient.netty.channel.ChannelManager - Adding key: http://localhost:61317 for channel [id: 0x447f1a2b, L:/127.0.0.1:60186 - R:localhost/127.0.0.1:61317]
20:01:42.034 [Forwarding getElementTagName on session 1cc2797ef81760f56b80bc48f7002f4c to remote] DEBUG org.asynchttpclient.netty.request.NettyRequestSender - Using pooled Channel '[id: 0x447f1a2b, L:/127.0.0.1:60186 - R:localhost/127.0.0.1:61317]' for 'GET' to 'http://localhost:61317/session/1cc2797ef81760f56b80bc48f7002f4c/element/c8cb3f4f-559d-46ed-96c1-73599dcd753f/name'
20:01:42.035 [Forwarding getElementTagName on session 1cc2797ef81760f56b80bc48f7002f4c to remote] DEBUG org.asynchttpclient.netty.request.NettyRequestSender - Using open Channel [id: 0x447f1a2b, L:/127.0.0.1:60186 - R:localhost/127.0.0.1:61317] for GET '/session/1cc2797ef81760f56b80bc48f7002f4c/element/c8cb3f4f-559d-46ed-96c1-73599dcd753f/name'
20:01:42.050 [AsyncHttpClient-1-23] DEBUG org.asynchttpclient.netty.handler.HttpHandler - 

Request DefaultFullHttpRequest(decodeResult: success, version: HTTP/1.1, content: EmptyByteBufBE)
GET /session/1cc2797ef81760f56b80bc48f7002f4c/element/c8cb3f4f-559d-46ed-96c1-73599dcd753f/name HTTP/1.1
User-Agent: selenium/4.1.2 (java windows)
Cache-Control: no-cache
Content-Type: application/json; charset=utf-8
host: localhost:61317
accept: */*

Response DefaultHttpResponse(decodeResult: success, version: HTTP/1.1)
HTTP/1.1 200 OK
Content-Type: application/json; charset=utf-8
cache-control: no-cache
content-length: 18

20:01:42.050 [AsyncHttpClient-1-23] DEBUG org.asynchttpclient.netty.channel.ChannelManager - Adding key: http://localhost:61317 for channel [id: 0x447f1a2b, L:/127.0.0.1:60186 - R:localhost/127.0.0.1:61317]
20:01:42.053 [Forwarding getElementTagName on session 1cc2797ef81760f56b80bc48f7002f4c to remote] DEBUG org.asynchttpclient.netty.request.NettyRequestSender - Using pooled Channel '[id: 0x447f1a2b, L:/127.0.0.1:60186 - R:localhost/127.0.0.1:61317]' for 'GET' to 'http://localhost:61317/session/1cc2797ef81760f56b80bc48f7002f4c/element/c8cb3f4f-559d-46ed-96c1-73599dcd753f/name'
20:01:42.054 [Forwarding getElementTagName on session 1cc2797ef81760f56b80bc48f7002f4c to remote] DEBUG org.asynchttpclient.netty.request.NettyRequestSender - Using open Channel [id: 0x447f1a2b, L:/127.0.0.1:60186 - R:localhost/127.0.0.1:61317] for GET '/session/1cc2797ef81760f56b80bc48f7002f4c/element/c8cb3f4f-559d-46ed-96c1-73599dcd753f/name'
20:01:42.068 [AsyncHttpClient-1-23] DEBUG org.asynchttpclient.netty.handler.HttpHandler - 

Request DefaultFullHttpRequest(decodeResult: success, version: HTTP/1.1, content: EmptyByteBufBE)
GET /session/1cc2797ef81760f56b80bc48f7002f4c/element/c8cb3f4f-559d-46ed-96c1-73599dcd753f/name HTTP/1.1
User-Agent: selenium/4.1.2 (java windows)
Cache-Control: no-cache
Content-Type: application/json; charset=utf-8
host: localhost:61317
accept: */*

Response DefaultHttpResponse(decodeResult: success, version: HTTP/1.1)
HTTP/1.1 200 OK
Content-Type: application/json; charset=utf-8
cache-control: no-cache
content-length: 18

20:01:42.068 [AsyncHttpClient-1-23] DEBUG org.asynchttpclient.netty.channel.ChannelManager - Adding key: http://localhost:61317 for channel [id: 0x447f1a2b, L:/127.0.0.1:60186 - R:localhost/127.0.0.1:61317]
20:01:42.075 [Forwarding isElementEnabled on session 1cc2797ef81760f56b80bc48f7002f4c to remote] DEBUG org.asynchttpclient.netty.request.NettyRequestSender - Using pooled Channel '[id: 0x447f1a2b, L:/127.0.0.1:60186 - R:localhost/127.0.0.1:61317]' for 'GET' to 'http://localhost:61317/session/1cc2797ef81760f56b80bc48f7002f4c/element/c8cb3f4f-559d-46ed-96c1-73599dcd753f/enabled'
20:01:42.076 [Forwarding isElementEnabled on session 1cc2797ef81760f56b80bc48f7002f4c to remote] DEBUG org.asynchttpclient.netty.request.NettyRequestSender - Using open Channel [id: 0x447f1a2b, L:/127.0.0.1:60186 - R:localhost/127.0.0.1:61317] for GET '/session/1cc2797ef81760f56b80bc48f7002f4c/element/c8cb3f4f-559d-46ed-96c1-73599dcd753f/enabled'
20:01:42.242 [AsyncHttpClient-1-23] DEBUG org.asynchttpclient.netty.handler.HttpHandler - 

Request DefaultFullHttpRequest(decodeResult: success, version: HTTP/1.1, content: EmptyByteBufBE)
GET /session/1cc2797ef81760f56b80bc48f7002f4c/element/c8cb3f4f-559d-46ed-96c1-73599dcd753f/enabled HTTP/1.1
User-Agent: selenium/4.1.2 (java windows)
Cache-Control: no-cache
Content-Type: application/json; charset=utf-8
host: localhost:61317
accept: */*

Response DefaultHttpResponse(decodeResult: success, version: HTTP/1.1)
HTTP/1.1 200 OK
Content-Type: application/json; charset=utf-8
cache-control: no-cache
content-length: 14

20:01:42.243 [AsyncHttpClient-1-23] DEBUG org.asynchttpclient.netty.channel.ChannelManager - Adding key: http://localhost:61317 for channel [id: 0x447f1a2b, L:/127.0.0.1:60186 - R:localhost/127.0.0.1:61317]
20:01:42.249 [Forwarding isElementEnabled on session 1cc2797ef81760f56b80bc48f7002f4c to remote] DEBUG org.asynchttpclient.netty.request.NettyRequestSender - Using pooled Channel '[id: 0x447f1a2b, L:/127.0.0.1:60186 - R:localhost/127.0.0.1:61317]' for 'GET' to 'http://localhost:61317/session/1cc2797ef81760f56b80bc48f7002f4c/element/c8cb3f4f-559d-46ed-96c1-73599dcd753f/enabled'
20:01:42.249 [Forwarding isElementEnabled on session 1cc2797ef81760f56b80bc48f7002f4c to remote] DEBUG org.asynchttpclient.netty.request.NettyRequestSender - Using open Channel [id: 0x447f1a2b, L:/127.0.0.1:60186 - R:localhost/127.0.0.1:61317] for GET '/session/1cc2797ef81760f56b80bc48f7002f4c/element/c8cb3f4f-559d-46ed-96c1-73599dcd753f/enabled'
20:01:42.270 [AsyncHttpClient-1-23] DEBUG org.asynchttpclient.netty.handler.HttpHandler - 

Request DefaultFullHttpRequest(decodeResult: success, version: HTTP/1.1, content: EmptyByteBufBE)
GET /session/1cc2797ef81760f56b80bc48f7002f4c/element/c8cb3f4f-559d-46ed-96c1-73599dcd753f/enabled HTTP/1.1
User-Agent: selenium/4.1.2 (java windows)
Cache-Control: no-cache
Content-Type: application/json; charset=utf-8
host: localhost:61317
accept: */*

Response DefaultHttpResponse(decodeResult: success, version: HTTP/1.1)
HTTP/1.1 200 OK
Content-Type: application/json; charset=utf-8
cache-control: no-cache
content-length: 14

20:01:42.270 [AsyncHttpClient-1-23] DEBUG org.asynchttpclient.netty.channel.ChannelManager - Adding key: http://localhost:61317 for channel [id: 0x447f1a2b, L:/127.0.0.1:60186 - R:localhost/127.0.0.1:61317]
20:01:42.276 [Forwarding findElement on session 1cc2797ef81760f56b80bc48f7002f4c to remote] DEBUG org.asynchttpclient.netty.request.NettyRequestSender - Using pooled Channel '[id: 0x447f1a2b, L:/127.0.0.1:60186 - R:localhost/127.0.0.1:61317]' for 'POST' to 'http://localhost:61317/session/1cc2797ef81760f56b80bc48f7002f4c/element'
20:01:42.276 [Forwarding findElement on session 1cc2797ef81760f56b80bc48f7002f4c to remote] DEBUG org.asynchttpclient.netty.request.NettyRequestSender - Using open Channel [id: 0x447f1a2b, L:/127.0.0.1:60186 - R:localhost/127.0.0.1:61317] for POST '/session/1cc2797ef81760f56b80bc48f7002f4c/element'
20:01:42.289 [AsyncHttpClient-1-23] DEBUG org.asynchttpclient.netty.handler.HttpHandler - 

Request DefaultHttpRequest(decodeResult: success, version: HTTP/1.1)
POST /session/1cc2797ef81760f56b80bc48f7002f4c/element HTTP/1.1
User-Agent: selenium/4.1.2 (java windows)
Content-Length: 50
Content-Type: application/json; charset=utf-8
host: localhost:61317
accept: */*

Response DefaultHttpResponse(decodeResult: success, version: HTTP/1.1)
HTTP/1.1 200 OK
Content-Type: application/json; charset=utf-8
cache-control: no-cache
content-length: 88

20:01:42.290 [AsyncHttpClient-1-23] DEBUG org.asynchttpclient.netty.channel.ChannelManager - Adding key: http://localhost:61317 for channel [id: 0x447f1a2b, L:/127.0.0.1:60186 - R:localhost/127.0.0.1:61317]
20:01:42.291 [Forwarding clickElement on session 1cc2797ef81760f56b80bc48f7002f4c to remote] DEBUG org.asynchttpclient.netty.request.NettyRequestSender - Using pooled Channel '[id: 0x447f1a2b, L:/127.0.0.1:60186 - R:localhost/127.0.0.1:61317]' for 'POST' to 'http://localhost:61317/session/1cc2797ef81760f56b80bc48f7002f4c/element/c8cb3f4f-559d-46ed-96c1-73599dcd753f/click'
20:01:42.291 [Forwarding clickElement on session 1cc2797ef81760f56b80bc48f7002f4c to remote] DEBUG org.asynchttpclient.netty.request.NettyRequestSender - Using open Channel [id: 0x447f1a2b, L:/127.0.0.1:60186 - R:localhost/127.0.0.1:61317] for POST '/session/1cc2797ef81760f56b80bc48f7002f4c/element/c8cb3f4f-559d-46ed-96c1-73599dcd753f/click'
20:01:42.421 [AsyncHttpClient-1-23] DEBUG org.asynchttpclient.netty.handler.HttpHandler - 

Request DefaultHttpRequest(decodeResult: success, version: HTTP/1.1)
POST /session/1cc2797ef81760f56b80bc48f7002f4c/element/c8cb3f4f-559d-46ed-96c1-73599dcd753f/click HTTP/1.1
User-Agent: selenium/4.1.2 (java windows)
Content-Length: 50
Content-Type: application/json; charset=utf-8
host: localhost:61317
accept: */*

Response DefaultHttpResponse(decodeResult: success, version: HTTP/1.1)
HTTP/1.1 200 OK
Content-Type: application/json; charset=utf-8
cache-control: no-cache
content-length: 14

20:01:42.422 [AsyncHttpClient-1-23] DEBUG org.asynchttpclient.netty.channel.ChannelManager - Adding key: http://localhost:61317 for channel [id: 0x447f1a2b, L:/127.0.0.1:60186 - R:localhost/127.0.0.1:61317]
  &amp#27;[32mAnd &amp#27;[0m&amp#27;[32mI click Login Button&amp#27;[0m            &amp#27;[90m# starter.stepdefinition.LoginSteps.iClickLoginButton()&amp#27;[0m
20:01:42.450 [Forwarding screenshot on session 1cc2797ef81760f56b80bc48f7002f4c to remote] DEBUG org.asynchttpclient.netty.request.NettyRequestSender - Using pooled Channel '[id: 0x447f1a2b, L:/127.0.0.1:60186 - R:localhost/127.0.0.1:61317]' for 'GET' to 'http://localhost:61317/session/1cc2797ef81760f56b80bc48f7002f4c/screenshot'
20:01:42.450 [Forwarding screenshot on session 1cc2797ef81760f56b80bc48f7002f4c to remote] DEBUG org.asynchttpclient.netty.request.NettyRequestSender - Using open Channel [id: 0x447f1a2b, L:/127.0.0.1:60186 - R:localhost/127.0.0.1:61317] for GET '/session/1cc2797ef81760f56b80bc48f7002f4c/screenshot'
20:01:42.777 [AsyncHttpClient-1-23] DEBUG org.asynchttpclient.netty.handler.HttpHandler - 

Request DefaultFullHttpRequest(decodeResult: success, version: HTTP/1.1, content: EmptyByteBufBE)
GET /session/1cc2797ef81760f56b80bc48f7002f4c/screenshot HTTP/1.1
User-Agent: selenium/4.1.2 (java windows)
Cache-Control: no-cache
Content-Type: application/json; charset=utf-8
host: localhost:61317
accept: */*

Response DefaultHttpResponse(decodeResult: success, version: HTTP/1.1)
HTTP/1.1 200 OK
Content-Type: application/json; charset=utf-8
cache-control: no-cache
content-length: 88984

20:01:42.778 [AsyncHttpClient-1-23] DEBUG org.asynchttpclient.netty.channel.ChannelManager - Adding key: http://localhost:61317 for channel [id: 0x447f1a2b, L:/127.0.0.1:60186 - R:localhost/127.0.0.1:61317]
20:01:42.783 [main] DEBUG net.serenitybdd.core.photography.Darkroom - Send negative for processing for target\site\serenity\d949ffde2eb167c18fc7e487882c81425cbad5397dd1f2e952f907ed31697765.png
20:01:42.784 [Darkroom Processing Line] DEBUG net.serenitybdd.core.photography.DarkroomProcessingLine - Processing screenshot image in /var/screenshots/screenshot-18182787876307848262
20:01:42.784 [Darkroom Processing Line] DEBUG net.serenitybdd.core.photography.DarkroomProcessingLine - Saving screenshot to target\site\serenity\d949ffde2eb167c18fc7e487882c81425cbad5397dd1f2e952f907ed31697765.png
20:01:42.804 [Forwarding findElement on session 1cc2797ef81760f56b80bc48f7002f4c to remote] DEBUG org.asynchttpclient.netty.request.NettyRequestSender - Using pooled Channel '[id: 0x447f1a2b, L:/127.0.0.1:60186 - R:localhost/127.0.0.1:61317]' for 'POST' to 'http://localhost:61317/session/1cc2797ef81760f56b80bc48f7002f4c/element'
20:01:42.805 [Forwarding findElement on session 1cc2797ef81760f56b80bc48f7002f4c to remote] DEBUG org.asynchttpclient.netty.request.NettyRequestSender - Using open Channel [id: 0x447f1a2b, L:/127.0.0.1:60186 - R:localhost/127.0.0.1:61317] for POST '/session/1cc2797ef81760f56b80bc48f7002f4c/element'
20:01:42.838 [AsyncHttpClient-1-23] DEBUG org.asynchttpclient.netty.handler.HttpHandler - 

Request DefaultHttpRequest(decodeResult: success, version: HTTP/1.1)
POST /session/1cc2797ef81760f56b80bc48f7002f4c/element HTTP/1.1
User-Agent: selenium/4.1.2 (java windows)
Content-Length: 98
Content-Type: application/json; charset=utf-8
host: localhost:61317
accept: */*

Response DefaultHttpResponse(decodeResult: success, version: HTTP/1.1)
HTTP/1.1 200 OK
Content-Type: application/json; charset=utf-8
cache-control: no-cache
content-length: 88

20:01:42.839 [AsyncHttpClient-1-23] DEBUG org.asynchttpclient.netty.channel.ChannelManager - Adding key: http://localhost:61317 for channel [id: 0x447f1a2b, L:/127.0.0.1:60186 - R:localhost/127.0.0.1:61317]
20:01:42.844 [Forwarding isElementDisplayed on session 1cc2797ef81760f56b80bc48f7002f4c to remote] DEBUG org.asynchttpclient.netty.request.NettyRequestSender - Using pooled Channel '[id: 0x447f1a2b, L:/127.0.0.1:60186 - R:localhost/127.0.0.1:61317]' for 'POST' to 'http://localhost:61317/session/1cc2797ef81760f56b80bc48f7002f4c/execute/sync'
20:01:42.844 [Forwarding isElementDisplayed on session 1cc2797ef81760f56b80bc48f7002f4c to remote] DEBUG org.asynchttpclient.netty.request.NettyRequestSender - Using open Channel [id: 0x447f1a2b, L:/127.0.0.1:60186 - R:localhost/127.0.0.1:61317] for POST '/session/1cc2797ef81760f56b80bc48f7002f4c/execute/sync'
20:01:42.866 [AsyncHttpClient-1-23] DEBUG org.asynchttpclient.netty.handler.HttpHandler - 

Request DefaultHttpRequest(decodeResult: success, version: HTTP/1.1)
POST /session/1cc2797ef81760f56b80bc48f7002f4c/execute/sync HTTP/1.1
User-Agent: selenium/4.1.2 (java windows)
Content-Length: 48780
Content-Type: application/json; charset=utf-8
host: localhost:61317
accept: */*

Response DefaultHttpResponse(decodeResult: success, version: HTTP/1.1)
HTTP/1.1 200 OK
Content-Type: application/json; charset=utf-8
cache-control: no-cache
content-length: 14

20:01:42.866 [AsyncHttpClient-1-23] DEBUG org.asynchttpclient.netty.channel.ChannelManager - Adding key: http://localhost:61317 for channel [id: 0x447f1a2b, L:/127.0.0.1:60186 - R:localhost/127.0.0.1:61317]
  &amp#27;[32mThen &amp#27;[0m&amp#27;[32mI get warning error&amp#27;[0m            &amp#27;[90m# starter.stepdefinition.LoginSteps.iGetWarningError()&amp#27;[0m
20:01:42.868 [AsyncHttpClient-1-1] DEBUG org.asynchttpclient.netty.channel.DefaultChannelPool - Entry count for : http://localhost:60187 : 1
20:01:42.868 [AsyncHttpClient-1-1] DEBUG org.asynchttpclient.netty.channel.DefaultChannelPool - Entry count for : http://localhost:61317 : 1
20:01:42.873 [Forwarding screenshot on session 1cc2797ef81760f56b80bc48f7002f4c to remote] DEBUG org.asynchttpclient.netty.request.NettyRequestSender - Using pooled Channel '[id: 0x447f1a2b, L:/127.0.0.1:60186 - R:localhost/127.0.0.1:61317]' for 'GET' to 'http://localhost:61317/session/1cc2797ef81760f56b80bc48f7002f4c/screenshot'
20:01:42.874 [Forwarding screenshot on session 1cc2797ef81760f56b80bc48f7002f4c to remote] DEBUG org.asynchttpclient.netty.request.NettyRequestSender - Using open Channel [id: 0x447f1a2b, L:/127.0.0.1:60186 - R:localhost/127.0.0.1:61317] for GET '/session/1cc2797ef81760f56b80bc48f7002f4c/screenshot'
20:01:43.049 [AsyncHttpClient-1-23] DEBUG org.asynchttpclient.netty.handler.HttpHandler - 

Request DefaultFullHttpRequest(decodeResult: success, version: HTTP/1.1, content: EmptyByteBufBE)
GET /session/1cc2797ef81760f56b80bc48f7002f4c/screenshot HTTP/1.1
User-Agent: selenium/4.1.2 (java windows)
Cache-Control: no-cache
Content-Type: application/json; charset=utf-8
host: localhost:61317
accept: */*

Response DefaultHttpResponse(decodeResult: success, version: HTTP/1.1)
HTTP/1.1 200 OK
Content-Type: application/json; charset=utf-8
cache-control: no-cache
content-length: 88984

20:01:43.050 [AsyncHttpClient-1-23] DEBUG org.asynchttpclient.netty.channel.ChannelManager - Adding key: http://localhost:61317 for channel [id: 0x447f1a2b, L:/127.0.0.1:60186 - R:localhost/127.0.0.1:61317]
20:01:43.053 [main] DEBUG net.serenitybdd.core.photography.Darkroom - Send negative for processing for target\site\serenity\d949ffde2eb167c18fc7e487882c81425cbad5397dd1f2e952f907ed31697765.png
20:01:43.054 [main] INFO  - 
  _____   ___   ___   _____     ___     _     ___   ___   ___   ___  
 |_   _| | __| / __| |_   _|   | _ \   /_\   / __| / __| | __| |   \ 
   | |   | _|  \__ \   | |     |  _/  / _ \  \__ \ \__ \ | _|  | |) |
   |_|   |___| |___/   |_|     |_|   /_/ \_\ |___/ |___/ |___| |___/ 

Login with invalid password
----------------------------------------------------------------------
20:01:43.057 [AsyncHttpClient-1-25] DEBUG org.asynchttpclient.netty.handler.WebSocketHandler - Channel Closed: [id: 0x5f8b468a, L:/127.0.0.1:60194 ! R:localhost/127.0.0.1:60187] with attribute NettyResponseFuture{currentRetry=5,
	isDone=1,
	isCancelled=0,
	asyncHandler=org.asynchttpclient.ws.WebSocketUpgradeHandler@1ef99a91,
	nettyRequest=org.asynchttpclient.netty.request.NettyRequest@5bfb072a,
	future=java.util.concurrent.CompletableFuture@406e6b4d[Completed normally],
	uri=ws://localhost:60187/devtools/browser/8268203f-82d7-46dd-ab7a-ddf0d80ce4b8,
	keepAlive=true,
	redirectCount=0,
	timeoutsHolder=null,
	inAuth=0,
	touch=1665406891658}
20:01:43.058 [AsyncHttpClient-1-25] DEBUG org.asynchttpclient.netty.channel.ChannelManager - Closing Channel [id: 0x5f8b468a, L:/127.0.0.1:60194 ! R:localhost/127.0.0.1:60187] 
20:01:43.060 [Driver Command Executor] DEBUG org.asynchttpclient.netty.request.NettyRequestSender - Using pooled Channel '[id: 0x447f1a2b, L:/127.0.0.1:60186 - R:localhost/127.0.0.1:61317]' for 'DELETE' to 'http://localhost:61317/session/1cc2797ef81760f56b80bc48f7002f4c'
20:01:43.060 [Driver Command Executor] DEBUG org.asynchttpclient.netty.request.NettyRequestSender - Using open Channel [id: 0x447f1a2b, L:/127.0.0.1:60186 - R:localhost/127.0.0.1:61317] for DELETE '/session/1cc2797ef81760f56b80bc48f7002f4c'
20:01:43.108 [AsyncHttpClient-1-24] DEBUG org.asynchttpclient.netty.handler.HttpHandler - Unexpected I/O exception on channel [id: 0x0ff65110, L:/127.0.0.1:60193 - R:localhost/127.0.0.1:60187]
java.io.IOException: An existing connection was forcibly closed by the remote host
	at java.base/sun.nio.ch.SocketDispatcher.read0(Native Method)
	at java.base/sun.nio.ch.SocketDispatcher.read(SocketDispatcher.java:43)
	at java.base/sun.nio.ch.IOUtil.readIntoNativeBuffer(IOUtil.java:276)
	at java.base/sun.nio.ch.IOUtil.read(IOUtil.java:233)
	at java.base/sun.nio.ch.IOUtil.read(IOUtil.java:223)
	at java.base/sun.nio.ch.SocketChannelImpl.read(SocketChannelImpl.java:358)
	at io.netty.buffer.PooledByteBuf.setBytes(PooledByteBuf.java:258)
	at io.netty.buffer.AbstractByteBuf.writeBytes(AbstractByteBuf.java:1132)
	at io.netty.channel.socket.nio.NioSocketChannel.doReadBytes(NioSocketChannel.java:350)
	at io.netty.channel.nio.AbstractNioByteChannel$NioByteUnsafe.read(AbstractNioByteChannel.java:151)
	at io.netty.channel.nio.NioEventLoop.processSelectedKey(NioEventLoop.java:722)
	at io.netty.channel.nio.NioEventLoop.processSelectedKeysOptimized(NioEventLoop.java:658)
	at io.netty.channel.nio.NioEventLoop.processSelectedKeys(NioEventLoop.java:584)
	at io.netty.channel.nio.NioEventLoop.run(NioEventLoop.java:496)
	at io.netty.util.concurrent.SingleThreadEventExecutor$4.run(SingleThreadEventExecutor.java:986)
	at io.netty.util.internal.ThreadExecutorMap$2.run(ThreadExecutorMap.java:74)
	at io.netty.util.concurrent.FastThreadLocalRunnable.run(FastThreadLocalRunnable.java:30)
	at java.base/java.lang.Thread.run(Thread.java:834)
20:01:43.109 [AsyncHttpClient-1-24] DEBUG org.asynchttpclient.netty.channel.ChannelManager - Closing Channel [id: 0x0ff65110, L:/127.0.0.1:60193 - R:localhost/127.0.0.1:60187] 
20:01:43.110 [AsyncHttpClient-1-24] DEBUG org.asynchttpclient.netty.handler.HttpHandler - Channel Closed: [id: 0x0ff65110, L:/127.0.0.1:60193 ! R:localhost/127.0.0.1:60187] with attribute DISCARD
20:01:43.153 [AsyncHttpClient-1-23] DEBUG org.asynchttpclient.netty.handler.HttpHandler - 

Request DefaultFullHttpRequest(decodeResult: success, version: HTTP/1.1, content: EmptyByteBufBE)
DELETE /session/1cc2797ef81760f56b80bc48f7002f4c HTTP/1.1
User-Agent: selenium/4.1.2 (java windows)
Content-Type: application/json; charset=utf-8
host: localhost:61317
accept: */*

Response DefaultHttpResponse(decodeResult: success, version: HTTP/1.1)
HTTP/1.1 200 OK
Content-Type: application/json; charset=utf-8
cache-control: no-cache
content-length: 14

20:01:43.154 [AsyncHttpClient-1-23] DEBUG org.asynchttpclient.netty.channel.ChannelManager - Adding key: http://localhost:61317 for channel [id: 0x447f1a2b, L:/127.0.0.1:60186 - R:localhost/127.0.0.1:61317]
20:01:43.327 [AsyncHttpClient-1-23] DEBUG org.asynchttpclient.netty.handler.HttpHandler - Channel Closed: [id: 0x447f1a2b, L:/127.0.0.1:60186 ! R:localhost/127.0.0.1:61317] with attribute DISCARD
]]></system-out>
    <system-err><![CDATA[Starting ChromeDriver 106.0.5249.61 (511755355844955cd3e264779baf0dd38212a4d0-refs/branch-heads/5249@{#569}) on port 61317
Only local connections are allowed.
Please see https://chromedriver.chromium.org/security-considerations for suggestions on keeping ChromeDriver safe.
ChromeDriver was started successfully.
Oct 10, 2022 8:01:31 PM org.openqa.selenium.remote.ProtocolHandshake createSession
INFO: Detected dialect: W3C
Oct 10, 2022 8:01:31 PM org.openqa.selenium.devtools.CdpVersionFinder findNearestMatch
WARNING: Unable to find an exact match for CDP version 106, so returning the closest version found: a no-op implementation
Oct 10, 2022 8:01:31 PM org.openqa.selenium.devtools.CdpVersionFinder findNearestMatch
INFO: Unable to find CDP implementation matching 106.
Oct 10, 2022 8:01:31 PM org.openqa.selenium.chromium.ChromiumDriver lambda$new$3
WARNING: Unable to find version of CDP to use for . You may need to include a dependency on a specific version of the CDP using something similar to `org.seleniumhq.selenium:selenium-devtools-v86:4.1.2` where the version ("v86") matches the version of the chromium-based browser you're using and the version number of the artifact is the same as Selenium's.
]]></system-err>
  </testcase>
</testsuite>